         1709037 | 00 | 0193 | ( 7)  MVN s:FE, d:E0 | PC=0196, PBR=00, DBR=E0, S=018F, D=019C, e=0, A=FFFF, X=1310, Y=1FFC, 00000100
         1709038 | 00 | 0196 | ( 6)  RTL            | PC=1170, PBR=FC, DBR=E0, S=0192, D=019C, e=0, A=FFFF, X=1310, Y=1FFC, 00000100
         2985614 | 00 | C500 | ( 2)  LDX #$20       | PC=C502, PBR=00, DBR=00, S=01FB, D=0000, e=1, A=20, X=20, Y=FF, 00*10001
         2985615 | 00 | C502 | ( 2)  LDX #$00       | PC=C504, PBR=00, DBR=00, S=01FB, D=0000, e=1, A=20, X=00, Y=FF, 00*10011
         2985616 | 00 | C504 | ( 2)  LDX #$03       | PC=C506, PBR=00, DBR=00, S=01FB, D=0000, e=1, A=20, X=03, Y=FF, 00*10001
         2985617 | 00 | C506 | ( 2)  CMP #$00       | PC=C508, PBR=00, DBR=00, S=01FB, D=0000, e=1, A=20, X=03, Y=FF, 00*10001
         2985618 | 00 | C508 | ( 3)  BCS $0C (12)   | PC=C516, PBR=00, DBR=00, S=01FB, D=0000, e=1, A=20, X=03, Y=FF, 00*10001
         2985619 | 00 | C516 | ( 2)  BCC $06 (6)    | PC=C518, PBR=00, DBR=00, S=01FB, D=0000, e=1, A=20, X=03, Y=FF, 00*10001
         2985620 | 00 | C518 | ( 2)  LDA #$C0       | PC=C51A, PBR=00, DBR=00, S=01FB, D=0000, e=1, A=C0, X=03, Y=FF, 10*10001
         2985621 | 00 | C51A | ( 5)  STA $E10FB0    | PC=C51E, PBR=00, DBR=00, S=01FB, D=0000, e=1, A=C0, X=03, Y=FF, 10*10001
         2985622 | 00 | C51E | ( 2)  XCE            | PC=C51F, PBR=00, DBR=00, S=01FB, D=0000, e=1, A=C0, X=03, Y=FF, 10*10001
         2985623 | 00 | C51F | ( 2)  CLC            | PC=C520, PBR=00, DBR=00, S=01FB, D=0000, e=1, A=C0, X=03, Y=FF, 10*10000
         2985624 | 00 | C520 | ( 2)  XCE            | PC=C521, PBR=00, DBR=00, S=01FB, D=0000, e=0, A=C0, X=03, Y=FF, 10110001
         2985625 | 00 | C521 | ( 3)  SEP #$0030     | PC=C523, PBR=00, DBR=00, S=01FB, D=0000, e=0, A=C0, X=03, Y=FF, 10110001
         2985626 | 00 | C523 | ( 2)  LDA #$C5       | PC=C525, PBR=00, DBR=00, S=01FB, D=0000, e=0, A=C5, X=03, Y=FF, 10110001
         2985627 | 00 | C525 | ( 4)  STA $07F8      | PC=C528, PBR=00, DBR=00, S=01FB, D=0000, e=0, A=C5, X=03, Y=FF, 10110001
         2985628 | 00 | C528 | ( 2)  LDA #$04       | PC=C52A, PBR=00, DBR=00, S=01FB, D=0000, e=0, A=04, X=03, Y=FF, 00110001
         2985629 | 00 | C52A | ( 5)  STA $E10FCB    | PC=C52E, PBR=00, DBR=00, S=01FB, D=0000, e=0, A=04, X=03, Y=FF, 00110001
         2985630 | 00 | C52E | ( 3)  PHP            | PC=C52F, PBR=00, DBR=00, S=01FA, D=0000, e=0, A=04, X=03, Y=FF, 00110001
         2985631 | 00 | C52F | ( 3)  PHB            | PC=C530, PBR=00, DBR=00, S=01F9, D=0000, e=0, A=04, X=03, Y=FF, 00110001
         2985632 | 00 | C530 | ( 2)  LDA #$00       | PC=C532, PBR=00, DBR=00, S=01F9, D=0000, e=0, A=00, X=03, Y=FF, 00110011
         2985633 | 00 | C532 | ( 3)  PHA            | PC=C533, PBR=00, DBR=00, S=01F8, D=0000, e=0, A=00, X=03, Y=FF, 00110011
         2985634 | 00 | C533 | ( 4)  PLB            | PC=C534, PBR=00, DBR=00, S=01F9, D=0000, e=0, A=00, X=03, Y=FF, 00110011
         2985635 | 00 | C534 | ( 4)  LDA $C036      | PC=C537, PBR=00, DBR=00, S=01F9, D=0000, e=0, A=84, X=03, Y=FF, 10110001
         2985636 | 00 | C537 | ( 3)  PHA            | PC=C538, PBR=00, DBR=00, S=01F8, D=0000, e=0, A=84, X=03, Y=FF, 10110001
         2985637 | 00 | C538 | ( 5)  STA $E10FCC    | PC=C53C, PBR=00, DBR=00, S=01F8, D=0000, e=0, A=84, X=03, Y=FF, 10110001
         2985638 | 00 | C53C | ( 2)  AND #$FB       | PC=C53E, PBR=00, DBR=00, S=01F8, D=0000, e=0, A=80, X=03, Y=FF, 10110001
         2985639 | 00 | C53E | ( 2)  ORA #$80       | PC=C540, PBR=00, DBR=00, S=01F8, D=0000, e=0, A=80, X=03, Y=FF, 10110001
         2985640 | 00 | C540 | ( 4)  STA $C036      | PC=C543, PBR=00, DBR=00, S=01F8, D=0000, e=0, A=80, X=03, Y=FF, 10110001
         2985641 | 00 | C543 | ( 4)  LDA 03, S      | PC=C545, PBR=00, DBR=00, S=01F8, D=0000, e=0, A=31, X=03, Y=FF, 00110001
         2985642 | 00 | C545 | ( 2)  LSR            | PC=C546, PBR=00, DBR=00, S=01F8, D=0000, e=0, A=18, X=03, Y=FF, 00110001
         2985643 | 00 | C546 | ( 8)  JSL $FF5606    | PC=5606, PBR=FF, DBR=00, S=01F5, D=0000, e=0, A=18, X=03, Y=FF, 00110001
         3782431 | 00 | C54A | ( 3)  XBA            | PC=C54B, PBR=00, DBR=E1, S=01F8, D=0000, e=0, A=00, X=00, Y=00, 00110011
         3782432 | 00 | C54B | ( 4)  PLA            | PC=C54C, PBR=00, DBR=E1, S=01F9, D=0000, e=0, A=84, X=00, Y=00, 10110001
         3782433 | 00 | C54C | ( 5)  LDA $E10FCC    | PC=C550, PBR=00, DBR=E1, S=01F9, D=0000, e=0, A=84, X=00, Y=00, 10110001
         3782434 | 00 | C550 | ( 4)  STA $C036      | PC=C553, PBR=00, DBR=E1, S=01F9, D=0000, e=0, A=84, X=00, Y=00, 10110001
         3782435 | 00 | C553 | ( 3)  PHP            | PC=C554, PBR=00, DBR=E1, S=01F8, D=0000, e=0, A=84, X=00, Y=00, 10110001
         3782436 | 00 | C554 | ( 2)  SEC            | PC=C555, PBR=00, DBR=E1, S=01F8, D=0000, e=0, A=84, X=00, Y=00, 10110001
         3782437 | 00 | C555 | ( 2)  XCE            | PC=C556, PBR=00, DBR=E1, S=01F8, D=0000, e=1, A=84, X=00, Y=00, 10*10000
         3782438 | 00 | C556 | ( 4)  PLP            | PC=C557, PBR=00, DBR=E1, S=01F9, D=0000, e=1, A=84, X=00, Y=00, 10*10001
         3782439 | 00 | C557 | ( 4)  PLB            | PC=C558, PBR=00, DBR=00, S=01FA, D=0000, e=1, A=84, X=00, Y=00, 00*10011
         3782440 | 00 | C558 | ( 4)  PLA            | PC=C559, PBR=00, DBR=00, S=01FB, D=0000, e=1, A=31, X=00, Y=00, 00*10001
         3782441 | 00 | C559 | ( 3)  XBA            | PC=C55A, PBR=00, DBR=00, S=01FB, D=0000, e=1, A=27, X=00, Y=00, 00*10001
         3782442 | 00 | C55A | ( 3)  PHA            | PC=C55B, PBR=00, DBR=00, S=01FA, D=0000, e=1, A=27, X=00, Y=00, 00*10001
         3782443 | 00 | C55B | ( 5)  LDA $E10FB0    | PC=C55F, PBR=00, DBR=00, S=01FA, D=0000, e=1, A=C0, X=00, Y=00, 10*10001
         3782444 | 00 | C55F | ( 2)  AND #$40       | PC=C561, PBR=00, DBR=00, S=01FA, D=0000, e=1, A=40, X=00, Y=00, 00*10001
         3782445 | 00 | C561 | ( 3)  BNE $02 (2)    | PC=C565, PBR=00, DBR=00, S=01FA, D=0000, e=1, A=40, X=00, Y=00, 00*10001
         3782446 | 00 | C565 | ( 2)  LDA #$00       | PC=C567, PBR=00, DBR=00, S=01FA, D=0000, e=1, A=00, X=00, Y=00, 00*10011
         3782447 | 00 | C567 | ( 3)  PHA            | PC=C568, PBR=00, DBR=00, S=01F9, D=0000, e=1, A=00, X=00, Y=00, 00*10011
         3782448 | 00 | C568 | ( 4)  PLB            | PC=C569, PBR=00, DBR=00, S=01FA, D=0000, e=1, A=00, X=00, Y=00, 00*10011
         3782449 | 00 | C569 | ( 2)  LDA #$08       | PC=C56B, PBR=00, DBR=00, S=01FA, D=0000, e=1, A=08, X=00, Y=00, 00*10001
         3782450 | 00 | C56B | ( 4)  STA $C035      | PC=C56E, PBR=00, DBR=00, S=01FA, D=0000, e=1, A=08, X=00, Y=00, 00*10001
         3782451 | 00 | C56E | ( 4)  PLA            | PC=C56F, PBR=00, DBR=00, S=01FB, D=0000, e=1, A=27, X=00, Y=00, 00*10001
         3782452 | 00 | C56F | ( 3)  BCS $03 (3)    | PC=C574, PBR=00, DBR=00, S=01FB, D=0000, e=1, A=27, X=00, Y=00, 00*10001
         3782453 | 00 | C574 | ( 3)  LDX $00        | PC=C576, PBR=00, DBR=00, S=01FB, D=0000, e=1, A=27, X=00, Y=00, 00*10011
         3782454 | 00 | C576 | ( 2)  BNE $0A (10)   | PC=C578, PBR=00, DBR=00, S=01FB, D=0000, e=1, A=27, X=00, Y=00, 00*10011
         3782455 | 00 | C578 | ( 3)  LDA $01        | PC=C57A, PBR=00, DBR=00, S=01FB, D=0000, e=1, A=C5, X=00, Y=00, 10*10001
         3782456 | 00 | C57A | ( 4)  CMP $07F8      | PC=C57D, PBR=00, DBR=00, S=01FB, D=0000, e=1, A=C5, X=00, Y=00, 00*10011
         3782457 | 00 | C57D | ( 2)  BNE $03 (3)    | PC=C57F, PBR=00, DBR=00, S=01FB, D=0000, e=1, A=C5, X=00, Y=00, 00*10011
         3782458 | 00 | C57F | ( 3)  JMP $FABA      | PC=FABA, PBR=00, DBR=00, S=01FB, D=0000, e=1, A=C5, X=00, Y=00, 00*10011
         1955862 | 00 | C600 | ( 2)  LDX #$20       | PC=C602, PBR=00, DBR=00, S=01FB, D=0000, e=1, A=20, X=20, Y=FF, 00*10001
         1955863 | 00 | C602 | ( 2)  LDY #$00       | PC=C604, PBR=00, DBR=00, S=01FB, D=0000, e=1, A=20, X=20, Y=00, 00*10011
         1955864 | 00 | C604 | ( 3)  STZ $03        | PC=C606, PBR=00, DBR=00, S=01FB, D=0000, e=1, A=20, X=20, Y=00, 00*10011
         1955865 | 00 | C606 | ( 3)  STZ $3C        | PC=C608, PBR=00, DBR=00, S=01FB, D=0000, e=1, A=20, X=20, Y=00, 00*10011
         1955866 | 00 | C608 | ( 3)  PHY            | PC=C609, PBR=00, DBR=00, S=01FA, D=0000, e=1, A=20, X=20, Y=00, 00*10011
         1955867 | 00 | C609 | ( 3)  PHY            | PC=C60A, PBR=00, DBR=00, S=01F9, D=0000, e=1, A=20, X=20, Y=00, 00*10011
         1955868 | 00 | C60A | ( 5)  PLD            | PC=C60B, PBR=00, DBR=00, S=01FB, D=0000, e=1, A=20, X=20, Y=00, 00*10011
         1955869 | 00 | C60B | ( 3)  PHK            | PC=C60C, PBR=00, DBR=00, S=01FA, D=0000, e=1, A=20, X=20, Y=00, 00*10011
         1955870 | 00 | C60C | ( 4)  PLB            | PC=C60D, PBR=00, DBR=00, S=01FB, D=0000, e=1, A=20, X=20, Y=00, 00*10011
         1955871 | 00 | C60D | ( 2)  LDA #$C6       | PC=C60F, PBR=00, DBR=00, S=01FB, D=0000, e=1, A=C6, X=20, Y=00, 10*10001
         1955872 | 00 | C60F | ( 4)  STA $07F8      | PC=C612, PBR=00, DBR=00, S=01FB, D=0000, e=1, A=C6, X=20, Y=00, 10*10001
         1955873 | 00 | C612 | ( 3)  SEP #$0030     | PC=C614, PBR=00, DBR=00, S=01FB, D=0000, e=1, A=C6, X=20, Y=00, 10*10001
         1955874 | 00 | C614 | ( 3)  PHP            | PC=C615, PBR=00, DBR=00, S=01FA, D=0000, e=1, A=C6, X=20, Y=00, 10*10001
         1955875 | 00 | C615 | ( 4)  PLA            | PC=C616, PBR=00, DBR=00, S=01FB, D=0000, e=1, A=B1, X=20, Y=00, 10*10001
         1955876 | 00 | C616 | ( 4)  STA $07FE      | PC=C619, PBR=00, DBR=00, S=01FB, D=0000, e=1, A=B1, X=20, Y=00, 10*10001
         1955877 | 00 | C619 | ( 2)  SEI            | PC=C61A, PBR=00, DBR=00, S=01FB, D=0000, e=1, A=B1, X=20, Y=00, 10*10101
         1955878 | 00 | C61A | ( 8)  JSL $FF5609    | PC=5609, PBR=FF, DBR=00, S=01F8, D=0000, e=1, A=B1, X=20, Y=00, 10*10101
         2594134 | 00 | C61E | ( 2)  LDX #$60       | PC=C620, PBR=00, DBR=00, S=01FB, D=0000, e=1, A=08, X=60, Y=7F, 00*10100
         2594135 | 00 | C620 | ( 2)  BCS $0C (12)   | PC=C622, PBR=00, DBR=00, S=01FB, D=0000, e=1, A=08, X=60, Y=7F, 00*10100
         2594136 | 00 | C622 | ( 3)  STZ $03        | PC=C624, PBR=00, DBR=00, S=01FB, D=0000, e=1, A=08, X=60, Y=7F, 00*10100
         2594137 | 00 | C624 | ( 2)  SEI            | PC=C625, PBR=00, DBR=00, S=01FB, D=0000, e=1, A=08, X=60, Y=7F, 00*10100
         2594138 | 00 | C625 | ( 2)  CLC            | PC=C626, PBR=00, DBR=00, S=01FB, D=0000, e=1, A=08, X=60, Y=7F, 00*10100
         2594139 | 00 | C626 | ( 3)  PHP            | PC=C627, PBR=00, DBR=00, S=01FA, D=0000, e=1, A=08, X=60, Y=7F, 00*10100
         2985556 | 00 | C627 | ( 4)  PLP            | PC=C628, PBR=00, DBR=00, S=01FB, D=0000, e=1, A=2A, X=60, Y=00, 00*10100
         2985557 | 00 | C628 | ( 3)  LDX $2B        | PC=C62A, PBR=00, DBR=00, S=01FB, D=0000, e=1, A=2A, X=60, Y=00, 00*10100
         2985558 | 00 | C62A | ( 5)  DEC $03        | PC=C62C, PBR=00, DBR=00, S=01FB, D=0000, e=1, A=2A, X=60, Y=00, 00*10110
         2985559 | 00 | C62C | ( 2)  BNE $28 (40)   | PC=C62E, PBR=00, DBR=00, S=01FB, D=0000, e=1, A=2A, X=60, Y=00, 00*10110
         2985560 | 00 | C62E | ( 4)  LDA $C088, X   | PC=C631, PBR=00, DBR=00, S=01FB, D=0000, e=1, A=FF, X=60, Y=00, 10*10100
         2985561 | 00 | C631 | ( 8)  JSL $FF5671    | PC=5671, PBR=FF, DBR=00, S=01F8, D=0000, e=1, A=FF, X=60, Y=00, 10*10100
         2985577 | 00 | C635 | ( 6)  JSR $C648      | PC=C648, PBR=00, DBR=00, S=01F9, D=0000, e=1, A=27, X=60, Y=00, 00*10111
         2985584 | 00 | C638 | ( 3)  LDA $01        | PC=C63A, PBR=00, DBR=00, S=01FB, D=0000, e=1, A=C6, X=60, Y=00, 10*10001
         2985585 | 00 | C63A | ( 4)  CMP $07F8      | PC=C63D, PBR=00, DBR=00, S=01FB, D=0000, e=1, A=C6, X=60, Y=00, 00*10011
         2985586 | 00 | C63D | ( 2)  BNE $03 (3)    | PC=C63F, PBR=00, DBR=00, S=01FB, D=0000, e=1, A=C6, X=60, Y=00, 00*10011
         2985587 | 00 | C63F | ( 3)  JMP $FABA      | PC=FABA, PBR=00, DBR=00, S=01FB, D=0000, e=1, A=C6, X=60, Y=00, 00*10011
         2985578 | 00 | C648 | ( 4)  LDA $07FE      | PC=C64B, PBR=00, DBR=00, S=01F9, D=0000, e=1, A=B1, X=60, Y=00, 10*10101
         2985579 | 00 | C64B | ( 2)  AND #$04       | PC=C64D, PBR=00, DBR=00, S=01F9, D=0000, e=1, A=00, X=60, Y=00, 00*10111
         2985580 | 00 | C64D | ( 2)  BNE $01 (1)    | PC=C64F, PBR=00, DBR=00, S=01F9, D=0000, e=1, A=00, X=60, Y=00, 00*10111
         2985581 | 00 | C64F | ( 2)  CLI            | PC=C650, PBR=00, DBR=00, S=01F9, D=0000, e=1, A=00, X=60, Y=00, 00*10011
         2985582 | 00 | C650 | ( 3)  LDA $3D        | PC=C652, PBR=00, DBR=00, S=01F9, D=0000, e=1, A=00, X=60, Y=00, 00*10011
         2985583 | 00 | C652 | ( 6)  RTS            | PC=C638, PBR=00, DBR=00, S=01FB, D=0000, e=1, A=00, X=60, Y=00, 00*10011
         2984022 | 00 | C656 | ( 3)  PHP            | PC=C657, PBR=00, DBR=00, S=01FA, D=0000, e=1, A=2A, X=60, Y=00, 00*10100
         2985553 | 00 | C657 | ( 2)  DEY            | PC=C658, PBR=00, DBR=00, S=01FA, D=0000, e=1, A=2A, X=60, Y=00, 00*10110
         2985554 | 00 | C658 | ( 2)  BNE $04 (4)    | PC=C65A, PBR=00, DBR=00, S=01FA, D=0000, e=1, A=2A, X=60, Y=00, 00*10110
         2985555 | 00 | C65A | ( 3)  BEQ $CB (-53)  | PC=C627, PBR=00, DBR=00, S=01FA, D=0000, e=1, A=2A, X=60, Y=00, 00*10110
         2985549 | 00 | C65E | ( 4)  LDA $C08C, X   | PC=C661, PBR=00, DBR=00, S=01FA, D=0000, e=1, A=FF, X=60, Y=01, 10*10100
         2985550 | 00 | C661 | ( 2)  BPL $FB (-5)   | PC=C663, PBR=00, DBR=00, S=01FA, D=0000, e=1, A=FF, X=60, Y=01, 10*10100
         2985551 | 00 | C663 | ( 2)  EOR #$D5       | PC=C665, PBR=00, DBR=00, S=01FA, D=0000, e=1, A=2A, X=60, Y=01, 00*10100
         2985552 | 00 | C665 | ( 3)  BNE $F0 (-16)  | PC=C657, PBR=00, DBR=00, S=01FA, D=0000, e=1, A=2A, X=60, Y=01, 00*10100
         1535916 | 00 | F89A | ( 2)  LDY #$A0       | PC=F89C, PBR=00, DBR=00, S=01F9, D=0000, e=1, A=01, X=38, Y=A0, 10*10101
         3790826 | 00 | F89C | ( 3)  PHP            | PC=F89D, PBR=00, DBR=00, S=01E0, D=0000, e=1, A=8D, X=00, Y=04, 00*10000
         3790827 | 00 | F89D | ( 2)  CLC            | PC=F89E, PBR=00, DBR=00, S=01E0, D=0000, e=1, A=8D, X=00, Y=04, 00*10000
         3790828 | 00 | F89E | ( 2)  XCE            | PC=F89F, PBR=00, DBR=00, S=01E0, D=0000, e=0, A=8D, X=00, Y=04, 00110001
         3790829 | 00 | F89F | ( 4)  PLP            | PC=F8A0, PBR=00, DBR=00, S=01E1, D=0000, e=0, A=8D, X=00, Y=04, 00110000
         3790830 | 00 | F8A0 | ( 3)  SEP #$0030     | PC=F8A2, PBR=00, DBR=00, S=01E1, D=0000, e=0, A=8D, X=00, Y=04, 00110000
         3790831 | 00 | F8A2 | ( 3)  PHA            | PC=F8A3, PBR=00, DBR=00, S=01E0, D=0000, e=0, A=8D, X=00, Y=04, 00110000
         3790832 | 00 | F8A3 | ( 4)  LDA $C036      | PC=F8A6, PBR=00, DBR=00, S=01E0, D=0000, e=0, A=84, X=00, Y=04, 10110000
         3790833 | 00 | F8A6 | ( 3)  PHA            | PC=F8A7, PBR=00, DBR=00, S=01DF, D=0000, e=0, A=84, X=00, Y=04, 10110000
         3790834 | 00 | F8A7 | ( 2)  ORA #$80       | PC=F8A9, PBR=00, DBR=00, S=01DF, D=0000, e=0, A=84, X=00, Y=04, 10110000
         3790835 | 00 | F8A9 | ( 4)  STA $C036      | PC=F8AC, PBR=00, DBR=00, S=01DF, D=0000, e=0, A=84, X=00, Y=04, 10110000
         3790836 | 00 | F8AC | ( 8)  JSL $E10198    | PC=0198, PBR=E1, DBR=00, S=01DC, D=0000, e=0, A=84, X=00, Y=04, 10110000
         3790889 | 00 | F8B0 | ( 4)  PLA            | PC=F8B1, PBR=00, DBR=00, S=01E0, D=0000, e=0, A=84, X=00, Y=8D, 10110000
         3790890 | 00 | F8B1 | ( 4)  STA $C036      | PC=F8B4, PBR=00, DBR=00, S=01E0, D=0000, e=0, A=84, X=00, Y=8D, 10110000
         3790891 | 00 | F8B4 | ( 4)  PLA            | PC=F8B5, PBR=00, DBR=00, S=01E1, D=0000, e=0, A=00, X=00, Y=8D, 00110010
         3790892 | 00 | F8B5 | ( 3)  PHP            | PC=F8B6, PBR=00, DBR=00, S=01E0, D=0000, e=0, A=00, X=00, Y=8D, 00110010
         3790893 | 00 | F8B6 | ( 2)  SEC            | PC=F8B7, PBR=00, DBR=00, S=01E0, D=0000, e=0, A=00, X=00, Y=8D, 00110011
         3790894 | 00 | F8B7 | ( 2)  XCE            | PC=F8B8, PBR=00, DBR=00, S=01E0, D=0000, e=1, A=00, X=00, Y=8D, 00*10010
         3790895 | 00 | F8B8 | ( 4)  PLP            | PC=F8B9, PBR=00, DBR=00, S=01E1, D=0000, e=1, A=00, X=00, Y=8D, 00*10010
         3790896 | 00 | F8B9 | ( 6)  RTS            | PC=FC54, PBR=00, DBR=00, S=01E3, D=0000, e=1, A=00, X=00, Y=8D, 00*10010
         1629525 | 00 | F8BA | ( 4)  STZ $0800      | PC=F8BD, PBR=00, DBR=00, S=01F7, D=0000, e=1, A=A5, X=38, Y=00, 10*10101
         1629526 | 00 | F8BD | ( 2)  CLC            | PC=F8BE, PBR=00, DBR=00, S=01F7, D=0000, e=1, A=A5, X=38, Y=00, 10*10100
         1629527 | 00 | F8BE | ( 2)  XCE            | PC=F8BF, PBR=00, DBR=00, S=01F7, D=0000, e=0, A=A5, X=38, Y=00, 10110101
         1629528 | 00 | F8BF | ( 3)  REP #$0030     | PC=F8C1, PBR=00, DBR=00, S=01F7, D=0000, e=0, A=00A5, X=0038, Y=0000, 10000101
         1629529 | 00 | F8C1 | ( 3)  LDX #$0800     | PC=F8C4, PBR=00, DBR=00, S=01F7, D=0000, e=0, A=00A5, X=0800, Y=0000, 00000101
         1629530 | 00 | F8C4 | ( 2)  TXY            | PC=F8C5, PBR=00, DBR=00, S=01F7, D=0000, e=0, A=00A5, X=0800, Y=0800, 00000101
         1629531 | 00 | F8C5 | ( 2)  INY            | PC=F8C6, PBR=00, DBR=00, S=01F7, D=0000, e=0, A=00A5, X=0800, Y=0801, 00000101
         1629532 | 00 | F8C6 | ( 3)  LDA #$B7FE     | PC=F8C9, PBR=00, DBR=00, S=01F7, D=0000, e=0, A=B7FE, X=0800, Y=0801, 10000101
         1676635 | 00 | F8C9 | ( 7)  MVN s:00, d:00 | PC=F8CC, PBR=00, DBR=00, S=01F7, D=0000, e=0, A=FFFF, X=BFFF, Y=C000, 10000101
         1676636 | 00 | F8CC | ( 3)  BRA $E7 (-25)  | PC=F8B5, PBR=00, DBR=00, S=01F7, D=0000, e=0, A=FFFF, X=BFFF, Y=C000, 10000101
         3790900 | 00 | F8D4 | ( 3)  PHP            | PC=F8D5, PBR=00, DBR=00, S=01E5, D=0000, e=1, A=8D, X=00, Y=00, 00*10010
         3790901 | 00 | F8D5 | ( 2)  CLC            | PC=F8D6, PBR=00, DBR=00, S=01E5, D=0000, e=1, A=8D, X=00, Y=00, 00*10010
         3790902 | 00 | F8D6 | ( 2)  XCE            | PC=F8D7, PBR=00, DBR=00, S=01E5, D=0000, e=0, A=8D, X=00, Y=00, 00110011
         3790903 | 00 | F8D7 | ( 4)  PLP            | PC=F8D8, PBR=00, DBR=00, S=01E6, D=0000, e=0, A=8D, X=00, Y=00, 00110010
         3790904 | 00 | F8D8 | ( 6)  RTL            | PC=9C21, PBR=FF, DBR=00, S=01E9, D=0000, e=0, A=8D, X=00, Y=00, 00110010
         1629524 | 00 | F8F4 | ( 6)  JSR $F8BA      | PC=F8BA, PBR=00, DBR=00, S=01F7, D=0000, e=1, A=A5, X=38, Y=00, 10*10101
         1676642 | 00 | F8F7 | ( 6)  JSR $FC58      | PC=FC58, PBR=00, DBR=00, S=01F7, D=0000, e=1, A=FF, X=FF, Y=00, 10*10101
         1681419 | 00 | F8FA | ( 2)  LDY #$A4       | PC=F8FC, PBR=00, DBR=00, S=01F9, D=0000, e=1, A=00, X=FF, Y=A4, 10*10100
         1681420 | 00 | F8FC | ( 6)  JSR $F89C      | PC=F89C, PBR=00, DBR=00, S=01F7, D=0000, e=1, A=00, X=FF, Y=A4, 10*10100
         1695029 | 00 | F8FF | ( 2)  LDY #$9D       | PC=F901, PBR=00, DBR=00, S=01F9, D=0000, e=1, A=B3, X=06, Y=9D, 10*10100
         1695030 | 00 | F901 | ( 6)  JSR $F89C      | PC=F89C, PBR=00, DBR=00, S=01F7, D=0000, e=1, A=B3, X=06, Y=9D, 10*10100
         1955678 | 00 | F904 | ( 6)  JSR $F9DB      | PC=F9DB, PBR=00, DBR=00, S=01F7, D=0000, e=1, A=0D, X=6C, Y=6D, 00*10100
         1955795 | 00 | F907 | ( 5)  LDA $E10141    | PC=F90B, PBR=00, DBR=00, S=01F9, D=0000, e=1, A=00, X=6C, Y=00, 00*10010
         1955796 | 00 | F90B | ( 2)  BMI $01 (1)    | PC=F90D, PBR=00, DBR=00, S=01F9, D=0000, e=1, A=00, X=6C, Y=00, 00*10010
         1955797 | 00 | F90D | ( 6)  RTS            | PC=FAA9, PBR=00, DBR=00, S=01FB, D=0000, e=1, A=00, X=6C, Y=00, 00*10010
         1955679 | 00 | F9DB | ( 2)  SEI            | PC=F9DC, PBR=00, DBR=00, S=01F7, D=0000, e=1, A=0D, X=6C, Y=6D, 00*10100
         1955680 | 00 | F9DC | ( 2)  LDA #$10       | PC=F9DE, PBR=00, DBR=00, S=01F7, D=0000, e=1, A=10, X=6C, Y=6D, 00*10100
         1955681 | 00 | F9DE | ( 6)  TSB $C027      | PC=F9E1, PBR=00, DBR=00, S=01F7, D=0000, e=1, A=10, X=6C, Y=6D, 00*10110
         1955682 | 00 | F9E1 | ( 2)  CLI            | PC=F9E2, PBR=00, DBR=00, S=01F7, D=0000, e=1, A=10, X=6C, Y=6D, 00*10010
         1955683 | 00 | F9E2 | ( 5)  LDA $E10139    | PC=F9E6, PBR=00, DBR=00, S=01F7, D=0000, e=1, A=90, X=6C, Y=6D, 10*10000
         1955684 | 00 | F9E6 | ( 4)  STA $C02D      | PC=F9E9, PBR=00, DBR=00, S=01F7, D=0000, e=1, A=90, X=6C, Y=6D, 10*10000
         1955685 | 00 | F9E9 | ( 3)  LDY $00        | PC=F9EB, PBR=00, DBR=00, S=01F7, D=0000, e=1, A=90, X=6C, Y=00, 00*10010
         1955686 | 00 | F9EB | ( 3)  PHY            | PC=F9EC, PBR=00, DBR=00, S=01F6, D=0000, e=1, A=90, X=6C, Y=00, 00*10010
         1955687 | 00 | F9EC | ( 3)  LDY $01        | PC=F9EE, PBR=00, DBR=00, S=01F6, D=0000, e=1, A=90, X=6C, Y=C8, 10*10000
         1955688 | 00 | F9EE | ( 3)  PHY            | PC=F9EF, PBR=00, DBR=00, S=01F5, D=0000, e=1, A=90, X=6C, Y=C8, 10*10000
         1955689 | 00 | F9EF | ( 2)  LDA #$00       | PC=F9F1, PBR=00, DBR=00, S=01F5, D=0000, e=1, A=00, X=6C, Y=C8, 00*10010
         1955690 | 00 | F9F1 | ( 3)  PHA            | PC=F9F2, PBR=00, DBR=00, S=01F4, D=0000, e=1, A=00, X=6C, Y=C8, 00*10010
         1955691 | 00 | F9F2 | ( 2)  LDA #$C8       | PC=F9F4, PBR=00, DBR=00, S=01F4, D=0000, e=1, A=C8, X=6C, Y=C8, 10*10000
         1955692 | 00 | F9F4 | ( 3)  STZ $00        | PC=F9F6, PBR=00, DBR=00, S=01F4, D=0000, e=1, A=C8, X=6C, Y=C8, 10*10000
         1955693 | 00 | F9F6 | ( 3)  STA $01        | PC=F9F8, PBR=00, DBR=00, S=01F4, D=0000, e=1, A=C8, X=6C, Y=C8, 10*10000
         1955777 | 00 | F9F8 | ( 2)  CLC            | PC=F9F9, PBR=00, DBR=00, S=01F4, D=0000, e=1, A=93, X=6C, Y=05, 10*10000
         1955778 | 00 | F9F9 | ( 4)  PLA            | PC=F9FA, PBR=00, DBR=00, S=01F5, D=0000, e=1, A=02, X=6C, Y=05, 00*10000
         1955779 | 00 | F9FA | ( 2)  ROL            | PC=F9FB, PBR=00, DBR=00, S=01F5, D=0000, e=1, A=04, X=6C, Y=05, 00*10000
         1955780 | 00 | F9FB | ( 3)  PHA            | PC=F9FC, PBR=00, DBR=00, S=01F4, D=0000, e=1, A=04, X=6C, Y=05, 00*10000
         1955781 | 00 | F9FC | ( 2)  LDY #$05       | PC=F9FE, PBR=00, DBR=00, S=01F4, D=0000, e=1, A=04, X=6C, Y=05, 00*10000
         1955782 | 00 | F9FE | ( 5)  DEC $01        | PC=FA00, PBR=00, DBR=00, S=01F4, D=0000, e=1, A=04, X=6C, Y=05, 10*10000
         1955783 | 00 | FA00 | ( 3)  LDA $01        | PC=FA02, PBR=00, DBR=00, S=01F4, D=0000, e=1, A=C3, X=6C, Y=05, 10*10000
         1955784 | 00 | FA02 | ( 2)  CMP #$C4       | PC=FA04, PBR=00, DBR=00, S=01F4, D=0000, e=1, A=C3, X=6C, Y=05, 10*10000
         1955785 | 00 | FA04 | ( 3)  BCC $14 (20)   | PC=FA1A, PBR=00, DBR=00, S=01F4, D=0000, e=1, A=C3, X=6C, Y=05, 10*10000
         1955774 | 00 | FA06 | ( 5)  LDA ($00), Y   | PC=FA08, PBR=00, DBR=00, S=01F4, D=0000, e=1, A=93, X=6C, Y=05, 10*10001
         1955775 | 00 | FA08 | ( 4)  CMP $FB01, Y   | PC=FA0B, PBR=00, DBR=00, S=01F4, D=0000, e=1, A=93, X=6C, Y=05, 10*10001
         1955776 | 00 | FA0B | ( 4)  BNE $EB (-21)  | PC=F9F8, PBR=00, DBR=00, S=01F4, D=0000, e=1, A=93, X=6C, Y=05, 10*10001
         1955758 | 00 | FA0D | ( 2)  DEY            | PC=FA0E, PBR=00, DBR=00, S=01F4, D=0000, e=1, A=20, X=6C, Y=00, 00*10011
         1955759 | 00 | FA0E | ( 2)  DEY            | PC=FA0F, PBR=00, DBR=00, S=01F4, D=0000, e=1, A=20, X=6C, Y=FF, 10*10001
         1955760 | 00 | FA0F | ( 2)  BPL $F5 (-11)  | PC=FA11, PBR=00, DBR=00, S=01F4, D=0000, e=1, A=20, X=6C, Y=FF, 10*10001
         1955761 | 00 | FA11 | ( 5)  LDA ($00), Y   | PC=FA13, PBR=00, DBR=00, S=01F4, D=0000, e=1, A=0A, X=6C, Y=FF, 00*10001
         1955762 | 00 | FA13 | ( 2)  BEQ $E4 (-28)  | PC=FA15, PBR=00, DBR=00, S=01F4, D=0000, e=1, A=0A, X=6C, Y=FF, 00*10001
         1955763 | 00 | FA15 | ( 2)  INC            | PC=FA16, PBR=00, DBR=00, S=01F4, D=0000, e=1, A=0B, X=6C, Y=FF, 00*10001
         1955764 | 00 | FA16 | ( 4)  BNE $E0 (-32)  | PC=F9F8, PBR=00, DBR=00, S=01F4, D=0000, e=1, A=0B, X=6C, Y=FF, 00*10001
         1955786 | 00 | FA1A | ( 4)  PLA            | PC=FA1B, PBR=00, DBR=00, S=01F5, D=0000, e=1, A=04, X=6C, Y=05, 00*10000
         1955787 | 00 | FA1B | ( 4)  PLY            | PC=FA1C, PBR=00, DBR=00, S=01F6, D=0000, e=1, A=04, X=6C, Y=C8, 10*10000
         1955788 | 00 | FA1C | ( 3)  STY $01        | PC=FA1E, PBR=00, DBR=00, S=01F6, D=0000, e=1, A=04, X=6C, Y=C8, 10*10000
         1955789 | 00 | FA1E | ( 4)  PLY            | PC=FA1F, PBR=00, DBR=00, S=01F7, D=0000, e=1, A=04, X=6C, Y=00, 00*10010
         1955790 | 00 | FA1F | ( 3)  STY $00        | PC=FA21, PBR=00, DBR=00, S=01F7, D=0000, e=1, A=04, X=6C, Y=00, 00*10010
         1955791 | 00 | FA21 | ( 3)  JMP $FFDB      | PC=FFDB, PBR=00, DBR=00, S=01F7, D=0000, e=1, A=04, X=6C, Y=00, 00*10010
         1535910 | 00 | FA24 | ( 5)  LDA $E102D9    | PC=FA28, PBR=00, DBR=00, S=01F9, D=0000, e=1, A=00, X=38, Y=38, 00*10111
         1535911 | 00 | FA28 | ( 2)  BNE $02 (2)    | PC=FA2A, PBR=00, DBR=00, S=01F9, D=0000, e=1, A=00, X=38, Y=38, 00*10111
         1535912 | 00 | FA2A | ( 2)  INC            | PC=FA2B, PBR=00, DBR=00, S=01F9, D=0000, e=1, A=01, X=38, Y=38, 00*10101
         1535913 | 00 | FA2B | ( 6)  RTS            | PC=FA82, PBR=00, DBR=00, S=01FB, D=0000, e=1, A=01, X=38, Y=38, 00*10101
               0 | 00 | FA62 | ( 2)  LDA #$01       | PC=FA64, PBR=00, DBR=00, S=01FD, D=0000, e=1, A=01, X=00, Y=00, 00*10100
               1 | 00 | FA64 | ( 6)  TSB $C029      | PC=FA67, PBR=00, DBR=00, S=01FD, D=0000, e=1, A=01, X=00, Y=00, 00*10100
               2 | 00 | FA67 | ( 2)  LDA #$FB       | PC=FA69, PBR=00, DBR=00, S=01FD, D=0000, e=1, A=FB, X=00, Y=00, 10*10100
               3 | 00 | FA69 | ( 2)  SEI            | PC=FA6A, PBR=00, DBR=00, S=01FD, D=0000, e=1, A=FB, X=00, Y=00, 10*10100
               4 | 00 | FA6A | ( 2)  CLD            | PC=FA6B, PBR=00, DBR=00, S=01FD, D=0000, e=1, A=FB, X=00, Y=00, 10*10100
               5 | 00 | FA6B | ( 2)  TCS            | PC=FA6C, PBR=00, DBR=00, S=01FB, D=0000, e=1, A=FB, X=00, Y=00, 10*10100
               6 | 00 | FA6C | ( 6)  JSR $FE36      | PC=FE36, PBR=00, DBR=00, S=01F9, D=0000, e=1, A=FB, X=00, Y=00, 10*10100
         1535826 | 00 | FA6F | ( 2)  LDA #$0C       | PC=FA71, PBR=00, DBR=00, S=01FB, D=0000, e=1, A=0C, X=38, Y=1B, 00*10101
         1535827 | 00 | FA71 | ( 4)  STA $C068      | PC=FA74, PBR=00, DBR=00, S=01FB, D=0000, e=1, A=0C, X=38, Y=1B, 00*10101
         1535828 | 00 | FA74 | ( 2)  LDY #$09       | PC=FA76, PBR=00, DBR=00, S=01FB, D=0000, e=1, A=0C, X=38, Y=09, 00*10101
         1535829 | 00 | FA76 | ( 6)  JSR $F89C      | PC=F89C, PBR=00, DBR=00, S=01F9, D=0000, e=1, A=0C, X=38, Y=09, 00*10101
         1535907 | 00 | FA79 | ( 4)  LDA $CFFF      | PC=FA7C, PBR=00, DBR=00, S=01FB, D=0000, e=1, A=00, X=38, Y=38, 00*10111
         1535908 | 00 | FA7C | ( 4)  BIT $C010      | PC=FA7F, PBR=00, DBR=00, S=01FB, D=0000, e=1, A=00, X=38, Y=38, 00*10111
         1535909 | 00 | FA7F | ( 6)  JSR $FA24      | PC=FA24, PBR=00, DBR=00, S=01F9, D=0000, e=1, A=00, X=38, Y=38, 00*10111
         1535914 | 00 | FA82 | ( 3)  BNE $03 (3)    | PC=FA87, PBR=00, DBR=00, S=01FB, D=0000, e=1, A=01, X=38, Y=38, 00*10101
         1535915 | 00 | FA87 | ( 6)  JSR $F89A      | PC=F89A, PBR=00, DBR=00, S=01F9, D=0000, e=1, A=01, X=38, Y=38, 00*10101
         1629519 | 00 | FA8A | ( 4)  LDA $03F3      | PC=FA8D, PBR=00, DBR=00, S=01FB, D=0000, e=1, A=00, X=38, Y=00, 00*10111
         1629520 | 00 | FA8D | ( 2)  EOR #$A5       | PC=FA8F, PBR=00, DBR=00, S=01FB, D=0000, e=1, A=A5, X=38, Y=00, 10*10101
         1629521 | 00 | FA8F | ( 4)  CMP $03F4      | PC=FA92, PBR=00, DBR=00, S=01FB, D=0000, e=1, A=A5, X=38, Y=00, 10*10101
         1629522 | 00 | FA92 | ( 3)  BNE $12 (18)   | PC=FAA6, PBR=00, DBR=00, S=01FB, D=0000, e=1, A=A5, X=38, Y=00, 10*10101
         1629523 | 00 | FAA6 | ( 6)  JSR $F8F4      | PC=F8F4, PBR=00, DBR=00, S=01F9, D=0000, e=1, A=A5, X=38, Y=00, 10*10101
         1955798 | 00 | FAA9 | ( 2)  LDX #$05       | PC=FAAB, PBR=00, DBR=00, S=01FB, D=0000, e=1, A=00, X=05, Y=00, 00*10000
         1955815 | 00 | FAAB | ( 4)  LDA $FAFC, X   | PC=FAAE, PBR=00, DBR=00, S=01FB, D=0000, e=1, A=59, X=01, Y=00, 00*10000
         1955816 | 00 | FAAE | ( 5)  STA $03EF, X   | PC=FAB1, PBR=00, DBR=00, S=01FB, D=0000, e=1, A=59, X=01, Y=00, 00*10000
         1955817 | 00 | FAB1 | ( 2)  DEX            | PC=FAB2, PBR=00, DBR=00, S=01FB, D=0000, e=1, A=59, X=00, Y=00, 00*10010
         1955818 | 00 | FAB2 | ( 2)  BNE $F7 (-9)   | PC=FAB4, PBR=00, DBR=00, S=01FB, D=0000, e=1, A=59, X=00, Y=00, 00*10010
         1955819 | 00 | FAB4 | ( 3)  BRA $2B (43)   | PC=FAE1, PBR=00, DBR=00, S=01FB, D=0000, e=1, A=59, X=00, Y=00, 00*10010
         1955824 | 00 | FAB6 | ( 3)  STA $01        | PC=FAB8, PBR=00, DBR=00, S=01FB, D=0000, e=1, A=C8, X=00, Y=00, 10*10000
         1955825 | 00 | FAB8 | ( 3)  STZ $00        | PC=FABA, PBR=00, DBR=00, S=01FB, D=0000, e=1, A=C8, X=00, Y=00, 10*10000
         3782499 | 00 | FABA | ( 2)  LDY #$05       | PC=FABC, PBR=00, DBR=00, S=01FB, D=0000, e=1, A=38, X=00, Y=05, 00*10001
         3782500 | 00 | FABC | ( 5)  DEC $01        | PC=FABE, PBR=00, DBR=00, S=01FB, D=0000, e=1, A=38, X=00, Y=05, 10*10001
         3782501 | 00 | FABE | ( 2)  LDA #$00       | PC=FAC0, PBR=00, DBR=00, S=01FB, D=0000, e=1, A=00, X=00, Y=05, 00*10011
         3782502 | 00 | FAC0 | ( 3)  LDA $01        | PC=FAC2, PBR=00, DBR=00, S=01FB, D=0000, e=1, A=C0, X=00, Y=05, 10*10001
         3782503 | 00 | FAC2 | ( 2)  CMP #$C0       | PC=FAC4, PBR=00, DBR=00, S=01FB, D=0000, e=1, A=C0, X=00, Y=05, 00*10011
         3782504 | 00 | FAC4 | ( 3)  BEQ $32 (50)   | PC=FAF8, PBR=00, DBR=00, S=01FB, D=0000, e=1, A=C0, X=00, Y=05, 00*10011
         3782495 | 00 | FAC6 | ( 4)  STA $07F8      | PC=FAC9, PBR=00, DBR=00, S=01FB, D=0000, e=1, A=C1, X=00, Y=05, 00*10001
         3782496 | 00 | FAC9 | ( 5)  LDA ($00), Y   | PC=FACB, PBR=00, DBR=00, S=01FB, D=0000, e=1, A=38, X=00, Y=05, 00*10001
         3782497 | 00 | FACB | ( 4)  CMP $FB01, Y   | PC=FACE, PBR=00, DBR=00, S=01FB, D=0000, e=1, A=38, X=00, Y=05, 00*10001
         3782498 | 00 | FACE | ( 3)  BNE $EA (-22)  | PC=FABA, PBR=00, DBR=00, S=01FB, D=0000, e=1, A=38, X=00, Y=05, 00*10001
         2985610 | 00 | FAD0 | ( 2)  DEY            | PC=FAD1, PBR=00, DBR=00, S=01FB, D=0000, e=1, A=20, X=60, Y=00, 00*10011
         2985611 | 00 | FAD1 | ( 2)  DEY            | PC=FAD2, PBR=00, DBR=00, S=01FB, D=0000, e=1, A=20, X=60, Y=FF, 10*10001
         2985612 | 00 | FAD2 | ( 2)  BPL $F5 (-11)  | PC=FAD4, PBR=00, DBR=00, S=01FB, D=0000, e=1, A=20, X=60, Y=FF, 10*10001
         2985613 | 00 | FAD4 | ( 5)  JMP ($0000)    | PC=C500, PBR=00, DBR=00, S=01FB, D=0000, e=1, A=20, X=60, Y=FF, 10*10001
         1955820 | 00 | FAE1 | ( 5)  LDA $E102E8    | PC=FAE5, PBR=00, DBR=00, S=01FB, D=0000, e=1, A=00, X=00, Y=00, 00*10010
         1955821 | 00 | FAE5 | ( 3)  BEQ $0D (13)   | PC=FAF4, PBR=00, DBR=00, S=01FB, D=0000, e=1, A=00, X=00, Y=00, 00*10010
         1955822 | 00 | FAF4 | ( 2)  LDA #$C8       | PC=FAF6, PBR=00, DBR=00, S=01FB, D=0000, e=1, A=C8, X=00, Y=00, 10*10000
         1955823 | 00 | FAF6 | ( 3)  BRA $BE (-66)  | PC=FAB6, PBR=00, DBR=00, S=01FB, D=0000, e=1, A=C8, X=00, Y=00, 10*10000
         3782505 | 00 | FAF8 | ( 2)  LDY #$98       | PC=FAFA, PBR=00, DBR=00, S=01FB, D=0000, e=1, A=C0, X=00, Y=98, 10*10001
         3782590 | 00 | FAFA | ( 3)  JMP $F89C      | PC=F89C, PBR=00, DBR=00, S=01E9, D=0000, e=1, A=00, X=00, Y=0C, 00*10000
         3782578 | 00 | FB2F | ( 2)  LDA #$00       | PC=FB31, PBR=00, DBR=00, S=01E9, D=0000, e=1, A=00, X=00, Y=FF, 00*10010
         3782579 | 00 | FB31 | ( 3)  STA $48        | PC=FB33, PBR=00, DBR=00, S=01E9, D=0000, e=1, A=00, X=00, Y=FF, 00*10010
         3782580 | 00 | FB33 | ( 4)  LDA $C056      | PC=FB36, PBR=00, DBR=00, S=01E9, D=0000, e=1, A=00, X=00, Y=FF, 00*10010
         3782581 | 00 | FB36 | ( 4)  LDA $C054      | PC=FB39, PBR=00, DBR=00, S=01E9, D=0000, e=1, A=00, X=00, Y=FF, 00*10010
         3782582 | 00 | FB39 | ( 4)  LDA $C051      | PC=FB3C, PBR=00, DBR=00, S=01E9, D=0000, e=1, A=00, X=00, Y=FF, 00*10010
         3782583 | 00 | FB3C | ( 2)  LDA #$00       | PC=FB3E, PBR=00, DBR=00, S=01E9, D=0000, e=1, A=00, X=00, Y=FF, 00*10010
         3782584 | 00 | FB3E | ( 3)  BEQ $0B (11)   | PC=FB4B, PBR=00, DBR=00, S=01E9, D=0000, e=1, A=00, X=00, Y=FF, 00*10010
         3782585 | 00 | FB4B | ( 3)  STA $22        | PC=FB4D, PBR=00, DBR=00, S=01E9, D=0000, e=1, A=00, X=00, Y=FF, 00*10010
         3782586 | 00 | FB4D | ( 2)  LDA #$00       | PC=FB4F, PBR=00, DBR=00, S=01E9, D=0000, e=1, A=00, X=00, Y=FF, 00*10010
         3782587 | 00 | FB4F | ( 3)  STA $20        | PC=FB51, PBR=00, DBR=00, S=01E9, D=0000, e=1, A=00, X=00, Y=FF, 00*10010
         3782588 | 00 | FB51 | ( 2)  LDY #$0C       | PC=FB53, PBR=00, DBR=00, S=01E9, D=0000, e=1, A=00, X=00, Y=0C, 00*10000
         3782589 | 00 | FB53 | ( 4)  BRA $A5 (-91)  | PC=FAFA, PBR=00, DBR=00, S=01E9, D=0000, e=1, A=00, X=00, Y=0C, 00*10000
         3790796 | 00 | FB78 | ( 2)  CMP #$8D       | PC=FB7A, PBR=00, DBR=00, S=01E1, D=0000, e=1, A=8D, X=00, Y=8D, 00*10011
         3790797 | 00 | FB7A | ( 2)  BNE $18 (24)   | PC=FB7C, PBR=00, DBR=00, S=01E1, D=0000, e=1, A=8D, X=00, Y=8D, 00*10011
         3790798 | 00 | FB7C | ( 4)  LDY $C000      | PC=FB7F, PBR=00, DBR=00, S=01E1, D=0000, e=1, A=8D, X=00, Y=00, 00*10011
         3790799 | 00 | FB7F | ( 3)  BPL $13 (19)   | PC=FB94, PBR=00, DBR=00, S=01E1, D=0000, e=1, A=8D, X=00, Y=00, 00*10011
         3790800 | 00 | FB94 | ( 3)  BRA $67 (103)  | PC=FBFD, PBR=00, DBR=00, S=01E1, D=0000, e=1, A=8D, X=00, Y=00, 00*10011
         3790716 | 00 | FBF0 | ( 3)  LDY $24        | PC=FBF2, PBR=00, DBR=00, S=01E1, D=0000, e=1, A=A1, X=00, Y=1E, 00*10001
         3790717 | 00 | FBF2 | ( 6)  STA ($28), Y   | PC=FBF4, PBR=00, DBR=00, S=01E1, D=0000, e=1, A=A1, X=00, Y=1E, 00*10001
         3790718 | 00 | FBF4 | ( 5)  INC $24        | PC=FBF6, PBR=00, DBR=00, S=01E1, D=0000, e=1, A=A1, X=00, Y=1E, 00*10001
         3790719 | 00 | FBF6 | ( 3)  LDA $24        | PC=FBF8, PBR=00, DBR=00, S=01E1, D=0000, e=1, A=1F, X=00, Y=1E, 00*10001
         3790720 | 00 | FBF8 | ( 3)  CMP $21        | PC=FBFA, PBR=00, DBR=00, S=01E1, D=0000, e=1, A=1F, X=00, Y=1E, 10*10000
         3790721 | 00 | FBFA | ( 2)  BCS $66 (102)  | PC=FBFC, PBR=00, DBR=00, S=01E1, D=0000, e=1, A=1F, X=00, Y=1E, 10*10000
         3790722 | 00 | FBFC | ( 6)  RTS            | PC=FC54, PBR=00, DBR=00, S=01E3, D=0000, e=1, A=1F, X=00, Y=1E, 10*10000
         3790801 | 00 | FBFD | ( 4)  BRA $5D (93)   | PC=FC5C, PBR=00, DBR=00, S=01E1, D=0000, e=1, A=8D, X=00, Y=00, 00*10011
         3790811 | 00 | FBFF | ( 2)  BCS $EF (-17)  | PC=FC01, PBR=00, DBR=00, S=01E1, D=0000, e=1, A=8D, X=00, Y=00, 10*10000
         3790812 | 00 | FC01 | ( 2)  TAY            | PC=FC02, PBR=00, DBR=00, S=01E1, D=0000, e=1, A=8D, X=00, Y=8D, 10*10000
         3790813 | 00 | FC02 | ( 2)  BPL $EC (-20)  | PC=FC04, PBR=00, DBR=00, S=01E1, D=0000, e=1, A=8D, X=00, Y=8D, 10*10000
         3790814 | 00 | FC04 | ( 2)  CMP #$8D       | PC=FC06, PBR=00, DBR=00, S=01E1, D=0000, e=1, A=8D, X=00, Y=8D, 00*10011
         3790815 | 00 | FC06 | ( 3)  BEQ $5A (90)   | PC=FC62, PBR=00, DBR=00, S=01E1, D=0000, e=1, A=8D, X=00, Y=8D, 00*10011
         3787684 | 00 | FC22 | ( 3)  LDA $25        | PC=FC24, PBR=00, DBR=00, S=01EB, D=0000, e=1, A=05, X=00, Y=05, 00*10000
         3790822 | 00 | FC24 | ( 3)  STA $28        | PC=FC26, PBR=00, DBR=00, S=01E1, D=0000, e=1, A=06, X=00, Y=8D, 10*10000
         3790823 | 00 | FC26 | ( 2)  TYA            | PC=FC27, PBR=00, DBR=00, S=01E1, D=0000, e=1, A=8D, X=00, Y=8D, 10*10000
         3790824 | 00 | FC27 | ( 2)  LDY #$04       | PC=FC29, PBR=00, DBR=00, S=01E1, D=0000, e=1, A=8D, X=00, Y=04, 00*10000
         3790825 | 00 | FC29 | ( 3)  JMP $F89C      | PC=F89C, PBR=00, DBR=00, S=01E1, D=0000, e=1, A=8D, X=00, Y=04, 00*10000
         3790791 | 00 | FC46 | ( 4)  BIT $C01F      | PC=FC49, PBR=00, DBR=00, S=01E4, D=0000, e=1, A=8D, X=00, Y=8D, 00*10010
         3790792 | 00 | FC49 | ( 3)  BPL $04 (4)    | PC=FC4F, PBR=00, DBR=00, S=01E4, D=0000, e=1, A=8D, X=00, Y=8D, 00*10010
         3790793 | 00 | FC4F | ( 2)  TYA            | PC=FC50, PBR=00, DBR=00, S=01E4, D=0000, e=1, A=8D, X=00, Y=8D, 10*10000
         3790794 | 00 | FC50 | ( 3)  PHA            | PC=FC51, PBR=00, DBR=00, S=01E3, D=0000, e=1, A=8D, X=00, Y=8D, 10*10000
         3790795 | 00 | FC51 | ( 6)  JSR $FB78      | PC=FB78, PBR=00, DBR=00, S=01E1, D=0000, e=1, A=8D, X=00, Y=8D, 10*10000
         3790897 | 00 | FC54 | ( 4)  PLA            | PC=FC55, PBR=00, DBR=00, S=01E4, D=0000, e=1, A=8D, X=00, Y=8D, 10*10000
         3790898 | 00 | FC55 | ( 3)  LDY $35        | PC=FC57, PBR=00, DBR=00, S=01E4, D=0000, e=1, A=8D, X=00, Y=00, 00*10010
         3790899 | 00 | FC57 | ( 6)  RTS            | PC=F8D4, PBR=00, DBR=00, S=01E6, D=0000, e=1, A=8D, X=00, Y=00, 00*10010
         3782859 | 00 | FC58 | ( 2)  LDY #$05       | PC=FC5A, PBR=00, DBR=00, S=01EB, D=0000, e=1, A=FD, X=38, Y=05, 00*10000
         3782860 | 00 | FC5A | ( 3)  BRA $CD (-51)  | PC=FC29, PBR=00, DBR=00, S=01EB, D=0000, e=1, A=FD, X=38, Y=05, 00*10000
         3790802 | 00 | FC5C | ( 3)  XBA            | PC=FC5D, PBR=00, DBR=00, S=01E1, D=0000, e=1, A=84, X=00, Y=00, 10*10001
         3790803 | 00 | FC5D | ( 3)  JMP $FCEB      | PC=FCEB, PBR=00, DBR=00, S=01E1, D=0000, e=1, A=84, X=00, Y=00, 10*10001
         3790816 | 00 | FC62 | ( 2)  LDA #$00       | PC=FC64, PBR=00, DBR=00, S=01E1, D=0000, e=1, A=00, X=00, Y=8D, 00*10011
         3790817 | 00 | FC64 | ( 3)  STA $24        | PC=FC66, PBR=00, DBR=00, S=01E1, D=0000, e=1, A=00, X=00, Y=8D, 00*10011
         3790818 | 00 | FC66 | ( 5)  INC $25        | PC=FC68, PBR=00, DBR=00, S=01E1, D=0000, e=1, A=00, X=00, Y=8D, 00*10001
         3790819 | 00 | FC68 | ( 3)  LDA $25        | PC=FC6A, PBR=00, DBR=00, S=01E1, D=0000, e=1, A=06, X=00, Y=8D, 00*10001
         3790820 | 00 | FC6A | ( 3)  CMP $23        | PC=FC6C, PBR=00, DBR=00, S=01E1, D=0000, e=1, A=06, X=00, Y=8D, 10*10000
         3790821 | 00 | FC6C | ( 3)  BCC $B6 (-74)  | PC=FC24, PBR=00, DBR=00, S=01E1, D=0000, e=1, A=06, X=00, Y=8D, 10*10000
         3790784 | 00 | FC74 | ( 3)  BCC $02 (2)    | PC=FC78, PBR=00, DBR=00, S=01E3, D=0000, e=1, A=8D, X=00, Y=00, 11*10000
         3790690 | 00 | FC76 | ( 3)  AND $32        | PC=FC78, PBR=00, DBR=00, S=01E3, D=0000, e=1, A=A1, X=00, Y=00, 11*10001
         3790785 | 00 | FC78 | ( 3)  JMP $FDF7      | PC=FDF7, PBR=00, DBR=00, S=01E3, D=0000, e=1, A=8D, X=00, Y=00, 11*10000
         3790804 | 00 | FCEB | ( 5)  LDA $E10137    | PC=FCEF, PBR=00, DBR=00, S=01E1, D=0000, e=1, A=00, X=00, Y=00, 00*10011
         3790805 | 00 | FCEF | ( 2)  ASL            | PC=FCF0, PBR=00, DBR=00, S=01E1, D=0000, e=1, A=00, X=00, Y=00, 00*10010
         3790806 | 00 | FCF0 | ( 2)  BMI $20 (32)   | PC=FCF2, PBR=00, DBR=00, S=01E1, D=0000, e=1, A=00, X=00, Y=00, 00*10010
         3790807 | 00 | FCF2 | ( 3)  XBA            | PC=FCF3, PBR=00, DBR=00, S=01E1, D=0000, e=1, A=8D, X=00, Y=00, 10*10000
         3790808 | 00 | FCF3 | ( 3)  BCC $08 (8)    | PC=FCFD, PBR=00, DBR=00, S=01E1, D=0000, e=1, A=8D, X=00, Y=00, 10*10000
         3790809 | 00 | FCFD | ( 2)  CMP #$A0       | PC=FCFF, PBR=00, DBR=00, S=01E1, D=0000, e=1, A=8D, X=00, Y=00, 10*10000
         3790810 | 00 | FCFF | ( 3)  JMP $FBFF      | PC=FBFF, PBR=00, DBR=00, S=01E1, D=0000, e=1, A=8D, X=00, Y=00, 10*10000
         3790790 | 00 | FDD7 | ( 3)  JMP $FC46      | PC=FC46, PBR=00, DBR=00, S=01E4, D=0000, e=1, A=8D, X=00, Y=8D, 11*10000
         1694959 | 00 | FDE3 | ( 2)  AND #$0F       | PC=FDE5, PBR=00, DBR=00, S=01EA, D=0000, e=1, A=03, X=06, Y=00, 00*10100
         1694960 | 00 | FDE5 | ( 2)  ORA #$B0       | PC=FDE7, PBR=00, DBR=00, S=01EA, D=0000, e=1, A=B3, X=06, Y=00, 10*10100
         1694961 | 00 | FDE7 | ( 2)  CMP #$BA       | PC=FDE9, PBR=00, DBR=00, S=01EA, D=0000, e=1, A=B3, X=06, Y=00, 10*10100
         1694962 | 00 | FDE9 | ( 3)  BCC $02 (2)    | PC=FDED, PBR=00, DBR=00, S=01EA, D=0000, e=1, A=B3, X=06, Y=00, 10*10100
         3790780 | 00 | FDED | ( 5)  JMP ($0036)    | PC=FDF0, PBR=00, DBR=00, S=01E4, D=0000, e=1, A=8D, X=00, Y=00, 11*10001
         3790781 | 00 | FDF0 | ( 3)  PHA            | PC=FDF1, PBR=00, DBR=00, S=01E3, D=0000, e=1, A=8D, X=00, Y=00, 11*10001
         3790782 | 00 | FDF1 | ( 2)  CMP #$A0       | PC=FDF3, PBR=00, DBR=00, S=01E3, D=0000, e=1, A=8D, X=00, Y=00, 11*10000
         3790783 | 00 | FDF3 | ( 3)  JMP $FC74      | PC=FC74, PBR=00, DBR=00, S=01E3, D=0000, e=1, A=8D, X=00, Y=00, 11*10000
         3790786 | 00 | FDF7 | ( 3)  STY $35        | PC=FDF9, PBR=00, DBR=00, S=01E3, D=0000, e=1, A=8D, X=00, Y=00, 11*10000
         3790787 | 00 | FDF9 | ( 2)  TAY            | PC=FDFA, PBR=00, DBR=00, S=01E3, D=0000, e=1, A=8D, X=00, Y=8D, 11*10000
         3790788 | 00 | FDFA | ( 4)  PLA            | PC=FDFB, PBR=00, DBR=00, S=01E4, D=0000, e=1, A=8D, X=00, Y=8D, 11*10000
         3790789 | 00 | FDFB | ( 3)  BRA $DA (-38)  | PC=FDD7, PBR=00, DBR=00, S=01E4, D=0000, e=1, A=8D, X=00, Y=8D, 11*10000
               7 | 00 | FE36 | ( 2)  CLC            | PC=FE37, PBR=00, DBR=00, S=01F9, D=0000, e=1, A=FB, X=00, Y=00, 10*10100
               8 | 00 | FE37 | ( 2)  XCE            | PC=FE38, PBR=00, DBR=00, S=01F9, D=0000, e=0, A=FB, X=00, Y=00, 10110101
               9 | 00 | FE38 | ( 8)  JSL $FF7600    | PC=7600, PBR=FF, DBR=00, S=01F6, D=0000, e=0, A=FB, X=00, Y=00, 10110101
              23 | 00 | FE3C | ( 2)  SEC            | PC=FE3D, PBR=00, DBR=00, S=01F9, D=0000, e=0, A=5C, X=00, Y=00, 10110101
              24 | 00 | FE3D | ( 2)  XCE            | PC=FE3E, PBR=00, DBR=00, S=01F9, D=0000, e=1, A=5C, X=00, Y=00, 10*10100
              25 | 00 | FE3E | ( 2)  LDY #$A3       | PC=FE40, PBR=00, DBR=00, S=01F9, D=0000, e=1, A=5C, X=00, Y=A3, 10*10100
              26 | 00 | FE40 | ( 6)  JSR $F89C      | PC=F89C, PBR=00, DBR=00, S=01F7, D=0000, e=1, A=5C, X=00, Y=A3, 10*10100
         3782573 | 00 | FE43 | ( 6)  JSR $FE84      | PC=FE84, PBR=00, DBR=00, S=01E9, D=0000, e=1, A=C0, X=00, Y=00, 10*10000
         3782577 | 00 | FE46 | ( 6)  JSR $FB2F      | PC=FB2F, PBR=00, DBR=00, S=01E9, D=0000, e=1, A=C0, X=00, Y=FF, 10*10000
         3782673 | 00 | FE49 | ( 6)  JSR $FE93      | PC=FE93, PBR=00, DBR=00, S=01E9, D=0000, e=1, A=D0, X=00, Y=00, 10*10000
         3782743 | 00 | FE4C | ( 3)  BRA $3B (59)   | PC=FE89, PBR=00, DBR=00, S=01EB, D=0000, e=1, A=FD, X=36, Y=F0, 10*10000
         3782574 | 00 | FE84 | ( 2)  LDY #$FF       | PC=FE86, PBR=00, DBR=00, S=01E9, D=0000, e=1, A=C0, X=00, Y=FF, 10*10000
         3782575 | 00 | FE86 | ( 3)  STY $32        | PC=FE88, PBR=00, DBR=00, S=01E9, D=0000, e=1, A=C0, X=00, Y=FF, 10*10000
         3782576 | 00 | FE88 | ( 6)  RTS            | PC=FE46, PBR=00, DBR=00, S=01EB, D=0000, e=1, A=C0, X=00, Y=FF, 10*10000
         3782744 | 00 | FE89 | ( 2)  LDA #$00       | PC=FE8B, PBR=00, DBR=00, S=01EB, D=0000, e=1, A=00, X=36, Y=F0, 00*10010
         3782745 | 00 | FE8B | ( 3)  STA $3E        | PC=FE8D, PBR=00, DBR=00, S=01EB, D=0000, e=1, A=00, X=36, Y=F0, 00*10010
         3782746 | 00 | FE8D | ( 2)  LDX #$38       | PC=FE8F, PBR=00, DBR=00, S=01EB, D=0000, e=1, A=00, X=38, Y=F0, 00*10000
         3782747 | 00 | FE8F | ( 2)  LDY #$1B       | PC=FE91, PBR=00, DBR=00, S=01EB, D=0000, e=1, A=00, X=38, Y=1B, 00*10000
         3782748 | 00 | FE91 | ( 3)  BNE $08 (8)    | PC=FE9B, PBR=00, DBR=00, S=01EB, D=0000, e=1, A=00, X=38, Y=1B, 00*10000
         3782674 | 00 | FE93 | ( 2)  LDA #$00       | PC=FE95, PBR=00, DBR=00, S=01E9, D=0000, e=1, A=00, X=00, Y=00, 00*10010
         3782675 | 00 | FE95 | ( 3)  STA $3E        | PC=FE97, PBR=00, DBR=00, S=01E9, D=0000, e=1, A=00, X=00, Y=00, 00*10010
         3782676 | 00 | FE97 | ( 2)  LDX #$36       | PC=FE99, PBR=00, DBR=00, S=01E9, D=0000, e=1, A=00, X=36, Y=00, 00*10000
         3782677 | 00 | FE99 | ( 2)  LDY #$F0       | PC=FE9B, PBR=00, DBR=00, S=01E9, D=0000, e=1, A=00, X=36, Y=F0, 10*10000
         3782749 | 00 | FE9B | ( 3)  LDA $3E        | PC=FE9D, PBR=00, DBR=00, S=01EB, D=0000, e=1, A=00, X=38, Y=1B, 00*10010
         3782750 | 00 | FE9D | ( 2)  AND #$0F       | PC=FE9F, PBR=00, DBR=00, S=01EB, D=0000, e=1, A=00, X=38, Y=1B, 00*10010
         3782751 | 00 | FE9F | ( 3)  BEQ $04 (4)    | PC=FEA5, PBR=00, DBR=00, S=01EB, D=0000, e=1, A=00, X=38, Y=1B, 00*10010
         3782752 | 00 | FEA5 | ( 4)  STY $00, X     | PC=FEA7, PBR=00, DBR=00, S=01EB, D=0000, e=1, A=00, X=38, Y=1B, 00*10010
         3782753 | 00 | FEA7 | ( 4)  STA $01, X     | PC=FEA9, PBR=00, DBR=00, S=01EB, D=0000, e=1, A=00, X=38, Y=1B, 00*10010
         3782754 | 00 | FEA9 | ( 2)  LDY #$0E       | PC=FEAB, PBR=00, DBR=00, S=01EB, D=0000, e=1, A=00, X=38, Y=0E, 00*10000
         3782755 | 00 | FEAB | ( 3)  BRA $36 (54)   | PC=FEE3, PBR=00, DBR=00, S=01EB, D=0000, e=1, A=00, X=38, Y=0E, 00*10000
         3782756 | 00 | FEE3 | ( 3)  JMP $F89C      | PC=F89C, PBR=00, DBR=00, S=01EB, D=0000, e=1, A=00, X=38, Y=0E, 00*10000
         1955792 | 00 | FFDB | ( 5)  ORA $E10138    | PC=FFDF, PBR=00, DBR=00, S=01F7, D=0000, e=1, A=84, X=6C, Y=00, 10*10000
         1955793 | 00 | FFDF | ( 4)  STA $C036      | PC=FFE2, PBR=00, DBR=00, S=01F7, D=0000, e=1, A=84, X=6C, Y=00, 10*10000
         1955794 | 00 | FFE2 | ( 6)  RTS            | PC=F907, PBR=00, DBR=00, S=01F9, D=0000, e=1, A=84, X=6C, Y=00, 10*10000
         1951552 | E1 | 0000 | ( 4)  JML $FE00C5    | PC=00C5, PBR=FE, DBR=E1, S=01A5, D=01B3, e=0, A=0000, X=1D02, Y=FC16, 00000100
         1707896 | E1 | 0004 | ( 4)  JML $FE00C2    | PC=00C2, PBR=FE, DBR=00, S=01BB, D=01DE, e=0, A=0000, X=0902, Y=0008, 00000100
         1951636 | E1 | 0064 | ( 4)  JML $FCDD07    | PC=DD07, PBR=FC, DBR=E1, S=0172, D=017C, e=0, A=017C, X=F2E1, Y=FC08, 00000101
         1951713 | E1 | 0068 | ( 4)  JML $FCDC94    | PC=DC94, PBR=FC, DBR=E1, S=01AD, D=01B3, e=0, A=0028, X=0000, Y=0008, 00000101
         3790929 | E1 | 006C | ( 4)  JML $FFBA18    | PC=BA18, PBR=FF, DBR=00, S=01EE, D=0000, e=0, A=00, X=00, Y=00, 10110000
         1913878 | E1 | 007C | ( 4)  JML $FFA6F1    | PC=A6F1, PBR=FF, DBR=00, S=01E9, D=0000, e=0, A=0000, X=0000, Y=01DE, 10000100
         1913826 | E1 | 0180 | ( 8)  JSL $E10068    | PC=0068, PBR=E1, DBR=00, S=01DD, D=0000, e=0, A=0031, X=0000, Y=0000, 00000110
         1913843 | E1 | 0184 | ( 4)  JML $FEFCB4    | PC=FCB4, PBR=FE, DBR=00, S=01E0, D=0000, e=0, A=0031, X=0000, Y=0000, 00000110
         3790837 | E1 | 0198 | ( 4)  JML $FF7629    | PC=7629, PBR=FF, DBR=00, S=01DC, D=0000, e=0, A=84, X=00, Y=04, 10110000
         3790751 | E1 | 019C | ( 4)  JML $FFA9AA    | PC=A9AA, PBR=FF, DBR=00, S=01E7, D=0000, e=0, A=8D, X=00, Y=00, 01110001
         3782379 | E1 | 0208 | ( 4)  JML $FF790C    | PC=790C, PBR=FF, DBR=E1, S=01EA, D=0000, e=0, A=0300, X=906E, Y=0063, 00000101
         3782042 | E1 | 0FA7 | ( 4)  JML $FF3E5E    | PC=3E5E, PBR=FF, DBR=E1, S=01ED, D=0000, e=0, A=A5, X=FF, Y=0F, 10110101
         1706563 | E1 | 1680 | ( 4)  JML $FC048A    | PC=048A, PBR=FC, DBR=00, S=01D9, D=01DE, e=0, A=0000, X=01D6, Y=0078, 10000100
         1912554 | E1 | 1684 | ( 4)  JML $FC048B    | PC=048B, PBR=FC, DBR=00, S=01E3, D=0000, e=0, A=0000, X=0000, Y=00C0, 10000100
         1951610 | E1 | 1688 | ( 4)  JML $FC0199    | PC=0199, PBR=FC, DBR=E1, S=019F, D=01B3, e=0, A=0000, X=1D02, Y=0000, 00000110
         1951654 | E1 | 168C | ( 4)  JML $FC01C4    | PC=01C4, PBR=FC, DBR=E1, S=0179, D=017C, e=0, A=0012, X=F2E1, Y=FC08, 00000101
         1912839 | E1 | 1690 | ( 4)  JML $FC0AF2    | PC=0AF2, PBR=FC, DBR=E1, S=0190, D=0196, e=0, A=00C4, X=FFFE, Y=000E, 00000101
         1913122 | E1 | 1694 | ( 4)  JML $FC0C55    | PC=0C55, PBR=FC, DBR=E1, S=018D, D=0196, e=0, A=0002, X=0014, Y=0003, 00000101
         1912775 | E1 | 169C | ( 4)  JML $FC0E4A    | PC=0E4A, PBR=FC, DBR=E1, S=0190, D=0196, e=0, A=FFFF, X=26E1, Y=FC05, 10000101
         1710010 | E1 | 16A4 | ( 4)  JML $FC10A0    | PC=10A0, PBR=FC, DBR=E1, S=017E, D=0184, e=0, A=0000, X=0000, Y=FFFE, 00000111
         1909046 | FC | 0100 | ( 8)  JSL $FC0189    | PC=0189, PBR=FC, DBR=00, S=01D1, D=01DE, e=0, A=0000, X=010D, Y=0000, 00000110
         1909085 | FC | 0104 | ( 3)  JMP $01C4      | PC=01C4, PBR=FC, DBR=E1, S=01AB, D=01AE, e=0, A=01AE, X=03E1, Y=FC01, 10000101
         1951489 | FC | 0189 | ( 2)  TXA            | PC=018A, PBR=FC, DBR=E1, S=01D6, D=0000, e=0, A=0A0D, X=0A0D, Y=0000, 00000100
         1951490 | FC | 018A | ( 3)  XBA            | PC=018B, PBR=FC, DBR=E1, S=01D6, D=0000, e=0, A=0D0A, X=0A0D, Y=0000, 00000100
         1951491 | FC | 018B | ( 3)  SEP #$0030     | PC=018D, PBR=FC, DBR=E1, S=01D6, D=0000, e=0, A=0A, X=0D, Y=00, 00110100
         1951492 | FC | 018D | ( 2)  AND #$FF       | PC=018F, PBR=FC, DBR=E1, S=01D6, D=0000, e=0, A=0A, X=0D, Y=00, 00110100
         1951493 | FC | 018F | ( 2)  TAX            | PC=0190, PBR=FC, DBR=E1, S=01D6, D=0000, e=0, A=0A, X=0A, Y=00, 00110100
         1951494 | FC | 0190 | ( 2)  LDA #$E1       | PC=0192, PBR=FC, DBR=E1, S=01D6, D=0000, e=0, A=E1, X=0A, Y=00, 10110100
         1951495 | FC | 0192 | ( 3)  PHA            | PC=0193, PBR=FC, DBR=E1, S=01D5, D=0000, e=0, A=E1, X=0A, Y=00, 10110100
         1951496 | FC | 0193 | ( 5)  LDA $FC013D, X | PC=0197, PBR=FC, DBR=E1, S=01D5, D=0000, e=0, A=00, X=0A, Y=00, 00110110
         1951497 | FC | 0197 | ( 3)  BRA $0E (14)   | PC=01A7, PBR=FC, DBR=E1, S=01D5, D=0000, e=0, A=00, X=0A, Y=00, 00110110
         1951611 | FC | 0199 | ( 2)  TXA            | PC=019A, PBR=FC, DBR=E1, S=019F, D=01B3, e=0, A=1D02, X=1D02, Y=0000, 00000100
         1951612 | FC | 019A | ( 3)  XBA            | PC=019B, PBR=FC, DBR=E1, S=019F, D=01B3, e=0, A=021D, X=1D02, Y=0000, 00000100
         1951613 | FC | 019B | ( 3)  SEP #$0030     | PC=019D, PBR=FC, DBR=E1, S=019F, D=01B3, e=0, A=1D, X=02, Y=00, 00110100
         1951614 | FC | 019D | ( 2)  AND #$FF       | PC=019F, PBR=FC, DBR=E1, S=019F, D=01B3, e=0, A=1D, X=02, Y=00, 00110100
         1951615 | FC | 019F | ( 2)  TAX            | PC=01A0, PBR=FC, DBR=E1, S=019F, D=01B3, e=0, A=1D, X=1D, Y=00, 00110100
         1951616 | FC | 01A0 | ( 2)  LDA #$E1       | PC=01A2, PBR=FC, DBR=E1, S=019F, D=01B3, e=0, A=E1, X=1D, Y=00, 10110100
         1951617 | FC | 01A2 | ( 3)  PHA            | PC=01A3, PBR=FC, DBR=E1, S=019E, D=01B3, e=0, A=E1, X=1D, Y=00, 10110100
         1951618 | FC | 01A3 | ( 5)  LDA $FC010E, X | PC=01A7, PBR=FC, DBR=E1, S=019E, D=01B3, e=0, A=00, X=1D, Y=00, 00110110
         1951619 | FC | 01A7 | ( 3)  REP #$0030     | PC=01A9, PBR=FC, DBR=E1, S=019E, D=01B3, e=0, A=0200, X=001D, Y=0000, 00000110
         1951620 | FC | 01A9 | ( 5)  PLX            | PC=01AA, PBR=FC, DBR=E1, S=01A0, D=01B3, e=0, A=0200, X=F2E1, Y=0000, 10000100
         1951621 | FC | 01AA | ( 5)  PLY            | PC=01AB, PBR=FC, DBR=E1, S=01A2, D=01B3, e=0, A=0200, X=F2E1, Y=FC08, 10000100
         1951622 | FC | 01AB | ( 3)  AND #$00FF     | PC=01AE, PBR=FC, DBR=E1, S=01A2, D=01B3, e=0, A=0000, X=F2E1, Y=FC08, 00000110
         1951623 | FC | 01AE | ( 4)  PHA            | PC=01AF, PBR=FC, DBR=E1, S=01A0, D=01B3, e=0, A=0000, X=F2E1, Y=FC08, 00000110
         1951624 | FC | 01AF | ( 2)  TSC            | PC=01B0, PBR=FC, DBR=E1, S=01A0, D=01B3, e=0, A=01A0, X=F2E1, Y=FC08, 00000100
         1951625 | FC | 01B0 | ( 2)  SEC            | PC=01B1, PBR=FC, DBR=E1, S=01A0, D=01B3, e=0, A=01A0, X=F2E1, Y=FC08, 00000101
         1951626 | FC | 01B1 | ( 3)  SBC #$0024     | PC=01B4, PBR=FC, DBR=E1, S=01A0, D=01B3, e=0, A=017C, X=F2E1, Y=FC08, 00000101
         1951627 | FC | 01B4 | ( 2)  TCS            | PC=01B5, PBR=FC, DBR=E1, S=017C, D=01B3, e=0, A=017C, X=F2E1, Y=FC08, 00000101
         1951628 | FC | 01B5 | ( 3)  PHB            | PC=01B6, PBR=FC, DBR=E1, S=017B, D=01B3, e=0, A=017C, X=F2E1, Y=FC08, 00000101
         1951629 | FC | 01B6 | ( 4)  PHD            | PC=01B7, PBR=FC, DBR=E1, S=0179, D=01B3, e=0, A=017C, X=F2E1, Y=FC08, 00000101
         1951630 | FC | 01B7 | ( 2)  TCD            | PC=01B8, PBR=FC, DBR=E1, S=0179, D=017C, e=0, A=017C, X=F2E1, Y=FC08, 00000101
         1951631 | FC | 01B8 | ( 5)  STZ $23        | PC=01BA, PBR=FC, DBR=E1, S=0179, D=017C, e=0, A=017C, X=F2E1, Y=FC08, 00000101
         1951632 | FC | 01BA | ( 5)  STZ $01        | PC=01BC, PBR=FC, DBR=E1, S=0179, D=017C, e=0, A=017C, X=F2E1, Y=FC08, 00000101
         1951633 | FC | 01BC | ( 4)  PHY            | PC=01BD, PBR=FC, DBR=E1, S=0177, D=017C, e=0, A=017C, X=F2E1, Y=FC08, 00000101
         1951634 | FC | 01BD | ( 4)  PHX            | PC=01BE, PBR=FC, DBR=E1, S=0175, D=017C, e=0, A=017C, X=F2E1, Y=FC08, 00000101
         1951635 | FC | 01BE | ( 8)  JSL $E10064    | PC=0064, PBR=E1, DBR=E1, S=0172, D=017C, e=0, A=017C, X=F2E1, Y=FC08, 00000101
         1951646 | FC | 01C2 | ( 4)  PLB            | PC=01C3, PBR=FC, DBR=E1, S=0176, D=017C, e=0, A=017C, X=F2E1, Y=FC08, 10000101
         1951647 | FC | 01C3 | ( 6)  RTL            | PC=08F3, PBR=FC, DBR=E1, S=0179, D=017C, e=0, A=017C, X=F2E1, Y=FC08, 10000101
         1951712 | FC | 01C4 | ( 8)  JSL $E10068    | PC=0068, PBR=E1, DBR=E1, S=01AD, D=01B3, e=0, A=0028, X=0000, Y=0008, 00000101
         1951729 | FC | 01C8 | ( 5)  LDX $25        | PC=01CA, PBR=FC, DBR=E1, S=01B0, D=01B3, e=0, A=0028, X=0000, Y=0008, 00000111
         1951730 | FC | 01CA | ( 5)  LDA $2B        | PC=01CC, PBR=FC, DBR=E1, S=01B0, D=01B3, e=0, A=FF62, X=0000, Y=0008, 10000101
         1951731 | FC | 01CC | ( 6)  STA $2B, X     | PC=01CE, PBR=FC, DBR=E1, S=01B0, D=01B3, e=0, A=FF62, X=0000, Y=0008, 10000101
         1951732 | FC | 01CE | ( 5)  LDA $29        | PC=01D0, PBR=FC, DBR=E1, S=01B0, D=01B3, e=0, A=02FE, X=0000, Y=0008, 00000101
         1951733 | FC | 01D0 | ( 6)  STA $29, X     | PC=01D2, PBR=FC, DBR=E1, S=01B0, D=01B3, e=0, A=02FE, X=0000, Y=0008, 00000101
         1951734 | FC | 01D2 | ( 5)  LDA $27        | PC=01D4, PBR=FC, DBR=E1, S=01B0, D=01B3, e=0, A=0137, X=0000, Y=0008, 00000101
         1951735 | FC | 01D4 | ( 6)  STA $27, X     | PC=01D6, PBR=FC, DBR=E1, S=01B0, D=01B3, e=0, A=0137, X=0000, Y=0008, 00000101
         1951736 | FC | 01D6 | ( 2)  TSC            | PC=01D7, PBR=FC, DBR=E1, S=01B0, D=01B3, e=0, A=01B0, X=0000, Y=0008, 00000101
         1951737 | FC | 01D7 | ( 2)  CLC            | PC=01D8, PBR=FC, DBR=E1, S=01B0, D=01B3, e=0, A=01B0, X=0000, Y=0008, 00000100
         1951738 | FC | 01D8 | ( 5)  ADC $25        | PC=01DA, PBR=FC, DBR=E1, S=01B0, D=01B3, e=0, A=01B0, X=0000, Y=0008, 00000100
         1951739 | FC | 01DA | ( 3)  ADC #$0029     | PC=01DD, PBR=FC, DBR=E1, S=01B0, D=01B3, e=0, A=01D9, X=0000, Y=0008, 00000100
         1951740 | FC | 01DD | ( 2)  TAX            | PC=01DE, PBR=FC, DBR=E1, S=01B0, D=01B3, e=0, A=01D9, X=01D9, Y=0008, 00000100
         1951741 | FC | 01DE | ( 5)  PLD            | PC=01DF, PBR=FC, DBR=E1, S=01B2, D=0000, e=0, A=01D9, X=01D9, Y=0008, 00000110
         1951742 | FC | 01DF | ( 4)  PLB            | PC=01E0, PBR=FC, DBR=E1, S=01B3, D=0000, e=0, A=01D9, X=01D9, Y=0008, 10000100
         1951743 | FC | 01E0 | ( 5)  PLA            | PC=01E1, PBR=FC, DBR=E1, S=01B5, D=0000, e=0, A=0028, X=01D9, Y=0008, 00000100
         1951744 | FC | 01E1 | ( 3)  CMP #$0001     | PC=01E4, PBR=FC, DBR=E1, S=01B5, D=0000, e=0, A=0028, X=01D9, Y=0008, 00000101
         1951745 | FC | 01E4 | ( 2)  TXS            | PC=01E5, PBR=FC, DBR=E1, S=01D9, D=0000, e=0, A=0028, X=01D9, Y=0008, 00000101
         1951746 | FC | 01E5 | ( 3)  BCS $01 (1)    | PC=01E8, PBR=FC, DBR=E1, S=01D9, D=0000, e=0, A=0028, X=01D9, Y=0008, 00000101
         1951686 | FC | 01E7 | ( 6)  RTL            | PC=0138, PBR=FE, DBR=E1, S=01A5, D=01B3, e=0, A=0000, X=01A2, Y=FC08, 10000100
         1951747 | FC | 01E8 | ( 6)  RTL            | PC=0138, PBR=FE, DBR=E1, S=01DC, D=0000, e=0, A=0028, X=01D9, Y=0008, 00000101
         1701496 | FC | 01EE | ( 6)  LDA $E115FE    | PC=01F2, PBR=FC, DBR=00, S=01D6, D=01DE, e=0, A=0000, X=0102, Y=FECF, 00000110
         1701497 | FC | 01F2 | ( 3)  BPL $17 (23)   | PC=020B, PBR=FC, DBR=00, S=01D6, D=01DE, e=0, A=0000, X=0102, Y=FECF, 00000110
         1701498 | FC | 020B | ( 8)  JSL $FC0199    | PC=0199, PBR=FC, DBR=00, S=01D3, D=01DE, e=0, A=0000, X=0102, Y=FECF, 00000110
         1701529 | FC | 020F | ( 3)  LDA #$0000     | PC=0212, PBR=FC, DBR=E1, S=01AD, D=01B0, e=0, A=0000, X=0EE1, Y=FC02, 00000111
         1701530 | FC | 0212 | ( 3)  LDX #$0500     | PC=0215, PBR=FC, DBR=E1, S=01AD, D=01B0, e=0, A=0000, X=0500, Y=FC02, 00000101
         1704091 | FC | 0215 | ( 6)  STA $15FE, X   | PC=0218, PBR=FC, DBR=E1, S=01AD, D=01B0, e=0, A=0000, X=0000, Y=FC02, 00000111
         1704092 | FC | 0218 | ( 2)  DEX            | PC=0219, PBR=FC, DBR=E1, S=01AD, D=01B0, e=0, A=0000, X=FFFF, Y=FC02, 10000101
         1704093 | FC | 0219 | ( 2)  DEX            | PC=021A, PBR=FC, DBR=E1, S=01AD, D=01B0, e=0, A=0000, X=FFFE, Y=FC02, 10000101
         1704094 | FC | 021A | ( 2)  BPL $F9 (-7)   | PC=021C, PBR=FC, DBR=E1, S=01AD, D=01B0, e=0, A=0000, X=FFFE, Y=FC02, 10000101
         1704095 | FC | 021C | ( 3)  LDA #$1AE8     | PC=021F, PBR=FC, DBR=E1, S=01AD, D=01B0, e=0, A=1AE8, X=FFFE, Y=FC02, 00000101
         1704096 | FC | 021F | ( 2)  TAX            | PC=0220, PBR=FC, DBR=E1, S=01AD, D=01B0, e=0, A=1AE8, X=1AE8, Y=FC02, 00000101
         1704734 | FC | 0220 | ( 6)  STA $E0FFFC, X | PC=0224, PBR=FC, DBR=E1, S=01AD, D=01B0, e=0, A=1714, X=1714, Y=FC02, 00000101
         1704735 | FC | 0224 | ( 3)  LDA #$00E1     | PC=0227, PBR=FC, DBR=E1, S=01AD, D=01B0, e=0, A=00E1, X=1714, Y=FC02, 00000101
         1704736 | FC | 0227 | ( 6)  STA $E0FFFE, X | PC=022B, PBR=FC, DBR=E1, S=01AD, D=01B0, e=0, A=00E1, X=1714, Y=FC02, 00000101
         1704737 | FC | 022B | ( 2)  TXA            | PC=022C, PBR=FC, DBR=E1, S=01AD, D=01B0, e=0, A=1714, X=1714, Y=FC02, 00000101
         1704738 | FC | 022C | ( 2)  SEC            | PC=022D, PBR=FC, DBR=E1, S=01AD, D=01B0, e=0, A=1714, X=1714, Y=FC02, 00000101
         1704739 | FC | 022D | ( 3)  SBC #$0014     | PC=0230, PBR=FC, DBR=E1, S=01AD, D=01B0, e=0, A=1700, X=1714, Y=FC02, 00000101
         1704740 | FC | 0230 | ( 2)  TAX            | PC=0231, PBR=FC, DBR=E1, S=01AD, D=01B0, e=0, A=1700, X=1700, Y=FC02, 00000101
         1704741 | FC | 0231 | ( 6)  STA $0020, X   | PC=0234, PBR=FC, DBR=E1, S=01AD, D=01B0, e=0, A=1700, X=1700, Y=FC02, 00000101
         1704742 | FC | 0234 | ( 3)  LDA #$00E1     | PC=0237, PBR=FC, DBR=E1, S=01AD, D=01B0, e=0, A=00E1, X=1700, Y=FC02, 00000101
         1704743 | FC | 0237 | ( 6)  STA $0022, X   | PC=023A, PBR=FC, DBR=E1, S=01AD, D=01B0, e=0, A=00E1, X=1700, Y=FC02, 00000101
         1704744 | FC | 023A | ( 2)  TXA            | PC=023B, PBR=FC, DBR=E1, S=01AD, D=01B0, e=0, A=1700, X=1700, Y=FC02, 00000101
         1704745 | FC | 023B | ( 3)  CMP #$1700     | PC=023E, PBR=FC, DBR=E1, S=01AD, D=01B0, e=0, A=1700, X=1700, Y=FC02, 00000111
         1704746 | FC | 023E | ( 2)  BNE $E0 (-32)  | PC=0240, PBR=FC, DBR=E1, S=01AD, D=01B0, e=0, A=1700, X=1700, Y=FC02, 00000111
         1704747 | FC | 0240 | ( 3)  LDA #$0000     | PC=0243, PBR=FC, DBR=E1, S=01AD, D=01B0, e=0, A=0000, X=1700, Y=FC02, 00000111
         1704748 | FC | 0243 | ( 5)  STA $1774      | PC=0246, PBR=FC, DBR=E1, S=01AD, D=01B0, e=0, A=0000, X=1700, Y=FC02, 00000111
         1704749 | FC | 0246 | ( 5)  STA $1776      | PC=0249, PBR=FC, DBR=E1, S=01AD, D=01B0, e=0, A=0000, X=1700, Y=FC02, 00000111
         1704750 | FC | 0249 | ( 5)  STA $1784      | PC=024C, PBR=FC, DBR=E1, S=01AD, D=01B0, e=0, A=0000, X=1700, Y=FC02, 00000111
         1704751 | FC | 024C | ( 5)  STA $1786      | PC=024F, PBR=FC, DBR=E1, S=01AD, D=01B0, e=0, A=0000, X=1700, Y=FC02, 00000111
         1704752 | FC | 024F | ( 3)  LDX #$001E     | PC=0252, PBR=FC, DBR=E1, S=01AD, D=01B0, e=0, A=0000, X=001E, Y=FC02, 00000101
         1704828 | FC | 0252 | ( 7)  LDA $FC02E5, X | PC=0256, PBR=FC, DBR=E1, S=01AD, D=01B0, e=0, A=1700, X=0000, Y=FC02, 00000101
         1704829 | FC | 0256 | ( 6)  STA $1600, X   | PC=0259, PBR=FC, DBR=E1, S=01AD, D=01B0, e=0, A=1700, X=0000, Y=FC02, 00000101
         1704830 | FC | 0259 | ( 2)  DEX            | PC=025A, PBR=FC, DBR=E1, S=01AD, D=01B0, e=0, A=1700, X=FFFF, Y=FC02, 10000101
         1704831 | FC | 025A | ( 2)  DEX            | PC=025B, PBR=FC, DBR=E1, S=01AD, D=01B0, e=0, A=1700, X=FFFE, Y=FC02, 10000101
         1704832 | FC | 025B | ( 2)  BPL $F5 (-11)  | PC=025D, PBR=FC, DBR=E1, S=01AD, D=01B0, e=0, A=1700, X=FFFE, Y=FC02, 10000101
         1704833 | FC | 025D | ( 3)  LDX #$0000     | PC=0260, PBR=FC, DBR=E1, S=01AD, D=01B0, e=0, A=1700, X=0000, Y=FC02, 00000111
         1704834 | FC | 0260 | ( 2)  TXY            | PC=0261, PBR=FC, DBR=E1, S=01AD, D=01B0, e=0, A=1700, X=0000, Y=0000, 00000111
         1704930 | FC | 0261 | ( 7)  LDA $FC02B5, X | PC=0265, PBR=FC, DBR=E1, S=01AD, D=01B0, e=0, A=C000, X=0028, Y=0064, 10000100
         1704931 | FC | 0265 | ( 6)  STA $1700, Y   | PC=0268, PBR=FC, DBR=E1, S=01AD, D=01B0, e=0, A=C000, X=0028, Y=0064, 10000100
         1704932 | FC | 0268 | ( 7)  LDA $FC02B7, X | PC=026C, PBR=FC, DBR=E1, S=01AD, D=01B0, e=0, A=00E1, X=0028, Y=0064, 00000100
         1704933 | FC | 026C | ( 6)  STA $1702, Y   | PC=026F, PBR=FC, DBR=E1, S=01AD, D=01B0, e=0, A=00E1, X=0028, Y=0064, 00000100
         1704934 | FC | 026F | ( 7)  LDA $FC02B9, X | PC=0273, PBR=FC, DBR=E1, S=01AD, D=01B0, e=0, A=4000, X=0028, Y=0064, 00000100
         1704935 | FC | 0273 | ( 6)  STA $1708, Y   | PC=0276, PBR=FC, DBR=E1, S=01AD, D=01B0, e=0, A=4000, X=0028, Y=0064, 00000100
         1704936 | FC | 0276 | ( 7)  LDA $FC02BB, X | PC=027A, PBR=FC, DBR=E1, S=01AD, D=01B0, e=0, A=FF1E, X=0028, Y=0064, 10000100
         1704937 | FC | 027A | ( 6)  STA $170A, Y   | PC=027D, PBR=FC, DBR=E1, S=01AD, D=01B0, e=0, A=FF1E, X=0028, Y=0064, 10000100
         1704938 | FC | 027D | ( 3)  LDA #$C000     | PC=0280, PBR=FC, DBR=E1, S=01AD, D=01B0, e=0, A=C000, X=0028, Y=0064, 10000100
         1704939 | FC | 0280 | ( 6)  STA $1704, Y   | PC=0283, PBR=FC, DBR=E1, S=01AD, D=01B0, e=0, A=C000, X=0028, Y=0064, 10000100
         1704940 | FC | 0283 | ( 2)  TXA            | PC=0284, PBR=FC, DBR=E1, S=01AD, D=01B0, e=0, A=0028, X=0028, Y=0064, 00000100
         1704941 | FC | 0284 | ( 2)  CLC            | PC=0285, PBR=FC, DBR=E1, S=01AD, D=01B0, e=0, A=0028, X=0028, Y=0064, 00000100
         1704942 | FC | 0285 | ( 3)  ADC #$0008     | PC=0288, PBR=FC, DBR=E1, S=01AD, D=01B0, e=0, A=0030, X=0028, Y=0064, 00000100
         1704943 | FC | 0288 | ( 2)  TAX            | PC=0289, PBR=FC, DBR=E1, S=01AD, D=01B0, e=0, A=0030, X=0030, Y=0064, 00000100
         1704944 | FC | 0289 | ( 2)  TYA            | PC=028A, PBR=FC, DBR=E1, S=01AD, D=01B0, e=0, A=0064, X=0030, Y=0064, 00000100
         1704945 | FC | 028A | ( 3)  ADC #$0014     | PC=028D, PBR=FC, DBR=E1, S=01AD, D=01B0, e=0, A=0078, X=0030, Y=0064, 00000100
         1704946 | FC | 028D | ( 2)  TAY            | PC=028E, PBR=FC, DBR=E1, S=01AD, D=01B0, e=0, A=0078, X=0030, Y=0078, 00000100
         1704947 | FC | 028E | ( 3)  CMP #$0078     | PC=0291, PBR=FC, DBR=E1, S=01AD, D=01B0, e=0, A=0078, X=0030, Y=0078, 00000111
         1704948 | FC | 0291 | ( 2)  BCC $CE (-50)  | PC=0293, PBR=FC, DBR=E1, S=01AD, D=01B0, e=0, A=0078, X=0030, Y=0078, 00000111
         1704949 | FC | 0293 | ( 6)  JSR $0305      | PC=0305, PBR=FC, DBR=E1, S=01AB, D=01B0, e=0, A=0078, X=0030, Y=0078, 00000111
         1706379 | FC | 0296 | ( 5)  STA $173E      | PC=0299, PBR=FC, DBR=E1, S=01AD, D=01B0, e=0, A=0010, X=00D0, Y=0078, 00000101
         1706380 | FC | 0299 | ( 2)  TXA            | PC=029A, PBR=FC, DBR=E1, S=01AD, D=01B0, e=0, A=00D0, X=00D0, Y=0078, 00000101
         1706381 | FC | 029A | ( 5)  STA $1746      | PC=029D, PBR=FC, DBR=E1, S=01AD, D=01B0, e=0, A=00D0, X=00D0, Y=0078, 00000101
         1706382 | FC | 029D | ( 3)  LDX #$003A     | PC=02A0, PBR=FC, DBR=E1, S=01AD, D=01B0, e=0, A=00D0, X=003A, Y=0078, 00000101
         1706528 | FC | 02A0 | ( 7)  LDA $FC014D, X | PC=02A4, PBR=FC, DBR=E1, S=01AD, D=01B0, e=0, A=8A5C, X=0000, Y=0078, 10000101
         1706529 | FC | 02A4 | ( 6)  STA $1680, X   | PC=02A7, PBR=FC, DBR=E1, S=01AD, D=01B0, e=0, A=8A5C, X=0000, Y=0078, 10000101
         1706530 | FC | 02A7 | ( 2)  DEX            | PC=02A8, PBR=FC, DBR=E1, S=01AD, D=01B0, e=0, A=8A5C, X=FFFF, Y=0078, 10000101
         1706531 | FC | 02A8 | ( 2)  DEX            | PC=02A9, PBR=FC, DBR=E1, S=01AD, D=01B0, e=0, A=8A5C, X=FFFE, Y=0078, 10000101
         1706532 | FC | 02A9 | ( 2)  BPL $F5 (-11)  | PC=02AB, PBR=FC, DBR=E1, S=01AD, D=01B0, e=0, A=8A5C, X=FFFE, Y=0078, 10000101
         1706533 | FC | 02AB | ( 3)  LDA #$FFFF     | PC=02AE, PBR=FC, DBR=E1, S=01AD, D=01B0, e=0, A=FFFF, X=FFFE, Y=0078, 10000101
         1706534 | FC | 02AE | ( 5)  STA $15FE      | PC=02B1, PBR=FC, DBR=E1, S=01AD, D=01B0, e=0, A=FFFF, X=FFFE, Y=0078, 10000101
         1706535 | FC | 02B1 | ( 4)  JML $E1168C    | PC=168C, PBR=E1, DBR=E1, S=01AD, D=01B0, e=0, A=FFFF, X=FFFE, Y=0078, 10000101
         1704950 | FC | 0305 | ( 3)  LDA #$0000     | PC=0308, PBR=FC, DBR=E1, S=01AB, D=01B0, e=0, A=0000, X=0030, Y=0078, 00000111
         1704951 | FC | 0308 | ( 5)  STA $03        | PC=030A, PBR=FC, DBR=E1, S=01AB, D=01B0, e=0, A=0000, X=0030, Y=0078, 00000111
         1704952 | FC | 030A | ( 3)  LDA #$007F     | PC=030D, PBR=FC, DBR=E1, S=01AB, D=01B0, e=0, A=007F, X=0030, Y=0078, 00000101
         1704953 | FC | 030D | ( 5)  STA $05        | PC=030F, PBR=FC, DBR=E1, S=01AB, D=01B0, e=0, A=007F, X=0030, Y=0078, 00000101
         1704954 | FC | 030F | ( 3)  EOR #$FFFF     | PC=0312, PBR=FC, DBR=E1, S=01AB, D=01B0, e=0, A=FF80, X=0030, Y=0078, 10000101
         1705580 | FC | 0312 | ( 8)  STA [$03]      | PC=0314, PBR=FC, DBR=E1, S=01AB, D=01B0, e=0, A=FFFD, X=0030, Y=0078, 10000100
         1705581 | FC | 0314 | ( 8)  DEC $05        | PC=0316, PBR=FC, DBR=E1, S=01AB, D=01B0, e=0, A=FFFD, X=0030, Y=0078, 00000100
         1705582 | FC | 0316 | ( 2)  INC            | PC=0317, PBR=FC, DBR=E1, S=01AB, D=01B0, e=0, A=FFFE, X=0030, Y=0078, 10000100
         1705583 | FC | 0317 | ( 3)  CMP #$FFFE     | PC=031A, PBR=FC, DBR=E1, S=01AB, D=01B0, e=0, A=FFFE, X=0030, Y=0078, 00000111
         1705584 | FC | 031A | ( 2)  BNE $F6 (-10)  | PC=031C, PBR=FC, DBR=E1, S=01AB, D=01B0, e=0, A=FFFE, X=0030, Y=0078, 00000111
         1705585 | FC | 031C | ( 3)  LDA #$007F     | PC=031F, PBR=FC, DBR=E1, S=01AB, D=01B0, e=0, A=007F, X=0030, Y=0078, 00000101
         1705586 | FC | 031F | ( 5)  STA $05        | PC=0321, PBR=FC, DBR=E1, S=01AB, D=01B0, e=0, A=007F, X=0030, Y=0078, 00000101
         1705587 | FC | 0321 | ( 3)  EOR #$FFFF     | PC=0324, PBR=FC, DBR=E1, S=01AB, D=01B0, e=0, A=FF80, X=0030, Y=0078, 10000101
         1705588 | FC | 0324 | ( 3)  LDX #$0060     | PC=0327, PBR=FC, DBR=E1, S=01AB, D=01B0, e=0, A=FF80, X=0060, Y=0078, 00000101
         1706373 | FC | 0327 | ( 8)  CMP [$03]      | PC=0329, PBR=FC, DBR=E1, S=01AB, D=01B0, e=0, A=FFF0, X=00D0, Y=0078, 00000111
         1706374 | FC | 0329 | ( 3)  BEQ $09 (9)    | PC=0334, PBR=FC, DBR=E1, S=01AB, D=01B0, e=0, A=FFF0, X=00D0, Y=0078, 00000111
         1706368 | FC | 032B | ( 2)  INX            | PC=032C, PBR=FC, DBR=E1, S=01AB, D=01B0, e=0, A=FFEF, X=00D0, Y=0078, 00000101
         1706369 | FC | 032C | ( 8)  DEC $05        | PC=032E, PBR=FC, DBR=E1, S=01AB, D=01B0, e=0, A=FFEF, X=00D0, Y=0078, 00000101
         1706370 | FC | 032E | ( 2)  INC            | PC=032F, PBR=FC, DBR=E1, S=01AB, D=01B0, e=0, A=FFF0, X=00D0, Y=0078, 10000101
         1706371 | FC | 032F | ( 3)  CMP #$FFFE     | PC=0332, PBR=FC, DBR=E1, S=01AB, D=01B0, e=0, A=FFF0, X=00D0, Y=0078, 10000100
         1706372 | FC | 0332 | ( 3)  BNE $F3 (-13)  | PC=0327, PBR=FC, DBR=E1, S=01AB, D=01B0, e=0, A=FFF0, X=00D0, Y=0078, 10000100
         1706375 | FC | 0334 | ( 5)  LDA $05        | PC=0336, PBR=FC, DBR=E1, S=01AB, D=01B0, e=0, A=000F, X=00D0, Y=0078, 00000101
         1706376 | FC | 0336 | ( 2)  INC            | PC=0337, PBR=FC, DBR=E1, S=01AB, D=01B0, e=0, A=0010, X=00D0, Y=0078, 00000101
         1706377 | FC | 0337 | ( 5)  STA $1624      | PC=033A, PBR=FC, DBR=E1, S=01AB, D=01B0, e=0, A=0010, X=00D0, Y=0078, 00000101
         1706378 | FC | 033A | ( 6)  RTS            | PC=0296, PBR=FC, DBR=E1, S=01AD, D=01B0, e=0, A=0010, X=00D0, Y=0078, 00000101
         1706564 | FC | 048A | ( 6)  RTL            | PC=0285, PBR=FE, DBR=00, S=01DC, D=01DE, e=0, A=0000, X=01D6, Y=0078, 10000100
         1912555 | FC | 048B | ( 6)  JSR $1490      | PC=1490, PBR=FC, DBR=00, S=01E1, D=0000, e=0, A=0000, X=0000, Y=00C0, 10000100
         1912562 | FC | 048E | ( 6)  RTL            | PC=02FE, PBR=FE, DBR=00, S=01E6, D=0000, e=0, A=0000, X=0000, Y=00C0, 00000110
         1912733 | FC | 0523 | ( 8)  JSL $E11688    | PC=1688, PBR=E1, DBR=00, S=01B9, D=01D4, e=0, A=0000, X=0902, Y=0000, 00000110
         1912772 | FC | 0527 | ( 3)  LDA #$FFFF     | PC=052A, PBR=FC, DBR=E1, S=0193, D=0196, e=0, A=FFFF, X=26E1, Y=FC05, 10000101
         1912773 | FC | 052A | ( 5)  STA $09        | PC=052C, PBR=FC, DBR=E1, S=0193, D=0196, e=0, A=FFFF, X=26E1, Y=FC05, 10000101
         1912774 | FC | 052C | ( 8)  JSL $E1169C    | PC=169C, PBR=E1, DBR=E1, S=0190, D=0196, e=0, A=FFFF, X=26E1, Y=FC05, 10000101
         1912801 | FC | 0530 | ( 2)  BCC $25 (37)   | PC=0532, PBR=FC, DBR=E1, S=0193, D=0196, e=0, A=0000, X=26E1, Y=000E, 00000101
         1912802 | FC | 0532 | ( 3)  LDX #$000A     | PC=0535, PBR=FC, DBR=E1, S=0193, D=0196, e=0, A=0000, X=000A, Y=000E, 00000101
         1912828 | FC | 0535 | ( 6)  LDA $2D, X     | PC=0537, PBR=FC, DBR=E1, S=0193, D=0196, e=0, A=00C4, X=0000, Y=000E, 00000101
         1912829 | FC | 0537 | ( 6)  STA $03, X     | PC=0539, PBR=FC, DBR=E1, S=0193, D=0196, e=0, A=00C4, X=0000, Y=000E, 00000101
         1912830 | FC | 0539 | ( 2)  DEX            | PC=053A, PBR=FC, DBR=E1, S=0193, D=0196, e=0, A=00C4, X=FFFF, Y=000E, 10000101
         1912831 | FC | 053A | ( 2)  DEX            | PC=053B, PBR=FC, DBR=E1, S=0193, D=0196, e=0, A=00C4, X=FFFE, Y=000E, 10000101
         1912832 | FC | 053B | ( 2)  BPL $F8 (-8)   | PC=053D, PBR=FC, DBR=E1, S=0193, D=0196, e=0, A=00C4, X=FFFE, Y=000E, 10000101
         1912833 | FC | 053D | ( 5)  LDA $09        | PC=053F, PBR=FC, DBR=E1, S=0193, D=0196, e=0, A=9001, X=FFFE, Y=000E, 10000101
         1912834 | FC | 053F | ( 2)  BEQ $11 (17)   | PC=0541, PBR=FC, DBR=E1, S=0193, D=0196, e=0, A=9001, X=FFFE, Y=000E, 10000101
         1912835 | FC | 0541 | ( 5)  LDA $0B        | PC=0543, PBR=FC, DBR=E1, S=0193, D=0196, e=0, A=00C4, X=FFFE, Y=000E, 00000101
         1912836 | FC | 0543 | ( 5)  ORA $0D        | PC=0545, PBR=FC, DBR=E1, S=0193, D=0196, e=0, A=00C4, X=FFFE, Y=000E, 00000101
         1912837 | FC | 0545 | ( 2)  BEQ $34 (52)   | PC=0547, PBR=FC, DBR=E1, S=0193, D=0196, e=0, A=00C4, X=FFFE, Y=000E, 00000101
         1912838 | FC | 0547 | ( 8)  JSL $E11690    | PC=1690, PBR=E1, DBR=E1, S=0190, D=0196, e=0, A=00C4, X=FFFE, Y=000E, 00000101
         1913176 | FC | 054B | ( 2)  BCC $0A (10)   | PC=054D, PBR=FC, DBR=E1, S=0193, D=0196, e=0, A=00E1, X=FDE7, Y=000F, 00000101
         1913177 | FC | 054D | ( 6)  JSR $0D84      | PC=0D84, PBR=FC, DBR=E1, S=0191, D=0196, e=0, A=00E1, X=FDE7, Y=000F, 00000101
         1913258 | FC | 0550 | ( 3)  BRA $11 (17)   | PC=0563, PBR=FC, DBR=E1, S=0193, D=0196, e=0, A=FDE7, X=0000, Y=FFFE, 10000101
         1913259 | FC | 0563 | ( 5)  LDA $17        | PC=0565, PBR=FC, DBR=E1, S=0193, D=0196, e=0, A=1804, X=0000, Y=FFFE, 00000101
         1913260 | FC | 0565 | ( 5)  STA $39        | PC=0567, PBR=FC, DBR=E1, S=0193, D=0196, e=0, A=1804, X=0000, Y=FFFE, 00000101
         1913261 | FC | 0567 | ( 5)  LDA $19        | PC=0569, PBR=FC, DBR=E1, S=0193, D=0196, e=0, A=00E1, X=0000, Y=FFFE, 00000101
         1913262 | FC | 0569 | ( 5)  STA $3B        | PC=056B, PBR=FC, DBR=E1, S=0193, D=0196, e=0, A=00E1, X=0000, Y=FFFE, 00000101
         1913263 | FC | 056B | ( 5)  LDA $39        | PC=056D, PBR=FC, DBR=E1, S=0193, D=0196, e=0, A=1804, X=0000, Y=FFFE, 00000101
         1913264 | FC | 056D | ( 6)  STA $FEFFFC    | PC=0571, PBR=FC, DBR=E1, S=0193, D=0196, e=0, A=1804, X=0000, Y=FFFE, 00000101
         1913265 | FC | 0571 | ( 5)  LDA $3B        | PC=0573, PBR=FC, DBR=E1, S=0193, D=0196, e=0, A=00E1, X=0000, Y=FFFE, 00000101
         1913266 | FC | 0573 | ( 6)  STA $FEFFFE    | PC=0577, PBR=FC, DBR=E1, S=0193, D=0196, e=0, A=00E1, X=0000, Y=FFFE, 00000101
         1913267 | FC | 0577 | ( 4)  JML $E1168C    | PC=168C, PBR=E1, DBR=E1, S=0193, D=0196, e=0, A=00E1, X=0000, Y=FFFE, 00000101
         1708051 | FC | 057B | ( 5)  LDA $07        | PC=057D, PBR=FC, DBR=E1, S=0192, D=0195, e=0, A=0008, X=FFFE, Y=000E, 00000101
         1708052 | FC | 057D | ( 3)  BIT #$C003     | PC=0580, PBR=FC, DBR=E1, S=0192, D=0195, e=0, A=0008, X=FFFE, Y=000E, 00000111
         1708053 | FC | 0580 | ( 3)  BEQ $05 (5)    | PC=0587, PBR=FC, DBR=E1, S=0192, D=0195, e=0, A=0008, X=FFFE, Y=000E, 00000111
         1708054 | FC | 0587 | ( 6)  JSR $0DA6      | PC=0DA6, PBR=FC, DBR=E1, S=0190, D=0195, e=0, A=0008, X=FFFE, Y=000E, 00000111
         1708117 | FC | 058A | ( 6)  JSR $0F02      | PC=0F02, PBR=FC, DBR=E1, S=0190, D=0195, e=0, A=0000, X=0000, Y=FFFE, 10000101
         1708153 | FC | 058D | ( 3)  BRA $D4 (-44)  | PC=0563, PBR=FC, DBR=E1, S=0192, D=0195, e=0, A=0014, X=0004, Y=0000, 00000111
         1709419 | FC | 06CB | ( 8)  JSL $E11688    | PC=1688, PBR=E1, DBR=00, S=01A7, D=01BA, e=0, A=0000, X=1802, Y=0000, 00000110
         1709451 | FC | 06CF | ( 6)  JSR $1050      | PC=1050, PBR=FC, DBR=E1, S=017F, D=0184, e=0, A=0184, X=CEE1, Y=FC06, 10000101
         1709482 | FC | 06D2 | ( 3)  LDY #$0008     | PC=06D5, PBR=FC, DBR=E1, S=0181, D=0184, e=0, A=00E1, X=0004, Y=0008, 00000101
         1709483 | FC | 06D5 | ( 9)  LDA [$17], Y   | PC=06D7, PBR=FC, DBR=E1, S=0181, D=0184, e=0, A=0000, X=0004, Y=0008, 00000111
         1709484 | FC | 06D7 | ( 5)  STA $31        | PC=06D9, PBR=FC, DBR=E1, S=0181, D=0184, e=0, A=0000, X=0004, Y=0008, 00000111
         1709485 | FC | 06D9 | ( 2)  INY            | PC=06DA, PBR=FC, DBR=E1, S=0181, D=0184, e=0, A=0000, X=0004, Y=0009, 00000101
         1709486 | FC | 06DA | ( 2)  INY            | PC=06DB, PBR=FC, DBR=E1, S=0181, D=0184, e=0, A=0000, X=0004, Y=000A, 00000101
         1709487 | FC | 06DB | ( 9)  LDA [$17], Y   | PC=06DD, PBR=FC, DBR=E1, S=0181, D=0184, e=0, A=0000, X=0004, Y=000A, 00000111
         1709488 | FC | 06DD | ( 5)  STA $33        | PC=06DF, PBR=FC, DBR=E1, S=0181, D=0184, e=0, A=0000, X=0004, Y=000A, 00000111
         1709489 | FC | 06DF | ( 4)  JML $E1168C    | PC=168C, PBR=E1, DBR=E1, S=0181, D=0184, e=0, A=0000, X=0004, Y=000A, 00000111
         1709588 | FC | 06E3 | ( 8)  JSL $E11688    | PC=1688, PBR=E1, DBR=00, S=01A7, D=01BA, e=0, A=0000, X=1902, Y=0000, 00000110
         1709620 | FC | 06E7 | ( 6)  JSR $1050      | PC=1050, PBR=FC, DBR=E1, S=017F, D=0184, e=0, A=0184, X=E6E1, Y=FC06, 10000101
         1709651 | FC | 06EA | ( 6)  JSR $0DB3      | PC=0DB3, PBR=FC, DBR=E1, S=017F, D=0184, e=0, A=00E1, X=0004, Y=000E, 00000111
         1709714 | FC | 06ED | ( 5)  LDA $03        | PC=06EF, PBR=FC, DBR=E1, S=0181, D=0184, e=0, A=0000, X=0000, Y=FFFE, 00000111
         1709715 | FC | 06EF | ( 5)  ORA $05        | PC=06F1, PBR=FC, DBR=E1, S=0181, D=0184, e=0, A=0000, X=0000, Y=FFFE, 00000111
         1709716 | FC | 06F1 | ( 2)  BNE $06 (6)    | PC=06F3, PBR=FC, DBR=E1, S=0181, D=0184, e=0, A=0000, X=0000, Y=FFFE, 00000111
         1709717 | FC | 06F3 | ( 5)  LDA $0B        | PC=06F5, PBR=FC, DBR=E1, S=0181, D=0184, e=0, A=0000, X=0000, Y=FFFE, 00000111
         1709718 | FC | 06F5 | ( 5)  ORA $0D        | PC=06F7, PBR=FC, DBR=E1, S=0181, D=0184, e=0, A=0000, X=0000, Y=FFFE, 00000111
         1709719 | FC | 06F7 | ( 2)  BNE $45 (69)   | PC=06F9, PBR=FC, DBR=E1, S=0181, D=0184, e=0, A=0000, X=0000, Y=FFFE, 00000111
         1709720 | FC | 06F9 | ( 5)  LDX $0D        | PC=06FB, PBR=FC, DBR=E1, S=0181, D=0184, e=0, A=0000, X=0000, Y=FFFE, 00000111
         1709721 | FC | 06FB | ( 5)  LDA $33        | PC=06FD, PBR=FC, DBR=E1, S=0181, D=0184, e=0, A=0000, X=0000, Y=FFFE, 00000111
         1709722 | FC | 06FD | ( 5)  STX $33        | PC=06FF, PBR=FC, DBR=E1, S=0181, D=0184, e=0, A=0000, X=0000, Y=FFFE, 00000111
         1709723 | FC | 06FF | ( 5)  STA $0D        | PC=0701, PBR=FC, DBR=E1, S=0181, D=0184, e=0, A=0000, X=0000, Y=FFFE, 00000111
         1709724 | FC | 0701 | ( 5)  LDX $0B        | PC=0703, PBR=FC, DBR=E1, S=0181, D=0184, e=0, A=0000, X=0000, Y=FFFE, 00000111
         1709725 | FC | 0703 | ( 5)  LDA $31        | PC=0705, PBR=FC, DBR=E1, S=0181, D=0184, e=0, A=0002, X=0000, Y=FFFE, 00000101
         1709726 | FC | 0705 | ( 5)  STX $31        | PC=0707, PBR=FC, DBR=E1, S=0181, D=0184, e=0, A=0002, X=0000, Y=FFFE, 00000101
         1709727 | FC | 0707 | ( 5)  STA $0B        | PC=0709, PBR=FC, DBR=E1, S=0181, D=0184, e=0, A=0002, X=0000, Y=FFFE, 00000101
         1709728 | FC | 0709 | ( 2)  SEC            | PC=070A, PBR=FC, DBR=E1, S=0181, D=0184, e=0, A=0002, X=0000, Y=FFFE, 00000101
         1709729 | FC | 070A | ( 5)  SBC $31        | PC=070C, PBR=FC, DBR=E1, S=0181, D=0184, e=0, A=0002, X=0000, Y=FFFE, 00000101
         1709730 | FC | 070C | ( 2)  TAX            | PC=070D, PBR=FC, DBR=E1, S=0181, D=0184, e=0, A=0002, X=0002, Y=FFFE, 00000101
         1709731 | FC | 070D | ( 5)  LDA $0D        | PC=070F, PBR=FC, DBR=E1, S=0181, D=0184, e=0, A=0000, X=0002, Y=FFFE, 00000111
         1709732 | FC | 070F | ( 5)  SBC $33        | PC=0711, PBR=FC, DBR=E1, S=0181, D=0184, e=0, A=0000, X=0002, Y=FFFE, 00000111
         1709733 | FC | 0711 | ( 2)  BNE $03 (3)    | PC=0713, PBR=FC, DBR=E1, S=0181, D=0184, e=0, A=0000, X=0002, Y=FFFE, 00000111
         1709734 | FC | 0713 | ( 2)  TXA            | PC=0714, PBR=FC, DBR=E1, S=0181, D=0184, e=0, A=0002, X=0002, Y=FFFE, 00000101
         1709735 | FC | 0714 | ( 2)  BEQ $25 (37)   | PC=0716, PBR=FC, DBR=E1, S=0181, D=0184, e=0, A=0002, X=0002, Y=FFFE, 00000101
         1709736 | FC | 0716 | ( 3)  BCS $38 (56)   | PC=0750, PBR=FC, DBR=E1, S=0181, D=0184, e=0, A=0002, X=0002, Y=FFFE, 00000101
         1709737 | FC | 0750 | ( 5)  LDA $03        | PC=0752, PBR=FC, DBR=E1, S=0181, D=0184, e=0, A=0000, X=0002, Y=FFFE, 00000111
         1709738 | FC | 0752 | ( 5)  STA $1B        | PC=0754, PBR=FC, DBR=E1, S=0181, D=0184, e=0, A=0000, X=0002, Y=FFFE, 00000111
         1709739 | FC | 0754 | ( 5)  STA $2D        | PC=0756, PBR=FC, DBR=E1, S=0181, D=0184, e=0, A=0000, X=0002, Y=FFFE, 00000111
         1709740 | FC | 0756 | ( 5)  LDA $05        | PC=0758, PBR=FC, DBR=E1, S=0181, D=0184, e=0, A=0000, X=0002, Y=FFFE, 00000111
         1709741 | FC | 0758 | ( 5)  STA $1D        | PC=075A, PBR=FC, DBR=E1, S=0181, D=0184, e=0, A=0000, X=0002, Y=FFFE, 00000111
         1709742 | FC | 075A | ( 5)  STA $2F        | PC=075C, PBR=FC, DBR=E1, S=0181, D=0184, e=0, A=0000, X=0002, Y=FFFE, 00000111
         1709743 | FC | 075C | ( 5)  ORA $03        | PC=075E, PBR=FC, DBR=E1, S=0181, D=0184, e=0, A=0000, X=0002, Y=FFFE, 00000111
         1709744 | FC | 075E | ( 3)  BEQ $4A (74)   | PC=07AA, PBR=FC, DBR=E1, S=0181, D=0184, e=0, A=0000, X=0002, Y=FFFE, 00000111
         1709745 | FC | 07AA | ( 3)  LDY #$0004     | PC=07AD, PBR=FC, DBR=E1, S=0181, D=0184, e=0, A=0000, X=0002, Y=0004, 00000101
         1709746 | FC | 07AD | ( 5)  LDA $07        | PC=07AF, PBR=FC, DBR=E1, S=0181, D=0184, e=0, A=0008, X=0002, Y=0004, 00000101
         1709747 | FC | 07AF | ( 3)  AND #$FCFF     | PC=07B2, PBR=FC, DBR=E1, S=0181, D=0184, e=0, A=0008, X=0002, Y=0004, 00000101
         1709748 | FC | 07B2 | ( 8)  STA [$17], Y   | PC=07B4, PBR=FC, DBR=E1, S=0181, D=0184, e=0, A=0008, X=0002, Y=0004, 00000101
         1709749 | FC | 07B4 | ( 8)  JSL $E11690    | PC=1690, PBR=E1, DBR=E1, S=017E, D=0184, e=0, A=0008, X=0002, Y=0004, 00000101
         1709855 | FC | 07B8 | ( 8)  LDA [$17]      | PC=07BA, PBR=FC, DBR=E1, S=0181, D=0184, e=0, A=0000, X=FF36, Y=000F, 00000111
         1709856 | FC | 07BA | ( 5)  STA $2D        | PC=07BC, PBR=FC, DBR=E1, S=0181, D=0184, e=0, A=0000, X=FF36, Y=000F, 00000111
         1709857 | FC | 07BC | ( 3)  LDY #$0002     | PC=07BF, PBR=FC, DBR=E1, S=0181, D=0184, e=0, A=0000, X=FF36, Y=0002, 00000101
         1709858 | FC | 07BF | ( 9)  LDA [$17], Y   | PC=07C1, PBR=FC, DBR=E1, S=0181, D=0184, e=0, A=0000, X=FF36, Y=0002, 00000111
         1709859 | FC | 07C1 | ( 5)  STA $2F        | PC=07C3, PBR=FC, DBR=E1, S=0181, D=0184, e=0, A=0000, X=FF36, Y=0002, 00000111
         1709860 | FC | 07C3 | ( 3)  LDY #$0004     | PC=07C6, PBR=FC, DBR=E1, S=0181, D=0184, e=0, A=0000, X=FF36, Y=0004, 00000101
         1709861 | FC | 07C6 | ( 5)  LDA $07        | PC=07C8, PBR=FC, DBR=E1, S=0181, D=0184, e=0, A=0008, X=FF36, Y=0004, 00000101
         1709862 | FC | 07C8 | ( 8)  STA [$17], Y   | PC=07CA, PBR=FC, DBR=E1, S=0181, D=0184, e=0, A=0008, X=FF36, Y=0004, 00000101
         1709863 | FC | 07CA | ( 3)  BCS $03 (3)    | PC=07CF, PBR=FC, DBR=E1, S=0181, D=0184, e=0, A=0008, X=FF36, Y=0004, 00000101
         1709864 | FC | 07CF | ( 5)  LDA $11        | PC=07D1, PBR=FC, DBR=E1, S=0181, D=0184, e=0, A=00E1, X=FF36, Y=0004, 00000101
         1709865 | FC | 07D1 | ( 4)  PHA            | PC=07D2, PBR=FC, DBR=E1, S=017F, D=0184, e=0, A=00E1, X=FF36, Y=0004, 00000101
         1709866 | FC | 07D2 | ( 5)  LDA $0F        | PC=07D4, PBR=FC, DBR=E1, S=017F, D=0184, e=0, A=1728, X=FF36, Y=0004, 00000101
         1709867 | FC | 07D4 | ( 4)  PHA            | PC=07D5, PBR=FC, DBR=E1, S=017D, D=0184, e=0, A=1728, X=FF36, Y=0004, 00000101
         1709868 | FC | 07D5 | ( 6)  JSR $0DDC      | PC=0DDC, PBR=FC, DBR=E1, S=017B, D=0184, e=0, A=1728, X=FF36, Y=0004, 00000101
         1709905 | FC | 07D8 | ( 5)  PLA            | PC=07D9, PBR=FC, DBR=E1, S=017F, D=0184, e=0, A=1728, X=0004, Y=0012, 00000101
         1709906 | FC | 07D9 | ( 5)  STA $0F        | PC=07DB, PBR=FC, DBR=E1, S=017F, D=0184, e=0, A=1728, X=0004, Y=0012, 00000101
         1709907 | FC | 07DB | ( 5)  PLA            | PC=07DC, PBR=FC, DBR=E1, S=0181, D=0184, e=0, A=00E1, X=0004, Y=0012, 00000101
         1709908 | FC | 07DC | ( 5)  STA $11        | PC=07DE, PBR=FC, DBR=E1, S=0181, D=0184, e=0, A=00E1, X=0004, Y=0012, 00000101
         1709909 | FC | 07DE | ( 3)  LDY #$0010     | PC=07E1, PBR=FC, DBR=E1, S=0181, D=0184, e=0, A=00E1, X=0004, Y=0010, 00000101
         1709910 | FC | 07E1 | ( 9)  LDA [$0F], Y   | PC=07E3, PBR=FC, DBR=E1, S=0181, D=0184, e=0, A=178C, X=0004, Y=0010, 00000101
         1709911 | FC | 07E3 | ( 5)  STA $13        | PC=07E5, PBR=FC, DBR=E1, S=0181, D=0184, e=0, A=178C, X=0004, Y=0010, 00000101
         1709912 | FC | 07E5 | ( 2)  INY            | PC=07E6, PBR=FC, DBR=E1, S=0181, D=0184, e=0, A=178C, X=0004, Y=0011, 00000101
         1709913 | FC | 07E6 | ( 2)  INY            | PC=07E7, PBR=FC, DBR=E1, S=0181, D=0184, e=0, A=178C, X=0004, Y=0012, 00000101
         1709914 | FC | 07E7 | ( 9)  LDA [$0F], Y   | PC=07E9, PBR=FC, DBR=E1, S=0181, D=0184, e=0, A=00E1, X=0004, Y=0012, 00000101
         1709915 | FC | 07E9 | ( 5)  STA $15        | PC=07EB, PBR=FC, DBR=E1, S=0181, D=0184, e=0, A=00E1, X=0004, Y=0012, 00000101
         1709916 | FC | 07EB | ( 6)  JSR $0D84      | PC=0D84, PBR=FC, DBR=E1, S=017F, D=0184, e=0, A=00E1, X=0004, Y=0012, 00000101
         1709997 | FC | 07EE | ( 5)  LDA $1B        | PC=07F0, PBR=FC, DBR=E1, S=0181, D=0184, e=0, A=FF36, X=0000, Y=FFFE, 10000101
         1709998 | FC | 07F0 | ( 5)  STA $07        | PC=07F2, PBR=FC, DBR=E1, S=0181, D=0184, e=0, A=FF36, X=0000, Y=FFFE, 10000101
         1709999 | FC | 07F2 | ( 5)  LDA $1D        | PC=07F4, PBR=FC, DBR=E1, S=0181, D=0184, e=0, A=000F, X=0000, Y=FFFE, 00000101
         1710000 | FC | 07F4 | ( 5)  STA $09        | PC=07F6, PBR=FC, DBR=E1, S=0181, D=0184, e=0, A=000F, X=0000, Y=FFFE, 00000101
         1710001 | FC | 07F6 | ( 5)  LDA $2D        | PC=07F8, PBR=FC, DBR=E1, S=0181, D=0184, e=0, A=0000, X=0000, Y=FFFE, 00000111
         1710002 | FC | 07F8 | ( 5)  STA $03        | PC=07FA, PBR=FC, DBR=E1, S=0181, D=0184, e=0, A=0000, X=0000, Y=FFFE, 00000111
         1710003 | FC | 07FA | ( 5)  LDA $2F        | PC=07FC, PBR=FC, DBR=E1, S=0181, D=0184, e=0, A=0000, X=0000, Y=FFFE, 00000111
         1710004 | FC | 07FC | ( 5)  STA $05        | PC=07FE, PBR=FC, DBR=E1, S=0181, D=0184, e=0, A=0000, X=0000, Y=FFFE, 00000111
         1710005 | FC | 07FE | ( 5)  LDA $31        | PC=0800, PBR=FC, DBR=E1, S=0181, D=0184, e=0, A=0000, X=0000, Y=FFFE, 00000111
         1710006 | FC | 0800 | ( 5)  STA $0B        | PC=0802, PBR=FC, DBR=E1, S=0181, D=0184, e=0, A=0000, X=0000, Y=FFFE, 00000111
         1710007 | FC | 0802 | ( 5)  LDA $33        | PC=0804, PBR=FC, DBR=E1, S=0181, D=0184, e=0, A=0000, X=0000, Y=FFFE, 00000111
         1710008 | FC | 0804 | ( 5)  STA $0D        | PC=0806, PBR=FC, DBR=E1, S=0181, D=0184, e=0, A=0000, X=0000, Y=FFFE, 00000111
         1710009 | FC | 0806 | ( 8)  JSL $E116A4    | PC=16A4, PBR=E1, DBR=E1, S=017E, D=0184, e=0, A=0000, X=0000, Y=FFFE, 00000111
         1710016 | FC | 080A | ( 4)  JML $E1168C    | PC=168C, PBR=E1, DBR=E1, S=0181, D=0184, e=0, A=0000, X=0000, Y=FFFE, 10000101
         1951609 | FC | 08EF | ( 8)  JSL $E11688    | PC=1688, PBR=E1, DBR=E1, S=019F, D=01B3, e=0, A=0000, X=1D02, Y=0000, 00000110
         1951648 | FC | 08F3 | ( 5)  STZ $2D        | PC=08F5, PBR=FC, DBR=E1, S=0179, D=017C, e=0, A=017C, X=F2E1, Y=FC08, 10000101
         1951649 | FC | 08F5 | ( 5)  LDA $1624      | PC=08F8, PBR=FC, DBR=E1, S=0179, D=017C, e=0, A=0010, X=F2E1, Y=FC08, 00000101
         1951650 | FC | 08F8 | ( 2)  INC            | PC=08F9, PBR=FC, DBR=E1, S=0179, D=017C, e=0, A=0011, X=F2E1, Y=FC08, 00000101
         1951651 | FC | 08F9 | ( 2)  INC            | PC=08FA, PBR=FC, DBR=E1, S=0179, D=017C, e=0, A=0012, X=F2E1, Y=FC08, 00000101
         1951652 | FC | 08FA | ( 5)  STA $2F        | PC=08FC, PBR=FC, DBR=E1, S=0179, D=017C, e=0, A=0012, X=F2E1, Y=FC08, 00000101
         1951653 | FC | 08FC | ( 4)  JML $E1168C    | PC=168C, PBR=E1, DBR=E1, S=0179, D=017C, e=0, A=0012, X=F2E1, Y=FC08, 00000101
         1708446 | FC | 0ACE | ( 8)  JSL $E11688    | PC=1688, PBR=E1, DBR=00, S=01BF, D=01DE, e=0, A=0000, X=2B02, Y=0000, 00000110
         1708478 | FC | 0AD2 | ( 5)  LDA $2D        | PC=0AD4, PBR=FC, DBR=E1, S=0199, D=019C, e=0, A=01FC, X=D1E1, Y=FC0A, 00000101
         1708479 | FC | 0AD4 | ( 5)  STA $0B        | PC=0AD6, PBR=FC, DBR=E1, S=0199, D=019C, e=0, A=01FC, X=D1E1, Y=FC0A, 00000101
         1708480 | FC | 0AD6 | ( 5)  LDA $2F        | PC=0AD8, PBR=FC, DBR=E1, S=0199, D=019C, e=0, A=0000, X=D1E1, Y=FC0A, 00000111
         1708481 | FC | 0AD8 | ( 5)  STA $0D        | PC=0ADA, PBR=FC, DBR=E1, S=0199, D=019C, e=0, A=0000, X=D1E1, Y=FC0A, 00000111
         1708482 | FC | 0ADA | ( 5)  LDA $31        | PC=0ADC, PBR=FC, DBR=E1, S=0199, D=019C, e=0, A=1E00, X=D1E1, Y=FC0A, 00000101
         1708483 | FC | 0ADC | ( 5)  STA $07        | PC=0ADE, PBR=FC, DBR=E1, S=0199, D=019C, e=0, A=1E00, X=D1E1, Y=FC0A, 00000101
         1708484 | FC | 0ADE | ( 5)  LDA $33        | PC=0AE0, PBR=FC, DBR=E1, S=0199, D=019C, e=0, A=00E0, X=D1E1, Y=FC0A, 00000101
         1708485 | FC | 0AE0 | ( 5)  STA $09        | PC=0AE2, PBR=FC, DBR=E1, S=0199, D=019C, e=0, A=00E0, X=D1E1, Y=FC0A, 00000101
         1708486 | FC | 0AE2 | ( 5)  LDA $35        | PC=0AE4, PBR=FC, DBR=E1, S=0199, D=019C, e=0, A=1114, X=D1E1, Y=FC0A, 00000101
         1708487 | FC | 0AE4 | ( 5)  STA $03        | PC=0AE6, PBR=FC, DBR=E1, S=0199, D=019C, e=0, A=1114, X=D1E1, Y=FC0A, 00000101
         1708488 | FC | 0AE6 | ( 5)  LDA $37        | PC=0AE8, PBR=FC, DBR=E1, S=0199, D=019C, e=0, A=00FE, X=D1E1, Y=FC0A, 00000101
         1708489 | FC | 0AE8 | ( 5)  STA $05        | PC=0AEA, PBR=FC, DBR=E1, S=0199, D=019C, e=0, A=00FE, X=D1E1, Y=FC0A, 00000101
         1708490 | FC | 0AEA | ( 8)  JSL $E116A4    | PC=16A4, PBR=E1, DBR=E1, S=0196, D=019C, e=0, A=00FE, X=D1E1, Y=FC0A, 00000101
         1709053 | FC | 0AEE | ( 4)  JML $E1168C    | PC=168C, PBR=E1, DBR=E1, S=0199, D=019C, e=0, A=6BFE, X=1310, Y=1FFC, 10000100
         1912840 | FC | 0AF2 | ( 8)  INC $1630      | PC=0AF5, PBR=FC, DBR=E1, S=0190, D=0196, e=0, A=00C4, X=FFFE, Y=000E, 00000101
         1912841 | FC | 0AF5 | ( 3)  BNE $03 (3)    | PC=0AFA, PBR=FC, DBR=E1, S=0190, D=0196, e=0, A=00C4, X=FFFE, Y=000E, 00000101
         1912842 | FC | 0AFA | ( 5)  LDA $07        | PC=0AFC, PBR=FC, DBR=E1, S=0190, D=0196, e=0, A=8008, X=FFFE, Y=000E, 10000101
         1912843 | FC | 0AFC | ( 3)  BIT #$0002     | PC=0AFF, PBR=FC, DBR=E1, S=0190, D=0196, e=0, A=8008, X=FFFE, Y=000E, 10000111
         1912844 | FC | 0AFF | ( 3)  BEQ $05 (5)    | PC=0B06, PBR=FC, DBR=E1, S=0190, D=0196, e=0, A=8008, X=FFFE, Y=000E, 10000111
         1912845 | FC | 0B06 | ( 3)  BIT #$4000     | PC=0B09, PBR=FC, DBR=E1, S=0190, D=0196, e=0, A=8008, X=FFFE, Y=000E, 10000111
         1912846 | FC | 0B09 | ( 2)  BNE $03 (3)    | PC=0B0B, PBR=FC, DBR=E1, S=0190, D=0196, e=0, A=8008, X=FFFE, Y=000E, 10000111
         1912847 | FC | 0B0B | ( 3)  JMP $0BE6      | PC=0BE6, PBR=FC, DBR=E1, S=0190, D=0196, e=0, A=8008, X=FFFE, Y=000E, 10000111
         1912854 | FC | 0B7B | ( 3)  BIT #$0001     | PC=0B7E, PBR=FC, DBR=E1, S=0190, D=0196, e=0, A=8008, X=FFFE, Y=000E, 10000111
         1912855 | FC | 0B7E | ( 3)  BEQ $09 (9)    | PC=0B89, PBR=FC, DBR=E1, S=0190, D=0196, e=0, A=8008, X=FFFE, Y=000E, 10000111
         1912856 | FC | 0B89 | ( 3)  LDX #$0014     | PC=0B8C, PBR=FC, DBR=E1, S=0190, D=0196, e=0, A=8008, X=0014, Y=000E, 00000101
         1912857 | FC | 0B8C | ( 6)  JSR $0C31      | PC=0C31, PBR=FC, DBR=E1, S=018E, D=0196, e=0, A=8008, X=0014, Y=000E, 00000101
         1912863 | FC | 0B8F | ( 6)  JSR $0F9E      | PC=0F9E, PBR=FC, DBR=E1, S=018E, D=0196, e=0, A=00E1, X=0014, Y=000E, 00000101
         1913119 | FC | 0B92 | ( 5)  LDA $1D        | PC=0B94, PBR=FC, DBR=E1, S=0190, D=0196, e=0, A=0002, X=0014, Y=0003, 00000101
         1913120 | FC | 0B94 | ( 2)  BEQ $1D (29)   | PC=0B96, PBR=FC, DBR=E1, S=0190, D=0196, e=0, A=0002, X=0014, Y=0003, 00000101
         1913121 | FC | 0B96 | ( 8)  JSL $E11694    | PC=1694, PBR=E1, DBR=E1, S=018D, D=0196, e=0, A=0002, X=0014, Y=0003, 00000101
         1913165 | FC | 0B9A | ( 2)  BCC $F3 (-13)  | PC=0B9C, PBR=FC, DBR=E1, S=0190, D=0196, e=0, A=000D, X=FDE7, Y=000F, 00000101
         1913166 | FC | 0B9C | ( 5)  LDA $07        | PC=0B9E, PBR=FC, DBR=E1, S=0190, D=0196, e=0, A=8008, X=FDE7, Y=000F, 10000101
         1913167 | FC | 0B9E | ( 3)  BIT #$0001     | PC=0BA1, PBR=FC, DBR=E1, S=0190, D=0196, e=0, A=8008, X=FDE7, Y=000F, 10000111
         1913168 | FC | 0BA1 | ( 2)  BNE $0F (15)   | PC=0BA3, PBR=FC, DBR=E1, S=0190, D=0196, e=0, A=8008, X=FDE7, Y=000F, 10000111
         1913169 | FC | 0BA3 | ( 3)  BIT #$0002     | PC=0BA6, PBR=FC, DBR=E1, S=0190, D=0196, e=0, A=8008, X=FDE7, Y=000F, 10000111
         1913170 | FC | 0BA6 | ( 2)  BNE $0A (10)   | PC=0BA8, PBR=FC, DBR=E1, S=0190, D=0196, e=0, A=8008, X=FDE7, Y=000F, 10000111
         1913171 | FC | 0BA8 | ( 5)  LDA $17        | PC=0BAA, PBR=FC, DBR=E1, S=0190, D=0196, e=0, A=1804, X=FDE7, Y=000F, 00000101
         1913172 | FC | 0BAA | ( 5)  STA $162C      | PC=0BAD, PBR=FC, DBR=E1, S=0190, D=0196, e=0, A=1804, X=FDE7, Y=000F, 00000101
         1913173 | FC | 0BAD | ( 5)  LDA $19        | PC=0BAF, PBR=FC, DBR=E1, S=0190, D=0196, e=0, A=00E1, X=FDE7, Y=000F, 00000101
         1913174 | FC | 0BAF | ( 5)  STA $162E      | PC=0BB2, PBR=FC, DBR=E1, S=0190, D=0196, e=0, A=00E1, X=FDE7, Y=000F, 00000101
         1913175 | FC | 0BB2 | ( 6)  RTL            | PC=054B, PBR=FC, DBR=E1, S=0193, D=0196, e=0, A=00E1, X=FDE7, Y=000F, 00000101
         1912848 | FC | 0BE6 | ( 3)  BIT #$0001     | PC=0BE9, PBR=FC, DBR=E1, S=0190, D=0196, e=0, A=8008, X=FFFE, Y=000E, 10000111
         1912849 | FC | 0BE9 | ( 2)  BNE $33 (51)   | PC=0BEB, PBR=FC, DBR=E1, S=0190, D=0196, e=0, A=8008, X=FFFE, Y=000E, 10000111
         1912850 | FC | 0BEB | ( 5)  LDA $162E      | PC=0BEE, PBR=FC, DBR=E1, S=0190, D=0196, e=0, A=0000, X=FFFE, Y=000E, 00000111
         1912851 | FC | 0BEE | ( 3)  BEQ $2E (46)   | PC=0C1E, PBR=FC, DBR=E1, S=0190, D=0196, e=0, A=0000, X=FFFE, Y=000E, 00000111
         1910360 | FC | 0BF0 | ( 5)  STA $11        | PC=0BF2, PBR=FC, DBR=E1, S=018B, D=0191, e=0, A=00E1, X=FFFE, Y=000E, 00000101
         1910361 | FC | 0BF2 | ( 5)  LDA $162C      | PC=0BF5, PBR=FC, DBR=E1, S=018B, D=0191, e=0, A=17DC, X=FFFE, Y=000E, 00000101
         1910362 | FC | 0BF5 | ( 5)  STA $0F        | PC=0BF7, PBR=FC, DBR=E1, S=018B, D=0191, e=0, A=17DC, X=FFFE, Y=000E, 00000101
         1910363 | FC | 0BF7 | ( 6)  JSR $0F9E      | PC=0F9E, PBR=FC, DBR=E1, S=0189, D=0191, e=0, A=17DC, X=FFFE, Y=000E, 00000101
         1910395 | FC | 0BFA | ( 5)  LDA $1D        | PC=0BFC, PBR=FC, DBR=E1, S=018B, D=0191, e=0, A=0002, X=00FE, Y=0003, 00000101
         1910396 | FC | 0BFC | ( 2)  BEQ $20 (32)   | PC=0BFE, PBR=FC, DBR=E1, S=018B, D=0191, e=0, A=0002, X=00FE, Y=0003, 00000101
         1910397 | FC | 0BFE | ( 8)  JSL $E11694    | PC=1694, PBR=E1, DBR=E1, S=0188, D=0191, e=0, A=0002, X=00FE, Y=0003, 00000101
         1910441 | FC | 0C02 | ( 2)  BCC $F3 (-13)  | PC=0C04, PBR=FC, DBR=E1, S=018B, D=0191, e=0, A=000D, X=FEAB, Y=000F, 00000101
         1910442 | FC | 0C04 | ( 5)  LDA $07        | PC=0C06, PBR=FC, DBR=E1, S=018B, D=0191, e=0, A=0008, X=FEAB, Y=000F, 00000101
         1910443 | FC | 0C06 | ( 3)  BIT #$0002     | PC=0C09, PBR=FC, DBR=E1, S=018B, D=0191, e=0, A=0008, X=FEAB, Y=000F, 00000111
         1910444 | FC | 0C09 | ( 2)  BNE $0A (10)   | PC=0C0B, PBR=FC, DBR=E1, S=018B, D=0191, e=0, A=0008, X=FEAB, Y=000F, 00000111
         1910445 | FC | 0C0B | ( 5)  LDA $17        | PC=0C0D, PBR=FC, DBR=E1, S=018B, D=0191, e=0, A=17F0, X=FEAB, Y=000F, 00000101
         1910446 | FC | 0C0D | ( 5)  STA $162C      | PC=0C10, PBR=FC, DBR=E1, S=018B, D=0191, e=0, A=17F0, X=FEAB, Y=000F, 00000101
         1910447 | FC | 0C10 | ( 5)  LDA $19        | PC=0C12, PBR=FC, DBR=E1, S=018B, D=0191, e=0, A=00E1, X=FEAB, Y=000F, 00000101
         1910448 | FC | 0C12 | ( 5)  STA $162E      | PC=0C15, PBR=FC, DBR=E1, S=018B, D=0191, e=0, A=00E1, X=FEAB, Y=000F, 00000101
         1910449 | FC | 0C15 | ( 8)  INC $1634      | PC=0C18, PBR=FC, DBR=E1, S=018B, D=0191, e=0, A=00E1, X=FEAB, Y=000F, 00000101
         1910450 | FC | 0C18 | ( 3)  BNE $03 (3)    | PC=0C1D, PBR=FC, DBR=E1, S=018B, D=0191, e=0, A=00E1, X=FEAB, Y=000F, 00000101
         1910451 | FC | 0C1D | ( 6)  RTL            | PC=054B, PBR=FC, DBR=E1, S=018E, D=0191, e=0, A=00E1, X=FEAB, Y=000F, 00000101
         1912852 | FC | 0C1E | ( 5)  LDA $07        | PC=0C20, PBR=FC, DBR=E1, S=0190, D=0196, e=0, A=8008, X=FFFE, Y=000E, 10000101
         1912853 | FC | 0C20 | ( 3)  JMP $0B7B      | PC=0B7B, PBR=FC, DBR=E1, S=0190, D=0196, e=0, A=8008, X=FFFE, Y=000E, 10000101
         1912858 | FC | 0C31 | ( 6)  LDA $1600, X   | PC=0C34, PBR=FC, DBR=E1, S=018E, D=0196, e=0, A=173C, X=0014, Y=000E, 00000101
         1912859 | FC | 0C34 | ( 5)  STA $0F        | PC=0C36, PBR=FC, DBR=E1, S=018E, D=0196, e=0, A=173C, X=0014, Y=000E, 00000101
         1912860 | FC | 0C36 | ( 6)  LDA $1602, X   | PC=0C39, PBR=FC, DBR=E1, S=018E, D=0196, e=0, A=00E1, X=0014, Y=000E, 00000101
         1912861 | FC | 0C39 | ( 5)  STA $11        | PC=0C3B, PBR=FC, DBR=E1, S=018E, D=0196, e=0, A=00E1, X=0014, Y=000E, 00000101
         1912862 | FC | 0C3B | ( 6)  RTS            | PC=0B8F, PBR=FC, DBR=E1, S=0190, D=0196, e=0, A=00E1, X=0014, Y=000E, 00000101
         1913123 | FC | 0C55 | ( 5)  LDA $07        | PC=0C57, PBR=FC, DBR=E1, S=018D, D=0196, e=0, A=8008, X=0014, Y=0003, 10000101
         1913124 | FC | 0C57 | ( 3)  AND #$7CFF     | PC=0C5A, PBR=FC, DBR=E1, S=018D, D=0196, e=0, A=0008, X=0014, Y=0003, 00000101
         1913125 | FC | 0C5A | ( 3)  BNE $03 (3)    | PC=0C5F, PBR=FC, DBR=E1, S=018D, D=0196, e=0, A=0008, X=0014, Y=0003, 00000101
         1913126 | FC | 0C5F | ( 3)  CMP #$4000     | PC=0C62, PBR=FC, DBR=E1, S=018D, D=0196, e=0, A=0008, X=0014, Y=0003, 10000100
         1913127 | FC | 0C62 | ( 3)  BNE $03 (3)    | PC=0C67, PBR=FC, DBR=E1, S=018D, D=0196, e=0, A=0008, X=0014, Y=0003, 10000100
         1913128 | FC | 0C67 | ( 5)  LDA $07        | PC=0C69, PBR=FC, DBR=E1, S=018D, D=0196, e=0, A=8008, X=0014, Y=0003, 10000100
         1913129 | FC | 0C69 | ( 2)  LSR            | PC=0C6A, PBR=FC, DBR=E1, S=018D, D=0196, e=0, A=4004, X=0014, Y=0003, 00000100
         1913130 | FC | 0C6A | ( 3)  BCC $14 (20)   | PC=0C80, PBR=FC, DBR=E1, S=018D, D=0196, e=0, A=4004, X=0014, Y=0003, 00000100
         1913131 | FC | 0C80 | ( 2)  LSR            | PC=0C81, PBR=FC, DBR=E1, S=018D, D=0196, e=0, A=2002, X=0014, Y=0003, 00000100
         1913132 | FC | 0C81 | ( 3)  BCC $14 (20)   | PC=0C97, PBR=FC, DBR=E1, S=018D, D=0196, e=0, A=2002, X=0014, Y=0003, 00000100
         1913133 | FC | 0C97 | ( 2)  LSR            | PC=0C98, PBR=FC, DBR=E1, S=018D, D=0196, e=0, A=1001, X=0014, Y=0003, 00000100
         1913134 | FC | 0C98 | ( 5)  BIT $07        | PC=0C9A, PBR=FC, DBR=E1, S=018D, D=0196, e=0, A=1001, X=0014, Y=0003, 10000110
         1913135 | FC | 0C9A | ( 3)  BVC $13 (19)   | PC=0CAF, PBR=FC, DBR=E1, S=018D, D=0196, e=0, A=1001, X=0014, Y=0003, 10000110
         1913136 | FC | 0CAF | ( 2)  LSR            | PC=0CB0, PBR=FC, DBR=E1, S=018D, D=0196, e=0, A=0800, X=0014, Y=0003, 00000101
         1913137 | FC | 0CB0 | ( 2)  BCC $1F (31)   | PC=0CB2, PBR=FC, DBR=E1, S=018D, D=0196, e=0, A=0800, X=0014, Y=0003, 00000101
         1913138 | FC | 0CB2 | ( 5)  LDY $21        | PC=0CB4, PBR=FC, DBR=E1, S=018D, D=0196, e=0, A=0800, X=0014, Y=000F, 00000101
         1913139 | FC | 0CB4 | ( 3)  CPY #$0002     | PC=0CB7, PBR=FC, DBR=E1, S=018D, D=0196, e=0, A=0800, X=0014, Y=000F, 00000101
         1913140 | FC | 0CB7 | ( 2)  BCC $49 (73)   | PC=0CB9, PBR=FC, DBR=E1, S=018D, D=0196, e=0, A=0800, X=0014, Y=000F, 00000101
         1913141 | FC | 0CB9 | ( 3)  LDX #$5FFF     | PC=0CBC, PBR=FC, DBR=E1, S=018D, D=0196, e=0, A=0800, X=5FFF, Y=000F, 00000101
         1913142 | FC | 0CBC | ( 3)  CPY #$00E0     | PC=0CBF, PBR=FC, DBR=E1, S=018D, D=0196, e=0, A=0800, X=5FFF, Y=000F, 10000100
         1913143 | FC | 0CBF | ( 3)  BCC $10 (16)   | PC=0CD1, PBR=FC, DBR=E1, S=018D, D=0196, e=0, A=0800, X=5FFF, Y=000F, 10000100
         1913144 | FC | 0CD1 | ( 2)  LSR            | PC=0CD2, PBR=FC, DBR=E1, S=018D, D=0196, e=0, A=0400, X=5FFF, Y=000F, 00000100
         1913145 | FC | 0CD2 | ( 5)  BIT $07        | PC=0CD4, PBR=FC, DBR=E1, S=018D, D=0196, e=0, A=0400, X=5FFF, Y=000F, 10000110
         1913146 | FC | 0CD4 | ( 3)  BVC $3D (61)   | PC=0D13, PBR=FC, DBR=E1, S=018D, D=0196, e=0, A=0400, X=5FFF, Y=000F, 10000110
         1913147 | FC | 0D13 | ( 3)  BCC $29 (41)   | PC=0D3E, PBR=FC, DBR=E1, S=018D, D=0196, e=0, A=0400, X=5FFF, Y=000F, 10000110
         1913148 | FC | 0D3E | ( 2)  SEC            | PC=0D3F, PBR=FC, DBR=E1, S=018D, D=0196, e=0, A=0400, X=5FFF, Y=000F, 10000111
         1913149 | FC | 0D3F | ( 5)  LDA $1F        | PC=0D41, PBR=FC, DBR=E1, S=018D, D=0196, e=0, A=FEAB, X=5FFF, Y=000F, 10000101
         1913150 | FC | 0D41 | ( 5)  SBC $0B        | PC=0D43, PBR=FC, DBR=E1, S=018D, D=0196, e=0, A=FDE7, X=5FFF, Y=000F, 10000101
         1913151 | FC | 0D43 | ( 2)  TAX            | PC=0D44, PBR=FC, DBR=E1, S=018D, D=0196, e=0, A=FDE7, X=FDE7, Y=000F, 10000101
         1913152 | FC | 0D44 | ( 5)  LDA $07        | PC=0D46, PBR=FC, DBR=E1, S=018D, D=0196, e=0, A=8008, X=FDE7, Y=000F, 10000101
         1913153 | FC | 0D46 | ( 3)  AND #$0004     | PC=0D49, PBR=FC, DBR=E1, S=018D, D=0196, e=0, A=0000, X=FDE7, Y=000F, 00000111
         1913154 | FC | 0D49 | ( 3)  BEQ $05 (5)    | PC=0D50, PBR=FC, DBR=E1, S=018D, D=0196, e=0, A=0000, X=FDE7, Y=000F, 00000111
         1913155 | FC | 0D50 | ( 5)  LDA $21        | PC=0D52, PBR=FC, DBR=E1, S=018D, D=0196, e=0, A=000F, X=FDE7, Y=000F, 00000101
         1913156 | FC | 0D52 | ( 5)  SBC $0D        | PC=0D54, PBR=FC, DBR=E1, S=018D, D=0196, e=0, A=000F, X=FDE7, Y=000F, 00000101
         1913157 | FC | 0D54 | ( 2)  BCC $0B (11)   | PC=0D56, PBR=FC, DBR=E1, S=018D, D=0196, e=0, A=000F, X=FDE7, Y=000F, 00000101
         1913158 | FC | 0D56 | ( 2)  TAY            | PC=0D57, PBR=FC, DBR=E1, S=018D, D=0196, e=0, A=000F, X=FDE7, Y=000F, 00000101
         1913159 | FC | 0D57 | ( 5)  CPX $1B        | PC=0D59, PBR=FC, DBR=E1, S=018D, D=0196, e=0, A=000F, X=FDE7, Y=000F, 10000101
         1913160 | FC | 0D59 | ( 5)  SBC $1D        | PC=0D5B, PBR=FC, DBR=E1, S=018D, D=0196, e=0, A=000D, X=FDE7, Y=000F, 00000101
         1913161 | FC | 0D5B | ( 2)  BCC $04 (4)    | PC=0D5D, PBR=FC, DBR=E1, S=018D, D=0196, e=0, A=000D, X=FDE7, Y=000F, 00000101
         1913162 | FC | 0D5D | ( 5)  STX $1B        | PC=0D5F, PBR=FC, DBR=E1, S=018D, D=0196, e=0, A=000D, X=FDE7, Y=000F, 00000101
         1913163 | FC | 0D5F | ( 5)  STY $1D        | PC=0D61, PBR=FC, DBR=E1, S=018D, D=0196, e=0, A=000D, X=FDE7, Y=000F, 00000101
         1913164 | FC | 0D61 | ( 6)  RTL            | PC=0B9A, PBR=FC, DBR=E1, S=0190, D=0196, e=0, A=000D, X=FDE7, Y=000F, 00000101
         1913178 | FC | 0D84 | ( 3)  LDY #$0010     | PC=0D87, PBR=FC, DBR=E1, S=0191, D=0196, e=0, A=00E1, X=FDE7, Y=0010, 00000101
         1913179 | FC | 0D87 | ( 5)  LDA $17        | PC=0D89, PBR=FC, DBR=E1, S=0191, D=0196, e=0, A=1804, X=FDE7, Y=0010, 00000101
         1913180 | FC | 0D89 | ( 8)  STA [$0F], Y   | PC=0D8B, PBR=FC, DBR=E1, S=0191, D=0196, e=0, A=1804, X=FDE7, Y=0010, 00000101
         1913181 | FC | 0D8B | ( 2)  INY            | PC=0D8C, PBR=FC, DBR=E1, S=0191, D=0196, e=0, A=1804, X=FDE7, Y=0011, 00000101
         1913182 | FC | 0D8C | ( 2)  INY            | PC=0D8D, PBR=FC, DBR=E1, S=0191, D=0196, e=0, A=1804, X=FDE7, Y=0012, 00000101
         1913183 | FC | 0D8D | ( 5)  LDA $19        | PC=0D8F, PBR=FC, DBR=E1, S=0191, D=0196, e=0, A=00E1, X=FDE7, Y=0012, 00000101
         1913184 | FC | 0D8F | ( 8)  STA [$0F], Y   | PC=0D91, PBR=FC, DBR=E1, S=0191, D=0196, e=0, A=00E1, X=FDE7, Y=0012, 00000101
         1913185 | FC | 0D91 | ( 3)  LDY #$000C     | PC=0D94, PBR=FC, DBR=E1, S=0191, D=0196, e=0, A=00E1, X=FDE7, Y=000C, 00000101
         1913186 | FC | 0D94 | ( 5)  LDA $17        | PC=0D96, PBR=FC, DBR=E1, S=0191, D=0196, e=0, A=1804, X=FDE7, Y=000C, 00000101
         1913187 | FC | 0D96 | ( 8)  STA [$13], Y   | PC=0D98, PBR=FC, DBR=E1, S=0191, D=0196, e=0, A=1804, X=FDE7, Y=000C, 00000101
         1913188 | FC | 0D98 | ( 2)  INY            | PC=0D99, PBR=FC, DBR=E1, S=0191, D=0196, e=0, A=1804, X=FDE7, Y=000D, 00000101
         1913189 | FC | 0D99 | ( 2)  INY            | PC=0D9A, PBR=FC, DBR=E1, S=0191, D=0196, e=0, A=1804, X=FDE7, Y=000E, 00000101
         1913190 | FC | 0D9A | ( 5)  LDA $19        | PC=0D9C, PBR=FC, DBR=E1, S=0191, D=0196, e=0, A=00E1, X=FDE7, Y=000E, 00000101
         1913191 | FC | 0D9C | ( 8)  STA [$13], Y   | PC=0D9E, PBR=FC, DBR=E1, S=0191, D=0196, e=0, A=00E1, X=FDE7, Y=000E, 00000101
         1913192 | FC | 0D9E | ( 5)  LDA $1B        | PC=0DA0, PBR=FC, DBR=E1, S=0191, D=0196, e=0, A=FDE7, X=FDE7, Y=000E, 10000101
         1913193 | FC | 0DA0 | ( 5)  STA $03        | PC=0DA2, PBR=FC, DBR=E1, S=0191, D=0196, e=0, A=FDE7, X=FDE7, Y=000E, 10000101
         1913194 | FC | 0DA2 | ( 5)  LDA $1D        | PC=0DA4, PBR=FC, DBR=E1, S=0191, D=0196, e=0, A=000F, X=FDE7, Y=000E, 00000101
         1913195 | FC | 0DA4 | ( 5)  STA $05        | PC=0DA6, PBR=FC, DBR=E1, S=0191, D=0196, e=0, A=000F, X=FDE7, Y=000E, 00000101
         1913196 | FC | 0DA6 | ( 3)  LDY #$0012     | PC=0DA9, PBR=FC, DBR=E1, S=0191, D=0196, e=0, A=000F, X=FDE7, Y=0012, 00000101
         1913251 | FC | 0DA9 | ( 2)  TYX            | PC=0DAA, PBR=FC, DBR=E1, S=0191, D=0196, e=0, A=000F, X=0000, Y=0000, 00000111
         1913252 | FC | 0DAA | ( 6)  LDA $03, X     | PC=0DAC, PBR=FC, DBR=E1, S=0191, D=0196, e=0, A=FDE7, X=0000, Y=0000, 10000101
         1913253 | FC | 0DAC | ( 8)  STA [$17], Y   | PC=0DAE, PBR=FC, DBR=E1, S=0191, D=0196, e=0, A=FDE7, X=0000, Y=0000, 10000101
         1913254 | FC | 0DAE | ( 2)  DEY            | PC=0DAF, PBR=FC, DBR=E1, S=0191, D=0196, e=0, A=FDE7, X=0000, Y=FFFF, 10000101
         1913255 | FC | 0DAF | ( 2)  DEY            | PC=0DB0, PBR=FC, DBR=E1, S=0191, D=0196, e=0, A=FDE7, X=0000, Y=FFFE, 10000101
         1913256 | FC | 0DB0 | ( 2)  BPL $F7 (-9)   | PC=0DB2, PBR=FC, DBR=E1, S=0191, D=0196, e=0, A=FDE7, X=0000, Y=FFFE, 10000101
         1913257 | FC | 0DB2 | ( 6)  RTS            | PC=0550, PBR=FC, DBR=E1, S=0193, D=0196, e=0, A=FDE7, X=0000, Y=FFFE, 10000101
         1709652 | FC | 0DB3 | ( 3)  LDY #$0012     | PC=0DB6, PBR=FC, DBR=E1, S=017F, D=0184, e=0, A=00E1, X=0004, Y=0012, 00000101
         1709707 | FC | 0DB6 | ( 2)  TYX            | PC=0DB7, PBR=FC, DBR=E1, S=017F, D=0184, e=0, A=0000, X=0000, Y=0000, 00000111
         1709708 | FC | 0DB7 | ( 9)  LDA [$17], Y   | PC=0DB9, PBR=FC, DBR=E1, S=017F, D=0184, e=0, A=0000, X=0000, Y=0000, 00000111
         1709709 | FC | 0DB9 | ( 6)  STA $03, X     | PC=0DBB, PBR=FC, DBR=E1, S=017F, D=0184, e=0, A=0000, X=0000, Y=0000, 00000111
         1709710 | FC | 0DBB | ( 2)  DEY            | PC=0DBC, PBR=FC, DBR=E1, S=017F, D=0184, e=0, A=0000, X=0000, Y=FFFF, 10000101
         1709711 | FC | 0DBC | ( 2)  DEY            | PC=0DBD, PBR=FC, DBR=E1, S=017F, D=0184, e=0, A=0000, X=0000, Y=FFFE, 10000101
         1709712 | FC | 0DBD | ( 2)  BPL $F7 (-9)   | PC=0DBF, PBR=FC, DBR=E1, S=017F, D=0184, e=0, A=0000, X=0000, Y=FFFE, 10000101
         1709713 | FC | 0DBF | ( 6)  RTS            | PC=06ED, PBR=FC, DBR=E1, S=0181, D=0184, e=0, A=0000, X=0000, Y=FFFE, 10000101
         1709869 | FC | 0DDC | ( 3)  LDY #$000C     | PC=0DDF, PBR=FC, DBR=E1, S=017B, D=0184, e=0, A=1728, X=FF36, Y=000C, 00000101
         1709870 | FC | 0DDF | ( 9)  LDA [$17], Y   | PC=0DE1, PBR=FC, DBR=E1, S=017B, D=0184, e=0, A=0000, X=FF36, Y=000C, 00000111
         1709871 | FC | 0DE1 | ( 5)  STA $0F        | PC=0DE3, PBR=FC, DBR=E1, S=017B, D=0184, e=0, A=0000, X=FF36, Y=000C, 00000111
         1709872 | FC | 0DE3 | ( 2)  INY            | PC=0DE4, PBR=FC, DBR=E1, S=017B, D=0184, e=0, A=0000, X=FF36, Y=000D, 00000101
         1709873 | FC | 0DE4 | ( 2)  INY            | PC=0DE5, PBR=FC, DBR=E1, S=017B, D=0184, e=0, A=0000, X=FF36, Y=000E, 00000101
         1709874 | FC | 0DE5 | ( 9)  LDA [$17], Y   | PC=0DE7, PBR=FC, DBR=E1, S=017B, D=0184, e=0, A=0000, X=FF36, Y=000E, 00000111
         1709875 | FC | 0DE7 | ( 5)  STA $11        | PC=0DE9, PBR=FC, DBR=E1, S=017B, D=0184, e=0, A=0000, X=FF36, Y=000E, 00000111
         1709876 | FC | 0DE9 | ( 3)  LDY #$0010     | PC=0DEC, PBR=FC, DBR=E1, S=017B, D=0184, e=0, A=0000, X=FF36, Y=0010, 00000101
         1709877 | FC | 0DEC | ( 9)  LDA [$17], Y   | PC=0DEE, PBR=FC, DBR=E1, S=017B, D=0184, e=0, A=0000, X=FF36, Y=0010, 00000111
         1709878 | FC | 0DEE | ( 5)  STA $13        | PC=0DF0, PBR=FC, DBR=E1, S=017B, D=0184, e=0, A=0000, X=FF36, Y=0010, 00000111
         1709879 | FC | 0DF0 | ( 2)  INY            | PC=0DF1, PBR=FC, DBR=E1, S=017B, D=0184, e=0, A=0000, X=FF36, Y=0011, 00000101
         1709880 | FC | 0DF1 | ( 2)  INY            | PC=0DF2, PBR=FC, DBR=E1, S=017B, D=0184, e=0, A=0000, X=FF36, Y=0012, 00000101
         1709881 | FC | 0DF2 | ( 9)  LDA [$17], Y   | PC=0DF4, PBR=FC, DBR=E1, S=017B, D=0184, e=0, A=0000, X=FF36, Y=0012, 00000111
         1709882 | FC | 0DF4 | ( 5)  STA $15        | PC=0DF6, PBR=FC, DBR=E1, S=017B, D=0184, e=0, A=0000, X=FF36, Y=0012, 00000111
         1709883 | FC | 0DF6 | ( 5)  LDA $13        | PC=0DF8, PBR=FC, DBR=E1, S=017B, D=0184, e=0, A=0000, X=FF36, Y=0012, 00000111
         1709884 | FC | 0DF8 | ( 5)  ORA $15        | PC=0DFA, PBR=FC, DBR=E1, S=017B, D=0184, e=0, A=0000, X=FF36, Y=0012, 00000111
         1709885 | FC | 0DFA | ( 3)  BEQ $0D (13)   | PC=0E09, PBR=FC, DBR=E1, S=017B, D=0184, e=0, A=0000, X=FF36, Y=0012, 00000111
         1709886 | FC | 0E09 | ( 5)  LDA $0F        | PC=0E0B, PBR=FC, DBR=E1, S=017B, D=0184, e=0, A=0000, X=FF36, Y=0012, 00000111
         1709887 | FC | 0E0B | ( 5)  ORA $11        | PC=0E0D, PBR=FC, DBR=E1, S=017B, D=0184, e=0, A=0000, X=FF36, Y=0012, 00000111
         1709888 | FC | 0E0D | ( 3)  BEQ $0E (14)   | PC=0E1D, PBR=FC, DBR=E1, S=017B, D=0184, e=0, A=0000, X=FF36, Y=0012, 00000111
         1709889 | FC | 0E1D | ( 3)  LDX #$0008     | PC=0E20, PBR=FC, DBR=E1, S=017B, D=0184, e=0, A=0000, X=0008, Y=0012, 00000101
         1709890 | FC | 0E20 | ( 5)  LDA $17        | PC=0E22, PBR=FC, DBR=E1, S=017B, D=0184, e=0, A=17A0, X=0008, Y=0012, 00000101
         1709891 | FC | 0E22 | ( 5)  CMP $1608      | PC=0E25, PBR=FC, DBR=E1, S=017B, D=0184, e=0, A=17A0, X=0008, Y=0012, 10000100
         1709892 | FC | 0E25 | ( 3)  BNE $07 (7)    | PC=0E2E, PBR=FC, DBR=E1, S=017B, D=0184, e=0, A=17A0, X=0008, Y=0012, 10000100
         1709893 | FC | 0E2E | ( 5)  LDA $17        | PC=0E30, PBR=FC, DBR=E1, S=017B, D=0184, e=0, A=17A0, X=0008, Y=0012, 00000100
         1709894 | FC | 0E30 | ( 5)  CMP $1604      | PC=0E33, PBR=FC, DBR=E1, S=017B, D=0184, e=0, A=17A0, X=0008, Y=0012, 00000111
         1709895 | FC | 0E33 | ( 2)  BNE $14 (20)   | PC=0E35, PBR=FC, DBR=E1, S=017B, D=0184, e=0, A=17A0, X=0008, Y=0012, 00000111
         1709896 | FC | 0E35 | ( 5)  LDA $19        | PC=0E37, PBR=FC, DBR=E1, S=017B, D=0184, e=0, A=00E1, X=0008, Y=0012, 00000101
         1709897 | FC | 0E37 | ( 5)  CMP $1606      | PC=0E3A, PBR=FC, DBR=E1, S=017B, D=0184, e=0, A=00E1, X=0008, Y=0012, 00000111
         1709898 | FC | 0E3A | ( 2)  BNE $0D (13)   | PC=0E3C, PBR=FC, DBR=E1, S=017B, D=0184, e=0, A=00E1, X=0008, Y=0012, 00000111
         1709899 | FC | 0E3C | ( 3)  LDX #$0004     | PC=0E3F, PBR=FC, DBR=E1, S=017B, D=0184, e=0, A=00E1, X=0004, Y=0012, 00000101
         1709900 | FC | 0E3F | ( 5)  LDA $13        | PC=0E41, PBR=FC, DBR=E1, S=017B, D=0184, e=0, A=0000, X=0004, Y=0012, 00000111
         1709901 | FC | 0E41 | ( 6)  STA $1600, X   | PC=0E44, PBR=FC, DBR=E1, S=017B, D=0184, e=0, A=0000, X=0004, Y=0012, 00000111
         1709902 | FC | 0E44 | ( 5)  LDA $15        | PC=0E46, PBR=FC, DBR=E1, S=017B, D=0184, e=0, A=0000, X=0004, Y=0012, 00000111
         1709903 | FC | 0E46 | ( 6)  STA $1602, X   | PC=0E49, PBR=FC, DBR=E1, S=017B, D=0184, e=0, A=0000, X=0004, Y=0012, 00000111
         1709904 | FC | 0E49 | ( 6)  RTS            | PC=07D8, PBR=FC, DBR=E1, S=017D, D=0184, e=0, A=0000, X=0004, Y=0012, 00000111
         1912776 | FC | 0E4A | ( 5)  LDA $1608      | PC=0E4D, PBR=FC, DBR=E1, S=0190, D=0196, e=0, A=1804, X=26E1, Y=FC05, 00000101
         1912777 | FC | 0E4D | ( 5)  STA $17        | PC=0E4F, PBR=FC, DBR=E1, S=0190, D=0196, e=0, A=1804, X=26E1, Y=FC05, 00000101
         1912778 | FC | 0E4F | ( 5)  LDA $160A      | PC=0E52, PBR=FC, DBR=E1, S=0190, D=0196, e=0, A=00E1, X=26E1, Y=FC05, 00000101
         1912779 | FC | 0E52 | ( 5)  STA $19        | PC=0E54, PBR=FC, DBR=E1, S=0190, D=0196, e=0, A=00E1, X=26E1, Y=FC05, 00000101
         1912780 | FC | 0E54 | ( 5)  ORA $17        | PC=0E56, PBR=FC, DBR=E1, S=0190, D=0196, e=0, A=18E5, X=26E1, Y=FC05, 00000101
         1912781 | FC | 0E56 | ( 3)  BNE $0E (14)   | PC=0E66, PBR=FC, DBR=E1, S=0190, D=0196, e=0, A=18E5, X=26E1, Y=FC05, 00000101
         1912782 | FC | 0E66 | ( 3)  LDY #$0010     | PC=0E69, PBR=FC, DBR=E1, S=0190, D=0196, e=0, A=18E5, X=26E1, Y=0010, 00000101
         1912783 | FC | 0E69 | ( 9)  LDA [$17], Y   | PC=0E6B, PBR=FC, DBR=E1, S=0190, D=0196, e=0, A=1818, X=26E1, Y=0010, 00000101
         1912784 | FC | 0E6B | ( 5)  STA $0F        | PC=0E6D, PBR=FC, DBR=E1, S=0190, D=0196, e=0, A=1818, X=26E1, Y=0010, 00000101
         1912785 | FC | 0E6D | ( 5)  STA $1608      | PC=0E70, PBR=FC, DBR=E1, S=0190, D=0196, e=0, A=1818, X=26E1, Y=0010, 00000101
         1912786 | FC | 0E70 | ( 2)  INY            | PC=0E71, PBR=FC, DBR=E1, S=0190, D=0196, e=0, A=1818, X=26E1, Y=0011, 00000101
         1912787 | FC | 0E71 | ( 2)  INY            | PC=0E72, PBR=FC, DBR=E1, S=0190, D=0196, e=0, A=1818, X=26E1, Y=0012, 00000101
         1912788 | FC | 0E72 | ( 9)  LDA [$17], Y   | PC=0E74, PBR=FC, DBR=E1, S=0190, D=0196, e=0, A=00E1, X=26E1, Y=0012, 00000101
         1912789 | FC | 0E74 | ( 5)  STA $160A      | PC=0E77, PBR=FC, DBR=E1, S=0190, D=0196, e=0, A=00E1, X=26E1, Y=0012, 00000101
         1912790 | FC | 0E77 | ( 5)  STA $11        | PC=0E79, PBR=FC, DBR=E1, S=0190, D=0196, e=0, A=00E1, X=26E1, Y=0012, 00000101
         1912791 | FC | 0E79 | ( 5)  ORA $0F        | PC=0E7B, PBR=FC, DBR=E1, S=0190, D=0196, e=0, A=18F9, X=26E1, Y=0012, 00000101
         1912792 | FC | 0E7B | ( 2)  BEQ $0C (12)   | PC=0E7D, PBR=FC, DBR=E1, S=0190, D=0196, e=0, A=18F9, X=26E1, Y=0012, 00000101
         1912793 | FC | 0E7D | ( 3)  LDA #$0000     | PC=0E80, PBR=FC, DBR=E1, S=0190, D=0196, e=0, A=0000, X=26E1, Y=0012, 00000111
         1912794 | FC | 0E80 | ( 3)  LDY #$000C     | PC=0E83, PBR=FC, DBR=E1, S=0190, D=0196, e=0, A=0000, X=26E1, Y=000C, 00000101
         1912795 | FC | 0E83 | ( 8)  STA [$0F], Y   | PC=0E85, PBR=FC, DBR=E1, S=0190, D=0196, e=0, A=0000, X=26E1, Y=000C, 00000101
         1912796 | FC | 0E85 | ( 2)  INY            | PC=0E86, PBR=FC, DBR=E1, S=0190, D=0196, e=0, A=0000, X=26E1, Y=000D, 00000101
         1912797 | FC | 0E86 | ( 2)  INY            | PC=0E87, PBR=FC, DBR=E1, S=0190, D=0196, e=0, A=0000, X=26E1, Y=000E, 00000101
         1912798 | FC | 0E87 | ( 8)  STA [$0F], Y   | PC=0E89, PBR=FC, DBR=E1, S=0190, D=0196, e=0, A=0000, X=26E1, Y=000E, 00000101
         1912799 | FC | 0E89 | ( 2)  SEC            | PC=0E8A, PBR=FC, DBR=E1, S=0190, D=0196, e=0, A=0000, X=26E1, Y=000E, 00000101
         1912800 | FC | 0E8A | ( 6)  RTL            | PC=0530, PBR=FC, DBR=E1, S=0193, D=0196, e=0, A=0000, X=26E1, Y=000E, 00000101
         1708121 | FC | 0E91 | ( 5)  LDA $19        | PC=0E93, PBR=FC, DBR=E1, S=0190, D=0195, e=0, A=00E1, X=0004, Y=0014, 00000101
         1708122 | FC | 0E93 | ( 2)  BEQ $4C (76)   | PC=0E95, PBR=FC, DBR=E1, S=0190, D=0195, e=0, A=00E1, X=0004, Y=0014, 00000101
         1708123 | FC | 0E95 | ( 4)  PHY            | PC=0E96, PBR=FC, DBR=E1, S=018E, D=0195, e=0, A=00E1, X=0004, Y=0014, 00000101
         1708124 | FC | 0E96 | ( 2)  DEY            | PC=0E97, PBR=FC, DBR=E1, S=018E, D=0195, e=0, A=00E1, X=0004, Y=0013, 00000101
         1708125 | FC | 0E97 | ( 2)  DEY            | PC=0E98, PBR=FC, DBR=E1, S=018E, D=0195, e=0, A=00E1, X=0004, Y=0012, 00000101
         1708126 | FC | 0E98 | ( 6)  LDA $1602, X   | PC=0E9B, PBR=FC, DBR=E1, S=018E, D=0195, e=0, A=0000, X=0004, Y=0012, 00000111
         1708127 | FC | 0E9B | ( 8)  STA [$17], Y   | PC=0E9D, PBR=FC, DBR=E1, S=018E, D=0195, e=0, A=0000, X=0004, Y=0012, 00000111
         1708128 | FC | 0E9D | ( 5)  STA $15        | PC=0E9F, PBR=FC, DBR=E1, S=018E, D=0195, e=0, A=0000, X=0004, Y=0012, 00000111
         1708129 | FC | 0E9F | ( 2)  DEY            | PC=0EA0, PBR=FC, DBR=E1, S=018E, D=0195, e=0, A=0000, X=0004, Y=0011, 00000101
         1708130 | FC | 0EA0 | ( 2)  DEY            | PC=0EA1, PBR=FC, DBR=E1, S=018E, D=0195, e=0, A=0000, X=0004, Y=0010, 00000101
         1708131 | FC | 0EA1 | ( 6)  LDA $1600, X   | PC=0EA4, PBR=FC, DBR=E1, S=018E, D=0195, e=0, A=0000, X=0004, Y=0010, 00000111
         1708132 | FC | 0EA4 | ( 8)  STA [$17], Y   | PC=0EA6, PBR=FC, DBR=E1, S=018E, D=0195, e=0, A=0000, X=0004, Y=0010, 00000111
         1708133 | FC | 0EA6 | ( 5)  STA $13        | PC=0EA8, PBR=FC, DBR=E1, S=018E, D=0195, e=0, A=0000, X=0004, Y=0010, 00000111
         1708134 | FC | 0EA8 | ( 5)  LDA $17        | PC=0EAA, PBR=FC, DBR=E1, S=018E, D=0195, e=0, A=17A0, X=0004, Y=0010, 00000101
         1708135 | FC | 0EAA | ( 6)  STA $1600, X   | PC=0EAD, PBR=FC, DBR=E1, S=018E, D=0195, e=0, A=17A0, X=0004, Y=0010, 00000101
         1708136 | FC | 0EAD | ( 5)  LDA $19        | PC=0EAF, PBR=FC, DBR=E1, S=018E, D=0195, e=0, A=00E1, X=0004, Y=0010, 00000101
         1708137 | FC | 0EAF | ( 6)  STA $1602, X   | PC=0EB2, PBR=FC, DBR=E1, S=018E, D=0195, e=0, A=00E1, X=0004, Y=0010, 00000101
         1708138 | FC | 0EB2 | ( 3)  LDA #$0000     | PC=0EB5, PBR=FC, DBR=E1, S=018E, D=0195, e=0, A=0000, X=0004, Y=0010, 00000111
         1708139 | FC | 0EB5 | ( 3)  LDY #$000E     | PC=0EB8, PBR=FC, DBR=E1, S=018E, D=0195, e=0, A=0000, X=0004, Y=000E, 00000101
         1708140 | FC | 0EB8 | ( 8)  STA [$17], Y   | PC=0EBA, PBR=FC, DBR=E1, S=018E, D=0195, e=0, A=0000, X=0004, Y=000E, 00000101
         1708141 | FC | 0EBA | ( 2)  DEY            | PC=0EBB, PBR=FC, DBR=E1, S=018E, D=0195, e=0, A=0000, X=0004, Y=000D, 00000101
         1708142 | FC | 0EBB | ( 2)  DEY            | PC=0EBC, PBR=FC, DBR=E1, S=018E, D=0195, e=0, A=0000, X=0004, Y=000C, 00000101
         1708143 | FC | 0EBC | ( 8)  STA [$17], Y   | PC=0EBE, PBR=FC, DBR=E1, S=018E, D=0195, e=0, A=0000, X=0004, Y=000C, 00000101
         1708144 | FC | 0EBE | ( 3)  LDY #$0000     | PC=0EC1, PBR=FC, DBR=E1, S=018E, D=0195, e=0, A=0000, X=0004, Y=0000, 00000111
         1708145 | FC | 0EC1 | ( 8)  STA [$17], Y   | PC=0EC3, PBR=FC, DBR=E1, S=018E, D=0195, e=0, A=0000, X=0004, Y=0000, 00000111
         1708146 | FC | 0EC3 | ( 2)  INY            | PC=0EC4, PBR=FC, DBR=E1, S=018E, D=0195, e=0, A=0000, X=0004, Y=0001, 00000101
         1708147 | FC | 0EC4 | ( 2)  INY            | PC=0EC5, PBR=FC, DBR=E1, S=018E, D=0195, e=0, A=0000, X=0004, Y=0002, 00000101
         1708148 | FC | 0EC5 | ( 8)  STA [$17], Y   | PC=0EC7, PBR=FC, DBR=E1, S=018E, D=0195, e=0, A=0000, X=0004, Y=0002, 00000101
         1708149 | FC | 0EC7 | ( 5)  PLA            | PC=0EC8, PBR=FC, DBR=E1, S=0190, D=0195, e=0, A=0014, X=0004, Y=0002, 00000101
         1708150 | FC | 0EC8 | ( 5)  LDY $15        | PC=0ECA, PBR=FC, DBR=E1, S=0190, D=0195, e=0, A=0014, X=0004, Y=0000, 00000111
         1708151 | FC | 0ECA | ( 3)  BEQ $15 (21)   | PC=0EE1, PBR=FC, DBR=E1, S=0190, D=0195, e=0, A=0014, X=0004, Y=0000, 00000111
         1708152 | FC | 0EE1 | ( 6)  RTS            | PC=058D, PBR=FC, DBR=E1, S=0192, D=0195, e=0, A=0014, X=0004, Y=0000, 00000111
         1708118 | FC | 0F02 | ( 3)  LDY #$0014     | PC=0F05, PBR=FC, DBR=E1, S=0190, D=0195, e=0, A=0000, X=0000, Y=0014, 00000101
         1708119 | FC | 0F05 | ( 3)  LDX #$0004     | PC=0F08, PBR=FC, DBR=E1, S=0190, D=0195, e=0, A=0000, X=0004, Y=0014, 00000101
         1708120 | FC | 0F08 | ( 3)  BRA $87 (-121) | PC=0E91, PBR=FC, DBR=E1, S=0190, D=0195, e=0, A=0000, X=0004, Y=0014, 00000101
         1913116 | FC | 0F9A | ( 2)  INY            | PC=0F9B, PBR=FC, DBR=E1, S=018E, D=0196, e=0, A=FEAB, X=14, Y=03, 00010101
         1913117 | FC | 0F9B | ( 3)  REP #$0010     | PC=0F9D, PBR=FC, DBR=E1, S=018E, D=0196, e=0, A=FEAB, X=0014, Y=0003, 00000101
         1913118 | FC | 0F9D | ( 6)  RTS            | PC=0B92, PBR=FC, DBR=E1, S=0190, D=0196, e=0, A=FEAB, X=0014, Y=0003, 00000101
         1913088 | FC | 0F9E | ( 3)  SEP #$0010     | PC=0FA0, PBR=FC, DBR=E1, S=018E, D=0196, e=0, A=000F, X=14, Y=02, 00010111
         1913089 | FC | 0FA0 | ( 5)  LDA $0F        | PC=0FA2, PBR=FC, DBR=E1, S=018E, D=0196, e=0, A=17F0, X=14, Y=02, 00010101
         1913090 | FC | 0FA2 | ( 5)  STA $13        | PC=0FA4, PBR=FC, DBR=E1, S=018E, D=0196, e=0, A=17F0, X=14, Y=02, 00010101
         1913091 | FC | 0FA4 | ( 5)  LDA $11        | PC=0FA6, PBR=FC, DBR=E1, S=018E, D=0196, e=0, A=00E1, X=14, Y=02, 00010101
         1913092 | FC | 0FA6 | ( 5)  STA $15        | PC=0FA8, PBR=FC, DBR=E1, S=018E, D=0196, e=0, A=00E1, X=14, Y=02, 00010101
         1913093 | FC | 0FA8 | ( 2)  LDY #$0C       | PC=0FAA, PBR=FC, DBR=E1, S=018E, D=0196, e=0, A=00E1, X=14, Y=0C, 00010101
         1913094 | FC | 0FAA | ( 8)  LDA [$13], Y   | PC=0FAC, PBR=FC, DBR=E1, S=018E, D=0196, e=0, A=1728, X=14, Y=0C, 00010101
         1913095 | FC | 0FAC | ( 5)  STA $0F        | PC=0FAE, PBR=FC, DBR=E1, S=018E, D=0196, e=0, A=1728, X=14, Y=0C, 00010101
         1913096 | FC | 0FAE | ( 2)  LDY #$0E       | PC=0FB0, PBR=FC, DBR=E1, S=018E, D=0196, e=0, A=1728, X=14, Y=0E, 00010101
         1913097 | FC | 0FB0 | ( 8)  LDA [$13], Y   | PC=0FB2, PBR=FC, DBR=E1, S=018E, D=0196, e=0, A=00E1, X=14, Y=0E, 00010101
         1913098 | FC | 0FB2 | ( 5)  STA $11        | PC=0FB4, PBR=FC, DBR=E1, S=018E, D=0196, e=0, A=00E1, X=14, Y=0E, 00010101
         1913099 | FC | 0FB4 | ( 2)  BEQ $E5 (-27)  | PC=0FB6, PBR=FC, DBR=E1, S=018E, D=0196, e=0, A=00E1, X=14, Y=0E, 00010101
         1913100 | FC | 0FB6 | ( 2)  LDY #$08       | PC=0FB8, PBR=FC, DBR=E1, S=018E, D=0196, e=0, A=00E1, X=14, Y=08, 00010101
         1913101 | FC | 0FB8 | ( 2)  CLC            | PC=0FB9, PBR=FC, DBR=E1, S=018E, D=0196, e=0, A=00E1, X=14, Y=08, 00010100
         1913102 | FC | 0FB9 | ( 8)  LDA [$0F], Y   | PC=0FBB, PBR=FC, DBR=E1, S=018E, D=0196, e=0, A=4000, X=14, Y=08, 00010100
         1913103 | FC | 0FBB | ( 8)  ADC [$0F]      | PC=0FBD, PBR=FC, DBR=E1, S=018E, D=0196, e=0, A=0000, X=14, Y=08, 00010111
         1913104 | FC | 0FBD | ( 5)  STA $1B        | PC=0FBF, PBR=FC, DBR=E1, S=018E, D=0196, e=0, A=0000, X=14, Y=08, 00010111
         1913105 | FC | 0FBF | ( 2)  LDY #$0A       | PC=0FC1, PBR=FC, DBR=E1, S=018E, D=0196, e=0, A=0000, X=14, Y=0A, 00010101
         1913106 | FC | 0FC1 | ( 8)  LDA [$0F], Y   | PC=0FC3, PBR=FC, DBR=E1, S=018E, D=0196, e=0, A=0000, X=14, Y=0A, 00010111
         1913107 | FC | 0FC3 | ( 2)  LDY #$02       | PC=0FC5, PBR=FC, DBR=E1, S=018E, D=0196, e=0, A=0000, X=14, Y=02, 00010101
         1913108 | FC | 0FC5 | ( 8)  ADC [$0F], Y   | PC=0FC7, PBR=FC, DBR=E1, S=018E, D=0196, e=0, A=0002, X=14, Y=02, 00010100
         1913109 | FC | 0FC7 | ( 5)  STA $1D        | PC=0FC9, PBR=FC, DBR=E1, S=018E, D=0196, e=0, A=0002, X=14, Y=02, 00010100
         1913110 | FC | 0FC9 | ( 8)  LDA [$13], Y   | PC=0FCB, PBR=FC, DBR=E1, S=018E, D=0196, e=0, A=000F, X=14, Y=02, 00010100
         1913111 | FC | 0FCB | ( 5)  STA $21        | PC=0FCD, PBR=FC, DBR=E1, S=018E, D=0196, e=0, A=000F, X=14, Y=02, 00010100
         1913112 | FC | 0FCD | ( 8)  LDA [$13]      | PC=0FCF, PBR=FC, DBR=E1, S=018E, D=0196, e=0, A=FEAB, X=14, Y=02, 10010100
         1913113 | FC | 0FCF | ( 5)  STA $1F        | PC=0FD1, PBR=FC, DBR=E1, S=018E, D=0196, e=0, A=FEAB, X=14, Y=02, 10010100
         1913114 | FC | 0FD1 | ( 5)  CMP $1B        | PC=0FD3, PBR=FC, DBR=E1, S=018E, D=0196, e=0, A=FEAB, X=14, Y=02, 10010101
         1913115 | FC | 0FD3 | ( 3)  BNE $C5 (-59)  | PC=0F9A, PBR=FC, DBR=E1, S=018E, D=0196, e=0, A=FEAB, X=14, Y=02, 10010101
         1913084 | FC | 0FD5 | ( 5)  LDA $1D        | PC=0FD7, PBR=FC, DBR=E1, S=018E, D=0196, e=0, A=000F, X=14, Y=02, 00010101
         1913085 | FC | 0FD7 | ( 5)  CMP $21        | PC=0FD9, PBR=FC, DBR=E1, S=018E, D=0196, e=0, A=000F, X=14, Y=02, 00010111
         1913086 | FC | 0FD9 | ( 2)  BNE $BF (-65)  | PC=0FDB, PBR=FC, DBR=E1, S=018E, D=0196, e=0, A=000F, X=14, Y=02, 00010111
         1913087 | FC | 0FDB | ( 3)  BRA $C1 (-63)  | PC=0F9E, PBR=FC, DBR=E1, S=018E, D=0196, e=0, A=000F, X=14, Y=02, 00010111
         1709621 | FC | 1050 | ( 5)  LDA $2D        | PC=1052, PBR=FC, DBR=E1, S=017F, D=0184, e=0, A=17A0, X=E6E1, Y=FC06, 00000101
         1709622 | FC | 1052 | ( 5)  STA $17        | PC=1054, PBR=FC, DBR=E1, S=017F, D=0184, e=0, A=17A0, X=E6E1, Y=FC06, 00000101
         1709623 | FC | 1054 | ( 5)  LDA $2F        | PC=1056, PBR=FC, DBR=E1, S=017F, D=0184, e=0, A=00E1, X=E6E1, Y=FC06, 00000101
         1709624 | FC | 1056 | ( 5)  STA $19        | PC=1058, PBR=FC, DBR=E1, S=017F, D=0184, e=0, A=00E1, X=E6E1, Y=FC06, 00000101
         1709625 | FC | 1058 | ( 2)  BEQ $3C (60)   | PC=105A, PBR=FC, DBR=E1, S=017F, D=0184, e=0, A=00E1, X=E6E1, Y=FC06, 00000101
         1709626 | FC | 105A | ( 3)  LDY #$000C     | PC=105D, PBR=FC, DBR=E1, S=017F, D=0184, e=0, A=00E1, X=E6E1, Y=000C, 00000101
         1709627 | FC | 105D | ( 9)  LDA [$17], Y   | PC=105F, PBR=FC, DBR=E1, S=017F, D=0184, e=0, A=0000, X=E6E1, Y=000C, 00000111
         1709628 | FC | 105F | ( 5)  STA $0F        | PC=1061, PBR=FC, DBR=E1, S=017F, D=0184, e=0, A=0000, X=E6E1, Y=000C, 00000111
         1709629 | FC | 1061 | ( 2)  INY            | PC=1062, PBR=FC, DBR=E1, S=017F, D=0184, e=0, A=0000, X=E6E1, Y=000D, 00000101
         1709630 | FC | 1062 | ( 2)  INY            | PC=1063, PBR=FC, DBR=E1, S=017F, D=0184, e=0, A=0000, X=E6E1, Y=000E, 00000101
         1709631 | FC | 1063 | ( 9)  LDA [$17], Y   | PC=1065, PBR=FC, DBR=E1, S=017F, D=0184, e=0, A=0000, X=E6E1, Y=000E, 00000111
         1709632 | FC | 1065 | ( 5)  STA $11        | PC=1067, PBR=FC, DBR=E1, S=017F, D=0184, e=0, A=0000, X=E6E1, Y=000E, 00000111
         1709633 | FC | 1067 | ( 5)  ORA $0F        | PC=1069, PBR=FC, DBR=E1, S=017F, D=0184, e=0, A=0000, X=E6E1, Y=000E, 00000111
         1709634 | FC | 1069 | ( 3)  BEQ $12 (18)   | PC=107D, PBR=FC, DBR=E1, S=017F, D=0184, e=0, A=0000, X=E6E1, Y=000E, 00000111
         1709650 | FC | 107C | ( 6)  RTS            | PC=06EA, PBR=FC, DBR=E1, S=0181, D=0184, e=0, A=00E1, X=0004, Y=000E, 00000111
         1709635 | FC | 107D | ( 3)  LDX #$0008     | PC=1080, PBR=FC, DBR=E1, S=017F, D=0184, e=0, A=0000, X=0008, Y=000E, 00000101
         1709644 | FC | 1080 | ( 5)  LDA $17        | PC=1082, PBR=FC, DBR=E1, S=017F, D=0184, e=0, A=17A0, X=0004, Y=000E, 00000100
         1709645 | FC | 1082 | ( 7)  CMP $E11600, X | PC=1086, PBR=FC, DBR=E1, S=017F, D=0184, e=0, A=17A0, X=0004, Y=000E, 00000111
         1709646 | FC | 1086 | ( 2)  BNE $08 (8)    | PC=1088, PBR=FC, DBR=E1, S=017F, D=0184, e=0, A=17A0, X=0004, Y=000E, 00000111
         1709647 | FC | 1088 | ( 5)  LDA $19        | PC=108A, PBR=FC, DBR=E1, S=017F, D=0184, e=0, A=00E1, X=0004, Y=000E, 00000101
         1709648 | FC | 108A | ( 7)  CMP $E11602, X | PC=108E, PBR=FC, DBR=E1, S=017F, D=0184, e=0, A=00E1, X=0004, Y=000E, 00000111
         1709649 | FC | 108E | ( 3)  BEQ $EC (-20)  | PC=107C, PBR=FC, DBR=E1, S=017F, D=0184, e=0, A=00E1, X=0004, Y=000E, 00000111
         1709639 | FC | 1090 | ( 2)  DEX            | PC=1091, PBR=FC, DBR=E1, S=017F, D=0184, e=0, A=17A0, X=0007, Y=000E, 00000100
         1709640 | FC | 1091 | ( 2)  DEX            | PC=1092, PBR=FC, DBR=E1, S=017F, D=0184, e=0, A=17A0, X=0006, Y=000E, 00000100
         1709641 | FC | 1092 | ( 2)  DEX            | PC=1093, PBR=FC, DBR=E1, S=017F, D=0184, e=0, A=17A0, X=0005, Y=000E, 00000100
         1709642 | FC | 1093 | ( 2)  DEX            | PC=1094, PBR=FC, DBR=E1, S=017F, D=0184, e=0, A=17A0, X=0004, Y=000E, 00000100
         1709643 | FC | 1094 | ( 3)  BPL $EA (-22)  | PC=1080, PBR=FC, DBR=E1, S=017F, D=0184, e=0, A=17A0, X=0004, Y=000E, 00000100
         1710011 | FC | 10A0 | ( 5)  LDA $0B        | PC=10A2, PBR=FC, DBR=E1, S=017E, D=0184, e=0, A=0000, X=0000, Y=FFFE, 00000111
         1710012 | FC | 10A2 | ( 2)  BNE $05 (5)    | PC=10A4, PBR=FC, DBR=E1, S=017E, D=0184, e=0, A=0000, X=0000, Y=FFFE, 00000111
         1710013 | FC | 10A4 | ( 8)  DEC $0D        | PC=10A6, PBR=FC, DBR=E1, S=017E, D=0184, e=0, A=0000, X=0000, Y=FFFE, 10000101
         1710014 | FC | 10A6 | ( 2)  BPL $01 (1)    | PC=10A8, PBR=FC, DBR=E1, S=017E, D=0184, e=0, A=0000, X=0000, Y=FFFE, 10000101
         1710015 | FC | 10A8 | ( 6)  RTL            | PC=080A, PBR=FC, DBR=E1, S=0181, D=0184, e=0, A=0000, X=0000, Y=FFFE, 10000101
         1708494 | FC | 10A9 | ( 8)  DEC $0B        | PC=10AB, PBR=FC, DBR=E1, S=0196, D=019C, e=0, A=01FC, X=D1E1, Y=FC0A, 00000101
         1708495 | FC | 10AB | ( 5)  LDX $03        | PC=10AD, PBR=FC, DBR=E1, S=0196, D=019C, e=0, A=01FC, X=1114, Y=FC0A, 00000101
         1708496 | FC | 10AD | ( 5)  CPX $07        | PC=10AF, PBR=FC, DBR=E1, S=0196, D=019C, e=0, A=01FC, X=1114, Y=FC0A, 10000100
         1708497 | FC | 10AF | ( 5)  LDA $05        | PC=10B1, PBR=FC, DBR=E1, S=0196, D=019C, e=0, A=00FE, X=1114, Y=FC0A, 00000100
         1708498 | FC | 10B1 | ( 5)  SBC $09        | PC=10B3, PBR=FC, DBR=E1, S=0196, D=019C, e=0, A=001D, X=1114, Y=FC0A, 00000101
         1708499 | FC | 10B3 | ( 3)  BCS $6A (106)  | PC=111F, PBR=FC, DBR=E1, S=0196, D=019C, e=0, A=001D, X=1114, Y=FC0A, 00000101
         1708500 | FC | 111F | ( 5)  LDY $07        | PC=1121, PBR=FC, DBR=E1, S=0196, D=019C, e=0, A=001D, X=1114, Y=1E00, 00000101
         1708501 | FC | 1121 | ( 5)  LDA $05        | PC=1123, PBR=FC, DBR=E1, S=0196, D=019C, e=0, A=00FE, X=1114, Y=1E00, 00000101
         1708502 | FC | 1123 | ( 3)  AND #$00FF     | PC=1126, PBR=FC, DBR=E1, S=0196, D=019C, e=0, A=00FE, X=1114, Y=1E00, 00000101
         1708503 | FC | 1126 | ( 3)  ORA #$6B00     | PC=1129, PBR=FC, DBR=E1, S=0196, D=019C, e=0, A=6BFE, X=1114, Y=1E00, 00000101
         1708504 | FC | 1129 | ( 4)  PHA            | PC=112A, PBR=FC, DBR=E1, S=0194, D=019C, e=0, A=6BFE, X=1114, Y=1E00, 00000101
         1708505 | FC | 112A | ( 5)  LDA $09        | PC=112C, PBR=FC, DBR=E1, S=0194, D=019C, e=0, A=00E0, X=1114, Y=1E00, 00000101
         1708506 | FC | 112C | ( 3)  XBA            | PC=112D, PBR=FC, DBR=E1, S=0194, D=019C, e=0, A=E000, X=1114, Y=1E00, 00000111
         1708507 | FC | 112D | ( 3)  ORA #$0054     | PC=1130, PBR=FC, DBR=E1, S=0194, D=019C, e=0, A=E054, X=1114, Y=1E00, 10000101
         1708508 | FC | 1130 | ( 4)  PHA            | PC=1131, PBR=FC, DBR=E1, S=0192, D=019C, e=0, A=E054, X=1114, Y=1E00, 10000101
         1708509 | FC | 1131 | ( 5)  LDA $0B        | PC=1133, PBR=FC, DBR=E1, S=0192, D=019C, e=0, A=01FB, X=1114, Y=1E00, 00000101
         1708510 | FC | 1133 | ( 5)  STA $13        | PC=1135, PBR=FC, DBR=E1, S=0192, D=019C, e=0, A=01FB, X=1114, Y=1E00, 00000101
         1708511 | FC | 1135 | ( 3)  BRA $14 (20)   | PC=114B, PBR=FC, DBR=E1, S=0192, D=019C, e=0, A=01FB, X=1114, Y=1E00, 00000101
         1708512 | FC | 114B | ( 2)  TXA            | PC=114C, PBR=FC, DBR=E1, S=0192, D=019C, e=0, A=1114, X=1114, Y=1E00, 00000101
         1708513 | FC | 114C | ( 3)  EOR #$FFFF     | PC=114F, PBR=FC, DBR=E1, S=0192, D=019C, e=0, A=EEEB, X=1114, Y=1E00, 10000101
         1708514 | FC | 114F | ( 5)  CMP $13        | PC=1151, PBR=FC, DBR=E1, S=0192, D=019C, e=0, A=EEEB, X=1114, Y=1E00, 10000101
         1708515 | FC | 1151 | ( 3)  BCS $02 (2)    | PC=1155, PBR=FC, DBR=E1, S=0192, D=019C, e=0, A=EEEB, X=1114, Y=1E00, 10000101
         1708516 | FC | 1155 | ( 2)  TYA            | PC=1156, PBR=FC, DBR=E1, S=0192, D=019C, e=0, A=1E00, X=1114, Y=1E00, 00000101
         1708517 | FC | 1156 | ( 3)  EOR #$FFFF     | PC=1159, PBR=FC, DBR=E1, S=0192, D=019C, e=0, A=E1FF, X=1114, Y=1E00, 10000101
         1708518 | FC | 1159 | ( 5)  CMP $13        | PC=115B, PBR=FC, DBR=E1, S=0192, D=019C, e=0, A=E1FF, X=1114, Y=1E00, 10000101
         1708519 | FC | 115B | ( 3)  BCS $02 (2)    | PC=115F, PBR=FC, DBR=E1, S=0192, D=019C, e=0, A=E1FF, X=1114, Y=1E00, 10000101
         1708520 | FC | 115F | ( 3)  LDA #$FC11     | PC=1162, PBR=FC, DBR=E1, S=0192, D=019C, e=0, A=FC11, X=1114, Y=1E00, 10000101
         1708521 | FC | 1162 | ( 4)  PHA            | PC=1163, PBR=FC, DBR=E1, S=0190, D=019C, e=0, A=FC11, X=1114, Y=1E00, 10000101
         1708522 | FC | 1163 | ( 3)  LDA #$6F00     | PC=1166, PBR=FC, DBR=E1, S=0190, D=019C, e=0, A=6F00, X=1114, Y=1E00, 00000101
         1708523 | FC | 1166 | ( 4)  PHA            | PC=1167, PBR=FC, DBR=E1, S=018E, D=019C, e=0, A=6F00, X=1114, Y=1E00, 00000101
         1708524 | FC | 1167 | ( 2)  TSC            | PC=1168, PBR=FC, DBR=E1, S=018E, D=019C, e=0, A=018E, X=1114, Y=1E00, 00000101
         1708525 | FC | 1168 | ( 2)  CLC            | PC=1169, PBR=FC, DBR=E1, S=018E, D=019C, e=0, A=018E, X=1114, Y=1E00, 00000100
         1708526 | FC | 1169 | ( 3)  ADC #$0004     | PC=116C, PBR=FC, DBR=E1, S=018E, D=019C, e=0, A=0192, X=1114, Y=1E00, 00000100
         1708527 | FC | 116C | ( 4)  PHA            | PC=116D, PBR=FC, DBR=E1, S=018C, D=019C, e=0, A=0192, X=1114, Y=1E00, 00000100
         1708528 | FC | 116D | ( 5)  LDA $13        | PC=116F, PBR=FC, DBR=E1, S=018C, D=019C, e=0, A=01FB, X=1114, Y=1E00, 00000100
         1708529 | FC | 116F | ( 6)  RTL            | PC=0193, PBR=00, DBR=E1, S=018F, D=019C, e=0, A=01FB, X=1114, Y=1E00, 00000100
         1709039 | FC | 1170 | ( 5)  LDA $0B        | PC=1172, PBR=FC, DBR=E0, S=0192, D=019C, e=0, A=01FB, X=1310, Y=1FFC, 00000100
         1709040 | FC | 1172 | ( 2)  CLC            | PC=1173, PBR=FC, DBR=E0, S=0192, D=019C, e=0, A=01FB, X=1310, Y=1FFC, 00000100
         1709041 | FC | 1173 | ( 5)  SBC $13        | PC=1175, PBR=FC, DBR=E0, S=0192, D=019C, e=0, A=FFFF, X=1310, Y=1FFC, 10000100
         1709042 | FC | 1175 | ( 5)  STA $0B        | PC=1177, PBR=FC, DBR=E0, S=0192, D=019C, e=0, A=FFFF, X=1310, Y=1FFC, 10000100
         1709043 | FC | 1177 | ( 5)  STA $13        | PC=1179, PBR=FC, DBR=E0, S=0192, D=019C, e=0, A=FFFF, X=1310, Y=1FFC, 10000100
         1709044 | FC | 1179 | ( 5)  LDA $0D        | PC=117B, PBR=FC, DBR=E0, S=0192, D=019C, e=0, A=0000, X=1310, Y=1FFC, 00000110
         1709045 | FC | 117B | ( 3)  SBC #$0000     | PC=117E, PBR=FC, DBR=E0, S=0192, D=019C, e=0, A=FFFF, X=1310, Y=1FFC, 10000100
         1709046 | FC | 117E | ( 2)  BPL $B7 (-73)  | PC=1180, PBR=FC, DBR=E0, S=0192, D=019C, e=0, A=FFFF, X=1310, Y=1FFC, 10000100
         1709047 | FC | 1180 | ( 5)  PLA            | PC=1181, PBR=FC, DBR=E0, S=0194, D=019C, e=0, A=E054, X=1310, Y=1FFC, 10000100
         1709048 | FC | 1181 | ( 5)  PLA            | PC=1182, PBR=FC, DBR=E0, S=0196, D=019C, e=0, A=6BFE, X=1310, Y=1FFC, 00000100
         1709049 | FC | 1182 | ( 5)  PEA $E1E1      | PC=1185, PBR=FC, DBR=E0, S=0194, D=019C, e=0, A=6BFE, X=1310, Y=1FFC, 00000100
         1709050 | FC | 1185 | ( 4)  PLB            | PC=1186, PBR=FC, DBR=E1, S=0195, D=019C, e=0, A=6BFE, X=1310, Y=1FFC, 10000100
         1709051 | FC | 1186 | ( 4)  PLB            | PC=1187, PBR=FC, DBR=E1, S=0196, D=019C, e=0, A=6BFE, X=1310, Y=1FFC, 10000100
         1709052 | FC | 1187 | ( 6)  RTL            | PC=0AEE, PBR=FC, DBR=E1, S=0199, D=019C, e=0, A=6BFE, X=1310, Y=1FFC, 10000100
         1912556 | FC | 1490 | ( 3)  LDA #$0000     | PC=1493, PBR=FC, DBR=00, S=01E1, D=0000, e=0, A=0000, X=0000, Y=00C0, 00000110
         1912557 | FC | 1493 | ( 6)  STA $E11628    | PC=1497, PBR=FC, DBR=00, S=01E1, D=0000, e=0, A=0000, X=0000, Y=00C0, 00000110
         1912558 | FC | 1497 | ( 6)  STA $E1162A    | PC=149B, PBR=FC, DBR=00, S=01E1, D=0000, e=0, A=0000, X=0000, Y=00C0, 00000110
         1912559 | FC | 149B | ( 6)  STA $E1162C    | PC=149F, PBR=FC, DBR=00, S=01E1, D=0000, e=0, A=0000, X=0000, Y=00C0, 00000110
         1912560 | FC | 149F | ( 6)  STA $E1162E    | PC=14A3, PBR=FC, DBR=00, S=01E1, D=0000, e=0, A=0000, X=0000, Y=00C0, 00000110
         1912561 | FC | 14A3 | ( 6)  RTS            | PC=048E, PBR=FC, DBR=00, S=01E3, D=0000, e=0, A=0000, X=0000, Y=00C0, 00000110
         1951543 | FC | 14B3 | ( 5)  STZ $1642      | PC=14B6, PBR=FC, DBR=E1, S=01AC, D=01B3, e=0, A=0000, X=000A, Y=FC16, 00000110
         1951544 | FC | 14B6 | ( 5)  STZ $1644      | PC=14B9, PBR=FC, DBR=E1, S=01AC, D=01B3, e=0, A=0000, X=000A, Y=FC16, 00000110
         1951545 | FC | 14B9 | ( 5)  STZ $1646      | PC=14BC, PBR=FC, DBR=E1, S=01AC, D=01B3, e=0, A=0000, X=000A, Y=FC16, 00000110
         1951546 | FC | 14BC | ( 5)  STZ $1648      | PC=14BF, PBR=FC, DBR=E1, S=01AC, D=01B3, e=0, A=0000, X=000A, Y=FC16, 00000110
         1951547 | FC | 14BF | ( 5)  STZ $164A      | PC=14C2, PBR=FC, DBR=E1, S=01AC, D=01B3, e=0, A=0000, X=000A, Y=FC16, 00000110
         1951548 | FC | 14C2 | ( 5)  PEA $0000      | PC=14C5, PBR=FC, DBR=E1, S=01AA, D=01B3, e=0, A=0000, X=000A, Y=FC16, 00000110
         1951549 | FC | 14C5 | ( 5)  PEA $0000      | PC=14C8, PBR=FC, DBR=E1, S=01A8, D=01B3, e=0, A=0000, X=000A, Y=FC16, 00000110
         1951550 | FC | 14C8 | ( 3)  LDX #$1D02     | PC=14CB, PBR=FC, DBR=E1, S=01A8, D=01B3, e=0, A=0000, X=1D02, Y=FC16, 00000100
         1951551 | FC | 14CB | ( 8)  JSL $E10000    | PC=0000, PBR=E1, DBR=E1, S=01A5, D=01B3, e=0, A=0000, X=1D02, Y=FC16, 00000100
         1951688 | FC | 14CF | ( 5)  PLA            | PC=14D0, PBR=FC, DBR=E1, S=01AA, D=01B3, e=0, A=0000, X=01A2, Y=FC08, 00000110
         1951689 | FC | 14D0 | ( 5)  PLA            | PC=14D1, PBR=FC, DBR=E1, S=01AC, D=01B3, e=0, A=0012, X=01A2, Y=FC08, 00000100
         1951690 | FC | 14D1 | ( 3)  SEP #$0030     | PC=14D3, PBR=FC, DBR=E1, S=01AC, D=01B3, e=0, A=12, X=A2, Y=08, 00110100
         1951691 | FC | 14D3 | ( 2)  DEC            | PC=14D4, PBR=FC, DBR=E1, S=01AC, D=01B3, e=0, A=11, X=A2, Y=08, 00110100
         1951692 | FC | 14D4 | ( 2)  DEC            | PC=14D5, PBR=FC, DBR=E1, S=01AC, D=01B3, e=0, A=10, X=A2, Y=08, 00110100
         1951693 | FC | 14D5 | ( 2)  ASL            | PC=14D6, PBR=FC, DBR=E1, S=01AC, D=01B3, e=0, A=20, X=A2, Y=08, 00110100
         1951694 | FC | 14D6 | ( 4)  CMP $02F7      | PC=14D9, PBR=FC, DBR=E1, S=01AC, D=01B3, e=0, A=20, X=A2, Y=08, 00110101
         1951695 | FC | 14D9 | ( 2)  BCC $03 (3)    | PC=14DB, PBR=FC, DBR=E1, S=01AC, D=01B3, e=0, A=20, X=A2, Y=08, 00110101
         1951696 | FC | 14DB | ( 4)  LDA $02F7      | PC=14DE, PBR=FC, DBR=E1, S=01AC, D=01B3, e=0, A=00, X=A2, Y=08, 00110111
         1951697 | FC | 14DE | ( 2)  TAX            | PC=14DF, PBR=FC, DBR=E1, S=01AC, D=01B3, e=0, A=00, X=00, Y=08, 00110111
         1951698 | FC | 14DF | ( 3)  REP #$0030     | PC=14E1, PBR=FC, DBR=E1, S=01AC, D=01B3, e=0, A=0000, X=0000, Y=0008, 00000111
         1951699 | FC | 14E1 | ( 2)  TXA            | PC=14E2, PBR=FC, DBR=E1, S=01AC, D=01B3, e=0, A=0000, X=0000, Y=0008, 00000111
         1951700 | FC | 14E2 | ( 3)  BEQ $6F (111)  | PC=1553, PBR=FC, DBR=E1, S=01AC, D=01B3, e=0, A=0000, X=0000, Y=0008, 00000111
         1951701 | FC | 1553 | ( 2)  SEC            | PC=1554, PBR=FC, DBR=E1, S=01AC, D=01B3, e=0, A=0000, X=0000, Y=0008, 00000111
         1951702 | FC | 1554 | ( 6)  RTS            | PC=176D, PBR=FC, DBR=E1, S=01AE, D=01B3, e=0, A=0000, X=0000, Y=0008, 00000111
         1951532 | FC | 1593 | ( 3)  CMP #$0005     | PC=1596, PBR=FC, DBR=E1, S=01AE, D=01B3, e=0, A=0005, X=59E1, Y=FC16, 00000111
         1951533 | FC | 1596 | ( 3)  BEQ $6B (107)  | PC=1603, PBR=FC, DBR=E1, S=01AE, D=01B3, e=0, A=0005, X=59E1, Y=FC16, 00000111
         1951534 | FC | 1603 | ( 6)  RTS            | PC=1676, PBR=FC, DBR=E1, S=01B0, D=01B3, e=0, A=0005, X=59E1, Y=FC16, 00000111
         1951488 | FC | 1656 | ( 8)  JSL $FC0189    | PC=0189, PBR=FC, DBR=E1, S=01D6, D=0000, e=0, A=0000, X=0A0D, Y=0000, 00000110
         1951527 | FC | 165A | ( 6)  LDA $000045    | PC=165E, PBR=FC, DBR=E1, S=01B0, D=01B3, e=0, A=0205, X=59E1, Y=FC16, 00000101
         1951528 | FC | 165E | ( 3)  AND #$00FF     | PC=1661, PBR=FC, DBR=E1, S=01B0, D=01B3, e=0, A=0005, X=59E1, Y=FC16, 00000101
         1951529 | FC | 1661 | ( 3)  CMP #$000A     | PC=1664, PBR=FC, DBR=E1, S=01B0, D=01B3, e=0, A=0005, X=59E1, Y=FC16, 10000100
         1951530 | FC | 1664 | ( 3)  BCC $0D (13)   | PC=1673, PBR=FC, DBR=E1, S=01B0, D=01B3, e=0, A=0005, X=59E1, Y=FC16, 10000100
         1951531 | FC | 1673 | ( 6)  JSR $1593      | PC=1593, PBR=FC, DBR=E1, S=01AE, D=01B3, e=0, A=0005, X=59E1, Y=FC16, 10000100
         1951535 | FC | 1676 | ( 2)  ASL            | PC=1677, PBR=FC, DBR=E1, S=01B0, D=01B3, e=0, A=000A, X=59E1, Y=FC16, 00000100
         1951536 | FC | 1677 | ( 2)  TAX            | PC=1678, PBR=FC, DBR=E1, S=01B0, D=01B3, e=0, A=000A, X=000A, Y=FC16, 00000100
         1951537 | FC | 1678 | ( 8)  JSR ($1688, X) | PC=175E, PBR=FC, DBR=E1, S=01AE, D=01B3, e=0, A=000A, X=000A, Y=FC16, 00000100
         1951707 | FC | 167B | ( 3)  SEP #$0020     | PC=167D, PBR=FC, DBR=E1, S=01B0, D=01B3, e=0, A=28, X=0000, Y=0008, 00100101
         1951708 | FC | 167D | ( 4)  LDA $01        | PC=167F, PBR=FC, DBR=E1, S=01B0, D=01B3, e=0, A=28, X=0000, Y=0008, 00100101
         1951709 | FC | 167F | ( 5)  STA $000050    | PC=1683, PBR=FC, DBR=E1, S=01B0, D=01B3, e=0, A=28, X=0000, Y=0008, 00100101
         1951710 | FC | 1683 | ( 3)  REP #$0020     | PC=1685, PBR=FC, DBR=E1, S=01B0, D=01B3, e=0, A=0028, X=0000, Y=0008, 00000101
         1951711 | FC | 1685 | ( 3)  JMP $01C4      | PC=01C4, PBR=FC, DBR=E1, S=01B0, D=01B3, e=0, A=0028, X=0000, Y=0008, 00000101
         1951538 | FC | 175E | ( 3)  LDA #$0000     | PC=1761, PBR=FC, DBR=E1, S=01AE, D=01B3, e=0, A=0000, X=000A, Y=FC16, 00000110
         1951539 | FC | 1761 | ( 6)  STA $000051    | PC=1765, PBR=FC, DBR=E1, S=01AE, D=01B3, e=0, A=0000, X=000A, Y=FC16, 00000110
         1951540 | FC | 1765 | ( 5)  LDA $1640      | PC=1768, PBR=FC, DBR=E1, S=01AE, D=01B3, e=0, A=0000, X=000A, Y=FC16, 00000110
         1951541 | FC | 1768 | ( 2)  BNE $0A (10)   | PC=176A, PBR=FC, DBR=E1, S=01AE, D=01B3, e=0, A=0000, X=000A, Y=FC16, 00000110
         1951542 | FC | 176A | ( 6)  JSR $14B3      | PC=14B3, PBR=FC, DBR=E1, S=01AC, D=01B3, e=0, A=0000, X=000A, Y=FC16, 00000110
         1951703 | FC | 176D | ( 2)  BCC $05 (5)    | PC=176F, PBR=FC, DBR=E1, S=01AE, D=01B3, e=0, A=0000, X=0000, Y=0008, 00000111
         1951704 | FC | 176F | ( 3)  LDA #$0028     | PC=1772, PBR=FC, DBR=E1, S=01AE, D=01B3, e=0, A=0028, X=0000, Y=0008, 00000101
         1951705 | FC | 1772 | ( 5)  STA $01        | PC=1774, PBR=FC, DBR=E1, S=01AE, D=01B3, e=0, A=0028, X=0000, Y=0008, 00000101
         1951706 | FC | 1774 | ( 6)  RTS            | PC=167B, PBR=FC, DBR=E1, S=01B0, D=01B3, e=0, A=0028, X=0000, Y=0008, 00000101
         1909584 | FC | 47F9 | ( 3)  JMP $5766      | PC=5766, PBR=FC, DBR=00, S=01D4, D=01DE, e=0, A=0000, X=0114, Y=0000, 00000110
         1909585 | FC | 5766 | ( 3)  LDY #$0000     | PC=5769, PBR=FC, DBR=00, S=01D4, D=01DE, e=0, A=0000, X=0114, Y=0000, 00000110
         1909586 | FC | 5769 | ( 4)  JML $FEFCED    | PC=FCED, PBR=FE, DBR=00, S=01D4, D=01DE, e=0, A=0000, X=0114, Y=0000, 00000110
         1909683 | FC | 6742 | ( 3)  LDA #$0000     | PC=6745, PBR=FC, DBR=00, S=01D4, D=01DE, e=0, A=0000, X=0115, Y=0000, 00000110
         1909684 | FC | 6745 | ( 2)  CLC            | PC=6746, PBR=FC, DBR=00, S=01D4, D=01DE, e=0, A=0000, X=0115, Y=0000, 00000110
         1909685 | FC | 6746 | ( 6)  RTL            | PC=0138, PBR=FE, DBR=00, S=01D7, D=01DE, e=0, A=0000, X=0115, Y=0000, 00000110
         1909752 | FC | 93D2 | ( 8)  JSL $E10064    | PC=0064, PBR=E1, DBR=00, S=01D1, D=01DE, e=0, A=0000, X=0116, Y=0000, 00000110
         1909763 | FC | 93D6 | ( 4)  PHD            | PC=93D7, PBR=FC, DBR=00, S=01D2, D=01DE, e=0, A=0000, X=0116, Y=0000, 00000110
         1909764 | FC | 93D7 | ( 3)  PHB            | PC=93D8, PBR=FC, DBR=00, S=01D1, D=01DE, e=0, A=0000, X=0116, Y=0000, 00000110
         1909765 | FC | 93D8 | ( 3)  PHK            | PC=93D9, PBR=FC, DBR=00, S=01D0, D=01DE, e=0, A=0000, X=0116, Y=0000, 00000110
         1909766 | FC | 93D9 | ( 4)  PLB            | PC=93DA, PBR=FC, DBR=FC, S=01D1, D=01DE, e=0, A=0000, X=0116, Y=0000, 10000100
         1909767 | FC | 93DA | ( 3)  CPY #$0000     | PC=93DD, PBR=FC, DBR=FC, S=01D1, D=01DE, e=0, A=0000, X=0116, Y=0000, 00000111
         1909768 | FC | 93DD | ( 3)  BEQ $27 (39)   | PC=9406, PBR=FC, DBR=FC, S=01D1, D=01DE, e=0, A=0000, X=0116, Y=0000, 00000111
         1909769 | FC | 9406 | ( 5)  PEA $0000      | PC=9409, PBR=FC, DBR=FC, S=01CF, D=01DE, e=0, A=0000, X=0116, Y=0000, 00000111
         1909770 | FC | 9409 | ( 5)  PEA $0000      | PC=940C, PBR=FC, DBR=FC, S=01CD, D=01DE, e=0, A=0000, X=0116, Y=0000, 00000111
         1909771 | FC | 940C | ( 5)  PEA $0000      | PC=940F, PBR=FC, DBR=FC, S=01CB, D=01DE, e=0, A=0000, X=0116, Y=0000, 00000111
         1909772 | FC | 940F | ( 5)  PEA $005B      | PC=9412, PBR=FC, DBR=FC, S=01C9, D=01DE, e=0, A=0000, X=0116, Y=0000, 00000111
         1909773 | FC | 9412 | ( 5)  PEA $4201      | PC=9415, PBR=FC, DBR=FC, S=01C7, D=01DE, e=0, A=0000, X=0116, Y=0000, 00000111
         1909774 | FC | 9415 | ( 5)  PEA $8008      | PC=9418, PBR=FC, DBR=FC, S=01C5, D=01DE, e=0, A=0000, X=0116, Y=0000, 00000111
         1909775 | FC | 9418 | ( 5)  PEA $0000      | PC=941B, PBR=FC, DBR=FC, S=01C3, D=01DE, e=0, A=0000, X=0116, Y=0000, 00000111
         1909776 | FC | 941B | ( 5)  PEA $0000      | PC=941E, PBR=FC, DBR=FC, S=01C1, D=01DE, e=0, A=0000, X=0116, Y=0000, 00000111
         1909777 | FC | 941E | ( 3)  LDX #$0902     | PC=9421, PBR=FC, DBR=FC, S=01C1, D=01DE, e=0, A=0000, X=0902, Y=0000, 00000101
         1909778 | FC | 9421 | ( 8)  JSL $E10000    | PC=0000, PBR=E1, DBR=FC, S=01BE, D=01DE, e=0, A=0000, X=0902, Y=0000, 00000101
         1910173 | FC | 9425 | ( 3)  BCC $03 (3)    | PC=942A, PBR=FC, DBR=FC, S=01CD, D=01DE, e=0, A=0000, X=01C7, Y=FFFE, 10000100
         1910174 | FC | 942A | ( 5)  PEA $0000      | PC=942D, PBR=FC, DBR=FC, S=01CB, D=01DE, e=0, A=0000, X=01C7, Y=FFFE, 10000100
         1910175 | FC | 942D | ( 5)  PEA $0000      | PC=9430, PBR=FC, DBR=FC, S=01C9, D=01DE, e=0, A=0000, X=01C7, Y=FFFE, 10000100
         1910176 | FC | 9430 | ( 5)  PEA $0000      | PC=9433, PBR=FC, DBR=FC, S=01C7, D=01DE, e=0, A=0000, X=01C7, Y=FFFE, 10000100
         1910177 | FC | 9433 | ( 5)  PEA $0002      | PC=9436, PBR=FC, DBR=FC, S=01C5, D=01DE, e=0, A=0000, X=01C7, Y=FFFE, 10000100
         1910178 | FC | 9436 | ( 5)  PEA $4201      | PC=9439, PBR=FC, DBR=FC, S=01C3, D=01DE, e=0, A=0000, X=01C7, Y=FFFE, 10000100
         1910179 | FC | 9439 | ( 5)  PEA $0008      | PC=943C, PBR=FC, DBR=FC, S=01C1, D=01DE, e=0, A=0000, X=01C7, Y=FFFE, 10000100
         1910180 | FC | 943C | ( 5)  PEA $0000      | PC=943F, PBR=FC, DBR=FC, S=01BF, D=01DE, e=0, A=0000, X=01C7, Y=FFFE, 10000100
         1910181 | FC | 943F | ( 5)  PEA $0000      | PC=9442, PBR=FC, DBR=FC, S=01BD, D=01DE, e=0, A=0000, X=01C7, Y=FFFE, 10000100
         1910182 | FC | 9442 | ( 3)  LDX #$0902     | PC=9445, PBR=FC, DBR=FC, S=01BD, D=01DE, e=0, A=0000, X=0902, Y=FFFE, 00000100
         1910183 | FC | 9445 | ( 8)  JSL $E10000    | PC=0000, PBR=E1, DBR=FC, S=01BA, D=01DE, e=0, A=0000, X=0902, Y=FFFE, 00000100
         1910578 | FC | 9449 | ( 3)  BCC $03 (3)    | PC=944E, PBR=FC, DBR=FC, S=01C9, D=01DE, e=0, A=0000, X=01C3, Y=FFFE, 10000100
         1910579 | FC | 944E | ( 4)  PHA            | PC=944F, PBR=FC, DBR=FC, S=01C7, D=01DE, e=0, A=0000, X=01C3, Y=FFFE, 10000100
         1910580 | FC | 944F | ( 4)  PHA            | PC=9450, PBR=FC, DBR=FC, S=01C5, D=01DE, e=0, A=0000, X=01C3, Y=FFFE, 10000100
         1910581 | FC | 9450 | ( 4)  PHA            | PC=9451, PBR=FC, DBR=FC, S=01C3, D=01DE, e=0, A=0000, X=01C3, Y=FFFE, 10000100
         1910582 | FC | 9451 | ( 4)  PHA            | PC=9452, PBR=FC, DBR=FC, S=01C1, D=01DE, e=0, A=0000, X=01C3, Y=FFFE, 10000100
         1910583 | FC | 9452 | ( 2)  TSC            | PC=9453, PBR=FC, DBR=FC, S=01C1, D=01DE, e=0, A=01C1, X=01C3, Y=FFFE, 00000100
         1910584 | FC | 9453 | ( 2)  TCD            | PC=9454, PBR=FC, DBR=FC, S=01C1, D=01C1, e=0, A=01C1, X=01C3, Y=FFFE, 00000100
         1910585 | FC | 9454 | ( 8)  LDA [$0D]      | PC=9456, PBR=FC, DBR=FC, S=01C1, D=01C1, e=0, A=FEAD, X=01C3, Y=FFFE, 10000100
         1910586 | FC | 9456 | ( 5)  STA $01        | PC=9458, PBR=FC, DBR=FC, S=01C1, D=01C1, e=0, A=FEAD, X=01C3, Y=FFFE, 10000100
         1910587 | FC | 9458 | ( 3)  LDY #$0002     | PC=945B, PBR=FC, DBR=FC, S=01C1, D=01C1, e=0, A=FEAD, X=01C3, Y=0002, 00000100
         1910588 | FC | 945B | ( 9)  LDA [$0D], Y   | PC=945D, PBR=FC, DBR=FC, S=01C1, D=01C1, e=0, A=000F, X=01C3, Y=0002, 00000100
         1910589 | FC | 945D | ( 5)  STA $03        | PC=945F, PBR=FC, DBR=FC, S=01C1, D=01C1, e=0, A=000F, X=01C3, Y=0002, 00000100
         1910590 | FC | 945F | ( 8)  LDA [$09]      | PC=9461, PBR=FC, DBR=FC, S=01C1, D=01C1, e=0, A=FEAB, X=01C3, Y=0002, 10000100
         1910591 | FC | 9461 | ( 5)  STA $05        | PC=9463, PBR=FC, DBR=FC, S=01C1, D=01C1, e=0, A=FEAB, X=01C3, Y=0002, 10000100
         1910592 | FC | 9463 | ( 9)  LDA [$09], Y   | PC=9465, PBR=FC, DBR=FC, S=01C1, D=01C1, e=0, A=000F, X=01C3, Y=0002, 00000100
         1910593 | FC | 9465 | ( 5)  STA $07        | PC=9467, PBR=FC, DBR=FC, S=01C1, D=01C1, e=0, A=000F, X=01C3, Y=0002, 00000100
         1910594 | FC | 9467 | ( 5)  LDA $09        | PC=9469, PBR=FC, DBR=FC, S=01C1, D=01C1, e=0, A=17F0, X=01C3, Y=0002, 00000100
         1910595 | FC | 9469 | ( 3)  LDY #$002E     | PC=946C, PBR=FC, DBR=FC, S=01C1, D=01C1, e=0, A=17F0, X=01C3, Y=002E, 00000100
         1910596 | FC | 946C | ( 8)  STA [$01], Y   | PC=946E, PBR=FC, DBR=FC, S=01C1, D=01C1, e=0, A=17F0, X=01C3, Y=002E, 00000100
         1910597 | FC | 946E | ( 2)  INY            | PC=946F, PBR=FC, DBR=FC, S=01C1, D=01C1, e=0, A=17F0, X=01C3, Y=002F, 00000100
         1910598 | FC | 946F | ( 2)  INY            | PC=9470, PBR=FC, DBR=FC, S=01C1, D=01C1, e=0, A=17F0, X=01C3, Y=0030, 00000100
         1910599 | FC | 9470 | ( 5)  LDA $0B        | PC=9472, PBR=FC, DBR=FC, S=01C1, D=01C1, e=0, A=00E1, X=01C3, Y=0030, 00000100
         1910600 | FC | 9472 | ( 8)  STA [$01], Y   | PC=9474, PBR=FC, DBR=FC, S=01C1, D=01C1, e=0, A=00E1, X=01C3, Y=0030, 00000100
         1910601 | FC | 9474 | ( 3)  LDA #$9578     | PC=9477, PBR=FC, DBR=FC, S=01C1, D=01C1, e=0, A=9578, X=01C3, Y=0030, 10000100
         1910602 | FC | 9477 | ( 3)  LDY #$003A     | PC=947A, PBR=FC, DBR=FC, S=01C1, D=01C1, e=0, A=9578, X=01C3, Y=003A, 00000100
         1910603 | FC | 947A | ( 8)  STA [$01], Y   | PC=947C, PBR=FC, DBR=FC, S=01C1, D=01C1, e=0, A=9578, X=01C3, Y=003A, 00000100
         1910604 | FC | 947C | ( 3)  LDA #$00FC     | PC=947F, PBR=FC, DBR=FC, S=01C1, D=01C1, e=0, A=00FC, X=01C3, Y=003A, 00000100
         1910605 | FC | 947F | ( 2)  INY            | PC=9480, PBR=FC, DBR=FC, S=01C1, D=01C1, e=0, A=00FC, X=01C3, Y=003B, 00000100
         1910606 | FC | 9480 | ( 2)  INY            | PC=9481, PBR=FC, DBR=FC, S=01C1, D=01C1, e=0, A=00FC, X=01C3, Y=003C, 00000100
         1910607 | FC | 9481 | ( 8)  STA [$01], Y   | PC=9483, PBR=FC, DBR=FC, S=01C1, D=01C1, e=0, A=00FC, X=01C3, Y=003C, 00000100
         1910608 | FC | 9483 | ( 3)  LDA #$0000     | PC=9486, PBR=FC, DBR=FC, S=01C1, D=01C1, e=0, A=0000, X=01C3, Y=003C, 00000110
         1910609 | FC | 9486 | ( 8)  STA [$05]      | PC=9488, PBR=FC, DBR=FC, S=01C1, D=01C1, e=0, A=0000, X=01C3, Y=003C, 00000110
         1910610 | FC | 9488 | ( 3)  LDA #$0000     | PC=948B, PBR=FC, DBR=FC, S=01C1, D=01C1, e=0, A=0000, X=01C3, Y=003C, 00000110
         1910611 | FC | 948B | ( 3)  LDY #$0032     | PC=948E, PBR=FC, DBR=FC, S=01C1, D=01C1, e=0, A=0000, X=01C3, Y=0032, 00000100
         1910612 | FC | 948E | ( 8)  STA [$01], Y   | PC=9490, PBR=FC, DBR=FC, S=01C1, D=01C1, e=0, A=0000, X=01C3, Y=0032, 00000100
         1910613 | FC | 9490 | ( 6)  LDA $E100A8    | PC=9494, PBR=FC, DBR=FC, S=01C1, D=01C1, e=0, A=0000, X=01C3, Y=0032, 00000110
         1910614 | FC | 9494 | ( 3)  AND #$00FF     | PC=9497, PBR=FC, DBR=FC, S=01C1, D=01C1, e=0, A=0000, X=01C3, Y=0032, 00000110
         1910615 | FC | 9497 | ( 3)  CMP #$005C     | PC=949A, PBR=FC, DBR=FC, S=01C1, D=01C1, e=0, A=0000, X=01C3, Y=0032, 10000100
         1910616 | FC | 949A | ( 3)  BNE $4A (74)   | PC=94E6, PBR=FC, DBR=FC, S=01C1, D=01C1, e=0, A=0000, X=01C3, Y=0032, 10000100
         1910617 | FC | 94E6 | ( 3)  LDA #$0001     | PC=94E9, PBR=FC, DBR=FC, S=01C1, D=01C1, e=0, A=0001, X=01C3, Y=0032, 00000100
         1910618 | FC | 94E9 | ( 3)  LDY #$0032     | PC=94EC, PBR=FC, DBR=FC, S=01C1, D=01C1, e=0, A=0001, X=01C3, Y=0032, 00000100
         1910619 | FC | 94EC | ( 8)  STA [$01], Y   | PC=94EE, PBR=FC, DBR=FC, S=01C1, D=01C1, e=0, A=0001, X=01C3, Y=0032, 00000100
         1910620 | FC | 94EE | ( 3)  LDA #$0000     | PC=94F1, PBR=FC, DBR=FC, S=01C1, D=01C1, e=0, A=0000, X=01C3, Y=0032, 00000110
         1910621 | FC | 94F1 | ( 3)  LDY #$0034     | PC=94F4, PBR=FC, DBR=FC, S=01C1, D=01C1, e=0, A=0000, X=01C3, Y=0034, 00000100
         1910622 | FC | 94F4 | ( 8)  STA [$01], Y   | PC=94F6, PBR=FC, DBR=FC, S=01C1, D=01C1, e=0, A=0000, X=01C3, Y=0034, 00000100
         1910623 | FC | 94F6 | ( 5)  PEA $0000      | PC=94F9, PBR=FC, DBR=FC, S=01BF, D=01C1, e=0, A=0000, X=01C3, Y=0034, 00000100
         1910624 | FC | 94F9 | ( 5)  PEA $0016      | PC=94FC, PBR=FC, DBR=FC, S=01BD, D=01C1, e=0, A=0000, X=01C3, Y=0034, 00000100
         1910625 | FC | 94FC | ( 5)  LDA $0F        | PC=94FE, PBR=FC, DBR=FC, S=01BD, D=01C1, e=0, A=00E1, X=01C3, Y=0034, 00000100
         1910626 | FC | 94FE | ( 4)  PHA            | PC=94FF, PBR=FC, DBR=FC, S=01BB, D=01C1, e=0, A=00E1, X=01C3, Y=0034, 00000100
         1910627 | FC | 94FF | ( 5)  LDA $0D        | PC=9501, PBR=FC, DBR=FC, S=01BB, D=01C1, e=0, A=17DC, X=01C3, Y=0034, 00000100
         1910628 | FC | 9501 | ( 4)  PHA            | PC=9502, PBR=FC, DBR=FC, S=01B9, D=01C1, e=0, A=17DC, X=01C3, Y=0034, 00000100
         1910629 | FC | 9502 | ( 3)  LDX #$0D01     | PC=9505, PBR=FC, DBR=FC, S=01B9, D=01C1, e=0, A=17DC, X=0D01, Y=0034, 00000100
         1910630 | FC | 9505 | ( 8)  JSL $E10000    | PC=0000, PBR=E1, DBR=FC, S=01B6, D=01C1, e=0, A=17DC, X=0D01, Y=0034, 00000100
         1910755 | FC | 9509 | ( 3)  LDY #$0004     | PC=950C, PBR=FC, DBR=FC, S=01C1, D=01C1, e=0, A=0000, X=0000, Y=0004, 00000100
         1910756 | FC | 950C | ( 9)  LDA [$0D], Y   | PC=950E, PBR=FC, DBR=FC, S=01C1, D=01C1, e=0, A=8008, X=0000, Y=0004, 10000100
         1910757 | FC | 950E | ( 3)  AND #$7FFF     | PC=9511, PBR=FC, DBR=FC, S=01C1, D=01C1, e=0, A=0008, X=0000, Y=0004, 00000100
         1910758 | FC | 9511 | ( 8)  STA [$0D], Y   | PC=9513, PBR=FC, DBR=FC, S=01C1, D=01C1, e=0, A=0008, X=0000, Y=0004, 00000100
         1910759 | FC | 9513 | ( 5)  PLA            | PC=9514, PBR=FC, DBR=FC, S=01C3, D=01C1, e=0, A=FEAD, X=0000, Y=0004, 10000100
         1910760 | FC | 9514 | ( 5)  PLA            | PC=9515, PBR=FC, DBR=FC, S=01C5, D=01C1, e=0, A=000F, X=0000, Y=0004, 00000100
         1910761 | FC | 9515 | ( 5)  PLA            | PC=9516, PBR=FC, DBR=FC, S=01C7, D=01C1, e=0, A=FEAB, X=0000, Y=0004, 10000100
         1910762 | FC | 9516 | ( 5)  PLA            | PC=9517, PBR=FC, DBR=FC, S=01C9, D=01C1, e=0, A=000F, X=0000, Y=0004, 00000100
         1910763 | FC | 9517 | ( 5)  PLA            | PC=9518, PBR=FC, DBR=FC, S=01CB, D=01C1, e=0, A=17F0, X=0000, Y=0004, 00000100
         1910764 | FC | 9518 | ( 5)  PLA            | PC=9519, PBR=FC, DBR=FC, S=01CD, D=01C1, e=0, A=00E1, X=0000, Y=0004, 00000100
         1910765 | FC | 9519 | ( 5)  PLA            | PC=951A, PBR=FC, DBR=FC, S=01CF, D=01C1, e=0, A=17DC, X=0000, Y=0004, 00000100
         1910766 | FC | 951A | ( 5)  PLA            | PC=951B, PBR=FC, DBR=FC, S=01D1, D=01C1, e=0, A=00E1, X=0000, Y=0004, 00000100
         1910767 | FC | 951B | ( 4)  PLB            | PC=951C, PBR=FC, DBR=00, S=01D2, D=01C1, e=0, A=00E1, X=0000, Y=0004, 00000110
         1910768 | FC | 951C | ( 3)  LDY #$0000     | PC=951F, PBR=FC, DBR=00, S=01D2, D=01C1, e=0, A=00E1, X=0000, Y=0000, 00000110
         1910769 | FC | 951F | ( 4)  JML $FEFCAA    | PC=FCAA, PBR=FE, DBR=00, S=01D2, D=01C1, e=0, A=00E1, X=0000, Y=0000, 00000110
         1911135 | FC | A091 | ( 3)  JMP $C182      | PC=C182, PBR=FC, DBR=00, S=01D4, D=01DE, e=0, A=0000, X=011B, Y=0000, 00000110
         1911136 | FC | C182 | ( 3)  LDY #$0000     | PC=C185, PBR=FC, DBR=00, S=01D4, D=01DE, e=0, A=0000, X=011B, Y=0000, 00000110
         1911137 | FC | C185 | ( 4)  JML $FEFCED    | PC=FCED, PBR=FE, DBR=00, S=01D4, D=01DE, e=0, A=0000, X=011B, Y=0000, 00000110
         1908579 | FC | CBB8 | ( 3)  LDX #$0000     | PC=CBBB, PBR=FC, DBR=00, S=01D4, D=01DE, e=0, A=0000, X=0000, Y=0000, 00000110
         1908580 | FC | CBBB | ( 3)  BRA $01 (1)    | PC=CBBE, PBR=FC, DBR=00, S=01D4, D=01DE, e=0, A=0000, X=0000, Y=0000, 00000110
         1908581 | FC | CBBE | ( 2)  TYA            | PC=CBBF, PBR=FC, DBR=00, S=01D4, D=01DE, e=0, A=0000, X=0000, Y=0000, 00000110
         1908582 | FC | CBBF | ( 2)  TXY            | PC=CBC0, PBR=FC, DBR=00, S=01D4, D=01DE, e=0, A=0000, X=0000, Y=0000, 00000110
         1908583 | FC | CBC0 | ( 2)  TAX            | PC=CBC1, PBR=FC, DBR=00, S=01D4, D=01DE, e=0, A=0000, X=0000, Y=0000, 00000110
         1908584 | FC | CBC1 | ( 3)  CPX #$0000     | PC=CBC4, PBR=FC, DBR=00, S=01D4, D=01DE, e=0, A=0000, X=0000, Y=0000, 00000111
         1908585 | FC | CBC4 | ( 3)  BEQ $1E (30)   | PC=CBE4, PBR=FC, DBR=00, S=01D4, D=01DE, e=0, A=0000, X=0000, Y=0000, 00000111
         1908586 | FC | CBE4 | ( 2)  TYA            | PC=CBE5, PBR=FC, DBR=00, S=01D4, D=01DE, e=0, A=0000, X=0000, Y=0000, 00000111
         1908587 | FC | CBE5 | ( 3)  CMP #$0001     | PC=CBE8, PBR=FC, DBR=00, S=01D4, D=01DE, e=0, A=0000, X=0000, Y=0000, 10000100
         1908588 | FC | CBE8 | ( 3)  BCC $03 (3)    | PC=CBED, PBR=FC, DBR=00, S=01D4, D=01DE, e=0, A=0000, X=0000, Y=0000, 10000100
         1908589 | FC | CBED | ( 6)  RTL            | PC=0138, PBR=FE, DBR=00, S=01D7, D=01DE, e=0, A=0000, X=0000, Y=0000, 10000100
         1711773 | FC | CBEE | ( 3)  PHP            | PC=CBEF, PBR=FC, DBR=00, S=01D3, D=01DE, e=0, A=0000, X=0108, Y=0000, 00000110
         1711774 | FC | CBEF | ( 2)  SEI            | PC=CBF0, PBR=FC, DBR=00, S=01D3, D=01DE, e=0, A=0000, X=0108, Y=0000, 00000110
         1711775 | FC | CBF0 | ( 3)  LDA #$006B     | PC=CBF3, PBR=FC, DBR=00, S=01D3, D=01DE, e=0, A=006B, X=0108, Y=0000, 00000100
         1711776 | FC | CBF3 | ( 6)  STA $E101B2    | PC=CBF7, PBR=FC, DBR=00, S=01D3, D=01DE, e=0, A=006B, X=0108, Y=0000, 00000100
         1711777 | FC | CBF7 | ( 6)  STA $E11DD8    | PC=CBFB, PBR=FC, DBR=00, S=01D3, D=01DE, e=0, A=006B, X=0108, Y=0000, 00000100
         1711778 | FC | CBFB | ( 6)  JSR $CE9D      | PC=CE9D, PBR=FC, DBR=00, S=01D1, D=01DE, e=0, A=006B, X=0108, Y=0000, 00000100
         1907606 | FC | CBFE | ( 3)  LDX #$001F     | PC=CC01, PBR=FC, DBR=00, S=01D3, D=01DE, e=0, A=0080, X=001F, Y=0000, 00000100
         1907607 | FC | CC01 | ( 3)  LDA #$0000     | PC=CC04, PBR=FC, DBR=00, S=01D3, D=01DE, e=0, A=0000, X=001F, Y=0000, 00000110
         1907608 | FC | CC04 | ( 3)  SEP #$0020     | PC=CC06, PBR=FC, DBR=00, S=01D3, D=01DE, e=0, A=00, X=001F, Y=0000, 00100110
         1907702 | FC | CC06 | ( 5)  STA $E11DB0, X | PC=CC0A, PBR=FC, DBR=00, S=01D3, D=01DE, e=0, A=00, X=0000, Y=0000, 00100110
         1907703 | FC | CC0A | ( 2)  DEX            | PC=CC0B, PBR=FC, DBR=00, S=01D3, D=01DE, e=0, A=00, X=FFFF, Y=0000, 10100100
         1907704 | FC | CC0B | ( 2)  BPL $F9 (-7)   | PC=CC0D, PBR=FC, DBR=00, S=01D3, D=01DE, e=0, A=00, X=FFFF, Y=0000, 10100100
         1907705 | FC | CC0D | ( 5)  LDA $E100CA    | PC=CC11, PBR=FC, DBR=00, S=01D3, D=01DE, e=0, A=05, X=FFFF, Y=0000, 00100100
         1907706 | FC | CC11 | ( 2)  ASL            | PC=CC12, PBR=FC, DBR=00, S=01D3, D=01DE, e=0, A=0A, X=FFFF, Y=0000, 00100100
         1907707 | FC | CC12 | ( 2)  ASL            | PC=CC13, PBR=FC, DBR=00, S=01D3, D=01DE, e=0, A=14, X=FFFF, Y=0000, 00100100
         1907708 | FC | CC13 | ( 2)  ASL            | PC=CC14, PBR=FC, DBR=00, S=01D3, D=01DE, e=0, A=28, X=FFFF, Y=0000, 00100100
         1907709 | FC | CC14 | ( 2)  ASL            | PC=CC15, PBR=FC, DBR=00, S=01D3, D=01DE, e=0, A=50, X=FFFF, Y=0000, 00100100
         1907710 | FC | CC15 | ( 5)  STA $E11DB0    | PC=CC19, PBR=FC, DBR=00, S=01D3, D=01DE, e=0, A=50, X=FFFF, Y=0000, 00100100
         1907711 | FC | CC19 | ( 5)  LDA $E100D6    | PC=CC1D, PBR=FC, DBR=00, S=01D3, D=01DE, e=0, A=00, X=FFFF, Y=0000, 00100110
         1907712 | FC | CC1D | ( 2)  BNE $03 (3)    | PC=CC1F, PBR=FC, DBR=00, S=01D3, D=01DE, e=0, A=00, X=FFFF, Y=0000, 00100110
         1907713 | FC | CC1F | ( 6)  JSR $CC2B      | PC=CC2B, PBR=FC, DBR=00, S=01D1, D=01DE, e=0, A=00, X=FFFF, Y=0000, 00100110
         1908575 | FC | CC22 | ( 4)  PLP            | PC=CC23, PBR=FC, DBR=00, S=01D4, D=01DE, e=0, A=0000, X=0000, Y=01C9, 00000110
         1908576 | FC | CC23 | ( 3)  REP #$0020     | PC=CC25, PBR=FC, DBR=00, S=01D4, D=01DE, e=0, A=0000, X=0000, Y=01C9, 00000110
         1908577 | FC | CC25 | ( 3)  LDY #$0000     | PC=CC28, PBR=FC, DBR=00, S=01D4, D=01DE, e=0, A=0000, X=0000, Y=0000, 00000110
         1908578 | FC | CC28 | ( 3)  JMP $CBB8      | PC=CBB8, PBR=FC, DBR=00, S=01D4, D=01DE, e=0, A=0000, X=0000, Y=0000, 00000110
         1907714 | FC | CC2B | ( 2)  LDA #$20       | PC=CC2D, PBR=FC, DBR=00, S=01D1, D=01DE, e=0, A=20, X=FFFF, Y=0000, 00100100
         1907715 | FC | CC2D | ( 5)  ORA $E100CA    | PC=CC31, PBR=FC, DBR=00, S=01D1, D=01DE, e=0, A=25, X=FFFF, Y=0000, 00100100
         1907716 | FC | CC31 | ( 5)  STA $E1C03C    | PC=CC35, PBR=FC, DBR=00, S=01D1, D=01DE, e=0, A=25, X=FFFF, Y=0000, 00100100
         1907717 | FC | CC35 | ( 2)  LDA #$E1       | PC=CC37, PBR=FC, DBR=00, S=01D1, D=01DE, e=0, A=E1, X=FFFF, Y=0000, 10100100
         1907718 | FC | CC37 | ( 5)  STA $E1C03E    | PC=CC3B, PBR=FC, DBR=00, S=01D1, D=01DE, e=0, A=E1, X=FFFF, Y=0000, 10100100
         1907719 | FC | CC3B | ( 2)  LDA #$3E       | PC=CC3D, PBR=FC, DBR=00, S=01D1, D=01DE, e=0, A=3E, X=FFFF, Y=0000, 00100100
         1907720 | FC | CC3D | ( 5)  STA $E1C03D    | PC=CC41, PBR=FC, DBR=00, S=01D1, D=01DE, e=0, A=3E, X=FFFF, Y=0000, 00100100
         1907721 | FC | CC41 | ( 6)  JSR $CC7A      | PC=CC7A, PBR=FC, DBR=00, S=01CF, D=01DE, e=0, A=3E, X=FFFF, Y=0000, 00100100
         1908451 | FC | CC44 | ( 3)  REP #$0020     | PC=CC46, PBR=FC, DBR=00, S=01D1, D=01DE, e=0, A=00FF, X=0000, Y=0000, 00000100
         1908452 | FC | CC46 | ( 3)  LDA #$CD62     | PC=CC49, PBR=FC, DBR=00, S=01D1, D=01DE, e=0, A=CD62, X=0000, Y=0000, 10000100
         1908453 | FC | CC49 | ( 6)  STA $E10149    | PC=CC4D, PBR=FC, DBR=00, S=01D1, D=01DE, e=0, A=CD62, X=0000, Y=0000, 10000100
         1908454 | FC | CC4D | ( 6)  STA $E11DBE    | PC=CC51, PBR=FC, DBR=00, S=01D1, D=01DE, e=0, A=CD62, X=0000, Y=0000, 10000100
         1908455 | FC | CC51 | ( 3)  SEP #$0020     | PC=CC53, PBR=FC, DBR=00, S=01D1, D=01DE, e=0, A=62, X=0000, Y=0000, 10100100
         1908456 | FC | CC53 | ( 2)  LDA #$FC       | PC=CC55, PBR=FC, DBR=00, S=01D1, D=01DE, e=0, A=FC, X=0000, Y=0000, 10100100
         1908457 | FC | CC55 | ( 5)  STA $E1014B    | PC=CC59, PBR=FC, DBR=00, S=01D1, D=01DE, e=0, A=FC, X=0000, Y=0000, 10100100
         1908458 | FC | CC59 | ( 5)  STA $E11DC0    | PC=CC5D, PBR=FC, DBR=00, S=01D1, D=01DE, e=0, A=FC, X=0000, Y=0000, 10100100
         1908459 | FC | CC5D | ( 2)  LDA #$5C       | PC=CC5F, PBR=FC, DBR=00, S=01D1, D=01DE, e=0, A=5C, X=0000, Y=0000, 00100100
         1908460 | FC | CC5F | ( 5)  STA $E10148    | PC=CC63, PBR=FC, DBR=00, S=01D1, D=01DE, e=0, A=5C, X=0000, Y=0000, 00100100
         1908461 | FC | CC63 | ( 5)  STA $E11DBD    | PC=CC67, PBR=FC, DBR=00, S=01D1, D=01DE, e=0, A=5C, X=0000, Y=0000, 00100100
         1908462 | FC | CC67 | ( 3)  REP #$0020     | PC=CC69, PBR=FC, DBR=00, S=01D1, D=01DE, e=0, A=CD5C, X=0000, Y=0000, 00000100
         1908463 | FC | CC69 | ( 5)  PEA $000B      | PC=CC6C, PBR=FC, DBR=00, S=01CF, D=01DE, e=0, A=CD5C, X=0000, Y=0000, 00000100
         1908464 | FC | CC6C | ( 5)  PEA $00FC      | PC=CC6F, PBR=FC, DBR=00, S=01CD, D=01DE, e=0, A=CD5C, X=0000, Y=0000, 00000100
         1908465 | FC | CC6F | ( 5)  PEA $CD62      | PC=CC72, PBR=FC, DBR=00, S=01CB, D=01DE, e=0, A=CD5C, X=0000, Y=0000, 00000100
         1908466 | FC | CC72 | ( 3)  LDX #$1003     | PC=CC75, PBR=FC, DBR=00, S=01CB, D=01DE, e=0, A=CD5C, X=1003, Y=0000, 00000100
         1908467 | FC | CC75 | ( 8)  JSL $E10000    | PC=0000, PBR=E1, DBR=00, S=01C8, D=01DE, e=0, A=CD5C, X=1003, Y=0000, 00000100
         1908574 | FC | CC79 | ( 6)  RTS            | PC=CC22, PBR=FC, DBR=00, S=01D3, D=01DE, e=0, A=0000, X=0000, Y=01C9, 10000100
         1907722 | FC | CC7A | ( 3)  PHP            | PC=CC7B, PBR=FC, DBR=00, S=01CE, D=01DE, e=0, A=3E, X=FFFF, Y=0000, 00100100
         1907723 | FC | CC7B | ( 2)  SEI            | PC=CC7C, PBR=FC, DBR=00, S=01CE, D=01DE, e=0, A=3E, X=FFFF, Y=0000, 00100100
         1907724 | FC | CC7C | ( 2)  LDA #$20       | PC=CC7E, PBR=FC, DBR=00, S=01CE, D=01DE, e=0, A=20, X=FFFF, Y=0000, 00100100
         1907725 | FC | CC7E | ( 5)  ORA $E100CA    | PC=CC82, PBR=FC, DBR=00, S=01CE, D=01DE, e=0, A=25, X=FFFF, Y=0000, 00100100
         1907726 | FC | CC82 | ( 5)  STA $E1C03C    | PC=CC86, PBR=FC, DBR=00, S=01CE, D=01DE, e=0, A=25, X=FFFF, Y=0000, 00100100
         1907727 | FC | CC86 | ( 2)  LDA #$20       | PC=CC88, PBR=FC, DBR=00, S=01CE, D=01DE, e=0, A=20, X=FFFF, Y=0000, 00100100
         1907728 | FC | CC88 | ( 5)  STA $E1C03E    | PC=CC8C, PBR=FC, DBR=00, S=01CE, D=01DE, e=0, A=20, X=FFFF, Y=0000, 00100100
         1907729 | FC | CC8C | ( 2)  LDA #$00       | PC=CC8E, PBR=FC, DBR=00, S=01CE, D=01DE, e=0, A=00, X=FFFF, Y=0000, 00100110
         1907730 | FC | CC8E | ( 6)  JSR $CCEC      | PC=CCEC, PBR=FC, DBR=00, S=01CC, D=01DE, e=0, A=00, X=FFFF, Y=0000, 00100110
         1907829 | FC | CC91 | ( 2)  LDA #$00       | PC=CC93, PBR=FC, DBR=00, S=01CE, D=01DE, e=0, A=00, X=0000, Y=0000, 00100110
         1907830 | FC | CC93 | ( 5)  STA $E1C03E    | PC=CC97, PBR=FC, DBR=00, S=01CE, D=01DE, e=0, A=00, X=0000, Y=0000, 00100110
         1907831 | FC | CC97 | ( 2)  LDA #$00       | PC=CC99, PBR=FC, DBR=00, S=01CE, D=01DE, e=0, A=00, X=0000, Y=0000, 00100110
         1907832 | FC | CC99 | ( 6)  JSR $CCEC      | PC=CCEC, PBR=FC, DBR=00, S=01CC, D=01DE, e=0, A=00, X=0000, Y=0000, 00100110
         1907931 | FC | CC9C | ( 2)  LDA #$40       | PC=CC9E, PBR=FC, DBR=00, S=01CE, D=01DE, e=0, A=40, X=0000, Y=0000, 00100100
         1907932 | FC | CC9E | ( 5)  STA $E1C03E    | PC=CCA2, PBR=FC, DBR=00, S=01CE, D=01DE, e=0, A=40, X=0000, Y=0000, 00100100
         1907933 | FC | CCA2 | ( 2)  LDA #$00       | PC=CCA4, PBR=FC, DBR=00, S=01CE, D=01DE, e=0, A=00, X=0000, Y=0000, 00100110
         1907934 | FC | CCA4 | ( 5)  STA $E11DB1    | PC=CCA8, PBR=FC, DBR=00, S=01CE, D=01DE, e=0, A=00, X=0000, Y=0000, 00100110
         1907935 | FC | CCA8 | ( 6)  JSR $CCEC      | PC=CCEC, PBR=FC, DBR=00, S=01CC, D=01DE, e=0, A=00, X=0000, Y=0000, 00100110
         1908034 | FC | CCAB | ( 2)  LDA #$80       | PC=CCAD, PBR=FC, DBR=00, S=01CE, D=01DE, e=0, A=80, X=0000, Y=0000, 10100100
         1908035 | FC | CCAD | ( 5)  STA $E1C03E    | PC=CCB1, PBR=FC, DBR=00, S=01CE, D=01DE, e=0, A=80, X=0000, Y=0000, 10100100
         1908036 | FC | CCB1 | ( 2)  LDA #$00       | PC=CCB3, PBR=FC, DBR=00, S=01CE, D=01DE, e=0, A=00, X=0000, Y=0000, 00100110
         1908037 | FC | CCB3 | ( 6)  JSR $CCEC      | PC=CCEC, PBR=FC, DBR=00, S=01CC, D=01DE, e=0, A=00, X=0000, Y=0000, 00100110
         1908136 | FC | CCB6 | ( 2)  LDA #$C0       | PC=CCB8, PBR=FC, DBR=00, S=01CE, D=01DE, e=0, A=C0, X=0000, Y=0000, 10100100
         1908137 | FC | CCB8 | ( 5)  STA $E1C03E    | PC=CCBC, PBR=FC, DBR=00, S=01CE, D=01DE, e=0, A=C0, X=0000, Y=0000, 10100100
         1908138 | FC | CCBC | ( 2)  LDA #$00       | PC=CCBE, PBR=FC, DBR=00, S=01CE, D=01DE, e=0, A=00, X=0000, Y=0000, 00100110
         1908139 | FC | CCBE | ( 6)  JSR $CCEC      | PC=CCEC, PBR=FC, DBR=00, S=01CC, D=01DE, e=0, A=00, X=0000, Y=0000, 00100110
         1908238 | FC | CCC1 | ( 2)  LDA #$A0       | PC=CCC3, PBR=FC, DBR=00, S=01CE, D=01DE, e=0, A=A0, X=0000, Y=0000, 10100100
         1908239 | FC | CCC3 | ( 5)  STA $E1C03E    | PC=CCC7, PBR=FC, DBR=00, S=01CE, D=01DE, e=0, A=A0, X=0000, Y=0000, 10100100
         1908240 | FC | CCC7 | ( 2)  LDA #$01       | PC=CCC9, PBR=FC, DBR=00, S=01CE, D=01DE, e=0, A=01, X=0000, Y=0000, 00100100
         1908241 | FC | CCC9 | ( 6)  JSR $CCEC      | PC=CCEC, PBR=FC, DBR=00, S=01CC, D=01DE, e=0, A=01, X=0000, Y=0000, 00100100
         1908340 | FC | CCCC | ( 5)  LDA $E100CA    | PC=CCD0, PBR=FC, DBR=00, S=01CE, D=01DE, e=0, A=05, X=0000, Y=0000, 00100100
         1908341 | FC | CCD0 | ( 2)  AND #$0F       | PC=CCD2, PBR=FC, DBR=00, S=01CE, D=01DE, e=0, A=05, X=0000, Y=0000, 00100100
         1908342 | FC | CCD2 | ( 5)  STA $E1C03C    | PC=CCD6, PBR=FC, DBR=00, S=01CE, D=01DE, e=0, A=05, X=0000, Y=0000, 00100100
         1908343 | FC | CCD6 | ( 2)  LDA #$E0       | PC=CCD8, PBR=FC, DBR=00, S=01CE, D=01DE, e=0, A=E0, X=0000, Y=0000, 10100100
         1908344 | FC | CCD8 | ( 5)  STA $E1C03E    | PC=CCDC, PBR=FC, DBR=00, S=01CE, D=01DE, e=0, A=E0, X=0000, Y=0000, 10100100
         1908345 | FC | CCDC | ( 5)  LDA $E1C03D    | PC=CCE0, PBR=FC, DBR=00, S=01CE, D=01DE, e=0, A=FF, X=0000, Y=0000, 10100100
         1908346 | FC | CCE0 | ( 3)  LDX #$0022     | PC=CCE3, PBR=FC, DBR=00, S=01CE, D=01DE, e=0, A=FF, X=0022, Y=0000, 00100100
         1908446 | FC | CCE3 | ( 5)  LDA $E1C03D    | PC=CCE7, PBR=FC, DBR=00, S=01CE, D=01DE, e=0, A=FF, X=0001, Y=0000, 10100100
         1908447 | FC | CCE7 | ( 2)  DEX            | PC=CCE8, PBR=FC, DBR=00, S=01CE, D=01DE, e=0, A=FF, X=0000, Y=0000, 00100110
         1908448 | FC | CCE8 | ( 2)  BNE $F9 (-7)   | PC=CCEA, PBR=FC, DBR=00, S=01CE, D=01DE, e=0, A=FF, X=0000, Y=0000, 00100110
         1908449 | FC | CCEA | ( 4)  PLP            | PC=CCEB, PBR=FC, DBR=00, S=01CF, D=01DE, e=0, A=FF, X=0000, Y=0000, 00100100
         1908450 | FC | CCEB | ( 6)  RTS            | PC=CC44, PBR=FC, DBR=00, S=01D1, D=01DE, e=0, A=FF, X=0000, Y=0000, 00100100
         1908242 | FC | CCEC | ( 3)  LDX #$0020     | PC=CCEF, PBR=FC, DBR=00, S=01CC, D=01DE, e=0, A=01, X=0020, Y=0000, 00100100
         1908336 | FC | CCEF | ( 5)  STA $E1C03D    | PC=CCF3, PBR=FC, DBR=00, S=01CC, D=01DE, e=0, A=01, X=0001, Y=0000, 00100100
         1908337 | FC | CCF3 | ( 2)  DEX            | PC=CCF4, PBR=FC, DBR=00, S=01CC, D=01DE, e=0, A=01, X=0000, Y=0000, 00100110
         1908338 | FC | CCF4 | ( 2)  BNE $F9 (-7)   | PC=CCF6, PBR=FC, DBR=00, S=01CC, D=01DE, e=0, A=01, X=0000, Y=0000, 00100110
         1908339 | FC | CCF6 | ( 6)  RTS            | PC=CCCC, PBR=FC, DBR=00, S=01CE, D=01DE, e=0, A=01, X=0000, Y=0000, 00100110
         1711779 | FC | CE9D | ( 3)  SEP #$0020     | PC=CE9F, PBR=FC, DBR=00, S=01D1, D=01DE, e=0, A=6B, X=0108, Y=0000, 00100100
         1711780 | FC | CE9F | ( 3)  REP #$0010     | PC=CEA1, PBR=FC, DBR=00, S=01D1, D=01DE, e=0, A=6B, X=0108, Y=0000, 00100100
         1711781 | FC | CEA1 | ( 2)  LDA #$00       | PC=CEA3, PBR=FC, DBR=00, S=01D1, D=01DE, e=0, A=00, X=0108, Y=0000, 00100110
         1711782 | FC | CEA3 | ( 5)  STA $E1C03E    | PC=CEA7, PBR=FC, DBR=00, S=01D1, D=01DE, e=0, A=00, X=0108, Y=0000, 00100110
         1711783 | FC | CEA7 | ( 5)  STA $E1C03F    | PC=CEAB, PBR=FC, DBR=00, S=01D1, D=01DE, e=0, A=00, X=0108, Y=0000, 00100110
         1711784 | FC | CEAB | ( 2)  LDA #$60       | PC=CEAD, PBR=FC, DBR=00, S=01D1, D=01DE, e=0, A=60, X=0108, Y=0000, 00100100
         1711785 | FC | CEAD | ( 5)  ORA $E100CA    | PC=CEB1, PBR=FC, DBR=00, S=01D1, D=01DE, e=0, A=65, X=0108, Y=0000, 00100100
         1711786 | FC | CEB1 | ( 5)  STA $E1C03C    | PC=CEB5, PBR=FC, DBR=00, S=01D1, D=01DE, e=0, A=65, X=0108, Y=0000, 00100100
         1711787 | FC | CEB5 | ( 2)  LDA #$80       | PC=CEB7, PBR=FC, DBR=00, S=01D1, D=01DE, e=0, A=80, X=0108, Y=0000, 10100100
         1907601 | FC | CEB7 | ( 5)  STA $E1C03D    | PC=CEBB, PBR=FC, DBR=00, S=01D1, D=01DE, e=0, A=80, X=FFFF, Y=0000, 10100100
         1907602 | FC | CEBB | ( 2)  INX            | PC=CEBC, PBR=FC, DBR=00, S=01D1, D=01DE, e=0, A=80, X=0000, Y=0000, 00100110
         1907603 | FC | CEBC | ( 2)  BNE $F9 (-7)   | PC=CEBE, PBR=FC, DBR=00, S=01D1, D=01DE, e=0, A=80, X=0000, Y=0000, 00100110
         1907604 | FC | CEBE | ( 3)  REP #$0030     | PC=CEC0, PBR=FC, DBR=00, S=01D1, D=01DE, e=0, A=0080, X=0000, Y=0000, 00000110
         1907605 | FC | CEC0 | ( 6)  RTS            | PC=CBFE, PBR=FC, DBR=00, S=01D3, D=01DE, e=0, A=0080, X=0000, Y=0000, 00000110
         1908656 | FC | D70E | ( 3)  SEP #$0010     | PC=D710, PBR=FC, DBR=00, S=01D4, D=01DE, e=0, A=0000, X=09, Y=00, 00010110
         1908657 | FC | D710 | ( 3)  PHB            | PC=D711, PBR=FC, DBR=00, S=01D3, D=01DE, e=0, A=0000, X=09, Y=00, 00010110
         1908658 | FC | D711 | ( 6)  JSR $DBD9      | PC=DBD9, PBR=FC, DBR=00, S=01D1, D=01DE, e=0, A=0000, X=09, Y=00, 00010110
         1908663 | FC | D714 | ( 3)  LDA #$0040     | PC=D717, PBR=FC, DBR=E1, S=01D3, D=01DE, e=0, A=0040, X=09, Y=00, 00010100
         1908664 | FC | D717 | ( 5)  STA $0FD6      | PC=D71A, PBR=FC, DBR=E1, S=01D3, D=01DE, e=0, A=0040, X=09, Y=00, 00010100
         1908665 | FC | D71A | ( 5)  STZ $0FD8      | PC=D71D, PBR=FC, DBR=E1, S=01D3, D=01DE, e=0, A=0040, X=09, Y=00, 00010100
         1908666 | FC | D71D | ( 5)  STZ $0FDA      | PC=D720, PBR=FC, DBR=E1, S=01D3, D=01DE, e=0, A=0040, X=09, Y=00, 00010100
         1908667 | FC | D720 | ( 2)  LDX #$0A       | PC=D722, PBR=FC, DBR=E1, S=01D3, D=01DE, e=0, A=0040, X=0A, Y=00, 00010100
         1908698 | FC | D722 | ( 6)  STZ $03D0, X   | PC=D725, PBR=FC, DBR=E1, S=01D3, D=01DE, e=0, A=0040, X=00, Y=00, 00010110
         1908699 | FC | D725 | ( 2)  DEX            | PC=D726, PBR=FC, DBR=E1, S=01D3, D=01DE, e=0, A=0040, X=FF, Y=00, 10010100
         1908700 | FC | D726 | ( 2)  BPL $FA (-6)   | PC=D728, PBR=FC, DBR=E1, S=01D3, D=01DE, e=0, A=0040, X=FF, Y=00, 10010100
         1908701 | FC | D728 | ( 2)  LDX #$5C       | PC=D72A, PBR=FC, DBR=E1, S=01D3, D=01DE, e=0, A=0040, X=5C, Y=00, 00010100
         1908702 | FC | D72A | ( 4)  STX $03DC      | PC=D72D, PBR=FC, DBR=E1, S=01D3, D=01DE, e=0, A=0040, X=5C, Y=00, 00010100
         1908703 | FC | D72D | ( 2)  LDX #$FC       | PC=D72F, PBR=FC, DBR=E1, S=01D3, D=01DE, e=0, A=0040, X=FC, Y=00, 10010100
         1908704 | FC | D72F | ( 4)  STX $0047      | PC=D732, PBR=FC, DBR=E1, S=01D3, D=01DE, e=0, A=0040, X=FC, Y=00, 10010100
         1908705 | FC | D732 | ( 3)  LDA #$D83A     | PC=D735, PBR=FC, DBR=E1, S=01D3, D=01DE, e=0, A=D83A, X=FC, Y=00, 10010100
         1908706 | FC | D735 | ( 5)  STA $0045      | PC=D738, PBR=FC, DBR=E1, S=01D3, D=01DE, e=0, A=D83A, X=FC, Y=00, 10010100
         1908707 | FC | D738 | ( 2)  LDX #$FC       | PC=D73A, PBR=FC, DBR=E1, S=01D3, D=01DE, e=0, A=D83A, X=FC, Y=00, 10010100
         1908708 | FC | D73A | ( 4)  STX $0043      | PC=D73D, PBR=FC, DBR=E1, S=01D3, D=01DE, e=0, A=D83A, X=FC, Y=00, 10010100
         1908709 | FC | D73D | ( 3)  LDA #$DB65     | PC=D740, PBR=FC, DBR=E1, S=01D3, D=01DE, e=0, A=DB65, X=FC, Y=00, 10010100
         1908710 | FC | D740 | ( 5)  STA $0041      | PC=D743, PBR=FC, DBR=E1, S=01D3, D=01DE, e=0, A=DB65, X=FC, Y=00, 10010100
         1908711 | FC | D743 | ( 3)  REP #$0010     | PC=D745, PBR=FC, DBR=E1, S=01D3, D=01DE, e=0, A=DB65, X=00FC, Y=0000, 10000100
         1908712 | FC | D745 | ( 3)  BRA $33 (51)   | PC=D77A, PBR=FC, DBR=E1, S=01D3, D=01DE, e=0, A=DB65, X=00FC, Y=0000, 10000100
         1908713 | FC | D77A | ( 4)  PLB            | PC=D77B, PBR=FC, DBR=00, S=01D4, D=01DE, e=0, A=DB65, X=00FC, Y=0000, 00000110
         1908714 | FC | D77B | ( 3)  LDA #$0000     | PC=D77E, PBR=FC, DBR=00, S=01D4, D=01DE, e=0, A=0000, X=00FC, Y=0000, 00000110
         1908715 | FC | D77E | ( 2)  CLC            | PC=D77F, PBR=FC, DBR=00, S=01D4, D=01DE, e=0, A=0000, X=00FC, Y=0000, 00000110
         1908716 | FC | D77F | ( 6)  RTL            | PC=0138, PBR=FE, DBR=00, S=01D7, D=01DE, e=0, A=0000, X=00FC, Y=0000, 00000110
         1256271 | FC | D94E | ( 4)  PHD            | PC=D94F, PBR=FC, DBR=E1, S=01D3, D=0000, e=0, A=808A, X=0000, Y=0000, 00000110
         1256272 | FC | D94F | ( 3)  PHP            | PC=D950, PBR=FC, DBR=E1, S=01D2, D=0000, e=0, A=808A, X=0000, Y=0000, 00000110
         1256273 | FC | D950 | ( 3)  PHB            | PC=D951, PBR=FC, DBR=E1, S=01D1, D=0000, e=0, A=808A, X=0000, Y=0000, 00000110
         1256274 | FC | D951 | ( 6)  JSR $DB8F      | PC=DB8F, PBR=FC, DBR=E1, S=01CF, D=0000, e=0, A=808A, X=0000, Y=0000, 00000110
         1256288 | FC | D954 | ( 2)  TCS            | PC=D955, PBR=FC, DBR=E1, S=01BB, D=01BC, e=0, A=BB, X=0000, Y=0000, 10100101
         1256289 | FC | D955 | ( 6)  JSR $DA4B      | PC=DA4B, PBR=FC, DBR=E1, S=01B9, D=01BC, e=0, A=BB, X=0000, Y=0000, 10100101
         1261195 | FC | D958 | ( 2)  BCS $0D (13)   | PC=D95A, PBR=FC, DBR=E1, S=01BB, D=01BC, e=0, A=00, X=197B, Y=0000, 00100110
         1261196 | FC | D95A | ( 6)  JSR $DA73      | PC=DA73, PBR=FC, DBR=E1, S=01B9, D=01BC, e=0, A=00, X=197B, Y=0000, 00100110
         1261207 | FC | D95D | ( 2)  BCS $08 (8)    | PC=D95F, PBR=FC, DBR=E1, S=01BB, D=01BC, e=0, A=01, X=007B, Y=0000, 00100110
         1261208 | FC | D95F | ( 6)  JSR $DACE      | PC=DACE, PBR=FC, DBR=E1, S=01B9, D=01BC, e=0, A=01, X=007B, Y=0000, 00100110
         1261220 | FC | D962 | ( 3)  LDX #$0008     | PC=D965, PBR=FC, DBR=E1, S=01BB, D=01BC, e=0, A=20, X=0008, Y=0000, 00100100
         1261221 | FC | D965 | ( 3)  BRA $4F (79)   | PC=D9B6, PBR=FC, DBR=E1, S=01BB, D=01BC, e=0, A=20, X=0008, Y=0000, 00100100
         1261222 | FC | D9B6 | ( 3)  JMP $DB9D      | PC=DB9D, PBR=FC, DBR=E1, S=01BB, D=01BC, e=0, A=20, X=0008, Y=0000, 00100100
         1256290 | FC | DA4B | ( 6)  JSR $DA62      | PC=DA62, PBR=FC, DBR=E1, S=01B7, D=01BC, e=0, A=BB, X=0000, Y=0000, 10100101
         1256295 | FC | DA4E | ( 2)  BCS $11 (17)   | PC=DA50, PBR=FC, DBR=E1, S=01B9, D=01BC, e=0, A=00, X=0000, Y=0000, 00100110
         1256296 | FC | DA50 | ( 4)  LDA $20        | PC=DA52, PBR=FC, DBR=E1, S=01B9, D=01BC, e=0, A=01, X=0000, Y=0000, 00100100
         1256297 | FC | DA52 | ( 6)  JSR $DAB6      | PC=DAB6, PBR=FC, DBR=E1, S=01B7, D=01BC, e=0, A=01, X=0000, Y=0000, 00100100
         1261191 | FC | DA55 | ( 2)  BCS $0A (10)   | PC=DA57, PBR=FC, DBR=E1, S=01B9, D=01BC, e=0, A=C0, X=197B, Y=0000, 10100100
         1261192 | FC | DA57 | ( 2)  AND #$10       | PC=DA59, PBR=FC, DBR=E1, S=01B9, D=01BC, e=0, A=00, X=197B, Y=0000, 00100110
         1261193 | FC | DA59 | ( 3)  BEQ $06 (6)    | PC=DA61, PBR=FC, DBR=E1, S=01B9, D=01BC, e=0, A=00, X=197B, Y=0000, 00100110
         1261194 | FC | DA61 | ( 6)  RTS            | PC=D958, PBR=FC, DBR=E1, S=01BB, D=01BC, e=0, A=00, X=197B, Y=0000, 00100110
         1256291 | FC | DA62 | ( 4)  LDA $0FD6      | PC=DA65, PBR=FC, DBR=E1, S=01B7, D=01BC, e=0, A=00, X=0000, Y=0000, 00100111
         1256292 | FC | DA65 | ( 3)  BPL $0A (10)   | PC=DA71, PBR=FC, DBR=E1, S=01B7, D=01BC, e=0, A=00, X=0000, Y=0000, 00100111
         1256293 | FC | DA71 | ( 2)  CLC            | PC=DA72, PBR=FC, DBR=E1, S=01B7, D=01BC, e=0, A=00, X=0000, Y=0000, 00100110
         1256294 | FC | DA72 | ( 6)  RTS            | PC=DA4E, PBR=FC, DBR=E1, S=01B9, D=01BC, e=0, A=00, X=0000, Y=0000, 00100110
         1261197 | FC | DA73 | ( 3)  SEP #$0030     | PC=DA75, PBR=FC, DBR=E1, S=01B9, D=01BC, e=0, A=00, X=7B, Y=00, 00110110
         1261198 | FC | DA75 | ( 4)  LDA $20        | PC=DA77, PBR=FC, DBR=E1, S=01B9, D=01BC, e=0, A=01, X=7B, Y=00, 00110100
         1261199 | FC | DA77 | ( 2)  CMP #$06       | PC=DA79, PBR=FC, DBR=E1, S=01B9, D=01BC, e=0, A=01, X=7B, Y=00, 10110100
         1261200 | FC | DA79 | ( 3)  BNE $1C (28)   | PC=DA97, PBR=FC, DBR=E1, S=01B9, D=01BC, e=0, A=01, X=7B, Y=00, 10110100
         1261201 | FC | DA97 | ( 3)  REP #$0010     | PC=DA99, PBR=FC, DBR=E1, S=01B9, D=01BC, e=0, A=01, X=007B, Y=0000, 10100100
         1261202 | FC | DA99 | ( 3)  LDY #$0000     | PC=DA9C, PBR=FC, DBR=E1, S=01B9, D=01BC, e=0, A=01, X=007B, Y=0000, 00100110
         1261203 | FC | DA9C | ( 5)  CPY $26        | PC=DA9E, PBR=FC, DBR=E1, S=01B9, D=01BC, e=0, A=01, X=007B, Y=0000, 00100111
         1261204 | FC | DA9E | ( 3)  BCS $0A (10)   | PC=DAAA, PBR=FC, DBR=E1, S=01B9, D=01BC, e=0, A=01, X=007B, Y=0000, 00100111
         1261205 | FC | DAAA | ( 2)  CLC            | PC=DAAB, PBR=FC, DBR=E1, S=01B9, D=01BC, e=0, A=01, X=007B, Y=0000, 00100110
         1261206 | FC | DAAB | ( 6)  RTS            | PC=D95D, PBR=FC, DBR=E1, S=01BB, D=01BC, e=0, A=01, X=007B, Y=0000, 00100110
         1256298 | FC | DAB6 | ( 2)  TAX            | PC=DAB7, PBR=FC, DBR=E1, S=01B7, D=01BC, e=0, A=01, X=0101, Y=0000, 00100100
         1256299 | FC | DAB7 | ( 4)  LDA $C027      | PC=DABA, PBR=FC, DBR=E1, S=01B7, D=01BC, e=0, A=80, X=0101, Y=0000, 10100100
         1256300 | FC | DABA | ( 2)  ROR            | PC=DABB, PBR=FC, DBR=E1, S=01B7, D=01BC, e=0, A=40, X=0101, Y=0000, 00100100
         1256301 | FC | DABB | ( 2)  TXA            | PC=DABC, PBR=FC, DBR=E1, S=01B7, D=01BC, e=0, A=01, X=0101, Y=0000, 00100100
         1256302 | FC | DABC | ( 2)  BCS $0F (15)   | PC=DABE, PBR=FC, DBR=E1, S=01B7, D=01BC, e=0, A=01, X=0101, Y=0000, 00100100
         1256303 | FC | DABE | ( 4)  STA $C026      | PC=DAC1, PBR=FC, DBR=E1, S=01B7, D=01BC, e=0, A=01, X=0101, Y=0000, 00100100
         1256304 | FC | DAC1 | ( 3)  LDX #$1D4C     | PC=DAC4, PBR=FC, DBR=E1, S=01B7, D=01BC, e=0, A=01, X=1D4C, Y=0000, 00100100
         1261185 | FC | DAC4 | ( 2)  DEX            | PC=DAC5, PBR=FC, DBR=E1, S=01B7, D=01BC, e=0, A=C0, X=197B, Y=0000, 00100101
         1261186 | FC | DAC5 | ( 2)  BEQ $6D (109)  | PC=DAC7, PBR=FC, DBR=E1, S=01B7, D=01BC, e=0, A=C0, X=197B, Y=0000, 00100101
         1261187 | FC | DAC7 | ( 4)  LDA $C027      | PC=DACA, PBR=FC, DBR=E1, S=01B7, D=01BC, e=0, A=80, X=197B, Y=0000, 10100101
         1261188 | FC | DACA | ( 2)  ROR            | PC=DACB, PBR=FC, DBR=E1, S=01B7, D=01BC, e=0, A=C0, X=197B, Y=0000, 10100100
         1261189 | FC | DACB | ( 2)  BCS $F7 (-9)   | PC=DACD, PBR=FC, DBR=E1, S=01B7, D=01BC, e=0, A=C0, X=197B, Y=0000, 10100100
         1261190 | FC | DACD | ( 6)  RTS            | PC=DA55, PBR=FC, DBR=E1, S=01B9, D=01BC, e=0, A=C0, X=197B, Y=0000, 10100100
         1261209 | FC | DACE | ( 3)  SEP #$0030     | PC=DAD0, PBR=FC, DBR=E1, S=01B9, D=01BC, e=0, A=01, X=7B, Y=00, 00110110
         1261210 | FC | DAD0 | ( 2)  LDA #$50       | PC=DAD2, PBR=FC, DBR=E1, S=01B9, D=01BC, e=0, A=50, X=7B, Y=00, 00110100
         1261211 | FC | DAD2 | ( 4)  AND $0FD7      | PC=DAD5, PBR=FC, DBR=E1, S=01B9, D=01BC, e=0, A=00, X=7B, Y=00, 00110110
         1261212 | FC | DAD5 | ( 4)  STA $0FD7      | PC=DAD8, PBR=FC, DBR=E1, S=01B9, D=01BC, e=0, A=00, X=7B, Y=00, 00110110
         1261213 | FC | DAD8 | ( 3)  BEQ $27 (39)   | PC=DB01, PBR=FC, DBR=E1, S=01B9, D=01BC, e=0, A=00, X=7B, Y=00, 00110110
         1261214 | FC | DB01 | ( 2)  LDA #$20       | PC=DB03, PBR=FC, DBR=E1, S=01B9, D=01BC, e=0, A=20, X=7B, Y=00, 00110100
         1261215 | FC | DB03 | ( 6)  TRB $0FD6      | PC=DB06, PBR=FC, DBR=E1, S=01B9, D=01BC, e=0, A=20, X=7B, Y=00, 00110110
         1261216 | FC | DB06 | ( 3)  BEQ $15 (21)   | PC=DB1D, PBR=FC, DBR=E1, S=01B9, D=01BC, e=0, A=20, X=7B, Y=00, 00110110
         1261217 | FC | DB1D | ( 3)  SEP #$0020     | PC=DB1F, PBR=FC, DBR=E1, S=01B9, D=01BC, e=0, A=20, X=7B, Y=00, 00110110
         1261218 | FC | DB1F | ( 3)  REP #$0010     | PC=DB21, PBR=FC, DBR=E1, S=01B9, D=01BC, e=0, A=20, X=007B, Y=0000, 00100110
         1261219 | FC | DB21 | ( 6)  RTS            | PC=D962, PBR=FC, DBR=E1, S=01BB, D=01BC, e=0, A=20, X=007B, Y=0000, 00100110
         1256275 | FC | DB8F | ( 2)  SEI            | PC=DB90, PBR=FC, DBR=E1, S=01CF, D=0000, e=0, A=808A, X=0000, Y=0000, 00000110
         1256276 | FC | DB90 | ( 2)  TSC            | PC=DB91, PBR=FC, DBR=E1, S=01CF, D=0000, e=0, A=01CF, X=0000, Y=0000, 00000100
         1256277 | FC | DB91 | ( 2)  SEC            | PC=DB92, PBR=FC, DBR=E1, S=01CF, D=0000, e=0, A=01CF, X=0000, Y=0000, 00000101
         1256278 | FC | DB92 | ( 3)  SBC #$0013     | PC=DB95, PBR=FC, DBR=E1, S=01CF, D=0000, e=0, A=01BC, X=0000, Y=0000, 00000101
         1256279 | FC | DB95 | ( 2)  TCD            | PC=DB96, PBR=FC, DBR=E1, S=01CF, D=01BC, e=0, A=01BC, X=0000, Y=0000, 00000101
         1256280 | FC | DB96 | ( 2)  DEC            | PC=DB97, PBR=FC, DBR=E1, S=01CF, D=01BC, e=0, A=01BB, X=0000, Y=0000, 00000101
         1256281 | FC | DB97 | ( 6)  JSR $DBD9      | PC=DBD9, PBR=FC, DBR=E1, S=01CD, D=01BC, e=0, A=01BB, X=0000, Y=0000, 00000101
         1256286 | FC | DB9A | ( 3)  SEP #$0020     | PC=DB9C, PBR=FC, DBR=E1, S=01CF, D=01BC, e=0, A=BB, X=0000, Y=0000, 10100101
         1256287 | FC | DB9C | ( 6)  RTS            | PC=D954, PBR=FC, DBR=E1, S=01D1, D=01BC, e=0, A=BB, X=0000, Y=0000, 10100101
         1261223 | FC | DB9D | ( 3)  REP #$0030     | PC=DB9F, PBR=FC, DBR=E1, S=01BB, D=01BC, e=0, A=0120, X=0008, Y=0000, 00000100
         1261224 | FC | DB9F | ( 3)  LDY #$0000     | PC=DBA2, PBR=FC, DBR=E1, S=01BB, D=01BC, e=0, A=0120, X=0008, Y=0000, 00000110
         1261225 | FC | DBA2 | ( 3)  BRA $07 (7)    | PC=DBAB, PBR=FC, DBR=E1, S=01BB, D=01BC, e=0, A=0120, X=0008, Y=0000, 00000110
         1261226 | FC | DBAB | ( 5)  LDA $1E        | PC=DBAD, PBR=FC, DBR=E1, S=01BB, D=01BC, e=0, A=FF80, X=0008, Y=0000, 10000100
         1261227 | FC | DBAD | ( 6)  STA $1E, X     | PC=DBAF, PBR=FC, DBR=E1, S=01BB, D=01BC, e=0, A=FF80, X=0008, Y=0000, 10000100
         1261228 | FC | DBAF | ( 5)  LDA $1C        | PC=DBB1, PBR=FC, DBR=E1, S=01BB, D=01BC, e=0, A=96FF, X=0008, Y=0000, 10000100
         1261229 | FC | DBB1 | ( 6)  STA $1C, X     | PC=DBB3, PBR=FC, DBR=E1, S=01BB, D=01BC, e=0, A=96FF, X=0008, Y=0000, 10000100
         1261230 | FC | DBB3 | ( 5)  LDA $1A        | PC=DBB5, PBR=FC, DBR=E1, S=01BB, D=01BC, e=0, A=8095, X=0008, Y=0000, 10000100
         1261231 | FC | DBB5 | ( 6)  STA $1A, X     | PC=DBB7, PBR=FC, DBR=E1, S=01BB, D=01BC, e=0, A=8095, X=0008, Y=0000, 10000100
         1261232 | FC | DBB7 | ( 5)  STX $14        | PC=DBB9, PBR=FC, DBR=E1, S=01BB, D=01BC, e=0, A=8095, X=0008, Y=0000, 10000100
         1261233 | FC | DBB9 | ( 2)  TSC            | PC=DBBA, PBR=FC, DBR=E1, S=01BB, D=01BC, e=0, A=01BB, X=0008, Y=0000, 00000100
         1261234 | FC | DBBA | ( 2)  CLC            | PC=DBBB, PBR=FC, DBR=E1, S=01BB, D=01BC, e=0, A=01BB, X=0008, Y=0000, 00000100
         1261235 | FC | DBBB | ( 3)  ADC #$0016     | PC=DBBE, PBR=FC, DBR=E1, S=01BB, D=01BC, e=0, A=01D1, X=0008, Y=0000, 00000100
         1261236 | FC | DBBE | ( 2)  TCS            | PC=DBBF, PBR=FC, DBR=E1, S=01D1, D=01BC, e=0, A=01D1, X=0008, Y=0000, 00000100
         1261237 | FC | DBBF | ( 5)  ADC $14        | PC=DBC1, PBR=FC, DBR=E1, S=01D1, D=01BC, e=0, A=01D9, X=0008, Y=0000, 00000100
         1261238 | FC | DBC1 | ( 3)  ADC #$0004     | PC=DBC4, PBR=FC, DBR=E1, S=01D1, D=01BC, e=0, A=01DD, X=0008, Y=0000, 00000100
         1261239 | FC | DBC4 | ( 2)  TAX            | PC=DBC5, PBR=FC, DBR=E1, S=01D1, D=01BC, e=0, A=01DD, X=01DD, Y=0000, 00000100
         1261240 | FC | DBC5 | ( 4)  PLB            | PC=DBC6, PBR=FC, DBR=E1, S=01D2, D=01BC, e=0, A=01DD, X=01DD, Y=0000, 10000100
         1261241 | FC | DBC6 | ( 4)  PLP            | PC=DBC7, PBR=FC, DBR=E1, S=01D3, D=01BC, e=0, A=01DD, X=01DD, Y=0000, 00000110
         1261242 | FC | DBC7 | ( 5)  PLD            | PC=DBC8, PBR=FC, DBR=E1, S=01D5, D=0000, e=0, A=01DD, X=01DD, Y=0000, 00000110
         1261243 | FC | DBC8 | ( 2)  TYA            | PC=DBC9, PBR=FC, DBR=E1, S=01D5, D=0000, e=0, A=0000, X=01DD, Y=0000, 00000110
         1261244 | FC | DBC9 | ( 3)  CMP #$0001     | PC=DBCC, PBR=FC, DBR=E1, S=01D5, D=0000, e=0, A=0000, X=01DD, Y=0000, 10000100
         1261245 | FC | DBCC | ( 2)  TXS            | PC=DBCD, PBR=FC, DBR=E1, S=01DD, D=0000, e=0, A=0000, X=01DD, Y=0000, 10000100
         1261246 | FC | DBCD | ( 6)  RTL            | PC=8096, PBR=FF, DBR=E1, S=01E0, D=0000, e=0, A=0000, X=01DD, Y=0000, 10000100
         1908659 | FC | DBD9 | ( 5)  PEA $E1E1      | PC=DBDC, PBR=FC, DBR=00, S=01CF, D=01DE, e=0, A=0000, X=09, Y=00, 00010110
         1908660 | FC | DBDC | ( 4)  PLB            | PC=DBDD, PBR=FC, DBR=E1, S=01D0, D=01DE, e=0, A=0000, X=09, Y=00, 10010100
         1908661 | FC | DBDD | ( 4)  PLB            | PC=DBDE, PBR=FC, DBR=E1, S=01D1, D=01DE, e=0, A=0000, X=09, Y=00, 10010100
         1908662 | FC | DBDE | ( 6)  RTS            | PC=D714, PBR=FC, DBR=E1, S=01D3, D=01DE, e=0, A=0000, X=09, Y=00, 10010100
         1711683 | FC | DC0B | ( 2)  CLC            | PC=DC0C, PBR=FC, DBR=00, S=01D4, D=01DE, e=0, A=0000, X=0107, Y=0000, 00000110
         1711684 | FC | DC0C | ( 3)  BCC $01 (1)    | PC=DC0F, PBR=FC, DBR=00, S=01D4, D=01DE, e=0, A=0000, X=0107, Y=0000, 00000110
         1711685 | FC | DC0F | ( 3)  LDA #$0000     | PC=DC12, PBR=FC, DBR=00, S=01D4, D=01DE, e=0, A=0000, X=0107, Y=0000, 00000110
         1711686 | FC | DC12 | ( 6)  STA $E100FF    | PC=DC16, PBR=FC, DBR=00, S=01D4, D=01DE, e=0, A=0000, X=0107, Y=0000, 00000110
         1711687 | FC | DC16 | ( 6)  STA $E01DDE    | PC=DC1A, PBR=FC, DBR=00, S=01D4, D=01DE, e=0, A=0000, X=0107, Y=0000, 00000110
         1711688 | FC | DC1A | ( 3)  LDA #$00FF     | PC=DC1D, PBR=FC, DBR=00, S=01D4, D=01DE, e=0, A=00FF, X=0107, Y=0000, 00000100
         1711689 | FC | DC1D | ( 6)  STA $E01DEF    | PC=DC21, PBR=FC, DBR=00, S=01D4, D=01DE, e=0, A=00FF, X=0107, Y=0000, 00000100
         1711690 | FC | DC21 | ( 3)  BCC $04 (4)    | PC=DC27, PBR=FC, DBR=00, S=01D4, D=01DE, e=0, A=00FF, X=0107, Y=0000, 00000100
         1711691 | FC | DC27 | ( 3)  LDA #$DD07     | PC=DC2A, PBR=FC, DBR=00, S=01D4, D=01DE, e=0, A=DD07, X=0107, Y=0000, 10000100
         1711692 | FC | DC2A | ( 6)  STA $E10065    | PC=DC2E, PBR=FC, DBR=00, S=01D4, D=01DE, e=0, A=DD07, X=0107, Y=0000, 10000100
         1711693 | FC | DC2E | ( 3)  LDA #$DC94     | PC=DC31, PBR=FC, DBR=00, S=01D4, D=01DE, e=0, A=DC94, X=0107, Y=0000, 10000100
         1711694 | FC | DC31 | ( 6)  STA $E10069    | PC=DC35, PBR=FC, DBR=00, S=01D4, D=01DE, e=0, A=DC94, X=0107, Y=0000, 10000100
         1711695 | FC | DC35 | ( 3)  SEP #$0030     | PC=DC37, PBR=FC, DBR=00, S=01D4, D=01DE, e=0, A=94, X=07, Y=00, 10110100
         1711696 | FC | DC37 | ( 2)  LDA #$FC       | PC=DC39, PBR=FC, DBR=00, S=01D4, D=01DE, e=0, A=FC, X=07, Y=00, 10110100
         1711697 | FC | DC39 | ( 5)  STA $E10067    | PC=DC3D, PBR=FC, DBR=00, S=01D4, D=01DE, e=0, A=FC, X=07, Y=00, 10110100
         1711698 | FC | DC3D | ( 5)  STA $E1006B    | PC=DC41, PBR=FC, DBR=00, S=01D4, D=01DE, e=0, A=FC, X=07, Y=00, 10110100
         1711699 | FC | DC41 | ( 3)  REP #$0030     | PC=DC43, PBR=FC, DBR=00, S=01D4, D=01DE, e=0, A=DCFC, X=0007, Y=0000, 10000100
         1711700 | FC | DC43 | ( 4)  JML $FEFBDF    | PC=FBDF, PBR=FE, DBR=00, S=01D4, D=01DE, e=0, A=DCFC, X=0007, Y=0000, 10000100
         1951714 | FC | DC94 | ( 3)  PHP            | PC=DC95, PBR=FC, DBR=E1, S=01AC, D=01B3, e=0, A=0028, X=0000, Y=0008, 00000101
         1951715 | FC | DC95 | ( 2)  SEI            | PC=DC96, PBR=FC, DBR=E1, S=01AC, D=01B3, e=0, A=0028, X=0000, Y=0008, 00000101
         1951716 | FC | DC96 | ( 4)  PHA            | PC=DC97, PBR=FC, DBR=E1, S=01AA, D=01B3, e=0, A=0028, X=0000, Y=0008, 00000101
         1951717 | FC | DC97 | ( 6)  LDA $E100FF    | PC=DC9B, PBR=FC, DBR=E1, S=01AA, D=01B3, e=0, A=0001, X=0000, Y=0008, 00000101
         1951718 | FC | DC9B | ( 2)  DEC            | PC=DC9C, PBR=FC, DBR=E1, S=01AA, D=01B3, e=0, A=0000, X=0000, Y=0008, 00000111
         1951719 | FC | DC9C | ( 6)  STA $E100FF    | PC=DCA0, PBR=FC, DBR=E1, S=01AA, D=01B3, e=0, A=0000, X=0000, Y=0008, 00000111
         1951720 | FC | DCA0 | ( 3)  BEQ $0C (12)   | PC=DCAE, PBR=FC, DBR=E1, S=01AA, D=01B3, e=0, A=0000, X=0000, Y=0008, 00000111
         1951664 | FC | DCA2 | ( 2)  BMI $03 (3)    | PC=DCA4, PBR=FC, DBR=E1, S=0173, D=017C, e=0, A=0001, X=F2E1, Y=FC08, 00000101
         1951665 | FC | DCA4 | ( 5)  PLA            | PC=DCA5, PBR=FC, DBR=E1, S=0175, D=017C, e=0, A=0012, X=F2E1, Y=FC08, 00000101
         1951666 | FC | DCA5 | ( 4)  PLP            | PC=DCA6, PBR=FC, DBR=E1, S=0176, D=017C, e=0, A=0012, X=F2E1, Y=FC08, 00000101
         1951667 | FC | DCA6 | ( 6)  RTL            | PC=01C8, PBR=FC, DBR=E1, S=0179, D=017C, e=0, A=0012, X=F2E1, Y=FC08, 00000101
         1951721 | FC | DCAE | ( 6)  LDA $E01DDE    | PC=DCB2, PBR=FC, DBR=E1, S=01AA, D=01B3, e=0, A=0000, X=0000, Y=0008, 00000111
         1951722 | FC | DCB2 | ( 3)  AND #$00FF     | PC=DCB5, PBR=FC, DBR=E1, S=01AA, D=01B3, e=0, A=0000, X=0000, Y=0008, 00000111
         1951723 | FC | DCB5 | ( 2)  BNE $ED (-19)  | PC=DCB7, PBR=FC, DBR=E1, S=01AA, D=01B3, e=0, A=0000, X=0000, Y=0008, 00000111
         1951724 | FC | DCB7 | ( 6)  LDA $E01DEE    | PC=DCBB, PBR=FC, DBR=E1, S=01AA, D=01B3, e=0, A=FF00, X=0000, Y=0008, 10000101
         1951725 | FC | DCBB | ( 2)  BPL $03 (3)    | PC=DCBD, PBR=FC, DBR=E1, S=01AA, D=01B3, e=0, A=FF00, X=0000, Y=0008, 10000101
         1951726 | FC | DCBD | ( 5)  PLA            | PC=DCBE, PBR=FC, DBR=E1, S=01AC, D=01B3, e=0, A=0028, X=0000, Y=0008, 00000101
         1951727 | FC | DCBE | ( 4)  PLP            | PC=DCBF, PBR=FC, DBR=E1, S=01AD, D=01B3, e=0, A=0028, X=0000, Y=0008, 00000101
         1951728 | FC | DCBF | ( 6)  RTL            | PC=01C8, PBR=FC, DBR=E1, S=01B0, D=01B3, e=0, A=0028, X=0000, Y=0008, 00000101
         1951637 | FC | DD07 | ( 3)  PHP            | PC=DD08, PBR=FC, DBR=E1, S=0171, D=017C, e=0, A=017C, X=F2E1, Y=FC08, 00000101
         1951638 | FC | DD08 | ( 2)  SEI            | PC=DD09, PBR=FC, DBR=E1, S=0171, D=017C, e=0, A=017C, X=F2E1, Y=FC08, 00000101
         1951639 | FC | DD09 | ( 4)  PHA            | PC=DD0A, PBR=FC, DBR=E1, S=016F, D=017C, e=0, A=017C, X=F2E1, Y=FC08, 00000101
         1951640 | FC | DD0A | ( 6)  LDA $E100FF    | PC=DD0E, PBR=FC, DBR=E1, S=016F, D=017C, e=0, A=0001, X=F2E1, Y=FC08, 00000101
         1951641 | FC | DD0E | ( 2)  INC            | PC=DD0F, PBR=FC, DBR=E1, S=016F, D=017C, e=0, A=0002, X=F2E1, Y=FC08, 00000101
         1951642 | FC | DD0F | ( 6)  STA $E100FF    | PC=DD13, PBR=FC, DBR=E1, S=016F, D=017C, e=0, A=0002, X=F2E1, Y=FC08, 00000101
         1951643 | FC | DD13 | ( 5)  PLA            | PC=DD14, PBR=FC, DBR=E1, S=0171, D=017C, e=0, A=017C, X=F2E1, Y=FC08, 00000101
         1951644 | FC | DD14 | ( 4)  PLP            | PC=DD15, PBR=FC, DBR=E1, S=0172, D=017C, e=0, A=017C, X=F2E1, Y=FC08, 00000101
         1951645 | FC | DD15 | ( 6)  RTL            | PC=01C2, PBR=FC, DBR=E1, S=0175, D=017C, e=0, A=017C, X=F2E1, Y=FC08, 00000101
         1701367 | FC | E6A6 | ( 6)  LDA $FCE6B7    | PC=E6AA, PBR=FC, DBR=00, S=01E9, D=0000, e=0, A=BB5C, X=FFFE, Y=00FB, 10000101
         1701368 | FC | E6AA | ( 6)  STA $E100B0    | PC=E6AE, PBR=FC, DBR=00, S=01E9, D=0000, e=0, A=BB5C, X=FFFE, Y=00FB, 10000101
         1701369 | FC | E6AE | ( 6)  LDA $FCE6B9    | PC=E6B2, PBR=FC, DBR=00, S=01E9, D=0000, e=0, A=FCE6, X=FFFE, Y=00FB, 10000101
         1701370 | FC | E6B2 | ( 6)  STA $E100B2    | PC=E6B6, PBR=FC, DBR=00, S=01E9, D=0000, e=0, A=FCE6, X=FFFE, Y=00FB, 10000101
         1701371 | FC | E6B6 | ( 6)  RTL            | PC=0070, PBR=FE, DBR=00, S=01EC, D=0000, e=0, A=FCE6, X=FFFE, Y=00FB, 10000101
         1911234 | FC | E8C6 | ( 2)  CLC            | PC=E8C7, PBR=FC, DBR=00, S=01D4, D=01DE, e=0, A=0000, X=011C, Y=0000, 00000110
         1911235 | FC | E8C7 | ( 3)  LDA #$0000     | PC=E8CA, PBR=FC, DBR=00, S=01D4, D=01DE, e=0, A=0000, X=011C, Y=0000, 00000110
         1911236 | FC | E8CA | ( 6)  RTL            | PC=0138, PBR=FE, DBR=00, S=01D7, D=01DE, e=0, A=0000, X=011C, Y=0000, 00000110
         1909188 | FD | 21F4 | ( 3)  LDA #$0000     | PC=21F7, PBR=FD, DBR=00, S=01D4, D=01DE, e=0, A=0000, X=010E, Y=0000, 00000110
         1909189 | FD | 21F7 | ( 2)  CLC            | PC=21F8, PBR=FD, DBR=00, S=01D4, D=01DE, e=0, A=0000, X=010E, Y=0000, 00000110
         1909190 | FD | 21F8 | ( 6)  RTL            | PC=0138, PBR=FE, DBR=00, S=01D7, D=01DE, e=0, A=0000, X=010E, Y=0000, 00000110
         1909257 | FD | 5777 | ( 3)  LDA #$0000     | PC=577A, PBR=FD, DBR=00, S=01D4, D=01DE, e=0, A=0000, X=010F, Y=0000, 00000110
         1909258 | FD | 577A | ( 2)  CLC            | PC=577B, PBR=FD, DBR=00, S=01D4, D=01DE, e=0, A=0000, X=010F, Y=0000, 00000110
         1909259 | FD | 577B | ( 6)  RTL            | PC=0138, PBR=FE, DBR=00, S=01D7, D=01DE, e=0, A=0000, X=010F, Y=0000, 00000110
         1909326 | FD | 919B | ( 3)  LDA #$0000     | PC=919E, PBR=FD, DBR=00, S=01D4, D=01DE, e=0, A=0000, X=0110, Y=0000, 00000110
         1909327 | FD | 919E | ( 2)  CLC            | PC=919F, PBR=FD, DBR=00, S=01D4, D=01DE, e=0, A=0000, X=0110, Y=0000, 00000110
         1909328 | FD | 919F | ( 6)  RTL            | PC=0138, PBR=FE, DBR=00, S=01D7, D=01DE, e=0, A=0000, X=0110, Y=0000, 00000110
         1954282 | FD | E3FD | ( 3)  JMP $E594      | PC=E594, PBR=FD, DBR=00, S=01EC, D=0000, e=0, A=90, X=6E, Y=00, 00110110
         1954283 | FD | E594 | ( 3)  PHP            | PC=E595, PBR=FD, DBR=00, S=01EB, D=0000, e=0, A=90, X=6E, Y=00, 00110110
         1954284 | FD | E595 | ( 3)  PHB            | PC=E596, PBR=FD, DBR=00, S=01EA, D=0000, e=0, A=90, X=6E, Y=00, 00110110
         1954285 | FD | E596 | ( 6)  JSR $E665      | PC=E665, PBR=FD, DBR=00, S=01E8, D=0000, e=0, A=90, X=6E, Y=00, 00110110
         1954299 | FD | E599 | ( 3)  REP #$0030     | PC=E59B, PBR=FD, DBR=E1, S=01EA, D=0000, e=0, A=00C0, X=006E, Y=0000, 10000100
         1954300 | FD | E59B | ( 3)  LDA #$DC74     | PC=E59E, PBR=FD, DBR=E1, S=01EA, D=0000, e=0, A=DC74, X=006E, Y=0000, 10000100
         1954301 | FD | E59E | ( 5)  STA $DA04      | PC=E5A1, PBR=FD, DBR=E1, S=01EA, D=0000, e=0, A=DC74, X=006E, Y=0000, 10000100
         1954302 | FD | E5A1 | ( 5)  STZ $DE68      | PC=E5A4, PBR=FD, DBR=E1, S=01EA, D=0000, e=0, A=DC74, X=006E, Y=0000, 10000100
         1954303 | FD | E5A4 | ( 3)  LDA #$0000     | PC=E5A7, PBR=FD, DBR=E1, S=01EA, D=0000, e=0, A=0000, X=006E, Y=0000, 00000110
         1954304 | FD | E5A7 | ( 5)  STA $D600      | PC=E5AA, PBR=FD, DBR=E1, S=01EA, D=0000, e=0, A=0000, X=006E, Y=0000, 00000110
         1954305 | FD | E5AA | ( 3)  LDX #$D600     | PC=E5AD, PBR=FD, DBR=E1, S=01EA, D=0000, e=0, A=0000, X=D600, Y=0000, 10000100
         1954306 | FD | E5AD | ( 3)  LDY #$D601     | PC=E5B0, PBR=FD, DBR=E1, S=01EA, D=0000, e=0, A=0000, X=D600, Y=D601, 10000100
         1954307 | FD | E5B0 | ( 3)  LDA #$03FE     | PC=E5B3, PBR=FD, DBR=E1, S=01EA, D=0000, e=0, A=03FE, X=D600, Y=D601, 00000100
         1955330 | FD | E5B3 | ( 7)  MVN s:E1, d:E1 | PC=E5B6, PBR=FD, DBR=E1, S=01EA, D=0000, e=0, A=FFFF, X=D9FF, Y=DA00, 00000100
         1955331 | FD | E5B6 | ( 3)  LDX #$E403     | PC=E5B9, PBR=FD, DBR=E1, S=01EA, D=0000, e=0, A=FFFF, X=E403, Y=DA00, 10000100
         1955332 | FD | E5B9 | ( 3)  LDY #$D600     | PC=E5BC, PBR=FD, DBR=E1, S=01EA, D=0000, e=0, A=FFFF, X=E403, Y=D600, 10000100
         1955333 | FD | E5BC | ( 3)  LDA #$0067     | PC=E5BF, PBR=FD, DBR=E1, S=01EA, D=0000, e=0, A=0067, X=E403, Y=D600, 00000100
         1955437 | FD | E5BF | ( 7)  MVN s:FD, d:E1 | PC=E5C2, PBR=FD, DBR=E1, S=01EA, D=0000, e=0, A=FFFF, X=E46B, Y=D668, 00000100
         1955438 | FD | E5C2 | ( 3)  LDX #$E46B     | PC=E5C5, PBR=FD, DBR=E1, S=01EA, D=0000, e=0, A=FFFF, X=E46B, Y=D668, 10000100
         1955439 | FD | E5C5 | ( 3)  LDY #$D714     | PC=E5C8, PBR=FD, DBR=E1, S=01EA, D=0000, e=0, A=FFFF, X=E46B, Y=D714, 10000100
         1955440 | FD | E5C8 | ( 3)  LDA #$0007     | PC=E5CB, PBR=FD, DBR=E1, S=01EA, D=0000, e=0, A=0007, X=E46B, Y=D714, 00000100
         1955448 | FD | E5CB | ( 7)  MVN s:FD, d:E1 | PC=E5CE, PBR=FD, DBR=E1, S=01EA, D=0000, e=0, A=FFFF, X=E473, Y=D71C, 00000100
         1955449 | FD | E5CE | ( 6)  LDA $E101C1    | PC=E5D2, PBR=FD, DBR=E1, S=01EA, D=0000, e=0, A=0000, X=E473, Y=D71C, 00000110
         1955450 | FD | E5D2 | ( 3)  AND #$00FF     | PC=E5D5, PBR=FD, DBR=E1, S=01EA, D=0000, e=0, A=0000, X=E473, Y=D71C, 00000110
         1955451 | FD | E5D5 | ( 3)  ORA #$00C0     | PC=E5D8, PBR=FD, DBR=E1, S=01EA, D=0000, e=0, A=00C0, X=E473, Y=D71C, 00000100
         1955452 | FD | E5D8 | ( 6)  STA $E11044    | PC=E5DC, PBR=FD, DBR=E1, S=01EA, D=0000, e=0, A=00C0, X=E473, Y=D71C, 00000100
         1955453 | FD | E5DC | ( 6)  STA $E11048    | PC=E5E0, PBR=FD, DBR=E1, S=01EA, D=0000, e=0, A=00C0, X=E473, Y=D71C, 00000100
         1955454 | FD | E5E0 | ( 6)  STA $E1100A    | PC=E5E4, PBR=FD, DBR=E1, S=01EA, D=0000, e=0, A=00C0, X=E473, Y=D71C, 00000100
         1955455 | FD | E5E4 | ( 3)  LDA #$005C     | PC=E5E7, PBR=FD, DBR=E1, S=01EA, D=0000, e=0, A=005C, X=E473, Y=D71C, 00000100
         1955456 | FD | E5E7 | ( 3)  ORA #$A000     | PC=E5EA, PBR=FD, DBR=E1, S=01EA, D=0000, e=0, A=A05C, X=E473, Y=D71C, 10000100
         1955457 | FD | E5EA | ( 6)  STA $E11042    | PC=E5EE, PBR=FD, DBR=E1, S=01EA, D=0000, e=0, A=A05C, X=E473, Y=D71C, 10000100
         1955458 | FD | E5EE | ( 3)  LDA #$005C     | PC=E5F1, PBR=FD, DBR=E1, S=01EA, D=0000, e=0, A=005C, X=E473, Y=D71C, 00000100
         1955459 | FD | E5F1 | ( 3)  ORA #$A100     | PC=E5F4, PBR=FD, DBR=E1, S=01EA, D=0000, e=0, A=A15C, X=E473, Y=D71C, 10000100
         1955460 | FD | E5F4 | ( 6)  STA $E11046    | PC=E5F8, PBR=FD, DBR=E1, S=01EA, D=0000, e=0, A=A15C, X=E473, Y=D71C, 10000100
         1955461 | FD | E5F8 | ( 3)  LDA #$005C     | PC=E5FB, PBR=FD, DBR=E1, S=01EA, D=0000, e=0, A=005C, X=E473, Y=D71C, 00000100
         1955462 | FD | E5FB | ( 3)  ORA #$AB00     | PC=E5FE, PBR=FD, DBR=E1, S=01EA, D=0000, e=0, A=AB5C, X=E473, Y=D71C, 10000100
         1955463 | FD | E5FE | ( 6)  STA $E11008    | PC=E602, PBR=FD, DBR=E1, S=01EA, D=0000, e=0, A=AB5C, X=E473, Y=D71C, 10000100
         1955464 | FD | E602 | ( 3)  LDA #$006B     | PC=E605, PBR=FD, DBR=E1, S=01EA, D=0000, e=0, A=006B, X=E473, Y=D71C, 00000100
         1955465 | FD | E605 | ( 6)  STA $E1104A    | PC=E609, PBR=FD, DBR=E1, S=01EA, D=0000, e=0, A=006B, X=E473, Y=D71C, 00000100
         1955466 | FD | E609 | ( 3)  LDA #$0000     | PC=E60C, PBR=FD, DBR=E1, S=01EA, D=0000, e=0, A=0000, X=E473, Y=D71C, 00000110
         1955467 | FD | E60C | ( 6)  STA $E1104C    | PC=E610, PBR=FD, DBR=E1, S=01EA, D=0000, e=0, A=0000, X=E473, Y=D71C, 00000110
         1955468 | FD | E610 | ( 3)  LDX #$F276     | PC=E613, PBR=FD, DBR=E1, S=01EA, D=0000, e=0, A=0000, X=F276, Y=D71C, 10000100
         1955469 | FD | E613 | ( 3)  LDY #$DDD8     | PC=E616, PBR=FD, DBR=E1, S=01EA, D=0000, e=0, A=0000, X=F276, Y=DDD8, 10000100
         1955470 | FD | E616 | ( 3)  LDA #$0062     | PC=E619, PBR=FD, DBR=E1, S=01EA, D=0000, e=0, A=0062, X=F276, Y=DDD8, 00000100
         1955569 | FD | E619 | ( 7)  MVN s:FD, d:E1 | PC=E61C, PBR=FD, DBR=E1, S=01EA, D=0000, e=0, A=FFFF, X=F2D9, Y=DE3B, 00000100
         1955570 | FD | E61C | ( 3)  LDX #$E645     | PC=E61F, PBR=FD, DBR=E1, S=01EA, D=0000, e=0, A=FFFF, X=E645, Y=DE3B, 10000100
         1955571 | FD | E61F | ( 3)  LDY #$1000     | PC=E622, PBR=FD, DBR=E1, S=01EA, D=0000, e=0, A=FFFF, X=E645, Y=1000, 00000100
         1955572 | FD | E622 | ( 3)  LDA #$001F     | PC=E625, PBR=FD, DBR=E1, S=01EA, D=0000, e=0, A=001F, X=E645, Y=1000, 00000100
         1955604 | FD | E625 | ( 7)  MVN s:FD, d:E1 | PC=E628, PBR=FD, DBR=E1, S=01EA, D=0000, e=0, A=FFFF, X=E665, Y=1020, 00000100
         1955605 | FD | E628 | ( 6)  LDA $FDE641    | PC=E62C, PBR=FD, DBR=E1, S=01EA, D=0000, e=0, A=685C, X=E665, Y=1020, 00000100
         1955606 | FD | E62C | ( 6)  STA $E11036    | PC=E630, PBR=FD, DBR=E1, S=01EA, D=0000, e=0, A=685C, X=E665, Y=1020, 00000100
         1955607 | FD | E630 | ( 6)  LDA $FDE643    | PC=E634, PBR=FD, DBR=E1, S=01EA, D=0000, e=0, A=FDFE, X=E665, Y=1020, 10000100
         1955608 | FD | E634 | ( 6)  STA $E11038    | PC=E638, PBR=FD, DBR=E1, S=01EA, D=0000, e=0, A=FDFE, X=E665, Y=1020, 10000100
         1955609 | FD | E638 | ( 6)  JSR $F54B      | PC=F54B, PBR=FD, DBR=E1, S=01E8, D=0000, e=0, A=FDFE, X=E665, Y=1020, 10000100
         1955654 | FD | E63B | ( 6)  JSR $E683      | PC=E683, PBR=FD, DBR=E1, S=01E8, D=0000, e=0, A=FFFF, X=116C, Y=116D, 10000100
         1955661 | FD | E63E | ( 4)  PLB            | PC=E63F, PBR=FD, DBR=00, S=01EB, D=0000, e=0, A=0D, X=6C, Y=6D, 00110110
         1955662 | FD | E63F | ( 4)  PLP            | PC=E640, PBR=FD, DBR=00, S=01EC, D=0000, e=0, A=0D, X=6C, Y=6D, 00110110
         1955663 | FD | E640 | ( 6)  RTL            | PC=9D35, PBR=FF, DBR=00, S=01EF, D=0000, e=0, A=0D, X=6C, Y=6D, 00110110
         1954286 | FD | E665 | ( 3)  SEP #$0030     | PC=E667, PBR=FD, DBR=00, S=01E8, D=0000, e=0, A=90, X=6E, Y=00, 00110110
         1954287 | FD | E667 | ( 2)  LDA #$E1       | PC=E669, PBR=FD, DBR=00, S=01E8, D=0000, e=0, A=E1, X=6E, Y=00, 10110100
         1954288 | FD | E669 | ( 3)  PHA            | PC=E66A, PBR=FD, DBR=00, S=01E7, D=0000, e=0, A=E1, X=6E, Y=00, 10110100
         1954289 | FD | E66A | ( 4)  PLB            | PC=E66B, PBR=FD, DBR=E1, S=01E8, D=0000, e=0, A=E1, X=6E, Y=00, 10110100
         1954290 | FD | E66B | ( 4)  LDA $C068      | PC=E66E, PBR=FD, DBR=E1, S=01E8, D=0000, e=0, A=0D, X=6E, Y=00, 00110100
         1954291 | FD | E66E | ( 4)  BIT $C083      | PC=E671, PBR=FD, DBR=E1, S=01E8, D=0000, e=0, A=0D, X=6E, Y=00, 00110110
         1954292 | FD | E671 | ( 4)  BIT $C083      | PC=E674, PBR=FD, DBR=E1, S=01E8, D=0000, e=0, A=0D, X=6E, Y=00, 00110110
         1954293 | FD | E674 | ( 4)  STA $DA4A      | PC=E677, PBR=FD, DBR=E1, S=01E8, D=0000, e=0, A=0D, X=6E, Y=00, 00110110
         1954294 | FD | E677 | ( 4)  LDA $C036      | PC=E67A, PBR=FD, DBR=E1, S=01E8, D=0000, e=0, A=C0, X=6E, Y=00, 10110100
         1954295 | FD | E67A | ( 4)  STA $DA4B      | PC=E67D, PBR=FD, DBR=E1, S=01E8, D=0000, e=0, A=C0, X=6E, Y=00, 10110100
         1954296 | FD | E67D | ( 2)  ORA #$80       | PC=E67F, PBR=FD, DBR=E1, S=01E8, D=0000, e=0, A=C0, X=6E, Y=00, 10110100
         1954297 | FD | E67F | ( 4)  STA $C036      | PC=E682, PBR=FD, DBR=E1, S=01E8, D=0000, e=0, A=C0, X=6E, Y=00, 10110100
         1954298 | FD | E682 | ( 6)  RTS            | PC=E599, PBR=FD, DBR=E1, S=01EA, D=0000, e=0, A=C0, X=6E, Y=00, 10110100
         1955655 | FD | E683 | ( 3)  SEP #$0030     | PC=E685, PBR=FD, DBR=E1, S=01E8, D=0000, e=0, A=FF, X=6C, Y=6D, 10110100
         1955656 | FD | E685 | ( 4)  LDA $DA4B      | PC=E688, PBR=FD, DBR=E1, S=01E8, D=0000, e=0, A=C0, X=6C, Y=6D, 10110100
         1955657 | FD | E688 | ( 4)  STA $C036      | PC=E68B, PBR=FD, DBR=E1, S=01E8, D=0000, e=0, A=C0, X=6C, Y=6D, 10110100
         1955658 | FD | E68B | ( 4)  LDA $DA4A      | PC=E68E, PBR=FD, DBR=E1, S=01E8, D=0000, e=0, A=0D, X=6C, Y=6D, 00110100
         1955659 | FD | E68E | ( 4)  STA $C068      | PC=E691, PBR=FD, DBR=E1, S=01E8, D=0000, e=0, A=0D, X=6C, Y=6D, 00110100
         1955660 | FD | E691 | ( 6)  RTS            | PC=E63E, PBR=FD, DBR=E1, S=01EA, D=0000, e=0, A=0D, X=6C, Y=6D, 00110100
         1955610 | FD | F54B | ( 3)  PHP            | PC=F54C, PBR=FD, DBR=E1, S=01E7, D=0000, e=0, A=FDFE, X=E665, Y=1020, 10000100
         1955611 | FD | F54C | ( 3)  REP #$0010     | PC=F54E, PBR=FD, DBR=E1, S=01E7, D=0000, e=0, A=FDFE, X=E665, Y=1020, 10000100
         1955612 | FD | F54E | ( 3)  SEP #$0020     | PC=F550, PBR=FD, DBR=E1, S=01E7, D=0000, e=0, A=FE, X=E665, Y=1020, 10100100
         1955613 | FD | F550 | ( 3)  LDX #$E263     | PC=F553, PBR=FD, DBR=E1, S=01E7, D=0000, e=0, A=FE, X=E263, Y=1020, 10100100
         1955614 | FD | F553 | ( 5)  STX $10B1      | PC=F556, PBR=FD, DBR=E1, S=01E7, D=0000, e=0, A=FE, X=E263, Y=1020, 10100100
         1955615 | FD | F556 | ( 2)  LDA #$E0       | PC=F558, PBR=FD, DBR=E1, S=01E7, D=0000, e=0, A=E0, X=E263, Y=1020, 10100100
         1955616 | FD | F558 | ( 4)  STA $10B3      | PC=F55B, PBR=FD, DBR=E1, S=01E7, D=0000, e=0, A=E0, X=E263, Y=1020, 10100100
         1955617 | FD | F55B | ( 3)  LDX #$E000     | PC=F55E, PBR=FD, DBR=E1, S=01E7, D=0000, e=0, A=E0, X=E000, Y=1020, 10100100
         1955618 | FD | F55E | ( 5)  STX $10AD      | PC=F561, PBR=FD, DBR=E1, S=01E7, D=0000, e=0, A=E0, X=E000, Y=1020, 10100100
         1955619 | FD | F561 | ( 5)  STX $10A9      | PC=F564, PBR=FD, DBR=E1, S=01E7, D=0000, e=0, A=E0, X=E000, Y=1020, 10100100
         1955620 | FD | F564 | ( 3)  REP #$0020     | PC=F566, PBR=FD, DBR=E1, S=01E7, D=0000, e=0, A=FDE0, X=E000, Y=1020, 10000100
         1955621 | FD | F566 | ( 6)  STZ $0000, X   | PC=F569, PBR=FD, DBR=E1, S=01E7, D=0000, e=0, A=FDE0, X=E000, Y=1020, 10000100
         1955622 | FD | F569 | ( 3)  LDX #$FDA6     | PC=F56C, PBR=FD, DBR=E1, S=01E7, D=0000, e=0, A=FDE0, X=FDA6, Y=1020, 10000100
         1955623 | FD | F56C | ( 5)  STX $10AF      | PC=F56F, PBR=FD, DBR=E1, S=01E7, D=0000, e=0, A=FDE0, X=FDA6, Y=1020, 10000100
         1955624 | FD | F56F | ( 5)  STZ $1155      | PC=F572, PBR=FD, DBR=E1, S=01E7, D=0000, e=0, A=FDE0, X=FDA6, Y=1020, 10000100
         1955625 | FD | F572 | ( 3)  LDX #$1155     | PC=F575, PBR=FD, DBR=E1, S=01E7, D=0000, e=0, A=FDE0, X=1155, Y=1020, 00000100
         1955626 | FD | F575 | ( 2)  TXY            | PC=F576, PBR=FD, DBR=E1, S=01E7, D=0000, e=0, A=FDE0, X=1155, Y=1155, 00000100
         1955627 | FD | F576 | ( 2)  INY            | PC=F577, PBR=FD, DBR=E1, S=01E7, D=0000, e=0, A=FDE0, X=1155, Y=1156, 00000100
         1955628 | FD | F577 | ( 3)  LDA #$0016     | PC=F57A, PBR=FD, DBR=E1, S=01E7, D=0000, e=0, A=0016, X=1155, Y=1156, 00000100
         1955651 | FD | F57A | ( 7)  MVN s:E1, d:E1 | PC=F57D, PBR=FD, DBR=E1, S=01E7, D=0000, e=0, A=FFFF, X=116C, Y=116D, 00000100
         1955652 | FD | F57D | ( 4)  PLP            | PC=F57E, PBR=FD, DBR=E1, S=01E8, D=0000, e=0, A=FFFF, X=116C, Y=116D, 10000100
         1955653 | FD | F57E | ( 6)  RTS            | PC=E63B, PBR=FD, DBR=E1, S=01EA, D=0000, e=0, A=FFFF, X=116C, Y=116D, 10000100
         1701289 | FE | 0000 | ( 4)  JML $FE001C    | PC=001C, PBR=FE, DBR=00, S=01EC, D=0000, e=0, A=0D, X=03, Y=FB, 00110101
         1954281 | FE | 000C | ( 4)  JML $FDE3FD    | PC=E3FD, PBR=FD, DBR=00, S=01EC, D=0000, e=0, A=90, X=6E, Y=00, 00110110
         1256270 | FE | 0014 | ( 4)  JML $FCD94E    | PC=D94E, PBR=FC, DBR=E1, S=01D5, D=0000, e=0, A=808A, X=0000, Y=0000, 00000110
         1701290 | FE | 001C | ( 3)  REP #$0030     | PC=001E, PBR=FE, DBR=00, S=01EC, D=0000, e=0, A=800D, X=0003, Y=00FB, 00000101
         1701291 | FE | 001E | ( 3)  LDX #$000E     | PC=0021, PBR=FE, DBR=00, S=01EC, D=0000, e=0, A=800D, X=000E, Y=00FB, 00000101
         1701327 | FE | 0021 | ( 7)  LDA $FE0081, X | PC=0025, PBR=FE, DBR=00, S=01EC, D=0000, e=0, A=C55C, X=0000, Y=00FB, 10000101
         1701328 | FE | 0025 | ( 6)  STA $E10000, X | PC=0029, PBR=FE, DBR=00, S=01EC, D=0000, e=0, A=C55C, X=0000, Y=00FB, 10000101
         1701329 | FE | 0029 | ( 2)  DEX            | PC=002A, PBR=FE, DBR=00, S=01EC, D=0000, e=0, A=C55C, X=FFFF, Y=00FB, 10000101
         1701330 | FE | 002A | ( 2)  DEX            | PC=002B, PBR=FE, DBR=00, S=01EC, D=0000, e=0, A=C55C, X=FFFE, Y=00FB, 10000101
         1701331 | FE | 002B | ( 2)  BPL $F4 (-12)  | PC=002D, PBR=FE, DBR=00, S=01EC, D=0000, e=0, A=C55C, X=FFFE, Y=00FB, 10000101
         1701332 | FE | 002D | ( 3)  LDA #$0139     | PC=0030, PBR=FE, DBR=00, S=01EC, D=0000, e=0, A=0139, X=FFFE, Y=00FB, 00000101
         1701333 | FE | 0030 | ( 6)  STA $E103C0    | PC=0034, PBR=FE, DBR=00, S=01EC, D=0000, e=0, A=0139, X=FFFE, Y=00FB, 00000101
         1701334 | FE | 0034 | ( 3)  LDA #$00FE     | PC=0037, PBR=FE, DBR=00, S=01EC, D=0000, e=0, A=00FE, X=FFFE, Y=00FB, 00000101
         1701335 | FE | 0037 | ( 6)  STA $E103C2    | PC=003B, PBR=FE, DBR=00, S=01EC, D=0000, e=0, A=00FE, X=FFFE, Y=00FB, 00000101
         1701336 | FE | 003B | ( 6)  STA $E103CA    | PC=003F, PBR=FE, DBR=00, S=01EC, D=0000, e=0, A=00FE, X=FFFE, Y=00FB, 00000101
         1701337 | FE | 003F | ( 3)  LDA #$0269     | PC=0042, PBR=FE, DBR=00, S=01EC, D=0000, e=0, A=0269, X=FFFE, Y=00FB, 00000101
         1701338 | FE | 0042 | ( 6)  STA $E103C4    | PC=0046, PBR=FE, DBR=00, S=01EC, D=0000, e=0, A=0269, X=FFFE, Y=00FB, 00000101
         1701339 | FE | 0046 | ( 3)  LDA #$00FE     | PC=0049, PBR=FE, DBR=00, S=01EC, D=0000, e=0, A=00FE, X=FFFE, Y=00FB, 00000101
         1701340 | FE | 0049 | ( 6)  STA $E103C6    | PC=004D, PBR=FE, DBR=00, S=01EC, D=0000, e=0, A=00FE, X=FFFE, Y=00FB, 00000101
         1701341 | FE | 004D | ( 3)  LDX #$0006     | PC=0050, PBR=FE, DBR=00, S=01EC, D=0000, e=0, A=00FE, X=0006, Y=00FB, 00000101
         1701357 | FE | 0050 | ( 7)  LDA $FE0091, X | PC=0054, PBR=FE, DBR=00, S=01EC, D=0000, e=0, A=6822, X=0000, Y=00FB, 00000101
         1701358 | FE | 0054 | ( 6)  STA $E10180, X | PC=0058, PBR=FE, DBR=00, S=01EC, D=0000, e=0, A=6822, X=0000, Y=00FB, 00000101
         1701359 | FE | 0058 | ( 2)  DEX            | PC=0059, PBR=FE, DBR=00, S=01EC, D=0000, e=0, A=6822, X=FFFF, Y=00FB, 10000101
         1701360 | FE | 0059 | ( 2)  DEX            | PC=005A, PBR=FE, DBR=00, S=01EC, D=0000, e=0, A=6822, X=FFFE, Y=00FB, 10000101
         1701361 | FE | 005A | ( 2)  BPL $F4 (-12)  | PC=005C, PBR=FE, DBR=00, S=01EC, D=0000, e=0, A=6822, X=FFFE, Y=00FB, 10000101
         1701362 | FE | 005C | ( 6)  LDA $FE0099    | PC=0060, PBR=FE, DBR=00, S=01EC, D=0000, e=0, A=705C, X=FFFE, Y=00FB, 00000101
         1701363 | FE | 0060 | ( 6)  STA $E101BC    | PC=0064, PBR=FE, DBR=00, S=01EC, D=0000, e=0, A=705C, X=FFFE, Y=00FB, 00000101
         1701364 | FE | 0064 | ( 6)  LDA $FE009B    | PC=0068, PBR=FE, DBR=00, S=01EC, D=0000, e=0, A=FE0B, X=FFFE, Y=00FB, 10000101
         1701365 | FE | 0068 | ( 6)  STA $E101BE    | PC=006C, PBR=FE, DBR=00, S=01EC, D=0000, e=0, A=FE0B, X=FFFE, Y=00FB, 10000101
         1701366 | FE | 006C | ( 8)  JSL $FCE6A6    | PC=E6A6, PBR=FC, DBR=00, S=01E9, D=0000, e=0, A=FE0B, X=FFFE, Y=00FB, 10000101
         1701372 | FE | 0070 | ( 3)  LDX #$0101     | PC=0073, PBR=FE, DBR=00, S=01EC, D=0000, e=0, A=FCE6, X=0101, Y=00FB, 00000101
         1701373 | FE | 0073 | ( 8)  JSL $E10000    | PC=0000, PBR=E1, DBR=00, S=01E9, D=0000, e=0, A=FCE6, X=0101, Y=00FB, 00000101
         1913876 | FE | 0077 | ( 2)  BCS $05 (5)    | PC=0079, PBR=FE, DBR=00, S=01EC, D=0000, e=0, A=0000, X=0000, Y=01DE, 10000100
         1913877 | FE | 0079 | ( 8)  JSL $E1007C    | PC=007C, PBR=E1, DBR=00, S=01E9, D=0000, e=0, A=0000, X=0000, Y=01DE, 10000100
         1913885 | FE | 007D | ( 2)  CLC            | PC=007E, PBR=FE, DBR=00, S=01EC, D=0000, e=0, A=0000, X=0006, Y=01DE, 00000100
         1913886 | FE | 007E | ( 3)  SEP #$0030     | PC=0080, PBR=FE, DBR=00, S=01EC, D=0000, e=0, A=00, X=06, Y=DE, 00110100
         1913887 | FE | 0080 | ( 6)  RTL            | PC=9D06, PBR=FF, DBR=00, S=01EF, D=0000, e=0, A=00, X=06, Y=DE, 00110100
         1707897 | FE | 00C2 | ( 3)  PHB            | PC=00C3, PBR=FE, DBR=00, S=01BA, D=01DE, e=0, A=0000, X=0902, Y=0008, 00000100
         1707898 | FE | 00C3 | ( 3)  BRA $06 (6)    | PC=00CB, PBR=FE, DBR=00, S=01BA, D=01DE, e=0, A=0000, X=0902, Y=0008, 00000100
         1951553 | FE | 00C5 | ( 5)  PEA $FE01      | PC=00C8, PBR=FE, DBR=E1, S=01A3, D=01B3, e=0, A=0000, X=1D02, Y=FC16, 00000100
         1951554 | FE | 00C8 | ( 5)  PEA $3700      | PC=00CB, PBR=FE, DBR=E1, S=01A1, D=01B3, e=0, A=0000, X=1D02, Y=FC16, 00000100
         1951555 | FE | 00CB | ( 3)  REP #$0030     | PC=00CD, PBR=FE, DBR=E1, S=01A1, D=01B3, e=0, A=0000, X=1D02, Y=FC16, 00000100
         1951556 | FE | 00CD | ( 6)  LDA $E103C0    | PC=00D1, PBR=FE, DBR=E1, S=01A1, D=01B3, e=0, A=0139, X=1D02, Y=FC16, 00000100
         1951557 | FE | 00D1 | ( 4)  PHA            | PC=00D2, PBR=FE, DBR=E1, S=019F, D=01B3, e=0, A=0139, X=1D02, Y=FC16, 00000100
         1951558 | FE | 00D2 | ( 6)  LDA $E103C1    | PC=00D6, PBR=FE, DBR=E1, S=019F, D=01B3, e=0, A=FE01, X=1D02, Y=FC16, 10000100
         1951559 | FE | 00D6 | ( 5)  STA 02, S      | PC=00D8, PBR=FE, DBR=E1, S=019F, D=01B3, e=0, A=FE01, X=1D02, Y=FC16, 10000100
         1951560 | FE | 00D8 | ( 6)  LDA $E103CA    | PC=00DC, PBR=FE, DBR=E1, S=019F, D=01B3, e=0, A=000F, X=1D02, Y=FC16, 00000100
         1951561 | FE | 00DC | ( 4)  PHA            | PC=00DD, PBR=FE, DBR=E1, S=019D, D=01B3, e=0, A=000F, X=1D02, Y=FC16, 00000100
         1951562 | FE | 00DD | ( 6)  LDA $E103C8    | PC=00E1, PBR=FE, DBR=E1, S=019D, D=01B3, e=0, A=FF3C, X=1D02, Y=FC16, 10000100
         1951563 | FE | 00E1 | ( 4)  PHA            | PC=00E2, PBR=FE, DBR=E1, S=019B, D=01B3, e=0, A=FF3C, X=1D02, Y=FC16, 10000100
         1951564 | FE | 00E2 | ( 2)  TSC            | PC=00E3, PBR=FE, DBR=E1, S=019B, D=01B3, e=0, A=019B, X=1D02, Y=FC16, 00000100
         1951565 | FE | 00E3 | ( 4)  PHD            | PC=00E4, PBR=FE, DBR=E1, S=0199, D=01B3, e=0, A=019B, X=1D02, Y=FC16, 00000100
         1951566 | FE | 00E4 | ( 2)  TCD            | PC=00E5, PBR=FE, DBR=E1, S=0199, D=019B, e=0, A=019B, X=1D02, Y=FC16, 00000100
         1951567 | FE | 00E5 | ( 2)  TXA            | PC=00E6, PBR=FE, DBR=E1, S=0199, D=019B, e=0, A=1D02, X=1D02, Y=FC16, 00000100
         1951568 | FE | 00E6 | ( 4)  PHA            | PC=00E7, PBR=FE, DBR=E1, S=0197, D=019B, e=0, A=1D02, X=1D02, Y=FC16, 00000100
         1951569 | FE | 00E7 | ( 3)  AND #$00FF     | PC=00EA, PBR=FE, DBR=E1, S=0197, D=019B, e=0, A=0002, X=1D02, Y=FC16, 00000100
         1951570 | FE | 00EA | ( 2)  BEQ $3A (58)   | PC=00EC, PBR=FE, DBR=E1, S=0197, D=019B, e=0, A=0002, X=1D02, Y=FC16, 00000100
         1951571 | FE | 00EC | ( 8)  CMP [$05]      | PC=00EE, PBR=FE, DBR=E1, S=0197, D=019B, e=0, A=0002, X=1D02, Y=FC16, 10000100
         1951572 | FE | 00EE | ( 2)  BCS $36 (54)   | PC=00F0, PBR=FE, DBR=E1, S=0197, D=019B, e=0, A=0002, X=1D02, Y=FC16, 10000100
         1951573 | FE | 00F0 | ( 2)  ASL            | PC=00F1, PBR=FE, DBR=E1, S=0197, D=019B, e=0, A=0004, X=1D02, Y=FC16, 00000100
         1951574 | FE | 00F1 | ( 2)  ASL            | PC=00F2, PBR=FE, DBR=E1, S=0197, D=019B, e=0, A=0008, X=1D02, Y=FC16, 00000100
         1951575 | FE | 00F2 | ( 2)  TAY            | PC=00F3, PBR=FE, DBR=E1, S=0197, D=019B, e=0, A=0008, X=1D02, Y=0008, 00000100
         1951576 | FE | 00F3 | ( 9)  LDA [$01], Y   | PC=00F5, PBR=FE, DBR=E1, S=0197, D=019B, e=0, A=0000, X=1D02, Y=0008, 00000110
         1951577 | FE | 00F5 | ( 2)  TAX            | PC=00F6, PBR=FE, DBR=E1, S=0197, D=019B, e=0, A=0000, X=0000, Y=0008, 00000110
         1951578 | FE | 00F6 | ( 2)  INY            | PC=00F7, PBR=FE, DBR=E1, S=0197, D=019B, e=0, A=0000, X=0000, Y=0009, 00000100
         1951579 | FE | 00F7 | ( 2)  INY            | PC=00F8, PBR=FE, DBR=E1, S=0197, D=019B, e=0, A=0000, X=0000, Y=000A, 00000100
         1951580 | FE | 00F8 | ( 9)  LDA [$01], Y   | PC=00FA, PBR=FE, DBR=E1, S=0197, D=019B, e=0, A=0000, X=0000, Y=000A, 00000110
         1951581 | FE | 00FA | ( 5)  STA $03        | PC=00FC, PBR=FE, DBR=E1, S=0197, D=019B, e=0, A=0000, X=0000, Y=000A, 00000110
         1951582 | FE | 00FC | ( 5)  STX $01        | PC=00FE, PBR=FE, DBR=E1, S=0197, D=019B, e=0, A=0000, X=0000, Y=000A, 00000110
         1951583 | FE | 00FE | ( 2)  DEY            | PC=00FF, PBR=FE, DBR=E1, S=0197, D=019B, e=0, A=0000, X=0000, Y=0009, 00000100
         1951584 | FE | 00FF | ( 9)  LDA [$05], Y   | PC=0101, PBR=FE, DBR=E1, S=0197, D=019B, e=0, A=FC00, X=0000, Y=0009, 10000100
         1951585 | FE | 0101 | ( 2)  TAX            | PC=0102, PBR=FE, DBR=E1, S=0197, D=019B, e=0, A=FC00, X=FC00, Y=0009, 10000100
         1951586 | FE | 0102 | ( 2)  DEY            | PC=0103, PBR=FE, DBR=E1, S=0197, D=019B, e=0, A=FC00, X=FC00, Y=0008, 00000100
         1951587 | FE | 0103 | ( 9)  LDA [$05], Y   | PC=0105, PBR=FE, DBR=E1, S=0197, D=019B, e=0, A=0000, X=FC00, Y=0008, 00000110
         1951588 | FE | 0105 | ( 5)  STA $05        | PC=0107, PBR=FE, DBR=E1, S=0197, D=019B, e=0, A=0000, X=FC00, Y=0008, 00000110
         1951589 | FE | 0107 | ( 5)  STX $06        | PC=0109, PBR=FE, DBR=E1, S=0197, D=019B, e=0, A=0000, X=FC00, Y=0008, 00000110
         1951590 | FE | 0109 | ( 5)  LDA 02, S      | PC=010B, PBR=FE, DBR=E1, S=0197, D=019B, e=0, A=B31D, X=FC00, Y=0008, 10000100
         1951591 | FE | 010B | ( 3)  AND #$00FF     | PC=010E, PBR=FE, DBR=E1, S=0197, D=019B, e=0, A=001D, X=FC00, Y=0008, 00000100
         1951592 | FE | 010E | ( 2)  BEQ $1B (27)   | PC=0110, PBR=FE, DBR=E1, S=0197, D=019B, e=0, A=001D, X=FC00, Y=0008, 00000100
         1951593 | FE | 0110 | ( 8)  CMP [$05]      | PC=0112, PBR=FE, DBR=E1, S=0197, D=019B, e=0, A=001D, X=FC00, Y=0008, 10000100
         1951594 | FE | 0112 | ( 2)  BCS $17 (23)   | PC=0114, PBR=FE, DBR=E1, S=0197, D=019B, e=0, A=001D, X=FC00, Y=0008, 10000100
         1951595 | FE | 0114 | ( 2)  ASL            | PC=0115, PBR=FE, DBR=E1, S=0197, D=019B, e=0, A=003A, X=FC00, Y=0008, 00000100
         1951596 | FE | 0115 | ( 2)  ASL            | PC=0116, PBR=FE, DBR=E1, S=0197, D=019B, e=0, A=0074, X=FC00, Y=0008, 00000100
         1951597 | FE | 0116 | ( 2)  TAY            | PC=0117, PBR=FE, DBR=E1, S=0197, D=019B, e=0, A=0074, X=FC00, Y=0074, 00000100
         1951598 | FE | 0117 | ( 9)  LDA [$05], Y   | PC=0119, PBR=FE, DBR=E1, S=0197, D=019B, e=0, A=08EE, X=FC00, Y=0074, 00000100
         1951599 | FE | 0119 | ( 2)  TAX            | PC=011A, PBR=FE, DBR=E1, S=0197, D=019B, e=0, A=08EE, X=08EE, Y=0074, 00000100
         1951600 | FE | 011A | ( 2)  INY            | PC=011B, PBR=FE, DBR=E1, S=0197, D=019B, e=0, A=08EE, X=08EE, Y=0075, 00000100
         1951601 | FE | 011B | ( 9)  LDA [$05], Y   | PC=011D, PBR=FE, DBR=E1, S=0197, D=019B, e=0, A=FC08, X=08EE, Y=0075, 10000100
         1951602 | FE | 011D | ( 5)  STA $06        | PC=011F, PBR=FE, DBR=E1, S=0197, D=019B, e=0, A=FC08, X=08EE, Y=0075, 10000100
         1951603 | FE | 011F | ( 5)  STX $05        | PC=0121, PBR=FE, DBR=E1, S=0197, D=019B, e=0, A=FC08, X=08EE, Y=0075, 10000100
         1951604 | FE | 0121 | ( 5)  PLX            | PC=0122, PBR=FE, DBR=E1, S=0199, D=019B, e=0, A=FC08, X=1D02, Y=0075, 00000100
         1951605 | FE | 0122 | ( 5)  PLD            | PC=0123, PBR=FE, DBR=E1, S=019B, D=01B3, e=0, A=FC08, X=1D02, Y=0075, 00000100
         1951606 | FE | 0123 | ( 5)  PLA            | PC=0124, PBR=FE, DBR=E1, S=019D, D=01B3, e=0, A=0000, X=1D02, Y=0075, 00000110
         1951607 | FE | 0124 | ( 5)  PLY            | PC=0125, PBR=FE, DBR=E1, S=019F, D=01B3, e=0, A=0000, X=1D02, Y=0000, 00000110
         1951608 | FE | 0125 | ( 6)  RTL            | PC=08EF, PBR=FC, DBR=E1, S=01A2, D=01B3, e=0, A=0000, X=1D02, Y=0000, 00000110
         1912527 | FE | 0126 | ( 3)  LDX #$0001     | PC=0129, PBR=FE, DBR=00, S=01C9, D=01CD, e=0, A=0031, X=0001, Y=00C0, 00000101
         1912528 | FE | 0129 | ( 3)  BRA $03 (3)    | PC=012E, PBR=FE, DBR=00, S=01C9, D=01CD, e=0, A=0031, X=0001, Y=00C0, 00000101
         1912486 | FE | 012B | ( 3)  LDX #$0002     | PC=012E, PBR=FE, DBR=00, S=01C9, D=01CD, e=0, A=0001, X=0002, Y=00C0, 00000101
         1912529 | FE | 012E | ( 5)  PLA            | PC=012F, PBR=FE, DBR=00, S=01CB, D=01CD, e=0, A=0131, X=0001, Y=00C0, 00000101
         1912530 | FE | 012F | ( 5)  PLD            | PC=0130, PBR=FE, DBR=00, S=01CD, D=01DE, e=0, A=0131, X=0001, Y=00C0, 00000101
         1912531 | FE | 0130 | ( 2)  TSC            | PC=0131, PBR=FE, DBR=00, S=01CD, D=01DE, e=0, A=01CD, X=0001, Y=00C0, 00000101
         1912532 | FE | 0131 | ( 2)  CLC            | PC=0132, PBR=FE, DBR=00, S=01CD, D=01DE, e=0, A=01CD, X=0001, Y=00C0, 00000100
         1912533 | FE | 0132 | ( 3)  ADC #$000A     | PC=0135, PBR=FE, DBR=00, S=01CD, D=01DE, e=0, A=01D7, X=0001, Y=00C0, 00000100
         1912534 | FE | 0135 | ( 2)  TCS            | PC=0136, PBR=FE, DBR=00, S=01D7, D=01DE, e=0, A=01D7, X=0001, Y=00C0, 00000100
         1912535 | FE | 0136 | ( 2)  TXA            | PC=0137, PBR=FE, DBR=00, S=01D7, D=01DE, e=0, A=0001, X=0001, Y=00C0, 00000100
         1912536 | FE | 0137 | ( 2)  SEC            | PC=0138, PBR=FE, DBR=00, S=01D7, D=01DE, e=0, A=0001, X=0001, Y=00C0, 00000101
         1951748 | FE | 0138 | ( 6)  RTL            | PC=6203, PBR=FF, DBR=E1, S=01DF, D=0000, e=0, A=0028, X=01D9, Y=0008, 00000101
         1701431 | FE | 026D | ( 2)  TSC            | PC=026E, PBR=FE, DBR=00, S=01E6, D=0000, e=0, A=01E6, X=0101, Y=FC17, 00000100
         1701432 | FE | 026E | ( 2)  SEC            | PC=026F, PBR=FE, DBR=00, S=01E6, D=0000, e=0, A=01E6, X=0101, Y=FC17, 00000101
         1701433 | FE | 026F | ( 3)  SBC #$0008     | PC=0272, PBR=FE, DBR=00, S=01E6, D=0000, e=0, A=01DE, X=0101, Y=FC17, 00000101
         1701434 | FE | 0272 | ( 2)  TCS            | PC=0273, PBR=FE, DBR=00, S=01DE, D=0000, e=0, A=01DE, X=0101, Y=FC17, 00000101
         1701435 | FE | 0273 | ( 4)  PHD            | PC=0274, PBR=FE, DBR=00, S=01DC, D=0000, e=0, A=01DE, X=0101, Y=FC17, 00000101
         1701436 | FE | 0274 | ( 2)  TCD            | PC=0275, PBR=FE, DBR=00, S=01DC, D=01DE, e=0, A=01DE, X=0101, Y=FC17, 00000101
         1701437 | FE | 0275 | ( 3)  LDX #$0102     | PC=0278, PBR=FE, DBR=00, S=01DC, D=01DE, e=0, A=01DE, X=0102, Y=FC17, 00000101
         1701438 | FE | 0278 | ( 8)  JSL $E10000    | PC=0000, PBR=E1, DBR=00, S=01D9, D=01DE, e=0, A=01DE, X=0102, Y=FC17, 00000101
         1706561 | FE | 027C | ( 3)  BCC $03 (3)    | PC=0281, PBR=FE, DBR=00, S=01DC, D=01DE, e=0, A=0000, X=01D6, Y=0078, 10000100
         1706562 | FE | 0281 | ( 8)  JSL $E11680    | PC=1680, PBR=E1, DBR=00, S=01D9, D=01DE, e=0, A=0000, X=01D6, Y=0078, 10000100
         1706565 | FE | 0285 | ( 6)  LDA $E103C0    | PC=0289, PBR=FE, DBR=00, S=01DC, D=01DE, e=0, A=0139, X=01D6, Y=0078, 00000100
         1706566 | FE | 0289 | ( 5)  STA $01        | PC=028B, PBR=FE, DBR=00, S=01DC, D=01DE, e=0, A=0139, X=01D6, Y=0078, 00000100
         1706567 | FE | 028B | ( 6)  LDA $E103C2    | PC=028F, PBR=FE, DBR=00, S=01DC, D=01DE, e=0, A=00FE, X=01D6, Y=0078, 00000100
         1706568 | FE | 028F | ( 5)  STA $03        | PC=0291, PBR=FE, DBR=00, S=01DC, D=01DE, e=0, A=00FE, X=01D6, Y=0078, 00000100
         1706569 | FE | 0291 | ( 8)  LDA [$01]      | PC=0293, PBR=FE, DBR=00, S=01DC, D=01DE, e=0, A=0031, X=01D6, Y=0078, 00000100
         1706570 | FE | 0293 | ( 2)  ASL            | PC=0294, PBR=FE, DBR=00, S=01DC, D=01DE, e=0, A=0062, X=01D6, Y=0078, 00000100
         1706571 | FE | 0294 | ( 2)  ASL            | PC=0295, PBR=FE, DBR=00, S=01DC, D=01DE, e=0, A=00C4, X=01D6, Y=0078, 00000100
         1706572 | FE | 0295 | ( 6)  JSR $07A8      | PC=07A8, PBR=FE, DBR=00, S=01DA, D=01DE, e=0, A=00C4, X=01D6, Y=0078, 00000100
         1706977 | FE | 0298 | ( 3)  BCC $03 (3)    | PC=029D, PBR=FE, DBR=00, S=01DC, D=01DE, e=0, A=1778, X=00E1, Y=FFFE, 00000100
         1706978 | FE | 029D | ( 5)  STA $05        | PC=029F, PBR=FE, DBR=00, S=01DC, D=01DE, e=0, A=1778, X=00E1, Y=FFFE, 00000100
         1706979 | FE | 029F | ( 5)  STX $07        | PC=02A1, PBR=FE, DBR=00, S=01DC, D=01DE, e=0, A=1778, X=00E1, Y=FFFE, 00000100
         1706980 | FE | 02A1 | ( 8)  LDA [$05]      | PC=02A3, PBR=FE, DBR=00, S=01DC, D=01DE, e=0, A=FF3C, X=00E1, Y=FFFE, 10000100
         1706981 | FE | 02A3 | ( 2)  TAX            | PC=02A4, PBR=FE, DBR=00, S=01DC, D=01DE, e=0, A=FF3C, X=FF3C, Y=FFFE, 10000100
         1706982 | FE | 02A4 | ( 3)  LDY #$0002     | PC=02A7, PBR=FE, DBR=00, S=01DC, D=01DE, e=0, A=FF3C, X=FF3C, Y=0002, 00000100
         1706983 | FE | 02A7 | ( 9)  LDA [$05], Y   | PC=02A9, PBR=FE, DBR=00, S=01DC, D=01DE, e=0, A=000F, X=FF3C, Y=0002, 00000100
         1706984 | FE | 02A9 | ( 5)  STA $07        | PC=02AB, PBR=FE, DBR=00, S=01DC, D=01DE, e=0, A=000F, X=FF3C, Y=0002, 00000100
         1706985 | FE | 02AB | ( 6)  STA $E103CA    | PC=02AF, PBR=FE, DBR=00, S=01DC, D=01DE, e=0, A=000F, X=FF3C, Y=0002, 00000100
         1706986 | FE | 02AF | ( 5)  STX $05        | PC=02B1, PBR=FE, DBR=00, S=01DC, D=01DE, e=0, A=000F, X=FF3C, Y=0002, 00000100
         1706987 | FE | 02B1 | ( 2)  TXA            | PC=02B2, PBR=FE, DBR=00, S=01DC, D=01DE, e=0, A=FF3C, X=FF3C, Y=0002, 10000100
         1706988 | FE | 02B2 | ( 6)  STA $E103C8    | PC=02B6, PBR=FE, DBR=00, S=01DC, D=01DE, e=0, A=FF3C, X=FF3C, Y=0002, 10000100
         1706989 | FE | 02B6 | ( 8)  LDA [$01]      | PC=02B8, PBR=FE, DBR=00, S=01DC, D=01DE, e=0, A=0031, X=FF3C, Y=0002, 00000100
         1706990 | FE | 02B8 | ( 2)  ASL            | PC=02B9, PBR=FE, DBR=00, S=01DC, D=01DE, e=0, A=0062, X=FF3C, Y=0002, 00000100
         1706991 | FE | 02B9 | ( 2)  ASL            | PC=02BA, PBR=FE, DBR=00, S=01DC, D=01DE, e=0, A=00C4, X=FF3C, Y=0002, 00000100
         1706992 | FE | 02BA | ( 2)  TAY            | PC=02BB, PBR=FE, DBR=00, S=01DC, D=01DE, e=0, A=00C4, X=FF3C, Y=00C4, 00000100
         1706993 | FE | 02BB | ( 2)  DEY            | PC=02BC, PBR=FE, DBR=00, S=01DC, D=01DE, e=0, A=00C4, X=FF3C, Y=00C3, 00000100
         1706994 | FE | 02BC | ( 2)  DEY            | PC=02BD, PBR=FE, DBR=00, S=01DC, D=01DE, e=0, A=00C4, X=FF3C, Y=00C2, 00000100
         1706995 | FE | 02BD | ( 3)  LDA #$0000     | PC=02C0, PBR=FE, DBR=00, S=01DC, D=01DE, e=0, A=0000, X=FF3C, Y=00C2, 00000110
         1707384 | FE | 02C0 | ( 8)  STA [$05], Y   | PC=02C2, PBR=FE, DBR=00, S=01DC, D=01DE, e=0, A=0000, X=FF3C, Y=0000, 00000110
         1707385 | FE | 02C2 | ( 2)  DEY            | PC=02C3, PBR=FE, DBR=00, S=01DC, D=01DE, e=0, A=0000, X=FF3C, Y=FFFF, 10000100
         1707386 | FE | 02C3 | ( 2)  DEY            | PC=02C4, PBR=FE, DBR=00, S=01DC, D=01DE, e=0, A=0000, X=FF3C, Y=FFFE, 10000100
         1707387 | FE | 02C4 | ( 2)  BPL $FA (-6)   | PC=02C6, PBR=FE, DBR=00, S=01DC, D=01DE, e=0, A=0000, X=FF3C, Y=FFFE, 10000100
         1707388 | FE | 02C6 | ( 6)  JSR $0312      | PC=0312, PBR=FE, DBR=00, S=01DA, D=01DE, e=0, A=0000, X=FF3C, Y=FFFE, 10000100
         1707807 | FE | 02C9 | ( 2)  BCS $22 (34)   | PC=02CB, PBR=FE, DBR=00, S=01DC, D=01DE, e=0, A=000F, X=FF38, Y=0002, 00000100
         1707808 | FE | 02CB | ( 5)  PEA $0103      | PC=02CE, PBR=FE, DBR=00, S=01DA, D=01DE, e=0, A=000F, X=FF38, Y=0002, 00000100
         1912503 | FE | 02CE | ( 5)  LDA 01, S      | PC=02D0, PBR=FE, DBR=00, S=01DA, D=01DE, e=0, A=0131, X=0002, Y=00C0, 00000101
         1912504 | FE | 02D0 | ( 2)  TAX            | PC=02D1, PBR=FE, DBR=00, S=01DA, D=01DE, e=0, A=0131, X=0131, Y=00C0, 00000101
         1912505 | FE | 02D1 | ( 8)  JSL $E10000    | PC=0000, PBR=E1, DBR=00, S=01D7, D=01DE, e=0, A=0131, X=0131, Y=00C0, 00000101
         1912538 | FE | 02D5 | ( 3)  BCS $07 (7)    | PC=02DE, PBR=FE, DBR=00, S=01DA, D=01DE, e=0, A=0001, X=0001, Y=00C0, 00000101
         1912499 | FE | 02D7 | ( 5)  LDA 01, S      | PC=02D9, PBR=FE, DBR=00, S=01DA, D=01DE, e=0, A=0130, X=0002, Y=00C0, 00000101
         1912500 | FE | 02D9 | ( 2)  INC            | PC=02DA, PBR=FE, DBR=00, S=01DA, D=01DE, e=0, A=0131, X=0002, Y=00C0, 00000101
         1912501 | FE | 02DA | ( 5)  STA 01, S      | PC=02DC, PBR=FE, DBR=00, S=01DA, D=01DE, e=0, A=0131, X=0002, Y=00C0, 00000101
         1912502 | FE | 02DC | ( 3)  BRA $F0 (-16)  | PC=02CE, PBR=FE, DBR=00, S=01DA, D=01DE, e=0, A=0131, X=0002, Y=00C0, 00000101
         1912539 | FE | 02DE | ( 3)  CMP #$0002     | PC=02E1, PBR=FE, DBR=00, S=01DA, D=01DE, e=0, A=0001, X=0001, Y=00C0, 10000100
         1912540 | FE | 02E1 | ( 2)  BEQ $F4 (-12)  | PC=02E3, PBR=FE, DBR=00, S=01DA, D=01DE, e=0, A=0001, X=0001, Y=00C0, 10000100
         1912541 | FE | 02E3 | ( 3)  LDX #$0000     | PC=02E6, PBR=FE, DBR=00, S=01DA, D=01DE, e=0, A=0001, X=0000, Y=00C0, 00000110
         1912542 | FE | 02E6 | ( 3)  CMP #$0001     | PC=02E9, PBR=FE, DBR=00, S=01DA, D=01DE, e=0, A=0001, X=0000, Y=00C0, 00000111
         1912543 | FE | 02E9 | ( 3)  BEQ $01 (1)    | PC=02EC, PBR=FE, DBR=00, S=01DA, D=01DE, e=0, A=0001, X=0000, Y=00C0, 00000111
         1912544 | FE | 02EC | ( 5)  PLA            | PC=02ED, PBR=FE, DBR=00, S=01DC, D=01DE, e=0, A=0131, X=0000, Y=00C0, 00000101
         1912545 | FE | 02ED | ( 5)  PLD            | PC=02EE, PBR=FE, DBR=00, S=01DE, D=0000, e=0, A=0131, X=0000, Y=00C0, 00000111
         1912546 | FE | 02EE | ( 2)  TSC            | PC=02EF, PBR=FE, DBR=00, S=01DE, D=0000, e=0, A=01DE, X=0000, Y=00C0, 00000101
         1912547 | FE | 02EF | ( 2)  CLC            | PC=02F0, PBR=FE, DBR=00, S=01DE, D=0000, e=0, A=01DE, X=0000, Y=00C0, 00000100
         1912548 | FE | 02F0 | ( 3)  ADC #$0008     | PC=02F3, PBR=FE, DBR=00, S=01DE, D=0000, e=0, A=01E6, X=0000, Y=00C0, 00000100
         1912549 | FE | 02F3 | ( 2)  TCS            | PC=02F4, PBR=FE, DBR=00, S=01E6, D=0000, e=0, A=01E6, X=0000, Y=00C0, 00000100
         1912550 | FE | 02F4 | ( 2)  TXA            | PC=02F5, PBR=FE, DBR=00, S=01E6, D=0000, e=0, A=0000, X=0000, Y=00C0, 00000110
         1912551 | FE | 02F5 | ( 3)  CMP #$0001     | PC=02F8, PBR=FE, DBR=00, S=01E6, D=0000, e=0, A=0000, X=0000, Y=00C0, 10000100
         1912552 | FE | 02F8 | ( 2)  BCS $17 (23)   | PC=02FA, PBR=FE, DBR=00, S=01E6, D=0000, e=0, A=0000, X=0000, Y=00C0, 10000100
         1912553 | FE | 02FA | ( 8)  JSL $E11684    | PC=1684, PBR=E1, DBR=00, S=01E3, D=0000, e=0, A=0000, X=0000, Y=00C0, 10000100
         1912563 | FE | 02FE | ( 3)  LDA #$0000     | PC=0301, PBR=FE, DBR=00, S=01E6, D=0000, e=0, A=0000, X=0000, Y=00C0, 00000110
         1912564 | FE | 0301 | ( 6)  STA $E10188    | PC=0305, PBR=FE, DBR=00, S=01E6, D=0000, e=0, A=0000, X=0000, Y=00C0, 00000110
         1912565 | FE | 0305 | ( 6)  STA $E1018A    | PC=0309, PBR=FE, DBR=00, S=01E6, D=0000, e=0, A=0000, X=0000, Y=00C0, 00000110
         1912566 | FE | 0309 | ( 3)  LDX #$1601     | PC=030C, PBR=FE, DBR=00, S=01E6, D=0000, e=0, A=0000, X=1601, Y=00C0, 00000100
         1912567 | FE | 030C | ( 8)  JSL $E10000    | PC=0000, PBR=E1, DBR=00, S=01E3, D=0000, e=0, A=0000, X=1601, Y=00C0, 00000100
         1913873 | FE | 0310 | ( 2)  CLC            | PC=0311, PBR=FE, DBR=00, S=01E6, D=0000, e=0, A=0000, X=0000, Y=01DE, 10000100
         1913874 | FE | 0311 | ( 6)  RTL            | PC=0138, PBR=FE, DBR=00, S=01E9, D=0000, e=0, A=0000, X=0000, Y=01DE, 10000100
         1707389 | FE | 0312 | ( 3)  LDA #$0004     | PC=0315, PBR=FE, DBR=00, S=01DA, D=01DE, e=0, A=0004, X=FF3C, Y=FFFE, 00000100
         1707390 | FE | 0315 | ( 6)  JSR $07A8      | PC=07A8, PBR=FE, DBR=00, S=01D8, D=01DE, e=0, A=0004, X=FF3C, Y=FFFE, 00000100
         1707784 | FE | 0318 | ( 2)  BCS $27 (39)   | PC=031A, PBR=FE, DBR=00, S=01DA, D=01DE, e=0, A=178C, X=00E1, Y=FFFE, 00000100
         1707785 | FE | 031A | ( 4)  PHX            | PC=031B, PBR=FE, DBR=00, S=01D8, D=01DE, e=0, A=178C, X=00E1, Y=FFFE, 00000100
         1707786 | FE | 031B | ( 4)  PHA            | PC=031C, PBR=FE, DBR=00, S=01D6, D=01DE, e=0, A=178C, X=00E1, Y=FFFE, 00000100
         1707787 | FE | 031C | ( 4)  PHD            | PC=031D, PBR=FE, DBR=00, S=01D4, D=01DE, e=0, A=178C, X=00E1, Y=FFFE, 00000100
         1707788 | FE | 031D | ( 2)  TSC            | PC=031E, PBR=FE, DBR=00, S=01D4, D=01DE, e=0, A=01D4, X=00E1, Y=FFFE, 00000100
         1707789 | FE | 031E | ( 2)  TCD            | PC=031F, PBR=FE, DBR=00, S=01D4, D=01D4, e=0, A=01D4, X=00E1, Y=FFFE, 00000100
         1707790 | FE | 031F | ( 8)  LDA [$03]      | PC=0321, PBR=FE, DBR=00, S=01D4, D=01D4, e=0, A=FF38, X=00E1, Y=FFFE, 10000100
         1707791 | FE | 0321 | ( 2)  TAX            | PC=0322, PBR=FE, DBR=00, S=01D4, D=01D4, e=0, A=FF38, X=FF38, Y=FFFE, 10000100
         1707792 | FE | 0322 | ( 3)  LDY #$0002     | PC=0325, PBR=FE, DBR=00, S=01D4, D=01D4, e=0, A=FF38, X=FF38, Y=0002, 00000100
         1707793 | FE | 0325 | ( 9)  LDA [$03], Y   | PC=0327, PBR=FE, DBR=00, S=01D4, D=01D4, e=0, A=000F, X=FF38, Y=0002, 00000100
         1707794 | FE | 0327 | ( 5)  STA $05        | PC=0329, PBR=FE, DBR=00, S=01D4, D=01D4, e=0, A=000F, X=FF38, Y=0002, 00000100
         1707795 | FE | 0329 | ( 6)  STA $E103CE    | PC=032D, PBR=FE, DBR=00, S=01D4, D=01D4, e=0, A=000F, X=FF38, Y=0002, 00000100
         1707796 | FE | 032D | ( 5)  STX $03        | PC=032F, PBR=FE, DBR=00, S=01D4, D=01D4, e=0, A=000F, X=FF38, Y=0002, 00000100
         1707797 | FE | 032F | ( 2)  TXA            | PC=0330, PBR=FE, DBR=00, S=01D4, D=01D4, e=0, A=FF38, X=FF38, Y=0002, 10000100
         1707798 | FE | 0330 | ( 6)  STA $E103CC    | PC=0334, PBR=FE, DBR=00, S=01D4, D=01D4, e=0, A=FF38, X=FF38, Y=0002, 10000100
         1707799 | FE | 0334 | ( 3)  LDA #$0000     | PC=0337, PBR=FE, DBR=00, S=01D4, D=01D4, e=0, A=0000, X=FF38, Y=0002, 00000110
         1707800 | FE | 0337 | ( 8)  STA [$03]      | PC=0339, PBR=FE, DBR=00, S=01D4, D=01D4, e=0, A=0000, X=FF38, Y=0002, 00000110
         1707801 | FE | 0339 | ( 3)  LDY #$0002     | PC=033C, PBR=FE, DBR=00, S=01D4, D=01D4, e=0, A=0000, X=FF38, Y=0002, 00000100
         1707802 | FE | 033C | ( 8)  STA [$03], Y   | PC=033E, PBR=FE, DBR=00, S=01D4, D=01D4, e=0, A=0000, X=FF38, Y=0002, 00000100
         1707803 | FE | 033E | ( 5)  PLD            | PC=033F, PBR=FE, DBR=00, S=01D6, D=01DE, e=0, A=0000, X=FF38, Y=0002, 00000100
         1707804 | FE | 033F | ( 5)  PLA            | PC=0340, PBR=FE, DBR=00, S=01D8, D=01DE, e=0, A=FF38, X=FF38, Y=0002, 10000100
         1707805 | FE | 0340 | ( 5)  PLA            | PC=0341, PBR=FE, DBR=00, S=01DA, D=01DE, e=0, A=000F, X=FF38, Y=0002, 00000100
         1707806 | FE | 0341 | ( 6)  RTS            | PC=02C9, PBR=FE, DBR=00, S=01DC, D=01DE, e=0, A=000F, X=FF38, Y=0002, 00000100
         1910688 | FE | 0745 | ( 4)  PHD            | PC=0746, PBR=FE, DBR=FC, S=01B1, D=01C1, e=0, A=0000, X=0D01, Y=0000, 00000110
         1910689 | FE | 0746 | ( 5)  PEA $0000      | PC=0749, PBR=FE, DBR=FC, S=01AF, D=01C1, e=0, A=0000, X=0D01, Y=0000, 00000110
         1910690 | FE | 0749 | ( 5)  PEA $0000      | PC=074C, PBR=FE, DBR=FC, S=01AD, D=01C1, e=0, A=0000, X=0D01, Y=0000, 00000110
         1910691 | FE | 074C | ( 2)  TSC            | PC=074D, PBR=FE, DBR=FC, S=01AD, D=01C1, e=0, A=01AD, X=0D01, Y=0000, 00000100
         1910692 | FE | 074D | ( 2)  TCD            | PC=074E, PBR=FE, DBR=FC, S=01AD, D=01AD, e=0, A=01AD, X=0D01, Y=0000, 00000100
         1910693 | FE | 074E | ( 5)  LDX $11        | PC=0750, PBR=FE, DBR=FC, S=01AD, D=01AD, e=0, A=01AD, X=0016, Y=0000, 00000100
         1910694 | FE | 0750 | ( 5)  BIT $13        | PC=0752, PBR=FE, DBR=FC, S=01AD, D=01AD, e=0, A=01AD, X=0016, Y=0000, 00000110
         1910695 | FE | 0752 | ( 2)  BMI $18 (24)   | PC=0754, PBR=FE, DBR=FC, S=01AD, D=01AD, e=0, A=01AD, X=0016, Y=0000, 00000110
         1910696 | FE | 0754 | ( 6)  LDA $E103C8    | PC=0758, PBR=FE, DBR=FC, S=01AD, D=01AD, e=0, A=FF3C, X=0016, Y=0000, 10000100
         1910697 | FE | 0758 | ( 5)  STA $11        | PC=075A, PBR=FE, DBR=FC, S=01AD, D=01AD, e=0, A=FF3C, X=0016, Y=0000, 10000100
         1910698 | FE | 075A | ( 6)  LDA $E103CA    | PC=075E, PBR=FE, DBR=FC, S=01AD, D=01AD, e=0, A=000F, X=0016, Y=0000, 00000100
         1910699 | FE | 075E | ( 5)  STA $13        | PC=0760, PBR=FE, DBR=FC, S=01AD, D=01AD, e=0, A=000F, X=0016, Y=0000, 00000100
         1910700 | FE | 0760 | ( 6)  LDA $E103C0    | PC=0764, PBR=FE, DBR=FC, S=01AD, D=01AD, e=0, A=0139, X=0016, Y=0000, 00000100
         1910701 | FE | 0764 | ( 5)  STA $01        | PC=0766, PBR=FE, DBR=FC, S=01AD, D=01AD, e=0, A=0139, X=0016, Y=0000, 00000100
         1910702 | FE | 0766 | ( 6)  LDA $E103C2    | PC=076A, PBR=FE, DBR=FC, S=01AD, D=01AD, e=0, A=00FE, X=0016, Y=0000, 00000100
         1910703 | FE | 076A | ( 3)  BRA $16 (22)   | PC=0782, PBR=FE, DBR=FC, S=01AD, D=01AD, e=0, A=00FE, X=0016, Y=0000, 00000100
         1910704 | FE | 0782 | ( 5)  STA $03        | PC=0784, PBR=FE, DBR=FC, S=01AD, D=01AD, e=0, A=00FE, X=0016, Y=0000, 00000100
         1910705 | FE | 0784 | ( 2)  TXA            | PC=0785, PBR=FE, DBR=FC, S=01AD, D=01AD, e=0, A=0016, X=0016, Y=0000, 00000100
         1910706 | FE | 0785 | ( 3)  AND #$00FF     | PC=0788, PBR=FE, DBR=FC, S=01AD, D=01AD, e=0, A=0016, X=0016, Y=0000, 00000100
         1910707 | FE | 0788 | ( 2)  BEQ $04 (4)    | PC=078A, PBR=FE, DBR=FC, S=01AD, D=01AD, e=0, A=0016, X=0016, Y=0000, 00000100
         1910708 | FE | 078A | ( 8)  CMP [$01]      | PC=078C, PBR=FE, DBR=FC, S=01AD, D=01AD, e=0, A=0016, X=0016, Y=0000, 10000100
         1910709 | FE | 078C | ( 3)  BCC $08 (8)    | PC=0796, PBR=FE, DBR=FC, S=01AD, D=01AD, e=0, A=0016, X=0016, Y=0000, 10000100
         1910710 | FE | 0796 | ( 2)  ASL            | PC=0797, PBR=FE, DBR=FC, S=01AD, D=01AD, e=0, A=002C, X=0016, Y=0000, 00000100
         1910711 | FE | 0797 | ( 2)  ASL            | PC=0798, PBR=FE, DBR=FC, S=01AD, D=01AD, e=0, A=0058, X=0016, Y=0000, 00000100
         1910712 | FE | 0798 | ( 2)  TAY            | PC=0799, PBR=FE, DBR=FC, S=01AD, D=01AD, e=0, A=0058, X=0016, Y=0058, 00000100
         1910713 | FE | 0799 | ( 5)  LDA $0D        | PC=079B, PBR=FE, DBR=FC, S=01AD, D=01AD, e=0, A=17DC, X=0016, Y=0058, 00000100
         1910714 | FE | 079B | ( 8)  STA [$11], Y   | PC=079D, PBR=FE, DBR=FC, S=01AD, D=01AD, e=0, A=17DC, X=0016, Y=0058, 00000100
         1910715 | FE | 079D | ( 2)  INY            | PC=079E, PBR=FE, DBR=FC, S=01AD, D=01AD, e=0, A=17DC, X=0016, Y=0059, 00000100
         1910716 | FE | 079E | ( 2)  INY            | PC=079F, PBR=FE, DBR=FC, S=01AD, D=01AD, e=0, A=17DC, X=0016, Y=005A, 00000100
         1910717 | FE | 079F | ( 5)  LDA $0F        | PC=07A1, PBR=FE, DBR=FC, S=01AD, D=01AD, e=0, A=00E1, X=0016, Y=005A, 00000100
         1910718 | FE | 07A1 | ( 8)  STA [$11], Y   | PC=07A3, PBR=FE, DBR=FC, S=01AD, D=01AD, e=0, A=00E1, X=0016, Y=005A, 00000100
         1910719 | FE | 07A3 | ( 5)  PLA            | PC=07A4, PBR=FE, DBR=FC, S=01AF, D=01AD, e=0, A=0139, X=0016, Y=005A, 00000100
         1910720 | FE | 07A4 | ( 5)  PLA            | PC=07A5, PBR=FE, DBR=FC, S=01B1, D=01AD, e=0, A=00FE, X=0016, Y=005A, 00000100
         1910721 | FE | 07A5 | ( 3)  JMP $FC3A      | PC=FC3A, PBR=FE, DBR=FC, S=01B1, D=01AD, e=0, A=00FE, X=0016, Y=005A, 00000100
         1707391 | FE | 07A8 | ( 3)  LDX #$8008     | PC=07AB, PBR=FE, DBR=00, S=01D8, D=01DE, e=0, A=0004, X=8008, Y=FFFE, 10000100
         1912666 | FE | 07AB | ( 4)  PHA            | PC=07AC, PBR=FE, DBR=00, S=01D0, D=01D4, e=0, A=00C4, X=8008, Y=0000, 10000100
         1912667 | FE | 07AC | ( 4)  PHA            | PC=07AD, PBR=FE, DBR=00, S=01CE, D=01D4, e=0, A=00C4, X=8008, Y=0000, 10000100
         1912668 | FE | 07AD | ( 5)  PEA $0000      | PC=07B0, PBR=FE, DBR=00, S=01CC, D=01D4, e=0, A=00C4, X=8008, Y=0000, 10000100
         1912669 | FE | 07B0 | ( 4)  PHA            | PC=07B1, PBR=FE, DBR=00, S=01CA, D=01D4, e=0, A=00C4, X=8008, Y=0000, 10000100
         1912670 | FE | 07B1 | ( 5)  PEA $9001      | PC=07B4, PBR=FE, DBR=00, S=01C8, D=01D4, e=0, A=00C4, X=8008, Y=0000, 10000100
         1912671 | FE | 07B4 | ( 4)  PHX            | PC=07B5, PBR=FE, DBR=00, S=01C6, D=01D4, e=0, A=00C4, X=8008, Y=0000, 10000100
         1912672 | FE | 07B5 | ( 4)  PHA            | PC=07B6, PBR=FE, DBR=00, S=01C4, D=01D4, e=0, A=00C4, X=8008, Y=0000, 10000100
         1912673 | FE | 07B6 | ( 4)  PHA            | PC=07B7, PBR=FE, DBR=00, S=01C2, D=01D4, e=0, A=00C4, X=8008, Y=0000, 10000100
         1912674 | FE | 07B7 | ( 3)  LDX #$0902     | PC=07BA, PBR=FE, DBR=00, S=01C2, D=01D4, e=0, A=00C4, X=0902, Y=0000, 00000100
         1912675 | FE | 07BA | ( 8)  JSL $E10000    | PC=0000, PBR=E1, DBR=00, S=01BF, D=01D4, e=0, A=00C4, X=0902, Y=0000, 00000100
         1913302 | FE | 07BE | ( 2)  BCS $03 (3)    | PC=07C0, PBR=FE, DBR=00, S=01CE, D=01D4, e=0, A=0000, X=01C8, Y=FFFE, 10000100
         1913303 | FE | 07C0 | ( 5)  PLA            | PC=07C1, PBR=FE, DBR=00, S=01D0, D=01D4, e=0, A=1804, X=01C8, Y=FFFE, 00000100
         1913304 | FE | 07C1 | ( 5)  PLX            | PC=07C2, PBR=FE, DBR=00, S=01D2, D=01D4, e=0, A=1804, X=00E1, Y=FFFE, 00000100
         1913305 | FE | 07C2 | ( 6)  RTS            | PC=08F0, PBR=FE, DBR=00, S=01D4, D=01D4, e=0, A=1804, X=00E1, Y=FFFE, 00000100
         1912625 | FE | 08C5 | ( 8)  JSL $E10064    | PC=0064, PBR=E1, DBR=00, S=01DD, D=0000, e=0, A=0000, X=1601, Y=0000, 00000110
         1912636 | FE | 08C9 | ( 6)  JSR $0B30      | PC=0B30, PBR=FE, DBR=00, S=01DE, D=0000, e=0, A=0000, X=1601, Y=0000, 00000110
         1912658 | FE | 08CC | ( 5)  LDA $07        | PC=08CE, PBR=FE, DBR=00, S=01D4, D=01D4, e=0, A=0000, X=08CB, Y=0000, 00000110
         1912659 | FE | 08CE | ( 5)  ORA $09        | PC=08D0, PBR=FE, DBR=00, S=01D4, D=01D4, e=0, A=0000, X=08CB, Y=0000, 00000110
         1912660 | FE | 08D0 | ( 3)  BEQ $14 (20)   | PC=08E6, PBR=FE, DBR=00, S=01D4, D=01D4, e=0, A=0000, X=08CB, Y=0000, 00000110
         1912661 | FE | 08E6 | ( 8)  LDA [$03]      | PC=08E8, PBR=FE, DBR=00, S=01D4, D=01D4, e=0, A=0031, X=08CB, Y=0000, 00000100
         1912662 | FE | 08E8 | ( 2)  ASL            | PC=08E9, PBR=FE, DBR=00, S=01D4, D=01D4, e=0, A=0062, X=08CB, Y=0000, 00000100
         1912663 | FE | 08E9 | ( 2)  ASL            | PC=08EA, PBR=FE, DBR=00, S=01D4, D=01D4, e=0, A=00C4, X=08CB, Y=0000, 00000100
         1912664 | FE | 08EA | ( 3)  LDX #$8008     | PC=08ED, PBR=FE, DBR=00, S=01D4, D=01D4, e=0, A=00C4, X=8008, Y=0000, 10000100
         1912665 | FE | 08ED | ( 6)  JSR $07AB      | PC=07AB, PBR=FE, DBR=00, S=01D2, D=01D4, e=0, A=00C4, X=8008, Y=0000, 10000100
         1913306 | FE | 08F0 | ( 5)  STA $07        | PC=08F2, PBR=FE, DBR=00, S=01D4, D=01D4, e=0, A=1804, X=00E1, Y=FFFE, 00000100
         1913307 | FE | 08F2 | ( 5)  STX $09        | PC=08F4, PBR=FE, DBR=00, S=01D4, D=01D4, e=0, A=1804, X=00E1, Y=FFFE, 00000100
         1913308 | FE | 08F4 | ( 8)  LDA [$07]      | PC=08F6, PBR=FE, DBR=00, S=01D4, D=01D4, e=0, A=FDE7, X=00E1, Y=FFFE, 10000100
         1913309 | FE | 08F6 | ( 2)  TAX            | PC=08F7, PBR=FE, DBR=00, S=01D4, D=01D4, e=0, A=FDE7, X=FDE7, Y=FFFE, 10000100
         1913310 | FE | 08F7 | ( 3)  LDY #$0002     | PC=08FA, PBR=FE, DBR=00, S=01D4, D=01D4, e=0, A=FDE7, X=FDE7, Y=0002, 00000100
         1913311 | FE | 08FA | ( 9)  LDA [$07], Y   | PC=08FC, PBR=FE, DBR=00, S=01D4, D=01D4, e=0, A=000F, X=FDE7, Y=0002, 00000100
         1913312 | FE | 08FC | ( 5)  STA $09        | PC=08FE, PBR=FE, DBR=00, S=01D4, D=01D4, e=0, A=000F, X=FDE7, Y=0002, 00000100
         1913313 | FE | 08FE | ( 6)  STA $E1018A    | PC=0902, PBR=FE, DBR=00, S=01D4, D=01D4, e=0, A=000F, X=FDE7, Y=0002, 00000100
         1913314 | FE | 0902 | ( 5)  STX $07        | PC=0904, PBR=FE, DBR=00, S=01D4, D=01D4, e=0, A=000F, X=FDE7, Y=0002, 00000100
         1913315 | FE | 0904 | ( 2)  TXA            | PC=0905, PBR=FE, DBR=00, S=01D4, D=01D4, e=0, A=FDE7, X=FDE7, Y=0002, 10000100
         1913316 | FE | 0905 | ( 6)  STA $E10188    | PC=0909, PBR=FE, DBR=00, S=01D4, D=01D4, e=0, A=FDE7, X=FDE7, Y=0002, 10000100
         1913317 | FE | 0909 | ( 8)  LDA [$03]      | PC=090B, PBR=FE, DBR=00, S=01D4, D=01D4, e=0, A=0031, X=FDE7, Y=0002, 00000100
         1913318 | FE | 090B | ( 2)  ASL            | PC=090C, PBR=FE, DBR=00, S=01D4, D=01D4, e=0, A=0062, X=FDE7, Y=0002, 00000100
         1913319 | FE | 090C | ( 2)  ASL            | PC=090D, PBR=FE, DBR=00, S=01D4, D=01D4, e=0, A=00C4, X=FDE7, Y=0002, 00000100
         1913320 | FE | 090D | ( 2)  TAY            | PC=090E, PBR=FE, DBR=00, S=01D4, D=01D4, e=0, A=00C4, X=FDE7, Y=00C4, 00000100
         1913321 | FE | 090E | ( 2)  DEY            | PC=090F, PBR=FE, DBR=00, S=01D4, D=01D4, e=0, A=00C4, X=FDE7, Y=00C3, 00000100
         1913322 | FE | 090F | ( 2)  DEY            | PC=0910, PBR=FE, DBR=00, S=01D4, D=01D4, e=0, A=00C4, X=FDE7, Y=00C2, 00000100
         1913808 | FE | 0910 | ( 9)  LDA [$03], Y   | PC=0912, PBR=FE, DBR=00, S=01D4, D=01D4, e=0, A=0031, X=FDE7, Y=0000, 00000100
         1913809 | FE | 0912 | ( 8)  STA [$07], Y   | PC=0914, PBR=FE, DBR=00, S=01D4, D=01D4, e=0, A=0031, X=FDE7, Y=0000, 00000100
         1913810 | FE | 0914 | ( 2)  DEY            | PC=0915, PBR=FE, DBR=00, S=01D4, D=01D4, e=0, A=0031, X=FDE7, Y=FFFF, 10000100
         1913811 | FE | 0915 | ( 2)  DEY            | PC=0916, PBR=FE, DBR=00, S=01D4, D=01D4, e=0, A=0031, X=FDE7, Y=FFFE, 10000100
         1913812 | FE | 0916 | ( 2)  BPL $F8 (-8)   | PC=0918, PBR=FE, DBR=00, S=01D4, D=01D4, e=0, A=0031, X=FDE7, Y=FFFE, 10000100
         1913813 | FE | 0918 | ( 6)  JSR $0B55      | PC=0B55, PBR=FE, DBR=00, S=01D2, D=01D4, e=0, A=0031, X=FDE7, Y=FFFE, 10000100
         1913823 | FE | 091B | ( 3)  LDX #$0000     | PC=091E, PBR=FE, DBR=00, S=01E0, D=0000, e=0, A=0031, X=0000, Y=0000, 00000110
         1913824 | FE | 091E | ( 3)  LDY #$0000     | PC=0921, PBR=FE, DBR=00, S=01E0, D=0000, e=0, A=0031, X=0000, Y=0000, 00000110
         1913825 | FE | 0921 | ( 4)  JML $E10180    | PC=0180, PBR=E1, DBR=00, S=01E0, D=0000, e=0, A=0031, X=0000, Y=0000, 00000110
         1912637 | FE | 0B30 | ( 5)  PLX            | PC=0B31, PBR=FE, DBR=00, S=01E0, D=0000, e=0, A=0000, X=08CB, Y=0000, 00000100
         1912638 | FE | 0B31 | ( 2)  TAY            | PC=0B32, PBR=FE, DBR=00, S=01E0, D=0000, e=0, A=0000, X=08CB, Y=0000, 00000110
         1912639 | FE | 0B32 | ( 4)  PHA            | PC=0B33, PBR=FE, DBR=00, S=01DE, D=0000, e=0, A=0000, X=08CB, Y=0000, 00000110
         1912640 | FE | 0B33 | ( 4)  PHA            | PC=0B34, PBR=FE, DBR=00, S=01DC, D=0000, e=0, A=0000, X=08CB, Y=0000, 00000110
         1912641 | FE | 0B34 | ( 4)  PHA            | PC=0B35, PBR=FE, DBR=00, S=01DA, D=0000, e=0, A=0000, X=08CB, Y=0000, 00000110
         1912642 | FE | 0B35 | ( 4)  PHA            | PC=0B36, PBR=FE, DBR=00, S=01D8, D=0000, e=0, A=0000, X=08CB, Y=0000, 00000110
         1912643 | FE | 0B36 | ( 4)  PHA            | PC=0B37, PBR=FE, DBR=00, S=01D6, D=0000, e=0, A=0000, X=08CB, Y=0000, 00000110
         1912644 | FE | 0B37 | ( 4)  PHD            | PC=0B38, PBR=FE, DBR=00, S=01D4, D=0000, e=0, A=0000, X=08CB, Y=0000, 00000110
         1912645 | FE | 0B38 | ( 2)  TSC            | PC=0B39, PBR=FE, DBR=00, S=01D4, D=0000, e=0, A=01D4, X=08CB, Y=0000, 00000100
         1912646 | FE | 0B39 | ( 2)  TCD            | PC=0B3A, PBR=FE, DBR=00, S=01D4, D=01D4, e=0, A=01D4, X=08CB, Y=0000, 00000100
         1912647 | FE | 0B3A | ( 6)  LDA $E103C0    | PC=0B3E, PBR=FE, DBR=00, S=01D4, D=01D4, e=0, A=0139, X=08CB, Y=0000, 00000100
         1912648 | FE | 0B3E | ( 5)  STA $03        | PC=0B40, PBR=FE, DBR=00, S=01D4, D=01D4, e=0, A=0139, X=08CB, Y=0000, 00000100
         1912649 | FE | 0B40 | ( 6)  LDA $E103C2    | PC=0B44, PBR=FE, DBR=00, S=01D4, D=01D4, e=0, A=00FE, X=08CB, Y=0000, 00000100
         1912650 | FE | 0B44 | ( 5)  STA $05        | PC=0B46, PBR=FE, DBR=00, S=01D4, D=01D4, e=0, A=00FE, X=08CB, Y=0000, 00000100
         1912651 | FE | 0B46 | ( 6)  LDA $E10188    | PC=0B4A, PBR=FE, DBR=00, S=01D4, D=01D4, e=0, A=0000, X=08CB, Y=0000, 00000110
         1912652 | FE | 0B4A | ( 5)  STA $07        | PC=0B4C, PBR=FE, DBR=00, S=01D4, D=01D4, e=0, A=0000, X=08CB, Y=0000, 00000110
         1912653 | FE | 0B4C | ( 6)  LDA $E1018A    | PC=0B50, PBR=FE, DBR=00, S=01D4, D=01D4, e=0, A=0000, X=08CB, Y=0000, 00000110
         1912654 | FE | 0B50 | ( 5)  STA $09        | PC=0B52, PBR=FE, DBR=00, S=01D4, D=01D4, e=0, A=0000, X=08CB, Y=0000, 00000110
         1912655 | FE | 0B52 | ( 4)  PHX            | PC=0B53, PBR=FE, DBR=00, S=01D2, D=01D4, e=0, A=0000, X=08CB, Y=0000, 00000110
         1912656 | FE | 0B53 | ( 2)  TYA            | PC=0B54, PBR=FE, DBR=00, S=01D2, D=01D4, e=0, A=0000, X=08CB, Y=0000, 00000110
         1912657 | FE | 0B54 | ( 6)  RTS            | PC=08CC, PBR=FE, DBR=00, S=01D4, D=01D4, e=0, A=0000, X=08CB, Y=0000, 00000110
         1913814 | FE | 0B55 | ( 5)  PLX            | PC=0B56, PBR=FE, DBR=00, S=01D4, D=01D4, e=0, A=0031, X=091A, Y=FFFE, 00000100
         1913815 | FE | 0B56 | ( 5)  PLD            | PC=0B57, PBR=FE, DBR=00, S=01D6, D=0000, e=0, A=0031, X=091A, Y=FFFE, 00000110
         1913816 | FE | 0B57 | ( 5)  PLY            | PC=0B58, PBR=FE, DBR=00, S=01D8, D=0000, e=0, A=0031, X=091A, Y=0139, 00000100
         1913817 | FE | 0B58 | ( 5)  PLY            | PC=0B59, PBR=FE, DBR=00, S=01DA, D=0000, e=0, A=0031, X=091A, Y=00FE, 00000100
         1913818 | FE | 0B59 | ( 5)  PLY            | PC=0B5A, PBR=FE, DBR=00, S=01DC, D=0000, e=0, A=0031, X=091A, Y=FDE7, 10000100
         1913819 | FE | 0B5A | ( 5)  PLY            | PC=0B5B, PBR=FE, DBR=00, S=01DE, D=0000, e=0, A=0031, X=091A, Y=000F, 00000100
         1913820 | FE | 0B5B | ( 5)  PLY            | PC=0B5C, PBR=FE, DBR=00, S=01E0, D=0000, e=0, A=0031, X=091A, Y=0000, 00000110
         1913821 | FE | 0B5C | ( 4)  PHX            | PC=0B5D, PBR=FE, DBR=00, S=01DE, D=0000, e=0, A=0031, X=091A, Y=0000, 00000110
         1913822 | FE | 0B5D | ( 6)  RTS            | PC=091B, PBR=FE, DBR=00, S=01E0, D=0000, e=0, A=0031, X=091A, Y=0000, 00000110
         1708270 | FE | 0B89 | ( 5)  PEA $0018      | PC=0B8C, PBR=FE, DBR=00, S=01D2, D=01DE, e=0, A=0000, X=0104, Y=0000, 00000110
         1708271 | FE | 0B8C | ( 5)  PEA $00FE      | PC=0B8F, PBR=FE, DBR=00, S=01D0, D=01DE, e=0, A=0000, X=0104, Y=0000, 00000110
         1708272 | FE | 0B8F | ( 5)  PEA $52C0      | PC=0B92, PBR=FE, DBR=00, S=01CE, D=01DE, e=0, A=0000, X=0104, Y=0000, 00000110
         1708273 | FE | 0B92 | ( 3)  LDX #$1003     | PC=0B95, PBR=FE, DBR=00, S=01CE, D=01DE, e=0, A=0000, X=1003, Y=0000, 00000100
         1708274 | FE | 0B95 | ( 8)  JSL $E10000    | PC=0000, PBR=E1, DBR=00, S=01CB, D=01DE, e=0, A=0000, X=1003, Y=0000, 00000100
         1708381 | FE | 0B99 | ( 5)  PEA $00FE      | PC=0B9C, PBR=FE, DBR=00, S=01D2, D=01DE, e=0, A=0000, X=0000, Y=01CC, 10000100
         1708382 | FE | 0B9C | ( 5)  PEA $1114      | PC=0B9F, PBR=FE, DBR=00, S=01D0, D=01DE, e=0, A=0000, X=0000, Y=01CC, 10000100
         1708383 | FE | 0B9F | ( 5)  PEA $00E0      | PC=0BA2, PBR=FE, DBR=00, S=01CE, D=01DE, e=0, A=0000, X=0000, Y=01CC, 10000100
         1708384 | FE | 0BA2 | ( 5)  PEA $1E00      | PC=0BA5, PBR=FE, DBR=00, S=01CC, D=01DE, e=0, A=0000, X=0000, Y=01CC, 10000100
         1708385 | FE | 0BA5 | ( 5)  PEA $0000      | PC=0BA8, PBR=FE, DBR=00, S=01CA, D=01DE, e=0, A=0000, X=0000, Y=01CC, 10000100
         1708386 | FE | 0BA8 | ( 5)  PEA $01FC      | PC=0BAB, PBR=FE, DBR=00, S=01C8, D=01DE, e=0, A=0000, X=0000, Y=01CC, 10000100
         1708387 | FE | 0BAB | ( 3)  LDX #$2B02     | PC=0BAE, PBR=FE, DBR=00, S=01C8, D=01DE, e=0, A=0000, X=2B02, Y=01CC, 00000100
         1708388 | FE | 0BAE | ( 8)  JSL $E10000    | PC=0000, PBR=E1, DBR=00, S=01C5, D=01DE, e=0, A=0000, X=2B02, Y=01CC, 00000100
         1709079 | FE | 0BB2 | ( 3)  JMP $FBDF      | PC=FBDF, PBR=FE, DBR=00, S=01D4, D=01DE, e=0, A=0000, X=01CE, Y=1FFC, 10000100
         1707894 | FE | 131F | ( 3)  LDX #$0902     | PC=1322, PBR=FE, DBR=00, S=01BE, D=01DE, e=0, A=0000, X=0902, Y=0008, 00000100
         1707895 | FE | 1322 | ( 8)  JSL $E10004    | PC=0004, PBR=E1, DBR=00, S=01BB, D=01DE, e=0, A=0000, X=0902, Y=0008, 00000100
         1708187 | FE | 1326 | ( 6)  RTL            | PC=1349, PBR=FE, DBR=00, S=01CD, D=01DE, e=0, A=0000, X=01C7, Y=0000, 10000100
         1707885 | FE | 133B | ( 4)  PHA            | PC=133C, PBR=FE, DBR=00, S=01CF, D=01DE, e=0, A=0000, X=4101, Y=0008, 00000100
         1707886 | FE | 133C | ( 4)  PHA            | PC=133D, PBR=FE, DBR=00, S=01CD, D=01DE, e=0, A=0000, X=4101, Y=0008, 00000100
         1707887 | FE | 133D | ( 5)  PEA $0000      | PC=1340, PBR=FE, DBR=00, S=01CB, D=01DE, e=0, A=0000, X=4101, Y=0008, 00000100
         1707888 | FE | 1340 | ( 4)  PHA            | PC=1341, PBR=FE, DBR=00, S=01C9, D=01DE, e=0, A=0000, X=4101, Y=0008, 00000100
         1707889 | FE | 1341 | ( 4)  PHX            | PC=1342, PBR=FE, DBR=00, S=01C7, D=01DE, e=0, A=0000, X=4101, Y=0008, 00000100
         1707890 | FE | 1342 | ( 4)  PHY            | PC=1343, PBR=FE, DBR=00, S=01C5, D=01DE, e=0, A=0000, X=4101, Y=0008, 00000100
         1707891 | FE | 1343 | ( 4)  PHA            | PC=1344, PBR=FE, DBR=00, S=01C3, D=01DE, e=0, A=0000, X=4101, Y=0008, 00000100
         1707892 | FE | 1344 | ( 4)  PHA            | PC=1345, PBR=FE, DBR=00, S=01C1, D=01DE, e=0, A=0000, X=4101, Y=0008, 00000100
         1707893 | FE | 1345 | ( 8)  JSL $FE131F    | PC=131F, PBR=FE, DBR=00, S=01BE, D=01DE, e=0, A=0000, X=4101, Y=0008, 00000100
         1708188 | FE | 1349 | ( 5)  PLX            | PC=134A, PBR=FE, DBR=00, S=01CF, D=01DE, e=0, A=0000, X=17A0, Y=0000, 00000100
         1708189 | FE | 134A | ( 5)  PLY            | PC=134B, PBR=FE, DBR=00, S=01D1, D=01DE, e=0, A=0000, X=17A0, Y=00E1, 00000100
         1708190 | FE | 134B | ( 6)  RTS            | PC=A6CA, PBR=FE, DBR=00, S=01D3, D=01DE, e=0, A=0000, X=17A0, Y=00E1, 00000100
         1707869 | FE | A699 | ( 3)  PHB            | PC=A69A, PBR=FE, DBR=00, S=01D3, D=01DE, e=0, A=0000, X=0103, Y=0000, 00000110
         1707870 | FE | A69A | ( 3)  LDA #$0000     | PC=A69D, PBR=FE, DBR=00, S=01D3, D=01DE, e=0, A=0000, X=0103, Y=0000, 00000110
         1707871 | FE | A69D | ( 6)  STA $E100D8    | PC=A6A1, PBR=FE, DBR=00, S=01D3, D=01DE, e=0, A=0000, X=0103, Y=0000, 00000110
         1707872 | FE | A6A1 | ( 6)  STA $E100DA    | PC=A6A5, PBR=FE, DBR=00, S=01D3, D=01DE, e=0, A=0000, X=0103, Y=0000, 00000110
         1707873 | FE | A6A5 | ( 6)  STA $E100DC    | PC=A6A9, PBR=FE, DBR=00, S=01D3, D=01DE, e=0, A=0000, X=0103, Y=0000, 00000110
         1707874 | FE | A6A9 | ( 6)  STA $E100DE    | PC=A6AD, PBR=FE, DBR=00, S=01D3, D=01DE, e=0, A=0000, X=0103, Y=0000, 00000110
         1707875 | FE | A6AD | ( 3)  SEP #$0020     | PC=A6AF, PBR=FE, DBR=00, S=01D3, D=01DE, e=0, A=00, X=0103, Y=0000, 00100110
         1707876 | FE | A6AF | ( 5)  STA $E10FD4    | PC=A6B3, PBR=FE, DBR=00, S=01D3, D=01DE, e=0, A=00, X=0103, Y=0000, 00100110
         1707877 | FE | A6B3 | ( 2)  DEC            | PC=A6B4, PBR=FE, DBR=00, S=01D3, D=01DE, e=0, A=FF, X=0103, Y=0000, 10100100
         1707878 | FE | A6B4 | ( 5)  STA $E100CF    | PC=A6B8, PBR=FE, DBR=00, S=01D3, D=01DE, e=0, A=FF, X=0103, Y=0000, 10100100
         1707879 | FE | A6B8 | ( 5)  STA $E100E0    | PC=A6BC, PBR=FE, DBR=00, S=01D3, D=01DE, e=0, A=FF, X=0103, Y=0000, 10100100
         1707880 | FE | A6BC | ( 3)  REP #$0020     | PC=A6BE, PBR=FE, DBR=00, S=01D3, D=01DE, e=0, A=00FF, X=0103, Y=0000, 10000100
         1707881 | FE | A6BE | ( 3)  LDA #$0000     | PC=A6C1, PBR=FE, DBR=00, S=01D3, D=01DE, e=0, A=0000, X=0103, Y=0000, 00000110
         1707882 | FE | A6C1 | ( 3)  LDX #$4101     | PC=A6C4, PBR=FE, DBR=00, S=01D3, D=01DE, e=0, A=0000, X=4101, Y=0000, 00000100
         1707883 | FE | A6C4 | ( 3)  LDY #$0008     | PC=A6C7, PBR=FE, DBR=00, S=01D3, D=01DE, e=0, A=0000, X=4101, Y=0008, 00000100
         1707884 | FE | A6C7 | ( 6)  JSR $133B      | PC=133B, PBR=FE, DBR=00, S=01D1, D=01DE, e=0, A=0000, X=4101, Y=0008, 00000100
         1708191 | FE | A6CA | ( 3)  BCC $10 (16)   | PC=A6DC, PBR=FE, DBR=00, S=01D3, D=01DE, e=0, A=0000, X=17A0, Y=00E1, 00000100
         1708192 | FE | A6DC | ( 2)  TXA            | PC=A6DD, PBR=FE, DBR=00, S=01D3, D=01DE, e=0, A=17A0, X=17A0, Y=00E1, 00000100
         1708193 | FE | A6DD | ( 6)  STA $E10FD0    | PC=A6E1, PBR=FE, DBR=00, S=01D3, D=01DE, e=0, A=17A0, X=17A0, Y=00E1, 00000100
         1708194 | FE | A6E1 | ( 2)  TYA            | PC=A6E2, PBR=FE, DBR=00, S=01D3, D=01DE, e=0, A=00E1, X=17A0, Y=00E1, 00000100
         1708195 | FE | A6E2 | ( 6)  STA $E10FD2    | PC=A6E6, PBR=FE, DBR=00, S=01D3, D=01DE, e=0, A=00E1, X=17A0, Y=00E1, 00000100
         1708196 | FE | A6E6 | ( 4)  PLB            | PC=A6E7, PBR=FE, DBR=00, S=01D4, D=01DE, e=0, A=00E1, X=17A0, Y=00E1, 00000110
         1708197 | FE | A6E7 | ( 3)  JMP $FBDF      | PC=FBDF, PBR=FE, DBR=00, S=01D4, D=01DE, e=0, A=00E1, X=17A0, Y=00E1, 00000110
         1710044 | FE | A715 | ( 6)  LDA $E10FD0    | PC=A719, PBR=FE, DBR=00, S=01B8, D=01BA, e=0, A=17A0, X=01B2, Y=FFFE, 00000100
         1710045 | FE | A719 | ( 2)  TAX            | PC=A71A, PBR=FE, DBR=00, S=01B8, D=01BA, e=0, A=17A0, X=17A0, Y=FFFE, 00000100
         1710046 | FE | A71A | ( 6)  LDA $E10FD2    | PC=A71E, PBR=FE, DBR=00, S=01B8, D=01BA, e=0, A=00E1, X=17A0, Y=FFFE, 00000100
         1710047 | FE | A71E | ( 3)  XBA            | PC=A71F, PBR=FE, DBR=00, S=01B8, D=01BA, e=0, A=E100, X=17A0, Y=FFFE, 00000110
         1710048 | FE | A71F | ( 4)  PHA            | PC=A720, PBR=FE, DBR=00, S=01B6, D=01BA, e=0, A=E100, X=17A0, Y=FFFE, 00000110
         1710049 | FE | A720 | ( 4)  PLB            | PC=A721, PBR=FE, DBR=00, S=01B7, D=01BA, e=0, A=E100, X=17A0, Y=FFFE, 00000110
         1710050 | FE | A721 | ( 4)  PLB            | PC=A722, PBR=FE, DBR=E1, S=01B8, D=01BA, e=0, A=E100, X=17A0, Y=FFFE, 10000100
         1710051 | FE | A722 | ( 6)  LDA $0000, X   | PC=A725, PBR=FE, DBR=E1, S=01B8, D=01BA, e=0, A=FF36, X=17A0, Y=FFFE, 10000100
         1710052 | FE | A725 | ( 6)  LDY $0002, X   | PC=A728, PBR=FE, DBR=E1, S=01B8, D=01BA, e=0, A=FF36, X=17A0, Y=000F, 00000100
         1710053 | FE | A728 | ( 2)  TAX            | PC=A729, PBR=FE, DBR=E1, S=01B8, D=01BA, e=0, A=FF36, X=FF36, Y=000F, 10000100
         1710054 | FE | A729 | ( 2)  TYA            | PC=A72A, PBR=FE, DBR=E1, S=01B8, D=01BA, e=0, A=000F, X=FF36, Y=000F, 00000100
         1710055 | FE | A72A | ( 3)  XBA            | PC=A72B, PBR=FE, DBR=E1, S=01B8, D=01BA, e=0, A=0F00, X=FF36, Y=000F, 00000110
         1710056 | FE | A72B | ( 4)  PHA            | PC=A72C, PBR=FE, DBR=E1, S=01B6, D=01BA, e=0, A=0F00, X=FF36, Y=000F, 00000110
         1710057 | FE | A72C | ( 4)  PLB            | PC=A72D, PBR=FE, DBR=00, S=01B7, D=01BA, e=0, A=0F00, X=FF36, Y=000F, 00000110
         1710058 | FE | A72D | ( 4)  PLB            | PC=A72E, PBR=FE, DBR=0F, S=01B8, D=01BA, e=0, A=0F00, X=FF36, Y=000F, 00000100
         1710059 | FE | A72E | ( 6)  RTS            | PC=B64B, PBR=FE, DBR=0F, S=01BA, D=01BA, e=0, A=0F00, X=FF36, Y=000F, 00000100
         1709354 | FE | A72F | ( 4)  PHA            | PC=A730, PBR=FE, DBR=00, S=01B6, D=01BA, e=0, A=01BA, X=2003, Y=0000, 00000100
         1709355 | FE | A730 | ( 4)  PHA            | PC=A731, PBR=FE, DBR=00, S=01B4, D=01BA, e=0, A=01BA, X=2003, Y=0000, 00000100
         1709356 | FE | A731 | ( 6)  LDA $E10FD2    | PC=A735, PBR=FE, DBR=00, S=01B4, D=01BA, e=0, A=00E1, X=2003, Y=0000, 00000100
         1709357 | FE | A735 | ( 4)  PHA            | PC=A736, PBR=FE, DBR=00, S=01B2, D=01BA, e=0, A=00E1, X=2003, Y=0000, 00000100
         1709358 | FE | A736 | ( 6)  LDA $E10FD0    | PC=A73A, PBR=FE, DBR=00, S=01B2, D=01BA, e=0, A=17A0, X=2003, Y=0000, 00000100
         1709359 | FE | A73A | ( 4)  PHA            | PC=A73B, PBR=FE, DBR=00, S=01B0, D=01BA, e=0, A=17A0, X=2003, Y=0000, 00000100
         1709360 | FE | A73B | ( 3)  LDX #$1802     | PC=A73E, PBR=FE, DBR=00, S=01B0, D=01BA, e=0, A=17A0, X=1802, Y=0000, 00000100
         1709361 | FE | A73E | ( 8)  JSL $E10000    | PC=0000, PBR=E1, DBR=00, S=01AD, D=01BA, e=0, A=17A0, X=1802, Y=0000, 00000100
         1709515 | FE | A742 | ( 5)  PLA            | PC=A743, PBR=FE, DBR=00, S=01B6, D=01BA, e=0, A=0000, X=01AE, Y=000A, 00000110
         1709516 | FE | A743 | ( 5)  PLX            | PC=A744, PBR=FE, DBR=00, S=01B8, D=01BA, e=0, A=0000, X=0000, Y=000A, 00000110
         1709517 | FE | A744 | ( 6)  RTS            | PC=B63F, PBR=FE, DBR=00, S=01BA, D=01BA, e=0, A=0000, X=0000, Y=000A, 00000110
         1709523 | FE | A745 | ( 5)  PEA $0000      | PC=A748, PBR=FE, DBR=00, S=01B6, D=01BA, e=0, A=0002, X=0000, Y=000A, 00000100
         1709524 | FE | A748 | ( 4)  PHA            | PC=A749, PBR=FE, DBR=00, S=01B4, D=01BA, e=0, A=0002, X=0000, Y=000A, 00000100
         1709525 | FE | A749 | ( 6)  LDA $E10FD2    | PC=A74D, PBR=FE, DBR=00, S=01B4, D=01BA, e=0, A=00E1, X=0000, Y=000A, 00000100
         1709526 | FE | A74D | ( 4)  PHA            | PC=A74E, PBR=FE, DBR=00, S=01B2, D=01BA, e=0, A=00E1, X=0000, Y=000A, 00000100
         1709527 | FE | A74E | ( 6)  LDA $E10FD0    | PC=A752, PBR=FE, DBR=00, S=01B2, D=01BA, e=0, A=17A0, X=0000, Y=000A, 00000100
         1709528 | FE | A752 | ( 4)  PHA            | PC=A753, PBR=FE, DBR=00, S=01B0, D=01BA, e=0, A=17A0, X=0000, Y=000A, 00000100
         1709529 | FE | A753 | ( 3)  LDX #$1902     | PC=A756, PBR=FE, DBR=00, S=01B0, D=01BA, e=0, A=17A0, X=1902, Y=000A, 00000100
         1709530 | FE | A756 | ( 8)  JSL $E10000    | PC=0000, PBR=E1, DBR=00, S=01AD, D=01BA, e=0, A=17A0, X=1902, Y=000A, 00000100
         1710042 | FE | A75A | ( 6)  RTS            | PC=B648, PBR=FE, DBR=00, S=01BA, D=01BA, e=0, A=0000, X=01B2, Y=FFFE, 10000100
         1908525 | FE | AD77 | ( 5)  LDA 0B, S      | PC=AD79, PBR=FE, DBR=00, S=01C5, D=01DE, e=0, A=000B, X=1003, Y=0000, 00000100
         1908526 | FE | AD79 | ( 3)  AND #$00FF     | PC=AD7C, PBR=FE, DBR=00, S=01C5, D=01DE, e=0, A=000B, X=1003, Y=0000, 00000100
         1908527 | FE | AD7C | ( 2)  ASL            | PC=AD7D, PBR=FE, DBR=00, S=01C5, D=01DE, e=0, A=0016, X=1003, Y=0000, 00000100
         1908528 | FE | AD7D | ( 2)  ASL            | PC=AD7E, PBR=FE, DBR=00, S=01C5, D=01DE, e=0, A=002C, X=1003, Y=0000, 00000100
         1908529 | FE | AD7E | ( 2)  TAX            | PC=AD7F, PBR=FE, DBR=00, S=01C5, D=01DE, e=0, A=002C, X=002C, Y=0000, 00000100
         1908530 | FE | AD7F | ( 3)  PHP            | PC=AD80, PBR=FE, DBR=00, S=01C4, D=01DE, e=0, A=002C, X=002C, Y=0000, 00000100
         1908531 | FE | AD80 | ( 2)  SEI            | PC=AD81, PBR=FE, DBR=00, S=01C4, D=01DE, e=0, A=002C, X=002C, Y=0000, 00000100
         1908532 | FE | AD81 | ( 5)  LDA 07, S      | PC=AD83, PBR=FE, DBR=00, S=01C4, D=01DE, e=0, A=62FC, X=002C, Y=0000, 00000100
         1908533 | FE | AD83 | ( 3)  AND #$FF00     | PC=AD86, PBR=FE, DBR=00, S=01C4, D=01DE, e=0, A=6200, X=002C, Y=0000, 00000100
         1908534 | FE | AD86 | ( 3)  ORA #$005C     | PC=AD89, PBR=FE, DBR=00, S=01C4, D=01DE, e=0, A=625C, X=002C, Y=0000, 00000100
         1908535 | FE | AD89 | ( 6)  STA $E10000, X | PC=AD8D, PBR=FE, DBR=00, S=01C4, D=01DE, e=0, A=625C, X=002C, Y=0000, 00000100
         1908536 | FE | AD8D | ( 5)  LDA 09, S      | PC=AD8F, PBR=FE, DBR=00, S=01C4, D=01DE, e=0, A=FCCD, X=002C, Y=0000, 10000100
         1908537 | FE | AD8F | ( 6)  STA $E10002, X | PC=AD93, PBR=FE, DBR=00, S=01C4, D=01DE, e=0, A=FCCD, X=002C, Y=0000, 10000100
         1908538 | FE | AD93 | ( 4)  PLP            | PC=AD94, PBR=FE, DBR=00, S=01C5, D=01DE, e=0, A=FCCD, X=002C, Y=0000, 00000100
         1908539 | FE | AD94 | ( 3)  JMP $FC23      | PC=FC23, PBR=FE, DBR=00, S=01C5, D=01DE, e=0, A=FCCD, X=002C, Y=0000, 00000100
         1711462 | FE | B04B | ( 5)  LDA 07, S      | PC=B04D, PBR=FE, DBR=FE, S=01AB, D=01B8, e=0, A=0005, X=1603, Y=0000, 00000100
         1711463 | FE | B04D | ( 2)  ASL            | PC=B04E, PBR=FE, DBR=FE, S=01AB, D=01B8, e=0, A=000A, X=1603, Y=0000, 00000100
         1711464 | FE | B04E | ( 2)  ASL            | PC=B04F, PBR=FE, DBR=FE, S=01AB, D=01B8, e=0, A=0014, X=1603, Y=0000, 00000100
         1711465 | FE | B04F | ( 3)  CMP #$003C     | PC=B052, PBR=FE, DBR=FE, S=01AB, D=01B8, e=0, A=0014, X=1603, Y=0000, 10000100
         1711466 | FE | B052 | ( 3)  BCC $06 (6)    | PC=B05A, PBR=FE, DBR=FE, S=01AB, D=01B8, e=0, A=0014, X=1603, Y=0000, 10000100
         1711467 | FE | B05A | ( 2)  TAX            | PC=B05B, PBR=FE, DBR=FE, S=01AB, D=01B8, e=0, A=0014, X=0014, Y=0000, 00000100
         1711468 | FE | B05B | ( 7)  LDA $FEB06A, X | PC=B05F, PBR=FE, DBR=FE, S=01AB, D=01B8, e=0, A=00DC, X=0014, Y=0000, 00000100
         1711469 | FE | B05F | ( 5)  STA 09, S      | PC=B061, PBR=FE, DBR=FE, S=01AB, D=01B8, e=0, A=00DC, X=0014, Y=0000, 00000100
         1711470 | FE | B061 | ( 7)  LDA $FEB06C, X | PC=B065, PBR=FE, DBR=FE, S=01AB, D=01B8, e=0, A=00E1, X=0014, Y=0000, 00000100
         1711471 | FE | B065 | ( 5)  STA 0B, S      | PC=B067, PBR=FE, DBR=FE, S=01AB, D=01B8, e=0, A=00E1, X=0014, Y=0000, 00000100
         1711472 | FE | B067 | ( 3)  JMP $FBF7      | PC=FBF7, PBR=FE, DBR=FE, S=01AB, D=01B8, e=0, A=00E1, X=0014, Y=0000, 00000100
         1709335 | FE | B616 | ( 5)  LDA 07, S      | PC=B618, PBR=FE, DBR=00, S=01C7, D=01DE, e=0, A=5000, X=2003, Y=0000, 00000100
         1709336 | FE | B618 | ( 3)  AND #$F000     | PC=B61B, PBR=FE, DBR=00, S=01C7, D=01DE, e=0, A=5000, X=2003, Y=0000, 00000100
         1709337 | FE | B61B | ( 3)  CMP #$4000     | PC=B61E, PBR=FE, DBR=00, S=01C7, D=01DE, e=0, A=5000, X=2003, Y=0000, 00000101
         1709338 | FE | B61E | ( 2)  BEQ $0A (10)   | PC=B620, PBR=FE, DBR=00, S=01C7, D=01DE, e=0, A=5000, X=2003, Y=0000, 00000101
         1709339 | FE | B620 | ( 3)  CMP #$7000     | PC=B623, PBR=FE, DBR=00, S=01C7, D=01DE, e=0, A=5000, X=2003, Y=0000, 10000100
         1709340 | FE | B623 | ( 2)  BEQ $05 (5)    | PC=B625, PBR=FE, DBR=00, S=01C7, D=01DE, e=0, A=5000, X=2003, Y=0000, 10000100
         1709341 | FE | B625 | ( 3)  CMP #$9000     | PC=B628, PBR=FE, DBR=00, S=01C7, D=01DE, e=0, A=5000, X=2003, Y=0000, 10000100
         1709342 | FE | B628 | ( 3)  BNE $06 (6)    | PC=B630, PBR=FE, DBR=00, S=01C7, D=01DE, e=0, A=5000, X=2003, Y=0000, 10000100
         1709343 | FE | B630 | ( 4)  PHD            | PC=B631, PBR=FE, DBR=00, S=01C5, D=01DE, e=0, A=5000, X=2003, Y=0000, 10000100
         1709344 | FE | B631 | ( 3)  PHB            | PC=B632, PBR=FE, DBR=00, S=01C4, D=01DE, e=0, A=5000, X=2003, Y=0000, 10000100
         1709345 | FE | B632 | ( 3)  LDA #$0000     | PC=B635, PBR=FE, DBR=00, S=01C4, D=01DE, e=0, A=0000, X=2003, Y=0000, 00000110
         1709346 | FE | B635 | ( 4)  PHA            | PC=B636, PBR=FE, DBR=00, S=01C2, D=01DE, e=0, A=0000, X=2003, Y=0000, 00000110
         1709347 | FE | B636 | ( 4)  PHA            | PC=B637, PBR=FE, DBR=00, S=01C0, D=01DE, e=0, A=0000, X=2003, Y=0000, 00000110
         1709348 | FE | B637 | ( 4)  PHA            | PC=B638, PBR=FE, DBR=00, S=01BE, D=01DE, e=0, A=0000, X=2003, Y=0000, 00000110
         1709349 | FE | B638 | ( 4)  PHA            | PC=B639, PBR=FE, DBR=00, S=01BC, D=01DE, e=0, A=0000, X=2003, Y=0000, 00000110
         1709350 | FE | B639 | ( 4)  PHA            | PC=B63A, PBR=FE, DBR=00, S=01BA, D=01DE, e=0, A=0000, X=2003, Y=0000, 00000110
         1709351 | FE | B63A | ( 2)  TSC            | PC=B63B, PBR=FE, DBR=00, S=01BA, D=01DE, e=0, A=01BA, X=2003, Y=0000, 00000100
         1709352 | FE | B63B | ( 2)  TCD            | PC=B63C, PBR=FE, DBR=00, S=01BA, D=01BA, e=0, A=01BA, X=2003, Y=0000, 00000100
         1709353 | FE | B63C | ( 6)  JSR $A72F      | PC=A72F, PBR=FE, DBR=00, S=01B8, D=01BA, e=0, A=01BA, X=2003, Y=0000, 00000100
         1709518 | FE | B63F | ( 5)  STA $05        | PC=B641, PBR=FE, DBR=00, S=01BA, D=01BA, e=0, A=0000, X=0000, Y=000A, 00000110
         1709519 | FE | B641 | ( 5)  STA $09        | PC=B643, PBR=FE, DBR=00, S=01BA, D=01BA, e=0, A=0000, X=0000, Y=000A, 00000110
         1709520 | FE | B643 | ( 2)  INC            | PC=B644, PBR=FE, DBR=00, S=01BA, D=01BA, e=0, A=0001, X=0000, Y=000A, 00000100
         1709521 | FE | B644 | ( 2)  INC            | PC=B645, PBR=FE, DBR=00, S=01BA, D=01BA, e=0, A=0002, X=0000, Y=000A, 00000100
         1709522 | FE | B645 | ( 6)  JSR $A745      | PC=A745, PBR=FE, DBR=00, S=01B8, D=01BA, e=0, A=0002, X=0000, Y=000A, 00000100
         1710043 | FE | B648 | ( 6)  JSR $A715      | PC=A715, PBR=FE, DBR=00, S=01B8, D=01BA, e=0, A=0000, X=01B2, Y=FFFE, 10000100
         1710060 | FE | B64B | ( 5)  STX $01        | PC=B64D, PBR=FE, DBR=0F, S=01BA, D=01BA, e=0, A=0F00, X=FF36, Y=000F, 00000100
         1710061 | FE | B64D | ( 5)  STY $03        | PC=B64F, PBR=FE, DBR=0F, S=01BA, D=01BA, e=0, A=0F00, X=FF36, Y=000F, 00000100
         1710062 | FE | B64F | ( 5)  LDY $05        | PC=B651, PBR=FE, DBR=0F, S=01BA, D=01BA, e=0, A=0F00, X=FF36, Y=0000, 00000110
         1710063 | FE | B651 | ( 3)  BEQ $04 (4)    | PC=B657, PBR=FE, DBR=0F, S=01BA, D=01BA, e=0, A=0F00, X=FF36, Y=0000, 00000110
         1710064 | FE | B657 | ( 5)  LDA $14        | PC=B659, PBR=FE, DBR=0F, S=01BA, D=01BA, e=0, A=5000, X=FF36, Y=0000, 00000100
         1710065 | FE | B659 | ( 3)  AND #$F000     | PC=B65C, PBR=FE, DBR=0F, S=01BA, D=01BA, e=0, A=5000, X=FF36, Y=0000, 00000100
         1710066 | FE | B65C | ( 2)  INC            | PC=B65D, PBR=FE, DBR=0F, S=01BA, D=01BA, e=0, A=5001, X=FF36, Y=0000, 00000100
         1710067 | FE | B65D | ( 5)  STA $07        | PC=B65F, PBR=FE, DBR=0F, S=01BA, D=01BA, e=0, A=5001, X=FF36, Y=0000, 00000100
         1710068 | FE | B65F | ( 3)  AND #$F000     | PC=B662, PBR=FE, DBR=0F, S=01BA, D=01BA, e=0, A=5000, X=FF36, Y=0000, 00000100
         1710069 | FE | B662 | ( 3)  BNE $05 (5)    | PC=B669, PBR=FE, DBR=0F, S=01BA, D=01BA, e=0, A=5000, X=FF36, Y=0000, 00000100
         1710070 | FE | B669 | ( 5)  LDA $14        | PC=B66B, PBR=FE, DBR=0F, S=01BA, D=01BA, e=0, A=5000, X=FF36, Y=0000, 00000100
         1710071 | FE | B66B | ( 3)  AND #$0F00     | PC=B66E, PBR=FE, DBR=0F, S=01BA, D=01BA, e=0, A=0000, X=FF36, Y=0000, 00000110
         1710072 | FE | B66E | ( 5)  STA $14        | PC=B670, PBR=FE, DBR=0F, S=01BA, D=01BA, e=0, A=0000, X=FF36, Y=0000, 00000110
         1710073 | FE | B670 | ( 3)  CPY #$0000     | PC=B673, PBR=FE, DBR=0F, S=01BA, D=01BA, e=0, A=0000, X=FF36, Y=0000, 00000111
         1710074 | FE | B673 | ( 3)  BEQ $1C (28)   | PC=B691, PBR=FE, DBR=0F, S=01BA, D=01BA, e=0, A=0000, X=FF36, Y=0000, 00000111
         1710075 | FE | B691 | ( 5)  LDA $07        | PC=B693, PBR=FE, DBR=0F, S=01BA, D=01BA, e=0, A=5001, X=FF36, Y=0000, 00000101
         1710076 | FE | B693 | ( 5)  ORA $14        | PC=B695, PBR=FE, DBR=0F, S=01BA, D=01BA, e=0, A=5001, X=FF36, Y=0000, 00000101
         1710077 | FE | B695 | ( 5)  STA $16        | PC=B697, PBR=FE, DBR=0F, S=01BA, D=01BA, e=0, A=5001, X=FF36, Y=0000, 00000101
         1710078 | FE | B697 | ( 5)  LDY $05        | PC=B699, PBR=FE, DBR=0F, S=01BA, D=01BA, e=0, A=5001, X=FF36, Y=0000, 00000111
         1710079 | FE | B699 | ( 2)  INY            | PC=B69A, PBR=FE, DBR=0F, S=01BA, D=01BA, e=0, A=5001, X=FF36, Y=0001, 00000101
         1710080 | FE | B69A | ( 2)  INY            | PC=B69B, PBR=FE, DBR=0F, S=01BA, D=01BA, e=0, A=5001, X=FF36, Y=0002, 00000101
         1710081 | FE | B69B | ( 8)  STA [$01], Y   | PC=B69D, PBR=FE, DBR=0F, S=01BA, D=01BA, e=0, A=5001, X=FF36, Y=0002, 00000101
         1710082 | FE | B69D | ( 3)  LDX #$0000     | PC=B6A0, PBR=FE, DBR=0F, S=01BA, D=01BA, e=0, A=5001, X=0000, Y=0002, 00000111
         1710083 | FE | B6A0 | ( 3)  AND #$00FF     | PC=B6A3, PBR=FE, DBR=0F, S=01BA, D=01BA, e=0, A=0001, X=0000, Y=0002, 00000101
         1710084 | FE | B6A3 | ( 3)  BNE $03 (3)    | PC=B6A8, PBR=FE, DBR=0F, S=01BA, D=01BA, e=0, A=0001, X=0000, Y=0002, 00000101
         1710085 | FE | B6A8 | ( 5)  PLA            | PC=B6A9, PBR=FE, DBR=0F, S=01BC, D=01BA, e=0, A=FF36, X=0000, Y=0002, 10000101
         1710086 | FE | B6A9 | ( 5)  PLA            | PC=B6AA, PBR=FE, DBR=0F, S=01BE, D=01BA, e=0, A=000F, X=0000, Y=0002, 00000101
         1710087 | FE | B6AA | ( 5)  PLA            | PC=B6AB, PBR=FE, DBR=0F, S=01C0, D=01BA, e=0, A=0000, X=0000, Y=0002, 00000111
         1710088 | FE | B6AB | ( 5)  PLA            | PC=B6AC, PBR=FE, DBR=0F, S=01C2, D=01BA, e=0, A=5001, X=0000, Y=0002, 00000101
         1710089 | FE | B6AC | ( 5)  PLA            | PC=B6AD, PBR=FE, DBR=0F, S=01C4, D=01BA, e=0, A=0000, X=0000, Y=0002, 00000111
         1710090 | FE | B6AD | ( 4)  PLB            | PC=B6AE, PBR=FE, DBR=00, S=01C5, D=01BA, e=0, A=0000, X=0000, Y=0002, 00000111
         1710091 | FE | B6AE | ( 5)  PLD            | PC=B6AF, PBR=FE, DBR=00, S=01C7, D=01DE, e=0, A=0000, X=0000, Y=0002, 00000101
         1710092 | FE | B6AF | ( 3)  CPX #$0000     | PC=B6B2, PBR=FE, DBR=00, S=01C7, D=01DE, e=0, A=0000, X=0000, Y=0002, 00000111
         1710093 | FE | B6B2 | ( 2)  BNE $03 (3)    | PC=B6B4, PBR=FE, DBR=00, S=01C7, D=01DE, e=0, A=0000, X=0000, Y=0002, 00000111
         1710094 | FE | B6B4 | ( 3)  JMP $FBF7      | PC=FBF7, PBR=FE, DBR=00, S=01C7, D=01DE, e=0, A=0000, X=0000, Y=0002, 00000111
         1908927 | FE | BFAD | ( 3)  PHB            | PC=BFAE, PBR=FE, DBR=00, S=01D3, D=01DE, e=0, A=0000, X=010C, Y=0000, 00000110
         1908928 | FE | BFAE | ( 5)  PEA $E115      | PC=BFB1, PBR=FE, DBR=00, S=01D1, D=01DE, e=0, A=0000, X=010C, Y=0000, 00000110
         1908929 | FE | BFB1 | ( 4)  PLB            | PC=BFB2, PBR=FE, DBR=15, S=01D2, D=01DE, e=0, A=0000, X=010C, Y=0000, 00000100
         1908930 | FE | BFB2 | ( 4)  PLB            | PC=BFB3, PBR=FE, DBR=E1, S=01D3, D=01DE, e=0, A=0000, X=010C, Y=0000, 10000100
         1908931 | FE | BFB3 | ( 3)  LDX #$000E     | PC=BFB6, PBR=FE, DBR=E1, S=01D3, D=01DE, e=0, A=0000, X=000E, Y=0000, 00000100
         1908960 | FE | BFB6 | ( 6)  STZ $15B0, X   | PC=BFB9, PBR=FE, DBR=E1, S=01D3, D=01DE, e=0, A=0000, X=0000, Y=0000, 00000110
         1908961 | FE | BFB9 | ( 2)  DEX            | PC=BFBA, PBR=FE, DBR=E1, S=01D3, D=01DE, e=0, A=0000, X=FFFF, Y=0000, 10000100
         1908962 | FE | BFBA | ( 2)  DEX            | PC=BFBB, PBR=FE, DBR=E1, S=01D3, D=01DE, e=0, A=0000, X=FFFE, Y=0000, 10000100
         1908963 | FE | BFBB | ( 2)  BPL $F9 (-7)   | PC=BFBD, PBR=FE, DBR=E1, S=01D3, D=01DE, e=0, A=0000, X=FFFE, Y=0000, 10000100
         1908964 | FE | BFBD | ( 3)  LDA #$80FF     | PC=BFC0, PBR=FE, DBR=E1, S=01D3, D=01DE, e=0, A=80FF, X=FFFE, Y=0000, 10000100
         1908965 | FE | BFC0 | ( 5)  STA $15AA      | PC=BFC3, PBR=FE, DBR=E1, S=01D3, D=01DE, e=0, A=80FF, X=FFFE, Y=0000, 10000100
         1908966 | FE | BFC3 | ( 5)  STA $15AC      | PC=BFC6, PBR=FE, DBR=E1, S=01D3, D=01DE, e=0, A=80FF, X=FFFE, Y=0000, 10000100
         1908967 | FE | BFC6 | ( 5)  STA $15AE      | PC=BFC9, PBR=FE, DBR=E1, S=01D3, D=01DE, e=0, A=80FF, X=FFFE, Y=0000, 10000100
         1908968 | FE | BFC9 | ( 3)  LDA #$0003     | PC=BFCC, PBR=FE, DBR=E1, S=01D3, D=01DE, e=0, A=0003, X=FFFE, Y=0000, 00000100
         1908969 | FE | BFCC | ( 5)  STA $15B3      | PC=BFCF, PBR=FE, DBR=E1, S=01D3, D=01DE, e=0, A=0003, X=FFFE, Y=0000, 00000100
         1908970 | FE | BFCF | ( 5)  STA $15B7      | PC=BFD2, PBR=FE, DBR=E1, S=01D3, D=01DE, e=0, A=0003, X=FFFE, Y=0000, 00000100
         1908971 | FE | BFD2 | ( 5)  STA $15BB      | PC=BFD5, PBR=FE, DBR=E1, S=01D3, D=01DE, e=0, A=0003, X=FFFE, Y=0000, 00000100
         1908972 | FE | BFD5 | ( 4)  PLB            | PC=BFD6, PBR=FE, DBR=00, S=01D4, D=01DE, e=0, A=0003, X=FFFE, Y=0000, 00000110
         1908973 | FE | BFD6 | ( 3)  JMP $FBDF      | PC=FBDF, PBR=FE, DBR=00, S=01D4, D=01DE, e=0, A=0003, X=FFFE, Y=0000, 00000110
         1709152 | FE | C607 | ( 6)  JSR $C676      | PC=C676, PBR=FE, DBR=00, S=01D2, D=01DE, e=0, A=0000, X=0105, Y=0000, 00000110
         1710827 | FE | C60A | ( 6)  JSR $C614      | PC=C614, PBR=FE, DBR=00, S=01D2, D=01DE, e=0, A=0000, X=0000, Y=00C9, 00000110
         1711535 | FE | C60D | ( 6)  JSR $D67C      | PC=D67C, PBR=FE, DBR=00, S=01D2, D=01DE, e=0, A=01D0, X=0000, Y=C674, 00000101
         1711537 | FE | C610 | ( 4)  JML $FEFBDF    | PC=FBDF, PBR=FE, DBR=00, S=01D4, D=01DE, e=0, A=01D0, X=0000, Y=C674, 00000101
         1710828 | FE | C614 | ( 6)  JSR $E09A      | PC=E09A, PBR=FE, DBR=00, S=01D0, D=01DE, e=0, A=0000, X=0000, Y=00C9, 00000110
         1710847 | FE | C617 | ( 3)  LDA #$000E     | PC=C61A, PBR=FE, DBR=FE, S=01B7, D=01B8, e=0, A=000E, X=C616, Y=00C9, 00000101
         1710848 | FE | C61A | ( 3)  LDX #$0008     | PC=C61D, PBR=FE, DBR=FE, S=01B7, D=01B8, e=0, A=000E, X=0008, Y=00C9, 00000101
         1710849 | FE | C61D | ( 6)  JSR $C6F1      | PC=C6F1, PBR=FE, DBR=FE, S=01B5, D=01B8, e=0, A=000E, X=0008, Y=00C9, 00000101
         1711243 | FE | C620 | ( 3)  BCC $03 (3)    | PC=C625, PBR=FE, DBR=FE, S=01B7, D=01B8, e=0, A=17C8, X=00E1, Y=FFFE, 00000100
         1711244 | FE | C625 | ( 5)  STA $15        | PC=C627, PBR=FE, DBR=FE, S=01B7, D=01B8, e=0, A=17C8, X=00E1, Y=FFFE, 00000100
         1711245 | FE | C627 | ( 5)  STX $17        | PC=C629, PBR=FE, DBR=FE, S=01B7, D=01B8, e=0, A=17C8, X=00E1, Y=FFFE, 00000100
         1711246 | FE | C629 | ( 5)  PEA $0000      | PC=C62C, PBR=FE, DBR=FE, S=01B5, D=01B8, e=0, A=17C8, X=00E1, Y=FFFE, 00000100
         1711247 | FE | C62C | ( 5)  PEA $0005      | PC=C62F, PBR=FE, DBR=FE, S=01B3, D=01B8, e=0, A=17C8, X=00E1, Y=FFFE, 00000100
         1711248 | FE | C62F | ( 7)  PEI ($17)      | PC=C631, PBR=FE, DBR=FE, S=01B1, D=01B8, e=0, A=17C8, X=00E1, Y=FFFE, 00000100
         1711249 | FE | C631 | ( 7)  PEI ($15)      | PC=C633, PBR=FE, DBR=FE, S=01AF, D=01B8, e=0, A=17C8, X=00E1, Y=FFFE, 00000100
         1711250 | FE | C633 | ( 3)  LDX #$0D01     | PC=C636, PBR=FE, DBR=FE, S=01AF, D=01B8, e=0, A=17C8, X=0D01, Y=FFFE, 00000100
         1711251 | FE | C636 | ( 8)  JSL $E10000    | PC=0000, PBR=E1, DBR=FE, S=01AC, D=01B8, e=0, A=17C8, X=0D01, Y=FFFE, 00000100
         1711376 | FE | C63A | ( 6)  JSR $DFA1      | PC=DFA1, PBR=FE, DBR=FE, S=01B5, D=01B8, e=0, A=0000, X=0000, Y=01AF, 10000100
         1711388 | FE | C63D | ( 3)  LDA #$0000     | PC=C640, PBR=FE, DBR=FE, S=01B7, D=01B8, e=0, A=0000, X=0000, Y=0002, 00000110
         1711389 | FE | C640 | ( 3)  LDY #$0000     | PC=C643, PBR=FE, DBR=FE, S=01B7, D=01B8, e=0, A=0000, X=0000, Y=0000, 00000110
         1711390 | FE | C643 | ( 8)  STA [$01], Y   | PC=C645, PBR=FE, DBR=FE, S=01B7, D=01B8, e=0, A=0000, X=0000, Y=0000, 00000110
         1711391 | FE | C645 | ( 3)  LDY #$0002     | PC=C648, PBR=FE, DBR=FE, S=01B7, D=01B8, e=0, A=0000, X=0000, Y=0002, 00000100
         1711392 | FE | C648 | ( 8)  STA [$01], Y   | PC=C64A, PBR=FE, DBR=FE, S=01B7, D=01B8, e=0, A=0000, X=0000, Y=0002, 00000100
         1711393 | FE | C64A | ( 3)  LDY #$0004     | PC=C64D, PBR=FE, DBR=FE, S=01B7, D=01B8, e=0, A=0000, X=0000, Y=0004, 00000100
         1711394 | FE | C64D | ( 8)  STA [$01], Y   | PC=C64F, PBR=FE, DBR=FE, S=01B7, D=01B8, e=0, A=0000, X=0000, Y=0004, 00000100
         1711395 | FE | C64F | ( 3)  LDY #$000A     | PC=C652, PBR=FE, DBR=FE, S=01B7, D=01B8, e=0, A=0000, X=0000, Y=000A, 00000100
         1711396 | FE | C652 | ( 8)  STA [$01], Y   | PC=C654, PBR=FE, DBR=FE, S=01B7, D=01B8, e=0, A=0000, X=0000, Y=000A, 00000100
         1711397 | FE | C654 | ( 2)  INY            | PC=C655, PBR=FE, DBR=FE, S=01B7, D=01B8, e=0, A=0000, X=0000, Y=000B, 00000100
         1711398 | FE | C655 | ( 2)  INY            | PC=C656, PBR=FE, DBR=FE, S=01B7, D=01B8, e=0, A=0000, X=0000, Y=000C, 00000100
         1711399 | FE | C656 | ( 8)  STA [$01], Y   | PC=C658, PBR=FE, DBR=FE, S=01B7, D=01B8, e=0, A=0000, X=0000, Y=000C, 00000100
         1711400 | FE | C658 | ( 4)  PHA            | PC=C659, PBR=FE, DBR=FE, S=01B5, D=01B8, e=0, A=0000, X=0000, Y=000C, 00000100
         1711401 | FE | C659 | ( 4)  PHA            | PC=C65A, PBR=FE, DBR=FE, S=01B3, D=01B8, e=0, A=0000, X=0000, Y=000C, 00000100
         1711402 | FE | C65A | ( 5)  PEA $0005      | PC=C65D, PBR=FE, DBR=FE, S=01B1, D=01B8, e=0, A=0000, X=0000, Y=000C, 00000100
         1711403 | FE | C65D | ( 3)  LDX #$1603     | PC=C660, PBR=FE, DBR=FE, S=01B1, D=01B8, e=0, A=0000, X=1603, Y=000C, 00000100
         1711404 | FE | C660 | ( 8)  JSL $E10000    | PC=0000, PBR=E1, DBR=FE, S=01AE, D=01B8, e=0, A=0000, X=1603, Y=000C, 00000100
         1711507 | FE | C664 | ( 3)  LDY #$0006     | PC=C667, PBR=FE, DBR=FE, S=01B3, D=01B8, e=0, A=0000, X=0000, Y=0006, 00000100
         1711508 | FE | C667 | ( 5)  PLA            | PC=C668, PBR=FE, DBR=FE, S=01B5, D=01B8, e=0, A=00DC, X=0000, Y=0006, 00000100
         1711509 | FE | C668 | ( 8)  STA [$01], Y   | PC=C66A, PBR=FE, DBR=FE, S=01B5, D=01B8, e=0, A=00DC, X=0000, Y=0006, 00000100
         1711510 | FE | C66A | ( 2)  INY            | PC=C66B, PBR=FE, DBR=FE, S=01B5, D=01B8, e=0, A=00DC, X=0000, Y=0007, 00000100
         1711511 | FE | C66B | ( 2)  INY            | PC=C66C, PBR=FE, DBR=FE, S=01B5, D=01B8, e=0, A=00DC, X=0000, Y=0008, 00000100
         1711512 | FE | C66C | ( 5)  PLA            | PC=C66D, PBR=FE, DBR=FE, S=01B7, D=01B8, e=0, A=00E1, X=0000, Y=0008, 00000100
         1711513 | FE | C66D | ( 8)  STA [$01], Y   | PC=C66F, PBR=FE, DBR=FE, S=01B7, D=01B8, e=0, A=00E1, X=0000, Y=0008, 00000100
         1711514 | FE | C66F | ( 6)  JSR $DFB6      | PC=DFB6, PBR=FE, DBR=FE, S=01B5, D=01B8, e=0, A=00E1, X=0000, Y=0008, 00000100
         1711520 | FE | C672 | ( 6)  JSR $E0AE      | PC=E0AE, PBR=FE, DBR=FE, S=01B5, D=01B8, e=0, A=0008, X=0000, Y=0004, 00000100
         1711534 | FE | C675 | ( 6)  RTS            | PC=C60D, PBR=FE, DBR=00, S=01D4, D=01DE, e=0, A=01D0, X=0000, Y=C674, 00000101
         1709153 | FE | C676 | ( 3)  PHP            | PC=C677, PBR=FE, DBR=00, S=01D1, D=01DE, e=0, A=0000, X=0105, Y=0000, 00000110
         1709154 | FE | C677 | ( 2)  SEI            | PC=C678, PBR=FE, DBR=00, S=01D1, D=01DE, e=0, A=0000, X=0105, Y=0000, 00000110
         1709155 | FE | C678 | ( 5)  PEA $0012      | PC=C67B, PBR=FE, DBR=00, S=01CF, D=01DE, e=0, A=0000, X=0105, Y=0000, 00000110
         1709156 | FE | C67B | ( 5)  PEA $00FE      | PC=C67E, PBR=FE, DBR=00, S=01CD, D=01DE, e=0, A=0000, X=0105, Y=0000, 00000110
         1709157 | FE | C67E | ( 5)  PEA $CF28      | PC=C681, PBR=FE, DBR=00, S=01CB, D=01DE, e=0, A=0000, X=0105, Y=0000, 00000110
         1709158 | FE | C681 | ( 3)  LDX #$1003     | PC=C684, PBR=FE, DBR=00, S=01CB, D=01DE, e=0, A=0000, X=1003, Y=0000, 00000100
         1709159 | FE | C684 | ( 8)  JSL $E10000    | PC=0000, PBR=E1, DBR=00, S=01C8, D=01DE, e=0, A=0000, X=1003, Y=0000, 00000100
         1709266 | FE | C688 | ( 3)  LDA #$00FF     | PC=C68B, PBR=FE, DBR=00, S=01D1, D=01DE, e=0, A=00FF, X=0000, Y=01C9, 00000100
         1709267 | FE | C68B | ( 6)  STA $E01D67    | PC=C68F, PBR=FE, DBR=00, S=01D1, D=01DE, e=0, A=00FF, X=0000, Y=01C9, 00000100
         1709268 | FE | C68F | ( 3)  LDA #$D479     | PC=C692, PBR=FE, DBR=00, S=01D1, D=01DE, e=0, A=D479, X=0000, Y=01C9, 10000100
         1709269 | FE | C692 | ( 6)  STA $E01D8A    | PC=C696, PBR=FE, DBR=00, S=01D1, D=01DE, e=0, A=D479, X=0000, Y=01C9, 10000100
         1709270 | FE | C696 | ( 3)  LDA #$0000     | PC=C699, PBR=FE, DBR=00, S=01D1, D=01DE, e=0, A=0000, X=0000, Y=01C9, 00000110
         1709271 | FE | C699 | ( 6)  STA $E01D7C    | PC=C69D, PBR=FE, DBR=00, S=01D1, D=01DE, e=0, A=0000, X=0000, Y=01C9, 00000110
         1709272 | FE | C69D | ( 3)  LDA #$0008     | PC=C6A0, PBR=FE, DBR=00, S=01D1, D=01DE, e=0, A=0008, X=0000, Y=01C9, 00000100
         1709273 | FE | C6A0 | ( 6)  STA $E01D88    | PC=C6A4, PBR=FE, DBR=00, S=01D1, D=01DE, e=0, A=0008, X=0000, Y=01C9, 00000100
         1709274 | FE | C6A4 | ( 4)  PHA            | PC=C6A5, PBR=FE, DBR=00, S=01CF, D=01DE, e=0, A=0008, X=0000, Y=01C9, 00000100
         1709275 | FE | C6A5 | ( 5)  PEA $5000      | PC=C6A8, PBR=FE, DBR=00, S=01CD, D=01DE, e=0, A=0008, X=0000, Y=01C9, 00000100
         1709276 | FE | C6A8 | ( 3)  LDX #$2003     | PC=C6AB, PBR=FE, DBR=00, S=01CD, D=01DE, e=0, A=0008, X=2003, Y=01C9, 00000100
         1709277 | FE | C6AB | ( 8)  JSL $E10000    | PC=0000, PBR=E1, DBR=00, S=01CA, D=01DE, e=0, A=0008, X=2003, Y=01C9, 00000100
         1710129 | FE | C6AF | ( 5)  PLA            | PC=C6B0, PBR=FE, DBR=00, S=01D1, D=01DE, e=0, A=5001, X=0000, Y=01C7, 00000100
         1710130 | FE | C6B0 | ( 6)  STA $E01D82    | PC=C6B4, PBR=FE, DBR=00, S=01D1, D=01DE, e=0, A=5001, X=0000, Y=01C7, 00000100
         1710131 | FE | C6B4 | ( 3)  LDA #$0020     | PC=C6B7, PBR=FE, DBR=00, S=01D1, D=01DE, e=0, A=0020, X=0000, Y=01C7, 00000100
         1710132 | FE | C6B7 | ( 3)  LDX #$0008     | PC=C6BA, PBR=FE, DBR=00, S=01D1, D=01DE, e=0, A=0020, X=0008, Y=01C7, 00000100
         1710133 | FE | C6BA | ( 6)  JSR $C6F1      | PC=C6F1, PBR=FE, DBR=00, S=01CF, D=01DE, e=0, A=0020, X=0008, Y=01C7, 00000100
         1710527 | FE | C6BD | ( 3)  BCC $03 (3)    | PC=C6C2, PBR=FE, DBR=00, S=01D1, D=01DE, e=0, A=17B4, X=00E1, Y=FFFE, 00000100
         1710528 | FE | C6C2 | ( 6)  STA $E01D84    | PC=C6C6, PBR=FE, DBR=00, S=01D1, D=01DE, e=0, A=17B4, X=00E1, Y=FFFE, 00000100
         1710529 | FE | C6C6 | ( 2)  TXA            | PC=C6C7, PBR=FE, DBR=00, S=01D1, D=01DE, e=0, A=00E1, X=00E1, Y=FFFE, 00000100
         1710530 | FE | C6C7 | ( 6)  STA $E01D86    | PC=C6CB, PBR=FE, DBR=00, S=01D1, D=01DE, e=0, A=00E1, X=00E1, Y=FFFE, 00000100
         1710531 | FE | C6CB | ( 5)  PEA $00FE      | PC=C6CE, PBR=FE, DBR=00, S=01CF, D=01DE, e=0, A=00E1, X=00E1, Y=FFFE, 00000100
         1710532 | FE | C6CE | ( 5)  PEA $D4B0      | PC=C6D1, PBR=FE, DBR=00, S=01CD, D=01DE, e=0, A=00E1, X=00E1, Y=FFFE, 00000100
         1710533 | FE | C6D1 | ( 3)  LDX #$0F05     | PC=C6D4, PBR=FE, DBR=00, S=01CD, D=01DE, e=0, A=00E1, X=0F05, Y=FFFE, 00000100
         1710534 | FE | C6D4 | ( 8)  JSL $E10000    | PC=0000, PBR=E1, DBR=00, S=01CA, D=01DE, e=0, A=00E1, X=0F05, Y=FFFE, 00000100
         1710671 | FE | C6D8 | ( 5)  PEA $00FE      | PC=C6DB, PBR=FE, DBR=00, S=01CF, D=01DE, e=0, A=0000, X=0000, Y=01C9, 10000100
         1710672 | FE | C6DB | ( 5)  PEA $D4B0      | PC=C6DE, PBR=FE, DBR=00, S=01CD, D=01DE, e=0, A=0000, X=0000, Y=01C9, 10000100
         1710673 | FE | C6DE | ( 5)  PEA $00FE      | PC=C6E1, PBR=FE, DBR=00, S=01CB, D=01DE, e=0, A=0000, X=0000, Y=01C9, 10000100
         1710674 | FE | C6E1 | ( 5)  PEA $D0AC      | PC=C6E4, PBR=FE, DBR=00, S=01C9, D=01DE, e=0, A=0000, X=0000, Y=01C9, 10000100
         1710675 | FE | C6E4 | ( 3)  LDX #$1305     | PC=C6E7, PBR=FE, DBR=00, S=01C9, D=01DE, e=0, A=0000, X=1305, Y=01C9, 00000100
         1710676 | FE | C6E7 | ( 8)  JSL $E10000    | PC=0000, PBR=E1, DBR=00, S=01C6, D=01DE, e=0, A=0000, X=1305, Y=01C9, 00000100
         1710813 | FE | C6EB | ( 8)  JSL $FFC06E    | PC=C06E, PBR=FF, DBR=00, S=01CE, D=01DE, e=0, A=0000, X=0000, Y=01C9, 10000100
         1710825 | FE | C6EF | ( 4)  PLP            | PC=C6F0, PBR=FE, DBR=00, S=01D2, D=01DE, e=0, A=0000, X=0000, Y=00C9, 00000110
         1710826 | FE | C6F0 | ( 6)  RTS            | PC=C60A, PBR=FE, DBR=00, S=01D4, D=01DE, e=0, A=0000, X=0000, Y=00C9, 00000110
         1710850 | FE | C6F1 | ( 4)  PHA            | PC=C6F2, PBR=FE, DBR=FE, S=01B3, D=01B8, e=0, A=000E, X=0008, Y=00C9, 00000101
         1710851 | FE | C6F2 | ( 4)  PHA            | PC=C6F3, PBR=FE, DBR=FE, S=01B1, D=01B8, e=0, A=000E, X=0008, Y=00C9, 00000101
         1710852 | FE | C6F3 | ( 5)  PEA $0000      | PC=C6F6, PBR=FE, DBR=FE, S=01AF, D=01B8, e=0, A=000E, X=0008, Y=00C9, 00000101
         1710853 | FE | C6F6 | ( 4)  PHA            | PC=C6F7, PBR=FE, DBR=FE, S=01AD, D=01B8, e=0, A=000E, X=0008, Y=00C9, 00000101
         1710854 | FE | C6F7 | ( 6)  LDA $E01D82    | PC=C6FB, PBR=FE, DBR=FE, S=01AD, D=01B8, e=0, A=5001, X=0008, Y=00C9, 00000101
         1710855 | FE | C6FB | ( 4)  PHA            | PC=C6FC, PBR=FE, DBR=FE, S=01AB, D=01B8, e=0, A=5001, X=0008, Y=00C9, 00000101
         1710856 | FE | C6FC | ( 4)  PHX            | PC=C6FD, PBR=FE, DBR=FE, S=01A9, D=01B8, e=0, A=5001, X=0008, Y=00C9, 00000101
         1710857 | FE | C6FD | ( 4)  PHA            | PC=C6FE, PBR=FE, DBR=FE, S=01A7, D=01B8, e=0, A=5001, X=0008, Y=00C9, 00000101
         1710858 | FE | C6FE | ( 4)  PHA            | PC=C6FF, PBR=FE, DBR=FE, S=01A5, D=01B8, e=0, A=5001, X=0008, Y=00C9, 00000101
         1710859 | FE | C6FF | ( 3)  LDX #$0902     | PC=C702, PBR=FE, DBR=FE, S=01A5, D=01B8, e=0, A=5001, X=0902, Y=00C9, 00000101
         1710860 | FE | C702 | ( 8)  JSL $E10000    | PC=0000, PBR=E1, DBR=FE, S=01A2, D=01B8, e=0, A=5001, X=0902, Y=00C9, 00000101
         1711239 | FE | C706 | ( 2)  BCS $03 (3)    | PC=C708, PBR=FE, DBR=FE, S=01B1, D=01B8, e=0, A=0000, X=01AB, Y=FFFE, 10000100
         1711240 | FE | C708 | ( 5)  PLA            | PC=C709, PBR=FE, DBR=FE, S=01B3, D=01B8, e=0, A=17C8, X=01AB, Y=FFFE, 00000100
         1711241 | FE | C709 | ( 5)  PLX            | PC=C70A, PBR=FE, DBR=FE, S=01B5, D=01B8, e=0, A=17C8, X=00E1, Y=FFFE, 00000100
         1711242 | FE | C70A | ( 6)  RTS            | PC=C620, PBR=FE, DBR=FE, S=01B7, D=01B8, e=0, A=17C8, X=00E1, Y=FFFE, 00000100
         1710592 | FE | CD32 | ( 4)  PHA            | PC=CD33, PBR=FE, DBR=00, S=01C5, D=01DE, e=0, A=0000, X=0F05, Y=0000, 00000110
         1710593 | FE | CD33 | ( 4)  PHA            | PC=CD34, PBR=FE, DBR=00, S=01C3, D=01DE, e=0, A=0000, X=0F05, Y=0000, 00000110
         1710594 | FE | CD34 | ( 4)  PHA            | PC=CD35, PBR=FE, DBR=00, S=01C1, D=01DE, e=0, A=0000, X=0F05, Y=0000, 00000110
         1710595 | FE | CD35 | ( 4)  PHA            | PC=CD36, PBR=FE, DBR=00, S=01BF, D=01DE, e=0, A=0000, X=0F05, Y=0000, 00000110
         1710596 | FE | CD36 | ( 4)  PHD            | PC=CD37, PBR=FE, DBR=00, S=01BD, D=01DE, e=0, A=0000, X=0F05, Y=0000, 00000110
         1710597 | FE | CD37 | ( 2)  TSC            | PC=CD38, PBR=FE, DBR=00, S=01BD, D=01DE, e=0, A=01BD, X=0F05, Y=0000, 00000100
         1710598 | FE | CD38 | ( 2)  TCD            | PC=CD39, PBR=FE, DBR=00, S=01BD, D=01BD, e=0, A=01BD, X=0F05, Y=0000, 00000100
         1710599 | FE | CD39 | ( 3)  PHB            | PC=CD3A, PBR=FE, DBR=00, S=01BC, D=01BD, e=0, A=01BD, X=0F05, Y=0000, 00000100
         1710600 | FE | CD3A | ( 5)  PEA $E0E0      | PC=CD3D, PBR=FE, DBR=00, S=01BA, D=01BD, e=0, A=01BD, X=0F05, Y=0000, 00000100
         1710601 | FE | CD3D | ( 4)  PLB            | PC=CD3E, PBR=FE, DBR=E0, S=01BB, D=01BD, e=0, A=01BD, X=0F05, Y=0000, 10000100
         1710602 | FE | CD3E | ( 4)  PLB            | PC=CD3F, PBR=FE, DBR=E0, S=01BC, D=01BD, e=0, A=01BD, X=0F05, Y=0000, 10000100
         1710603 | FE | CD3F | ( 5)  LDA $1D88      | PC=CD42, PBR=FE, DBR=E0, S=01BC, D=01BD, e=0, A=0008, X=0F05, Y=0000, 00000100
         1710604 | FE | CD42 | ( 2)  LSR            | PC=CD43, PBR=FE, DBR=E0, S=01BC, D=01BD, e=0, A=0004, X=0F05, Y=0000, 00000100
         1710605 | FE | CD43 | ( 2)  LSR            | PC=CD44, PBR=FE, DBR=E0, S=01BC, D=01BD, e=0, A=0002, X=0F05, Y=0000, 00000100
         1710606 | FE | CD44 | ( 3)  BNE $03 (3)    | PC=CD49, PBR=FE, DBR=E0, S=01BC, D=01BD, e=0, A=0002, X=0F05, Y=0000, 00000100
         1710607 | FE | CD49 | ( 5)  LDA $1D84      | PC=CD4C, PBR=FE, DBR=E0, S=01BC, D=01BD, e=0, A=17B4, X=0F05, Y=0000, 00000100
         1710608 | FE | CD4C | ( 5)  STA $03        | PC=CD4E, PBR=FE, DBR=E0, S=01BC, D=01BD, e=0, A=17B4, X=0F05, Y=0000, 00000100
         1710609 | FE | CD4E | ( 5)  LDA $1D86      | PC=CD51, PBR=FE, DBR=E0, S=01BC, D=01BD, e=0, A=00E1, X=0F05, Y=0000, 00000100
         1710610 | FE | CD51 | ( 5)  STA $05        | PC=CD53, PBR=FE, DBR=E0, S=01BC, D=01BD, e=0, A=00E1, X=0F05, Y=0000, 00000100
         1710611 | FE | CD53 | ( 6)  JSR $CD76      | PC=CD76, PBR=FE, DBR=E0, S=01BA, D=01BD, e=0, A=00E1, X=0F05, Y=0000, 00000100
         1710618 | FE | CD56 | ( 5)  LDA $1D7C      | PC=CD59, PBR=FE, DBR=E0, S=01BC, D=01BD, e=0, A=0000, X=0F05, Y=0002, 00000110
         1710619 | FE | CD59 | ( 2)  ASL            | PC=CD5A, PBR=FE, DBR=E0, S=01BC, D=01BD, e=0, A=0000, X=0F05, Y=0002, 00000110
         1710620 | FE | CD5A | ( 2)  ASL            | PC=CD5B, PBR=FE, DBR=E0, S=01BC, D=01BD, e=0, A=0000, X=0F05, Y=0002, 00000110
         1710621 | FE | CD5B | ( 2)  TAY            | PC=CD5C, PBR=FE, DBR=E0, S=01BC, D=01BD, e=0, A=0000, X=0F05, Y=0000, 00000110
         1710622 | FE | CD5C | ( 5)  LDA $11        | PC=CD5E, PBR=FE, DBR=E0, S=01BC, D=01BD, e=0, A=D4B0, X=0F05, Y=0000, 10000100
         1710623 | FE | CD5E | ( 8)  STA [$07], Y   | PC=CD60, PBR=FE, DBR=E0, S=01BC, D=01BD, e=0, A=D4B0, X=0F05, Y=0000, 10000100
         1710624 | FE | CD60 | ( 5)  LDA $13        | PC=CD62, PBR=FE, DBR=E0, S=01BC, D=01BD, e=0, A=00FE, X=0F05, Y=0000, 00000100
         1710625 | FE | CD62 | ( 2)  INY            | PC=CD63, PBR=FE, DBR=E0, S=01BC, D=01BD, e=0, A=00FE, X=0F05, Y=0001, 00000100
         1710626 | FE | CD63 | ( 2)  INY            | PC=CD64, PBR=FE, DBR=E0, S=01BC, D=01BD, e=0, A=00FE, X=0F05, Y=0002, 00000100
         1710627 | FE | CD64 | ( 8)  STA [$07], Y   | PC=CD66, PBR=FE, DBR=E0, S=01BC, D=01BD, e=0, A=00FE, X=0F05, Y=0002, 00000100
         1710628 | FE | CD66 | ( 8)  DEC $1D88      | PC=CD69, PBR=FE, DBR=E0, S=01BC, D=01BD, e=0, A=00FE, X=0F05, Y=0002, 00000100
         1710629 | FE | CD69 | ( 8)  INC $1D7C      | PC=CD6C, PBR=FE, DBR=E0, S=01BC, D=01BD, e=0, A=00FE, X=0F05, Y=0002, 00000100
         1710630 | FE | CD6C | ( 4)  PLB            | PC=CD6D, PBR=FE, DBR=00, S=01BD, D=01BD, e=0, A=00FE, X=0F05, Y=0002, 00000110
         1710631 | FE | CD6D | ( 5)  PLD            | PC=CD6E, PBR=FE, DBR=00, S=01BF, D=01DE, e=0, A=00FE, X=0F05, Y=0002, 00000100
         1710632 | FE | CD6E | ( 5)  PLA            | PC=CD6F, PBR=FE, DBR=00, S=01C1, D=01DE, e=0, A=17B4, X=0F05, Y=0002, 00000100
         1710633 | FE | CD6F | ( 5)  PLA            | PC=CD70, PBR=FE, DBR=00, S=01C3, D=01DE, e=0, A=00E1, X=0F05, Y=0002, 00000100
         1710634 | FE | CD70 | ( 5)  PLA            | PC=CD71, PBR=FE, DBR=00, S=01C5, D=01DE, e=0, A=FF16, X=0F05, Y=0002, 10000100
         1710635 | FE | CD71 | ( 5)  PLA            | PC=CD72, PBR=FE, DBR=00, S=01C7, D=01DE, e=0, A=000F, X=0F05, Y=0002, 00000100
         1710636 | FE | CD72 | ( 4)  JML $FEFC0D    | PC=FC0D, PBR=FE, DBR=00, S=01C7, D=01DE, e=0, A=000F, X=0F05, Y=0002, 00000100
         1710612 | FE | CD76 | ( 3)  LDY #$0002     | PC=CD79, PBR=FE, DBR=E0, S=01BA, D=01BD, e=0, A=00E1, X=0F05, Y=0002, 00000100
         1710613 | FE | CD79 | ( 8)  LDA [$03]      | PC=CD7B, PBR=FE, DBR=E0, S=01BA, D=01BD, e=0, A=FF16, X=0F05, Y=0002, 10000100
         1710614 | FE | CD7B | ( 5)  STA $07        | PC=CD7D, PBR=FE, DBR=E0, S=01BA, D=01BD, e=0, A=FF16, X=0F05, Y=0002, 10000100
         1710615 | FE | CD7D | ( 9)  LDA [$03], Y   | PC=CD7F, PBR=FE, DBR=E0, S=01BA, D=01BD, e=0, A=000F, X=0F05, Y=0002, 00000100
         1710616 | FE | CD7F | ( 5)  STA $09        | PC=CD81, PBR=FE, DBR=E0, S=01BA, D=01BD, e=0, A=000F, X=0F05, Y=0002, 00000100
         1710617 | FE | CD81 | ( 6)  RTS            | PC=CD56, PBR=FE, DBR=E0, S=01BC, D=01BD, e=0, A=000F, X=0F05, Y=0002, 00000100
         1710734 | FE | CEBC | ( 4)  PHD            | PC=CEBD, PBR=FE, DBR=00, S=01C1, D=01DE, e=0, A=0000, X=1305, Y=0000, 00000110
         1710735 | FE | CEBD | ( 3)  PHB            | PC=CEBE, PBR=FE, DBR=00, S=01C0, D=01DE, e=0, A=0000, X=1305, Y=0000, 00000110
         1710736 | FE | CEBE | ( 4)  PHA            | PC=CEBF, PBR=FE, DBR=00, S=01BE, D=01DE, e=0, A=0000, X=1305, Y=0000, 00000110
         1710737 | FE | CEBF | ( 4)  PHA            | PC=CEC0, PBR=FE, DBR=00, S=01BC, D=01DE, e=0, A=0000, X=1305, Y=0000, 00000110
         1710738 | FE | CEC0 | ( 2)  TSC            | PC=CEC1, PBR=FE, DBR=00, S=01BC, D=01DE, e=0, A=01BC, X=1305, Y=0000, 00000100
         1710739 | FE | CEC1 | ( 2)  TCD            | PC=CEC2, PBR=FE, DBR=00, S=01BC, D=01BC, e=0, A=01BC, X=1305, Y=0000, 00000100
         1710740 | FE | CEC2 | ( 5)  PEA $E0E0      | PC=CEC5, PBR=FE, DBR=00, S=01BA, D=01BC, e=0, A=01BC, X=1305, Y=0000, 00000100
         1710741 | FE | CEC5 | ( 4)  PLB            | PC=CEC6, PBR=FE, DBR=E0, S=01BB, D=01BC, e=0, A=01BC, X=1305, Y=0000, 10000100
         1710742 | FE | CEC6 | ( 4)  PLB            | PC=CEC7, PBR=FE, DBR=E0, S=01BC, D=01BC, e=0, A=01BC, X=1305, Y=0000, 10000100
         1710743 | FE | CEC7 | ( 5)  LDA $0E        | PC=CEC9, PBR=FE, DBR=E0, S=01BC, D=01BC, e=0, A=D0AC, X=1305, Y=0000, 10000100
         1710744 | FE | CEC9 | ( 5)  STA $1DAC      | PC=CECC, PBR=FE, DBR=E0, S=01BC, D=01BC, e=0, A=D0AC, X=1305, Y=0000, 10000100
         1710745 | FE | CECC | ( 5)  LDA $10        | PC=CECE, PBR=FE, DBR=E0, S=01BC, D=01BC, e=0, A=00FE, X=1305, Y=0000, 00000100
         1710746 | FE | CECE | ( 5)  STA $1DAE      | PC=CED1, PBR=FE, DBR=E0, S=01BC, D=01BC, e=0, A=00FE, X=1305, Y=0000, 00000100
         1710747 | FE | CED1 | ( 5)  LDA $1D86      | PC=CED4, PBR=FE, DBR=E0, S=01BC, D=01BC, e=0, A=00E1, X=1305, Y=0000, 00000100
         1710748 | FE | CED4 | ( 5)  STA $03        | PC=CED6, PBR=FE, DBR=E0, S=01BC, D=01BC, e=0, A=00E1, X=1305, Y=0000, 00000100
         1710749 | FE | CED6 | ( 5)  LDA $1D84      | PC=CED9, PBR=FE, DBR=E0, S=01BC, D=01BC, e=0, A=17B4, X=1305, Y=0000, 00000100
         1710750 | FE | CED9 | ( 5)  STA $01        | PC=CEDB, PBR=FE, DBR=E0, S=01BC, D=01BC, e=0, A=17B4, X=1305, Y=0000, 00000100
         1710751 | FE | CEDB | ( 3)  LDY #$0004     | PC=CEDE, PBR=FE, DBR=E0, S=01BC, D=01BC, e=0, A=17B4, X=1305, Y=0004, 00000100
         1710752 | FE | CEDE | ( 9)  LDA [$01], Y   | PC=CEE0, PBR=FE, DBR=E0, S=01BC, D=01BC, e=0, A=0008, X=1305, Y=0004, 00000100
         1710753 | FE | CEE0 | ( 3)  ORA #$8000     | PC=CEE3, PBR=FE, DBR=E0, S=01BC, D=01BC, e=0, A=8008, X=1305, Y=0004, 10000100
         1710754 | FE | CEE3 | ( 8)  STA [$01], Y   | PC=CEE5, PBR=FE, DBR=E0, S=01BC, D=01BC, e=0, A=8008, X=1305, Y=0004, 10000100
         1710755 | FE | CEE5 | ( 3)  LDY #$0002     | PC=CEE8, PBR=FE, DBR=E0, S=01BC, D=01BC, e=0, A=8008, X=1305, Y=0002, 00000100
         1710756 | FE | CEE8 | ( 9)  LDA [$01], Y   | PC=CEEA, PBR=FE, DBR=E0, S=01BC, D=01BC, e=0, A=000F, X=1305, Y=0002, 00000100
         1710757 | FE | CEEA | ( 2)  TAX            | PC=CEEB, PBR=FE, DBR=E0, S=01BC, D=01BC, e=0, A=000F, X=000F, Y=0002, 00000100
         1710758 | FE | CEEB | ( 8)  LDA [$01]      | PC=CEED, PBR=FE, DBR=E0, S=01BC, D=01BC, e=0, A=FF16, X=000F, Y=0002, 10000100
         1710759 | FE | CEED | ( 5)  STA $01        | PC=CEEF, PBR=FE, DBR=E0, S=01BC, D=01BC, e=0, A=FF16, X=000F, Y=0002, 10000100
         1710760 | FE | CEEF | ( 5)  STX $03        | PC=CEF1, PBR=FE, DBR=E0, S=01BC, D=01BC, e=0, A=FF16, X=000F, Y=0002, 10000100
         1710761 | FE | CEF1 | ( 3)  LDY #$0002     | PC=CEF4, PBR=FE, DBR=E0, S=01BC, D=01BC, e=0, A=FF16, X=000F, Y=0002, 00000100
         1710762 | FE | CEF4 | ( 5)  LDA $12        | PC=CEF6, PBR=FE, DBR=E0, S=01BC, D=01BC, e=0, A=D4B0, X=000F, Y=0002, 10000100
         1710763 | FE | CEF6 | ( 8)  STA [$01]      | PC=CEF8, PBR=FE, DBR=E0, S=01BC, D=01BC, e=0, A=D4B0, X=000F, Y=0002, 10000100
         1710764 | FE | CEF8 | ( 5)  LDA $14        | PC=CEFA, PBR=FE, DBR=E0, S=01BC, D=01BC, e=0, A=00FE, X=000F, Y=0002, 00000100
         1710765 | FE | CEFA | ( 8)  STA [$01], Y   | PC=CEFC, PBR=FE, DBR=E0, S=01BC, D=01BC, e=0, A=00FE, X=000F, Y=0002, 00000100
         1710766 | FE | CEFC | ( 5)  LDA $1D86      | PC=CEFF, PBR=FE, DBR=E0, S=01BC, D=01BC, e=0, A=00E1, X=000F, Y=0002, 00000100
         1710767 | FE | CEFF | ( 5)  STA $03        | PC=CF01, PBR=FE, DBR=E0, S=01BC, D=01BC, e=0, A=00E1, X=000F, Y=0002, 00000100
         1710768 | FE | CF01 | ( 5)  LDA $1D84      | PC=CF04, PBR=FE, DBR=E0, S=01BC, D=01BC, e=0, A=17B4, X=000F, Y=0002, 00000100
         1710769 | FE | CF04 | ( 5)  STA $01        | PC=CF06, PBR=FE, DBR=E0, S=01BC, D=01BC, e=0, A=17B4, X=000F, Y=0002, 00000100
         1710770 | FE | CF06 | ( 3)  LDY #$0004     | PC=CF09, PBR=FE, DBR=E0, S=01BC, D=01BC, e=0, A=17B4, X=000F, Y=0004, 00000100
         1710771 | FE | CF09 | ( 9)  LDA [$01], Y   | PC=CF0B, PBR=FE, DBR=E0, S=01BC, D=01BC, e=0, A=8008, X=000F, Y=0004, 10000100
         1710772 | FE | CF0B | ( 3)  AND #$7FFF     | PC=CF0E, PBR=FE, DBR=E0, S=01BC, D=01BC, e=0, A=0008, X=000F, Y=0004, 00000100
         1710773 | FE | CF0E | ( 8)  STA [$01], Y   | PC=CF10, PBR=FE, DBR=E0, S=01BC, D=01BC, e=0, A=0008, X=000F, Y=0004, 00000100
         1710774 | FE | CF10 | ( 5)  PLA            | PC=CF11, PBR=FE, DBR=E0, S=01BE, D=01BC, e=0, A=17B4, X=000F, Y=0004, 00000100
         1710775 | FE | CF11 | ( 5)  PLA            | PC=CF12, PBR=FE, DBR=E0, S=01C0, D=01BC, e=0, A=00E1, X=000F, Y=0004, 00000100
         1710776 | FE | CF12 | ( 4)  PLB            | PC=CF13, PBR=FE, DBR=00, S=01C1, D=01BC, e=0, A=00E1, X=000F, Y=0004, 00000110
         1710777 | FE | CF13 | ( 5)  PLD            | PC=CF14, PBR=FE, DBR=00, S=01C3, D=01DE, e=0, A=00E1, X=000F, Y=0004, 00000100
         1710778 | FE | CF14 | ( 4)  JML $FEFC39    | PC=FC39, PBR=FE, DBR=00, S=01C3, D=01DE, e=0, A=00E1, X=000F, Y=0004, 00000100
         1711536 | FE | D67C | ( 6)  RTS            | PC=C610, PBR=FE, DBR=00, S=01D4, D=01DE, e=0, A=01D0, X=0000, Y=C674, 00000101
         1711377 | FE | DFA1 | ( 3)  LDY #$0004     | PC=DFA4, PBR=FE, DBR=FE, S=01B5, D=01B8, e=0, A=0000, X=0000, Y=0004, 00000100
         1711378 | FE | DFA4 | ( 9)  LDA [$15], Y   | PC=DFA6, PBR=FE, DBR=FE, S=01B5, D=01B8, e=0, A=0008, X=0000, Y=0004, 00000100
         1711379 | FE | DFA6 | ( 3)  ORA #$8000     | PC=DFA9, PBR=FE, DBR=FE, S=01B5, D=01B8, e=0, A=8008, X=0000, Y=0004, 10000100
         1711380 | FE | DFA9 | ( 8)  STA [$15], Y   | PC=DFAB, PBR=FE, DBR=FE, S=01B5, D=01B8, e=0, A=8008, X=0000, Y=0004, 10000100
         1711381 | FE | DFAB | ( 2)  DEY            | PC=DFAC, PBR=FE, DBR=FE, S=01B5, D=01B8, e=0, A=8008, X=0000, Y=0003, 00000100
         1711382 | FE | DFAC | ( 2)  DEY            | PC=DFAD, PBR=FE, DBR=FE, S=01B5, D=01B8, e=0, A=8008, X=0000, Y=0002, 00000100
         1711383 | FE | DFAD | ( 9)  LDA [$15], Y   | PC=DFAF, PBR=FE, DBR=FE, S=01B5, D=01B8, e=0, A=000F, X=0000, Y=0002, 00000100
         1711384 | FE | DFAF | ( 5)  STA $03        | PC=DFB1, PBR=FE, DBR=FE, S=01B5, D=01B8, e=0, A=000F, X=0000, Y=0002, 00000100
         1711385 | FE | DFB1 | ( 8)  LDA [$15]      | PC=DFB3, PBR=FE, DBR=FE, S=01B5, D=01B8, e=0, A=FF08, X=0000, Y=0002, 10000100
         1711386 | FE | DFB3 | ( 5)  STA $01        | PC=DFB5, PBR=FE, DBR=FE, S=01B5, D=01B8, e=0, A=FF08, X=0000, Y=0002, 10000100
         1711387 | FE | DFB5 | ( 6)  RTS            | PC=C63D, PBR=FE, DBR=FE, S=01B7, D=01B8, e=0, A=FF08, X=0000, Y=0002, 10000100
         1711515 | FE | DFB6 | ( 3)  LDY #$0004     | PC=DFB9, PBR=FE, DBR=FE, S=01B5, D=01B8, e=0, A=00E1, X=0000, Y=0004, 00000100
         1711516 | FE | DFB9 | ( 9)  LDA [$15], Y   | PC=DFBB, PBR=FE, DBR=FE, S=01B5, D=01B8, e=0, A=8008, X=0000, Y=0004, 10000100
         1711517 | FE | DFBB | ( 3)  AND #$7FFF     | PC=DFBE, PBR=FE, DBR=FE, S=01B5, D=01B8, e=0, A=0008, X=0000, Y=0004, 00000100
         1711518 | FE | DFBE | ( 8)  STA [$15], Y   | PC=DFC0, PBR=FE, DBR=FE, S=01B5, D=01B8, e=0, A=0008, X=0000, Y=0004, 00000100
         1711519 | FE | DFC0 | ( 6)  RTS            | PC=C672, PBR=FE, DBR=FE, S=01B7, D=01B8, e=0, A=0008, X=0000, Y=0004, 00000100
         1710829 | FE | E09A | ( 5)  PLX            | PC=E09B, PBR=FE, DBR=00, S=01D2, D=01DE, e=0, A=0000, X=C616, Y=00C9, 10000100
         1710830 | FE | E09B | ( 4)  PHD            | PC=E09C, PBR=FE, DBR=00, S=01D0, D=01DE, e=0, A=0000, X=C616, Y=00C9, 10000100
         1710831 | FE | E09C | ( 4)  PHY            | PC=E09D, PBR=FE, DBR=00, S=01CE, D=01DE, e=0, A=0000, X=C616, Y=00C9, 10000100
         1710832 | FE | E09D | ( 4)  PHA            | PC=E09E, PBR=FE, DBR=00, S=01CC, D=01DE, e=0, A=0000, X=C616, Y=00C9, 10000100
         1710833 | FE | E09E | ( 2)  TSC            | PC=E09F, PBR=FE, DBR=00, S=01CC, D=01DE, e=0, A=01CC, X=C616, Y=00C9, 00000100
         1710834 | FE | E09F | ( 2)  SEC            | PC=E0A0, PBR=FE, DBR=00, S=01CC, D=01DE, e=0, A=01CC, X=C616, Y=00C9, 00000101
         1710835 | FE | E0A0 | ( 3)  SBC #$0014     | PC=E0A3, PBR=FE, DBR=00, S=01CC, D=01DE, e=0, A=01B8, X=C616, Y=00C9, 00000101
         1710836 | FE | E0A3 | ( 2)  TCS            | PC=E0A4, PBR=FE, DBR=00, S=01B8, D=01DE, e=0, A=01B8, X=C616, Y=00C9, 00000101
         1710837 | FE | E0A4 | ( 2)  TCD            | PC=E0A5, PBR=FE, DBR=00, S=01B8, D=01B8, e=0, A=01B8, X=C616, Y=00C9, 00000101
         1710838 | FE | E0A5 | ( 3)  PHB            | PC=E0A6, PBR=FE, DBR=00, S=01B7, D=01B8, e=0, A=01B8, X=C616, Y=00C9, 00000101
         1710839 | FE | E0A6 | ( 3)  PHK            | PC=E0A7, PBR=FE, DBR=00, S=01B6, D=01B8, e=0, A=01B8, X=C616, Y=00C9, 00000101
         1710840 | FE | E0A7 | ( 4)  PLB            | PC=E0A8, PBR=FE, DBR=FE, S=01B7, D=01B8, e=0, A=01B8, X=C616, Y=00C9, 10000101
         1710841 | FE | E0A8 | ( 8)  JSL $E10064    | PC=0064, PBR=E1, DBR=FE, S=01B4, D=01B8, e=0, A=01B8, X=C616, Y=00C9, 10000101
         1710845 | FE | E0AC | ( 4)  PHX            | PC=E0AD, PBR=FE, DBR=FE, S=01B5, D=01B8, e=0, A=01B8, X=C616, Y=00C9, 10000101
         1710846 | FE | E0AD | ( 6)  RTS            | PC=C617, PBR=FE, DBR=FE, S=01B7, D=01B8, e=0, A=01B8, X=C616, Y=00C9, 10000101
         1711521 | FE | E0AE | ( 5)  PLY            | PC=E0AF, PBR=FE, DBR=FE, S=01B7, D=01B8, e=0, A=0008, X=0000, Y=C674, 10000100
         1711522 | FE | E0AF | ( 4)  PLB            | PC=E0B0, PBR=FE, DBR=00, S=01B8, D=01B8, e=0, A=0008, X=0000, Y=C674, 00000110
         1711523 | FE | E0B0 | ( 2)  TSC            | PC=E0B1, PBR=FE, DBR=00, S=01B8, D=01B8, e=0, A=01B8, X=0000, Y=C674, 00000100
         1711524 | FE | E0B1 | ( 2)  CLC            | PC=E0B2, PBR=FE, DBR=00, S=01B8, D=01B8, e=0, A=01B8, X=0000, Y=C674, 00000100
         1711525 | FE | E0B2 | ( 3)  ADC #$0018     | PC=E0B5, PBR=FE, DBR=00, S=01B8, D=01B8, e=0, A=01D0, X=0000, Y=C674, 00000100
         1711526 | FE | E0B5 | ( 2)  TCS            | PC=E0B6, PBR=FE, DBR=00, S=01D0, D=01B8, e=0, A=01D0, X=0000, Y=C674, 00000100
         1711527 | FE | E0B6 | ( 5)  PLD            | PC=E0B7, PBR=FE, DBR=00, S=01D2, D=01DE, e=0, A=01D0, X=0000, Y=C674, 00000100
         1711528 | FE | E0B7 | ( 4)  PHY            | PC=E0B8, PBR=FE, DBR=00, S=01D0, D=01DE, e=0, A=01D0, X=0000, Y=C674, 00000100
         1711529 | FE | E0B8 | ( 8)  JSL $E10068    | PC=0068, PBR=E1, DBR=00, S=01CD, D=01DE, e=0, A=01D0, X=0000, Y=C674, 00000100
         1711533 | FE | E0BC | ( 6)  RTS            | PC=C675, PBR=FE, DBR=00, S=01D2, D=01DE, e=0, A=01D0, X=0000, Y=C674, 00000101
         1711610 | FE | E2A0 | ( 3)  JMP $FBDF      | PC=FBDF, PBR=FE, DBR=00, S=01D4, D=01DE, e=0, A=0000, X=0106, Y=0000, 00000110
         1908974 | FE | FBDF | ( 4)  PHD            | PC=FBE0, PBR=FE, DBR=00, S=01D2, D=01DE, e=0, A=0003, X=FFFE, Y=0000, 00000110
         1908975 | FE | FBE0 | ( 3)  LDX #$0000     | PC=FBE3, PBR=FE, DBR=00, S=01D2, D=01DE, e=0, A=0003, X=0000, Y=0000, 00000110
         1908976 | FE | FBE3 | ( 5)  PLD            | PC=FBE4, PBR=FE, DBR=00, S=01D4, D=01DE, e=0, A=0003, X=0000, Y=0000, 00000100
         1908977 | FE | FBE4 | ( 2)  TXA            | PC=FBE5, PBR=FE, DBR=00, S=01D4, D=01DE, e=0, A=0000, X=0000, Y=0000, 00000110
         1908978 | FE | FBE5 | ( 3)  CMP #$0001     | PC=FBE8, PBR=FE, DBR=00, S=01D4, D=01DE, e=0, A=0000, X=0000, Y=0000, 10000100
         1908979 | FE | FBE8 | ( 6)  RTL            | PC=0138, PBR=FE, DBR=00, S=01D7, D=01DE, e=0, A=0000, X=0000, Y=0000, 10000100
         1711473 | FE | FBF7 | ( 4)  PHD            | PC=FBF8, PBR=FE, DBR=FE, S=01A9, D=01B8, e=0, A=00E1, X=0014, Y=0000, 00000100
         1711474 | FE | FBF8 | ( 3)  LDX #$0000     | PC=FBFB, PBR=FE, DBR=FE, S=01A9, D=01B8, e=0, A=00E1, X=0000, Y=0000, 00000110
         1711475 | FE | FBFB | ( 5)  PLD            | PC=FBFC, PBR=FE, DBR=FE, S=01AB, D=01B8, e=0, A=00E1, X=0000, Y=0000, 00000100
         1711476 | FE | FBFC | ( 3)  LDY #$0002     | PC=FBFF, PBR=FE, DBR=FE, S=01AB, D=01B8, e=0, A=00E1, X=0000, Y=0002, 00000100
         1711477 | FE | FBFF | ( 3)  JMP $FCB4      | PC=FCB4, PBR=FE, DBR=FE, S=01AB, D=01B8, e=0, A=00E1, X=0000, Y=0002, 00000100
         1710637 | FE | FC0D | ( 4)  PHD            | PC=FC0E, PBR=FE, DBR=00, S=01C5, D=01DE, e=0, A=000F, X=0F05, Y=0002, 00000100
         1710638 | FE | FC0E | ( 3)  LDX #$0000     | PC=FC11, PBR=FE, DBR=00, S=01C5, D=01DE, e=0, A=000F, X=0000, Y=0002, 00000110
         1710639 | FE | FC11 | ( 5)  PLD            | PC=FC12, PBR=FE, DBR=00, S=01C7, D=01DE, e=0, A=000F, X=0000, Y=0002, 00000100
         1710640 | FE | FC12 | ( 3)  LDY #$0004     | PC=FC15, PBR=FE, DBR=00, S=01C7, D=01DE, e=0, A=000F, X=0000, Y=0004, 00000100
         1710641 | FE | FC15 | ( 3)  JMP $FCB4      | PC=FCB4, PBR=FE, DBR=00, S=01C7, D=01DE, e=0, A=000F, X=0000, Y=0004, 00000100
         1908540 | FE | FC23 | ( 4)  PHD            | PC=FC24, PBR=FE, DBR=00, S=01C3, D=01DE, e=0, A=FCCD, X=002C, Y=0000, 00000100
         1908541 | FE | FC24 | ( 3)  LDX #$0000     | PC=FC27, PBR=FE, DBR=00, S=01C3, D=01DE, e=0, A=FCCD, X=0000, Y=0000, 00000110
         1908542 | FE | FC27 | ( 5)  PLD            | PC=FC28, PBR=FE, DBR=00, S=01C5, D=01DE, e=0, A=FCCD, X=0000, Y=0000, 00000100
         1908543 | FE | FC28 | ( 3)  LDY #$0006     | PC=FC2B, PBR=FE, DBR=00, S=01C5, D=01DE, e=0, A=FCCD, X=0000, Y=0006, 00000100
         1908544 | FE | FC2B | ( 3)  JMP $FCB4      | PC=FCB4, PBR=FE, DBR=00, S=01C5, D=01DE, e=0, A=FCCD, X=0000, Y=0006, 00000100
         1710779 | FE | FC39 | ( 4)  PHD            | PC=FC3A, PBR=FE, DBR=00, S=01C1, D=01DE, e=0, A=00E1, X=000F, Y=0004, 00000100
         1910722 | FE | FC3A | ( 3)  LDX #$0000     | PC=FC3D, PBR=FE, DBR=FC, S=01B1, D=01AD, e=0, A=00FE, X=0000, Y=005A, 00000110
         1910723 | FE | FC3D | ( 5)  PLD            | PC=FC3E, PBR=FE, DBR=FC, S=01B3, D=01C1, e=0, A=00FE, X=0000, Y=005A, 00000100
         1910724 | FE | FC3E | ( 3)  LDY #$0008     | PC=FC41, PBR=FE, DBR=FC, S=01B3, D=01C1, e=0, A=00FE, X=0000, Y=0008, 00000100
         1910725 | FE | FC41 | ( 3)  JMP $FCB4      | PC=FCB4, PBR=FE, DBR=FC, S=01B3, D=01C1, e=0, A=00FE, X=0000, Y=0008, 00000100
         1910770 | FE | FCAA | ( 8)  JSL $E10068    | PC=0068, PBR=E1, DBR=00, S=01CF, D=01C1, e=0, A=00E1, X=0000, Y=0000, 00000110
         1910787 | FE | FCAE | ( 3)  BRA $03 (3)    | PC=FCB3, PBR=FE, DBR=00, S=01D2, D=01C1, e=0, A=00E1, X=0000, Y=0000, 00000110
         1910788 | FE | FCB3 | ( 5)  PLD            | PC=FCB4, PBR=FE, DBR=00, S=01D4, D=01DE, e=0, A=00E1, X=0000, Y=0000, 00000100
         1913844 | FE | FCB4 | ( 4)  PHY            | PC=FCB5, PBR=FE, DBR=00, S=01DE, D=0000, e=0, A=0031, X=0000, Y=0000, 00000110
         1913845 | FE | FCB5 | ( 2)  TSC            | PC=FCB6, PBR=FE, DBR=00, S=01DE, D=0000, e=0, A=01DE, X=0000, Y=0000, 00000100
         1913846 | FE | FCB6 | ( 2)  CLC            | PC=FCB7, PBR=FE, DBR=00, S=01DE, D=0000, e=0, A=01DE, X=0000, Y=0000, 00000100
         1913847 | FE | FCB7 | ( 5)  ADC 01, S      | PC=FCB9, PBR=FE, DBR=00, S=01DE, D=0000, e=0, A=01DE, X=0000, Y=0000, 00000100
         1913848 | FE | FCB9 | ( 2)  TAY            | PC=FCBA, PBR=FE, DBR=00, S=01DE, D=0000, e=0, A=01DE, X=0000, Y=01DE, 00000100
         1913849 | FE | FCBA | ( 2)  TSC            | PC=FCBB, PBR=FE, DBR=00, S=01DE, D=0000, e=0, A=01DE, X=0000, Y=01DE, 00000100
         1913850 | FE | FCBB | ( 4)  PHX            | PC=FCBC, PBR=FE, DBR=00, S=01DC, D=0000, e=0, A=01DE, X=0000, Y=01DE, 00000100
         1913851 | FE | FCBC | ( 2)  TAX            | PC=FCBD, PBR=FE, DBR=00, S=01DC, D=0000, e=0, A=01DE, X=01DE, Y=01DE, 00000100
         1913852 | FE | FCBD | ( 3)  PHB            | PC=FCBE, PBR=FE, DBR=00, S=01DB, D=0000, e=0, A=01DE, X=01DE, Y=01DE, 00000100
         1913853 | FE | FCBE | ( 5)  PEA $0000      | PC=FCC1, PBR=FE, DBR=00, S=01D9, D=0000, e=0, A=01DE, X=01DE, Y=01DE, 00000100
         1913854 | FE | FCC1 | ( 4)  PLB            | PC=FCC2, PBR=FE, DBR=00, S=01DA, D=0000, e=0, A=01DE, X=01DE, Y=01DE, 00000110
         1913855 | FE | FCC2 | ( 4)  PLB            | PC=FCC3, PBR=FE, DBR=00, S=01DB, D=0000, e=0, A=01DE, X=01DE, Y=01DE, 00000110
         1913856 | FE | FCC3 | ( 6)  LDA $0007, X   | PC=FCC6, PBR=FE, DBR=00, S=01DB, D=0000, e=0, A=FE03, X=01DE, Y=01DE, 10000100
         1913857 | FE | FCC6 | ( 6)  STA $0007, Y   | PC=FCC9, PBR=FE, DBR=00, S=01DB, D=0000, e=0, A=FE03, X=01DE, Y=01DE, 10000100
         1913858 | FE | FCC9 | ( 6)  LDA $0005, X   | PC=FCCC, PBR=FE, DBR=00, S=01DB, D=0000, e=0, A=0FFE, X=01DE, Y=01DE, 00000100
         1913859 | FE | FCCC | ( 6)  STA $0005, Y   | PC=FCCF, PBR=FE, DBR=00, S=01DB, D=0000, e=0, A=0FFE, X=01DE, Y=01DE, 00000100
         1913860 | FE | FCCF | ( 6)  LDA $0003, X   | PC=FCD2, PBR=FE, DBR=00, S=01DB, D=0000, e=0, A=0137, X=01DE, Y=01DE, 00000100
         1913861 | FE | FCD2 | ( 6)  STA $0003, Y   | PC=FCD5, PBR=FE, DBR=00, S=01DB, D=0000, e=0, A=0137, X=01DE, Y=01DE, 00000100
         1913862 | FE | FCD5 | ( 4)  PLB            | PC=FCD6, PBR=FE, DBR=00, S=01DC, D=0000, e=0, A=0137, X=01DE, Y=01DE, 00000110
         1913863 | FE | FCD6 | ( 5)  PLX            | PC=FCD7, PBR=FE, DBR=00, S=01DE, D=0000, e=0, A=0137, X=0000, Y=01DE, 00000110
         1913864 | FE | FCD7 | ( 2)  TSC            | PC=FCD8, PBR=FE, DBR=00, S=01DE, D=0000, e=0, A=01DE, X=0000, Y=01DE, 00000100
         1913865 | FE | FCD8 | ( 2)  CLC            | PC=FCD9, PBR=FE, DBR=00, S=01DE, D=0000, e=0, A=01DE, X=0000, Y=01DE, 00000100
         1913866 | FE | FCD9 | ( 5)  ADC 01, S      | PC=FCDB, PBR=FE, DBR=00, S=01DE, D=0000, e=0, A=01DE, X=0000, Y=01DE, 00000100
         1913867 | FE | FCDB | ( 3)  ADC #$0002     | PC=FCDE, PBR=FE, DBR=00, S=01DE, D=0000, e=0, A=01E0, X=0000, Y=01DE, 00000100
         1913868 | FE | FCDE | ( 2)  TCS            | PC=FCDF, PBR=FE, DBR=00, S=01E0, D=0000, e=0, A=01E0, X=0000, Y=01DE, 00000100
         1913869 | FE | FCDF | ( 2)  TXA            | PC=FCE0, PBR=FE, DBR=00, S=01E0, D=0000, e=0, A=0000, X=0000, Y=01DE, 00000110
         1913870 | FE | FCE0 | ( 3)  CMP #$0001     | PC=FCE3, PBR=FE, DBR=00, S=01E0, D=0000, e=0, A=0000, X=0000, Y=01DE, 10000100
         1913871 | FE | FCE3 | ( 6)  RTL            | PC=0138, PBR=FE, DBR=00, S=01E3, D=0000, e=0, A=0000, X=0000, Y=01DE, 10000100
         1911138 | FE | FCED | ( 3)  LDX #$0000     | PC=FCF0, PBR=FE, DBR=00, S=01D4, D=01DE, e=0, A=0000, X=0000, Y=0000, 00000110
         1911139 | FE | FCF0 | ( 3)  BRA $C2 (-62)  | PC=FCB4, PBR=FE, DBR=00, S=01D4, D=01DE, e=0, A=0000, X=0000, Y=0000, 00000110
         3781947 | FF | 3C00 | ( 6)  JSR $46DD      | PC=46DD, PBR=FF, DBR=E1, S=01ED, D=0000, e=0, A=03, X=01, Y=FF, 00110101
         3782034 | FF | 3C03 | ( 4)  STZ $0F51      | PC=3C06, PBR=FF, DBR=E1, S=01EF, D=0000, e=0, A=0F, X=FF, Y=0F, 00110101
         3782035 | FF | 3C06 | ( 2)  LDA #$A5       | PC=3C08, PBR=FF, DBR=E1, S=01EF, D=0000, e=0, A=A5, X=FF, Y=0F, 10110101
         3782036 | FF | 3C08 | ( 4)  CMP $0FB6      | PC=3C0B, PBR=FF, DBR=E1, S=01EF, D=0000, e=0, A=A5, X=FF, Y=0F, 00110111
         3782037 | FF | 3C0B | ( 3)  BEQ $0F (15)   | PC=3C1C, PBR=FF, DBR=E1, S=01EF, D=0000, e=0, A=A5, X=FF, Y=0F, 00110111
         1951874 | FF | 3C0D | ( 4)  STA $0FB6      | PC=3C10, PBR=FF, DBR=E1, S=01E0, D=0000, e=0, A=A5, X=FF, Y=0F, 10110100
         1951875 | FF | 3C10 | ( 6)  JSR $3C41      | PC=3C41, PBR=FF, DBR=E1, S=01DE, D=0000, e=0, A=A5, X=FF, Y=0F, 10110100
         1951883 | FF | 3C13 | ( 6)  JSR $3C52      | PC=3C52, PBR=FF, DBR=E1, S=01DE, D=0000, e=0, A=80, X=FF, Y=0F, 10110100
         1952150 | FF | 3C16 | ( 6)  JSR $3C60      | PC=3C60, PBR=FF, DBR=E1, S=01DE, D=0000, e=0, A=40, X=FF, Y=0F, 10110100
         1952241 | FF | 3C19 | ( 6)  JSR $4796      | PC=4796, PBR=FF, DBR=E1, S=01DE, D=0000, e=0, A=FF, X=FF, Y=0F, 10110100
         3782038 | FF | 3C1C | ( 4)  BIT $0F56      | PC=3C1F, PBR=FF, DBR=E1, S=01EF, D=0000, e=0, A=A5, X=FF, Y=0F, 10110101
         3782039 | FF | 3C1F | ( 3)  BMI $0C (12)   | PC=3C2D, PBR=FF, DBR=E1, S=01EF, D=0000, e=0, A=A5, X=FF, Y=0F, 10110101
         3782040 | FF | 3C2D | ( 6)  JSR $3E5A      | PC=3E5A, PBR=FF, DBR=E1, S=01ED, D=0000, e=0, A=A5, X=FF, Y=0F, 10110101
         3782230 | FF | 3C30 | ( 4)  BIT $C0E8      | PC=3C33, PBR=FF, DBR=E1, S=01EF, D=0000, e=0, A=2F, X=00, Y=00, 00110101
         3782231 | FF | 3C33 | ( 4)  STZ $C031      | PC=3C36, PBR=FF, DBR=E1, S=01EF, D=0000, e=0, A=2F, X=00, Y=00, 00110101
         3782232 | FF | 3C36 | ( 2)  CLC            | PC=3C37, PBR=FF, DBR=E1, S=01EF, D=0000, e=0, A=2F, X=00, Y=00, 00110100
         3782233 | FF | 3C37 | ( 4)  LDA $0F4B      | PC=3C3A, PBR=FF, DBR=E1, S=01EF, D=0000, e=0, A=2F, X=00, Y=00, 00110100
         3782234 | FF | 3C3A | ( 4)  STA $0F10      | PC=3C3D, PBR=FF, DBR=E1, S=01EF, D=0000, e=0, A=2F, X=00, Y=00, 00110100
         3782235 | FF | 3C3D | ( 2)  BEQ $01 (1)    | PC=3C3F, PBR=FF, DBR=E1, S=01EF, D=0000, e=0, A=2F, X=00, Y=00, 00110100
         3782236 | FF | 3C3F | ( 2)  SEC            | PC=3C40, PBR=FF, DBR=E1, S=01EF, D=0000, e=0, A=2F, X=00, Y=00, 00110101
         3782237 | FF | 3C40 | ( 6)  RTS            | PC=5D68, PBR=FF, DBR=E1, S=01F1, D=0000, e=0, A=2F, X=00, Y=00, 00110101
         1951876 | FF | 3C41 | ( 2)  LDA #$04       | PC=3C43, PBR=FF, DBR=E1, S=01DE, D=0000, e=0, A=04, X=FF, Y=0F, 00110100
         1951877 | FF | 3C43 | ( 4)  STA $0F4F      | PC=3C46, PBR=FF, DBR=E1, S=01DE, D=0000, e=0, A=04, X=FF, Y=0F, 00110100
         1951878 | FF | 3C46 | ( 2)  LDA #$80       | PC=3C48, PBR=FF, DBR=E1, S=01DE, D=0000, e=0, A=80, X=FF, Y=0F, 10110100
         1951879 | FF | 3C48 | ( 4)  STA $0F50      | PC=3C4B, PBR=FF, DBR=E1, S=01DE, D=0000, e=0, A=80, X=FF, Y=0F, 10110100
         1951880 | FF | 3C4B | ( 4)  STZ $0F52      | PC=3C4E, PBR=FF, DBR=E1, S=01DE, D=0000, e=0, A=80, X=FF, Y=0F, 10110100
         1951881 | FF | 3C4E | ( 4)  STZ $0F53      | PC=3C51, PBR=FF, DBR=E1, S=01DE, D=0000, e=0, A=80, X=FF, Y=0F, 10110100
         1951882 | FF | 3C51 | ( 6)  RTS            | PC=3C13, PBR=FF, DBR=E1, S=01E0, D=0000, e=0, A=80, X=FF, Y=0F, 10110100
         1951884 | FF | 3C52 | ( 2)  LDX #$41       | PC=3C54, PBR=FF, DBR=E1, S=01DE, D=0000, e=0, A=80, X=41, Y=0F, 00110100
         1952145 | FF | 3C54 | ( 5)  LDA $FF3E02, X | PC=3C58, PBR=FF, DBR=E1, S=01DE, D=0000, e=0, A=40, X=00, Y=0F, 00110100
         1952146 | FF | 3C58 | ( 5)  STA $E10F6D, X | PC=3C5C, PBR=FF, DBR=E1, S=01DE, D=0000, e=0, A=40, X=00, Y=0F, 00110100
         1952147 | FF | 3C5C | ( 2)  DEX            | PC=3C5D, PBR=FF, DBR=E1, S=01DE, D=0000, e=0, A=40, X=FF, Y=0F, 10110100
         1952148 | FF | 3C5D | ( 2)  BPL $F5 (-11)  | PC=3C5F, PBR=FF, DBR=E1, S=01DE, D=0000, e=0, A=40, X=FF, Y=0F, 10110100
         1952149 | FF | 3C5F | ( 6)  RTS            | PC=3C16, PBR=FF, DBR=E1, S=01E0, D=0000, e=0, A=40, X=FF, Y=0F, 10110100
         1952151 | FF | 3C60 | ( 2)  LDX #$15       | PC=3C62, PBR=FF, DBR=E1, S=01DE, D=0000, e=0, A=40, X=15, Y=0F, 00110100
         1952236 | FF | 3C62 | ( 5)  LDA $FF3E44, X | PC=3C66, PBR=FF, DBR=E1, S=01DE, D=0000, e=0, A=FF, X=00, Y=0F, 10110100
         1952237 | FF | 3C66 | ( 5)  STA $0F57, X   | PC=3C69, PBR=FF, DBR=E1, S=01DE, D=0000, e=0, A=FF, X=00, Y=0F, 10110100
         1952238 | FF | 3C69 | ( 2)  DEX            | PC=3C6A, PBR=FF, DBR=E1, S=01DE, D=0000, e=0, A=FF, X=FF, Y=0F, 10110100
         1952239 | FF | 3C6A | ( 2)  BPL $F6 (-10)  | PC=3C6C, PBR=FF, DBR=E1, S=01DE, D=0000, e=0, A=FF, X=FF, Y=0F, 10110100
         1952240 | FF | 3C6C | ( 6)  RTS            | PC=3C19, PBR=FF, DBR=E1, S=01E0, D=0000, e=0, A=FF, X=FF, Y=0F, 10110100
         3782041 | FF | 3E5A | ( 4)  JML $E10FA7    | PC=0FA7, PBR=E1, DBR=E1, S=01ED, D=0000, e=0, A=A5, X=FF, Y=0F, 10110101
         3782043 | FF | 3E5E | ( 3)  LDA $45        | PC=3E60, PBR=FF, DBR=E1, S=01ED, D=0000, e=0, A=01, X=FF, Y=0F, 00110101
         3782044 | FF | 3E60 | ( 2)  CMP #$05       | PC=3E62, PBR=FF, DBR=E1, S=01ED, D=0000, e=0, A=01, X=FF, Y=0F, 10110100
         3782045 | FF | 3E62 | ( 2)  BEQ $17 (23)   | PC=3E64, PBR=FF, DBR=E1, S=01ED, D=0000, e=0, A=01, X=FF, Y=0F, 10110100
         3782046 | FF | 3E64 | ( 2)  LDX #$00       | PC=3E66, PBR=FF, DBR=E1, S=01ED, D=0000, e=0, A=01, X=00, Y=0F, 00110110
         3782047 | FF | 3E66 | ( 3)  LDA $4E        | PC=3E68, PBR=FF, DBR=E1, S=01ED, D=0000, e=0, A=01, X=00, Y=0F, 00110100
         3782048 | FF | 3E68 | ( 4)  CMP $0F20, X   | PC=3E6B, PBR=FF, DBR=E1, S=01ED, D=0000, e=0, A=01, X=00, Y=0F, 00110111
         3782049 | FF | 3E6B | ( 3)  BEQ $0B (11)   | PC=3E78, PBR=FF, DBR=E1, S=01ED, D=0000, e=0, A=01, X=00, Y=0F, 00110111
         3782050 | FF | 3E78 | ( 4)  STX $0F28      | PC=3E7B, PBR=FF, DBR=E1, S=01ED, D=0000, e=0, A=01, X=00, Y=0F, 00110111
         3782051 | FF | 3E7B | ( 3)  LDA $45        | PC=3E7D, PBR=FF, DBR=E1, S=01ED, D=0000, e=0, A=01, X=00, Y=0F, 00110101
         3782052 | FF | 3E7D | ( 2)  BEQ $08 (8)    | PC=3E7F, PBR=FF, DBR=E1, S=01ED, D=0000, e=0, A=01, X=00, Y=0F, 00110101
         3782053 | FF | 3E7F | ( 2)  LDX #$06       | PC=3E81, PBR=FF, DBR=E1, S=01ED, D=0000, e=0, A=01, X=06, Y=0F, 00110101
         3782072 | FF | 3E81 | ( 5)  STZ $0F43, X   | PC=3E84, PBR=FF, DBR=E1, S=01ED, D=0000, e=0, A=01, X=00, Y=0F, 00110111
         3782073 | FF | 3E84 | ( 2)  DEX            | PC=3E85, PBR=FF, DBR=E1, S=01ED, D=0000, e=0, A=01, X=FF, Y=0F, 10110101
         3782074 | FF | 3E85 | ( 2)  BPL $FA (-6)   | PC=3E87, PBR=FF, DBR=E1, S=01ED, D=0000, e=0, A=01, X=FF, Y=0F, 10110101
         3782075 | FF | 3E87 | ( 4)  STZ $0F4B      | PC=3E8A, PBR=FF, DBR=E1, S=01ED, D=0000, e=0, A=01, X=FF, Y=0F, 10110101
         3782076 | FF | 3E8A | ( 3)  LDA $45        | PC=3E8C, PBR=FF, DBR=E1, S=01ED, D=0000, e=0, A=01, X=FF, Y=0F, 00110101
         3782077 | FF | 3E8C | ( 2)  CMP #$0D       | PC=3E8E, PBR=FF, DBR=E1, S=01ED, D=0000, e=0, A=01, X=FF, Y=0F, 10110100
         3782078 | FF | 3E8E | ( 3)  BCC $05 (5)    | PC=3E95, PBR=FF, DBR=E1, S=01ED, D=0000, e=0, A=01, X=FF, Y=0F, 10110100
         3782079 | FF | 3E95 | ( 2)  TAX            | PC=3E96, PBR=FF, DBR=E1, S=01ED, D=0000, e=0, A=01, X=01, Y=0F, 00110100
         3782080 | FF | 3E96 | ( 5)  LDA $FF3EC6, X | PC=3E9A, PBR=FF, DBR=E1, S=01ED, D=0000, e=0, A=03, X=01, Y=0F, 00110100
         3782081 | FF | 3E9A | ( 2)  AND #$7F       | PC=3E9C, PBR=FF, DBR=E1, S=01ED, D=0000, e=0, A=03, X=01, Y=0F, 00110100
         3782082 | FF | 3E9C | ( 3)  CMP $46        | PC=3E9E, PBR=FF, DBR=E1, S=01ED, D=0000, e=0, A=03, X=01, Y=0F, 00110111
         3782083 | FF | 3E9E | ( 3)  BEQ $05 (5)    | PC=3EA5, PBR=FF, DBR=E1, S=01ED, D=0000, e=0, A=03, X=01, Y=0F, 00110111
         3782084 | FF | 3EA5 | ( 2)  TXA            | PC=3EA6, PBR=FF, DBR=E1, S=01ED, D=0000, e=0, A=01, X=01, Y=0F, 00110101
         3782085 | FF | 3EA6 | ( 2)  ASL            | PC=3EA7, PBR=FF, DBR=E1, S=01ED, D=0000, e=0, A=02, X=01, Y=0F, 00110100
         3782086 | FF | 3EA7 | ( 2)  TAX            | PC=3EA8, PBR=FF, DBR=E1, S=01ED, D=0000, e=0, A=02, X=02, Y=0F, 00110100
         3782087 | FF | 3EA8 | ( 6)  JMP ($3EAC, X) | PC=3FC7, PBR=FF, DBR=E1, S=01ED, D=0000, e=0, A=02, X=02, Y=0F, 00110100
         3782088 | FF | 3FC7 | ( 2)  CLC            | PC=3FC8, PBR=FF, DBR=E1, S=01ED, D=0000, e=0, A=02, X=02, Y=0F, 00110100
         3782089 | FF | 3FC8 | ( 3)  BRA $1C (28)   | PC=3FE6, PBR=FF, DBR=E1, S=01ED, D=0000, e=0, A=02, X=02, Y=0F, 00110100
         3782090 | FF | 3FE6 | ( 6)  JSR $4A05      | PC=4A05, PBR=FF, DBR=E1, S=01EB, D=0000, e=0, A=02, X=02, Y=0F, 00110100
         3782227 | FF | 3FE9 | ( 3)  BCS $07 (7)    | PC=3FF2, PBR=FF, DBR=E1, S=01ED, D=0000, e=0, A=2F, X=00, Y=00, 01110101
         3782228 | FF | 3FF2 | ( 4)  STA $0F4B      | PC=3FF5, PBR=FF, DBR=E1, S=01ED, D=0000, e=0, A=2F, X=00, Y=00, 01110101
         3782229 | FF | 3FF5 | ( 6)  RTS            | PC=3C30, PBR=FF, DBR=E1, S=01EF, D=0000, e=0, A=2F, X=00, Y=00, 01110101
         1953475 | FF | 4549 | ( 4)  LDA $0F39      | PC=454C, PBR=FF, DBR=E1, S=01DE, D=0000, e=0, A=00, X=0A, Y=0F, 00110110
         1953476 | FF | 454C | ( 3)  BEQ $10 (16)   | PC=455E, PBR=FF, DBR=E1, S=01DE, D=0000, e=0, A=00, X=0A, Y=0F, 00110110
         1953314 | FF | 454E | ( 2)  LDY #$00       | PC=4550, PBR=FF, DBR=E1, S=01DE, D=0000, e=0, A=01, X=0A, Y=00, 00110110
         1953322 | FF | 4550 | ( 4)  LDA $0F20, Y   | PC=4553, PBR=FF, DBR=E1, S=01DE, D=0000, e=0, A=40, X=0A, Y=01, 00110100
         1953323 | FF | 4553 | ( 2)  BEQ $04 (4)    | PC=4555, PBR=FF, DBR=E1, S=01DE, D=0000, e=0, A=40, X=0A, Y=01, 00110100
         1953324 | FF | 4555 | ( 2)  CMP #$40       | PC=4557, PBR=FF, DBR=E1, S=01DE, D=0000, e=0, A=40, X=0A, Y=01, 00110111
         1953325 | FF | 4557 | ( 3)  BCS $0B (11)   | PC=4564, PBR=FF, DBR=E1, S=01DE, D=0000, e=0, A=40, X=0A, Y=01, 00110111
         1953319 | FF | 4559 | ( 2)  INY            | PC=455A, PBR=FF, DBR=E1, S=01DE, D=0000, e=0, A=01, X=0A, Y=01, 00110100
         1953320 | FF | 455A | ( 2)  CPY #$02       | PC=455C, PBR=FF, DBR=E1, S=01DE, D=0000, e=0, A=01, X=0A, Y=01, 10110100
         1953321 | FF | 455C | ( 3)  BCC $F2 (-14)  | PC=4550, PBR=FF, DBR=E1, S=01DE, D=0000, e=0, A=01, X=0A, Y=01, 10110100
         1953477 | FF | 455E | ( 2)  LDA #$40       | PC=4560, PBR=FF, DBR=E1, S=01DE, D=0000, e=0, A=40, X=0A, Y=0F, 00110100
         1953478 | FF | 4560 | ( 4)  STA $0F4B      | PC=4563, PBR=FF, DBR=E1, S=01DE, D=0000, e=0, A=40, X=0A, Y=0F, 00110100
         1953479 | FF | 4563 | ( 6)  RTS            | PC=3C30, PBR=FF, DBR=E1, S=01E0, D=0000, e=0, A=40, X=0A, Y=0F, 00110100
         1953326 | FF | 4564 | ( 3)  LDA $4E        | PC=4566, PBR=FF, DBR=E1, S=01DE, D=0000, e=0, A=02, X=0A, Y=01, 00110101
         1953327 | FF | 4566 | ( 5)  STA $0F20, Y   | PC=4569, PBR=FF, DBR=E1, S=01DE, D=0000, e=0, A=02, X=0A, Y=01, 00110101
         1953328 | FF | 4569 | ( 6)  DEC $0F39      | PC=456C, PBR=FF, DBR=E1, S=01DE, D=0000, e=0, A=02, X=0A, Y=01, 00110111
         1953329 | FF | 456C | ( 6)  RTS            | PC=3C30, PBR=FF, DBR=E1, S=01E0, D=0000, e=0, A=02, X=0A, Y=01, 00110111
         3781948 | FF | 46DD | ( 2)  LDA #$E1       | PC=46DF, PBR=FF, DBR=E1, S=01ED, D=0000, e=0, A=E1, X=01, Y=FF, 10110101
         3781949 | FF | 46DF | ( 3)  PHA            | PC=46E0, PBR=FF, DBR=E1, S=01EC, D=0000, e=0, A=E1, X=01, Y=FF, 10110101
         3781950 | FF | 46E0 | ( 4)  PLB            | PC=46E1, PBR=FF, DBR=E1, S=01ED, D=0000, e=0, A=E1, X=01, Y=FF, 10110101
         3781951 | FF | 46E1 | ( 4)  LDA $C036      | PC=46E4, PBR=FF, DBR=E1, S=01ED, D=0000, e=0, A=80, X=01, Y=FF, 10110101
         3781952 | FF | 46E4 | ( 2)  AND #$FB       | PC=46E6, PBR=FF, DBR=E1, S=01ED, D=0000, e=0, A=80, X=01, Y=FF, 10110101
         3781953 | FF | 46E6 | ( 2)  ORA #$80       | PC=46E8, PBR=FF, DBR=E1, S=01ED, D=0000, e=0, A=80, X=01, Y=FF, 10110101
         3781954 | FF | 46E8 | ( 4)  STA $C036      | PC=46EB, PBR=FF, DBR=E1, S=01ED, D=0000, e=0, A=80, X=01, Y=FF, 10110101
         3781955 | FF | 46EB | ( 3)  STX $4E        | PC=46ED, PBR=FF, DBR=E1, S=01ED, D=0000, e=0, A=80, X=01, Y=FF, 10110101
         3781956 | FF | 46ED | ( 2)  LDA #$40       | PC=46EF, PBR=FF, DBR=E1, S=01ED, D=0000, e=0, A=40, X=01, Y=FF, 00110101
         3781957 | FF | 46EF | ( 4)  STA $C031      | PC=46F2, PBR=FF, DBR=E1, S=01ED, D=0000, e=0, A=40, X=01, Y=FF, 00110101
         3781958 | FF | 46F2 | ( 3)  LDA $45        | PC=46F4, PBR=FF, DBR=E1, S=01ED, D=0000, e=0, A=01, X=01, Y=FF, 00110101
         3781959 | FF | 46F4 | ( 2)  AND #$40       | PC=46F6, PBR=FF, DBR=E1, S=01ED, D=0000, e=0, A=00, X=01, Y=FF, 00110111
         3781960 | FF | 46F6 | ( 4)  STA $0F1E      | PC=46F9, PBR=FF, DBR=E1, S=01ED, D=0000, e=0, A=00, X=01, Y=FF, 00110111
         3781961 | FF | 46F9 | ( 3)  LDA $45        | PC=46FB, PBR=FF, DBR=E1, S=01ED, D=0000, e=0, A=01, X=01, Y=FF, 00110101
         3781962 | FF | 46FB | ( 2)  AND #$BF       | PC=46FD, PBR=FF, DBR=E1, S=01ED, D=0000, e=0, A=01, X=01, Y=FF, 00110101
         3781963 | FF | 46FD | ( 3)  STA $45        | PC=46FF, PBR=FF, DBR=E1, S=01ED, D=0000, e=0, A=01, X=01, Y=FF, 00110101
         3781964 | FF | 46FF | ( 2)  LDX #$0B       | PC=4701, PBR=FF, DBR=E1, S=01ED, D=0000, e=0, A=01, X=0B, Y=FF, 00110101
         3782009 | FF | 4701 | ( 4)  LDA $42, X     | PC=4703, PBR=FF, DBR=E1, S=01ED, D=0000, e=0, A=00, X=00, Y=FF, 00110111
         3782010 | FF | 4703 | ( 5)  STA $0F12, X   | PC=4706, PBR=FF, DBR=E1, S=01ED, D=0000, e=0, A=00, X=00, Y=FF, 00110111
         3782011 | FF | 4706 | ( 2)  DEX            | PC=4707, PBR=FF, DBR=E1, S=01ED, D=0000, e=0, A=00, X=FF, Y=FF, 10110101
         3782012 | FF | 4707 | ( 2)  BPL $F8 (-8)   | PC=4709, PBR=FF, DBR=E1, S=01ED, D=0000, e=0, A=00, X=FF, Y=FF, 10110101
         3782013 | FF | 4709 | ( 3)  LDA $4E        | PC=470B, PBR=FF, DBR=E1, S=01ED, D=0000, e=0, A=01, X=FF, Y=FF, 00110101
         3782014 | FF | 470B | ( 4)  STA $0F17      | PC=470E, PBR=FF, DBR=E1, S=01ED, D=0000, e=0, A=01, X=FF, Y=FF, 00110101
         3782015 | FF | 470E | ( 2)  LDA #$0F       | PC=4710, PBR=FF, DBR=E1, S=01ED, D=0000, e=0, A=0F, X=FF, Y=FF, 00110101
         3782016 | FF | 4710 | ( 2)  TAY            | PC=4711, PBR=FF, DBR=E1, S=01ED, D=0000, e=0, A=0F, X=FF, Y=0F, 00110101
         3782017 | FF | 4711 | ( 4)  BIT $C0E8      | PC=4714, PBR=FF, DBR=E1, S=01ED, D=0000, e=0, A=0F, X=FF, Y=0F, 11110101
         3782018 | FF | 4714 | ( 4)  BIT $C0ED      | PC=4717, PBR=FF, DBR=E1, S=01ED, D=0000, e=0, A=0F, X=FF, Y=0F, 00110111
         3782019 | FF | 4717 | ( 4)  LDA $C0EE      | PC=471A, PBR=FF, DBR=E1, S=01ED, D=0000, e=0, A=80, X=FF, Y=0F, 10110101
         3782020 | FF | 471A | ( 2)  AND #$20       | PC=471C, PBR=FF, DBR=E1, S=01ED, D=0000, e=0, A=00, X=FF, Y=0F, 00110111
         3782021 | FF | 471C | ( 2)  BNE $F9 (-7)   | PC=471E, PBR=FF, DBR=E1, S=01ED, D=0000, e=0, A=00, X=FF, Y=0F, 00110111
         3782022 | FF | 471E | ( 3)  BRA $03 (3)    | PC=4723, PBR=FF, DBR=E1, S=01ED, D=0000, e=0, A=00, X=FF, Y=0F, 00110111
         3782027 | FF | 4720 | ( 4)  STY $C0EF      | PC=4723, PBR=FF, DBR=E1, S=01ED, D=0000, e=0, A=0F, X=FF, Y=0F, 00110101
         3782028 | FF | 4723 | ( 2)  TYA            | PC=4724, PBR=FF, DBR=E1, S=01ED, D=0000, e=0, A=0F, X=FF, Y=0F, 00110101
         3782029 | FF | 4724 | ( 4)  EOR $C0EE      | PC=4727, PBR=FF, DBR=E1, S=01ED, D=0000, e=0, A=80, X=FF, Y=0F, 10110101
         3782030 | FF | 4727 | ( 2)  AND #$1F       | PC=4729, PBR=FF, DBR=E1, S=01ED, D=0000, e=0, A=00, X=FF, Y=0F, 00110111
         3782031 | FF | 4729 | ( 2)  BNE $F5 (-11)  | PC=472B, PBR=FF, DBR=E1, S=01ED, D=0000, e=0, A=00, X=FF, Y=0F, 00110111
         3782032 | FF | 472B | ( 4)  LDA $C0EC      | PC=472E, PBR=FF, DBR=E1, S=01ED, D=0000, e=0, A=0F, X=FF, Y=0F, 00110101
         3782033 | FF | 472E | ( 6)  RTS            | PC=3C03, PBR=FF, DBR=E1, S=01EF, D=0000, e=0, A=0F, X=FF, Y=0F, 00110101
         1953014 | FF | 4768 | ( 3)  PHP            | PC=4769, PBR=FF, DBR=E1, S=01DB, D=0000, e=0, A=20, X=00, Y=00, 01110100
         1953015 | FF | 4769 | ( 3)  PHA            | PC=476A, PBR=FF, DBR=E1, S=01DA, D=0000, e=0, A=20, X=00, Y=00, 01110100
         1953016 | FF | 476A | ( 4)  STX $0F28      | PC=476D, PBR=FF, DBR=E1, S=01DA, D=0000, e=0, A=20, X=00, Y=00, 01110100
         1953017 | FF | 476D | ( 6)  JSR $4A87      | PC=4A87, PBR=FF, DBR=E1, S=01D8, D=0000, e=0, A=20, X=00, Y=00, 01110100
         1953027 | FF | 4770 | ( 2)  LDA #$02       | PC=4772, PBR=FF, DBR=E1, S=01DA, D=0000, e=0, A=02, X=00, Y=00, 01110100
         1953028 | FF | 4772 | ( 6)  JSR $497B      | PC=497B, PBR=FF, DBR=E1, S=01D8, D=0000, e=0, A=02, X=00, Y=00, 01110100
         1953053 | FF | 4775 | ( 2)  SEC            | PC=4776, PBR=FF, DBR=E1, S=01DA, D=0000, e=0, A=AF, X=00, Y=00, 10110101
         1953054 | FF | 4776 | ( 2)  BPL $05 (5)    | PC=4778, PBR=FF, DBR=E1, S=01DA, D=0000, e=0, A=AF, X=00, Y=00, 10110101
         1953055 | FF | 4778 | ( 4)  PLA            | PC=4779, PBR=FF, DBR=E1, S=01DB, D=0000, e=0, A=20, X=00, Y=00, 00110101
         1953056 | FF | 4779 | ( 2)  LDA #$2F       | PC=477B, PBR=FF, DBR=E1, S=01DB, D=0000, e=0, A=2F, X=00, Y=00, 00110101
         1953057 | FF | 477B | ( 3)  BRA $14 (20)   | PC=4791, PBR=FF, DBR=E1, S=01DB, D=0000, e=0, A=2F, X=00, Y=00, 00110101
         1953058 | FF | 4791 | ( 4)  PLP            | PC=4792, PBR=FF, DBR=E1, S=01DC, D=0000, e=0, A=2F, X=00, Y=00, 01110100
         1953059 | FF | 4792 | ( 2)  SEC            | PC=4793, PBR=FF, DBR=E1, S=01DC, D=0000, e=0, A=2F, X=00, Y=00, 01110101
         1953060 | FF | 4793 | ( 6)  RTS            | PC=47F3, PBR=FF, DBR=E1, S=01DE, D=0000, e=0, A=2F, X=00, Y=00, 01110101
         1952242 | FF | 4796 | ( 2)  LDA #$40       | PC=4798, PBR=FF, DBR=E1, S=01DE, D=0000, e=0, A=40, X=FF, Y=0F, 00110100
         1952243 | FF | 4798 | ( 2)  LDX #$01       | PC=479A, PBR=FF, DBR=E1, S=01DE, D=0000, e=0, A=40, X=01, Y=0F, 00110100
         1952249 | FF | 479A | ( 5)  STA $0F3E, X   | PC=479D, PBR=FF, DBR=E1, S=01DE, D=0000, e=0, A=40, X=00, Y=0F, 00110110
         1952250 | FF | 479D | ( 5)  STZ $0F20, X   | PC=47A0, PBR=FF, DBR=E1, S=01DE, D=0000, e=0, A=40, X=00, Y=0F, 00110110
         1952251 | FF | 47A0 | ( 5)  STZ $0F24, X   | PC=47A3, PBR=FF, DBR=E1, S=01DE, D=0000, e=0, A=40, X=00, Y=0F, 00110110
         1952252 | FF | 47A3 | ( 2)  DEX            | PC=47A4, PBR=FF, DBR=E1, S=01DE, D=0000, e=0, A=40, X=FF, Y=0F, 10110100
         1952253 | FF | 47A4 | ( 2)  BPL $F4 (-12)  | PC=47A6, PBR=FF, DBR=E1, S=01DE, D=0000, e=0, A=40, X=FF, Y=0F, 10110100
         1952254 | FF | 47A6 | ( 4)  STZ $0F39      | PC=47A9, PBR=FF, DBR=E1, S=01DE, D=0000, e=0, A=40, X=FF, Y=0F, 10110100
         1952255 | FF | 47A9 | ( 4)  STZ $0F1F      | PC=47AC, PBR=FF, DBR=E1, S=01DE, D=0000, e=0, A=40, X=FF, Y=0F, 10110100
         1952256 | FF | 47AC | ( 2)  LDA #$A0       | PC=47AE, PBR=FF, DBR=E1, S=01DE, D=0000, e=0, A=A0, X=FF, Y=0F, 10110100
         1952257 | FF | 47AE | ( 4)  STA $0F4D      | PC=47B1, PBR=FF, DBR=E1, S=01DE, D=0000, e=0, A=A0, X=FF, Y=0F, 10110100
         1952258 | FF | 47B1 | ( 2)  SEC            | PC=47B2, PBR=FF, DBR=E1, S=01DE, D=0000, e=0, A=A0, X=FF, Y=0F, 10110101
         1952259 | FF | 47B2 | ( 6)  ROR $0F56      | PC=47B5, PBR=FF, DBR=E1, S=01DE, D=0000, e=0, A=A0, X=FF, Y=0F, 10110100
         1952260 | FF | 47B5 | ( 2)  LDX #$02       | PC=47B7, PBR=FF, DBR=E1, S=01DE, D=0000, e=0, A=A0, X=02, Y=0F, 00110100
         1952261 | FF | 47B7 | ( 3)  BRA $3F (63)   | PC=47F8, PBR=FF, DBR=E1, S=01DE, D=0000, e=0, A=A0, X=02, Y=0F, 00110100
         1952687 | FF | 47B9 | ( 6)  JSR $49C3      | PC=49C3, PBR=FF, DBR=E1, S=01DC, D=0000, e=0, A=60, X=00, Y=01, 00110110
         1952692 | FF | 47BC | ( 6)  JSR $4802      | PC=4802, PBR=FF, DBR=E1, S=01DC, D=0000, e=0, A=60, X=00, Y=01, 00110110
         1952846 | FF | 47BF | ( 2)  BCS $37 (55)   | PC=47C1, PBR=FF, DBR=E1, S=01DE, D=0000, e=0, A=2F, X=00, Y=01, 00110100
         1952847 | FF | 47C1 | ( 2)  LDA #$03       | PC=47C3, PBR=FF, DBR=E1, S=01DE, D=0000, e=0, A=03, X=00, Y=01, 00110100
         1952848 | FF | 47C3 | ( 6)  JSR $4985      | PC=4985, PBR=FF, DBR=E1, S=01DC, D=0000, e=0, A=03, X=00, Y=01, 00110100
         1952874 | FF | 47C6 | ( 6)  INC $0F39      | PC=47C9, PBR=FF, DBR=E1, S=01DE, D=0000, e=0, A=00, X=00, Y=01, 00110100
         1952875 | FF | 47C9 | ( 6)  INC $0F1F      | PC=47CC, PBR=FF, DBR=E1, S=01DE, D=0000, e=0, A=00, X=00, Y=01, 00110100
         1952876 | FF | 47CC | ( 2)  LDA #$40       | PC=47CE, PBR=FF, DBR=E1, S=01DE, D=0000, e=0, A=40, X=00, Y=01, 00110100
         1952877 | FF | 47CE | ( 5)  STA $0F20, X   | PC=47D1, PBR=FF, DBR=E1, S=01DE, D=0000, e=0, A=40, X=00, Y=01, 00110100
         1952878 | FF | 47D1 | ( 2)  LDA #$05       | PC=47D3, PBR=FF, DBR=E1, S=01DE, D=0000, e=0, A=05, X=00, Y=01, 00110100
         1952879 | FF | 47D3 | ( 6)  JSR $497B      | PC=497B, PBR=FF, DBR=E1, S=01DC, D=0000, e=0, A=05, X=00, Y=01, 00110100
         1952905 | FF | 47D6 | ( 3)  BPL $08 (8)    | PC=47E0, PBR=FF, DBR=E1, S=01DE, D=0000, e=0, A=2F, X=00, Y=01, 00110100
         1952906 | FF | 47E0 | ( 3)  LDA $45        | PC=47E2, PBR=FF, DBR=E1, S=01DE, D=0000, e=0, A=05, X=00, Y=01, 00110100
         1952907 | FF | 47E2 | ( 2)  AND #$BF       | PC=47E4, PBR=FF, DBR=E1, S=01DE, D=0000, e=0, A=05, X=00, Y=01, 00110100
         1952908 | FF | 47E4 | ( 2)  CMP #$49       | PC=47E6, PBR=FF, DBR=E1, S=01DE, D=0000, e=0, A=05, X=00, Y=01, 10110100
         1952909 | FF | 47E6 | ( 3)  BNE $04 (4)    | PC=47EC, PBR=FF, DBR=E1, S=01DE, D=0000, e=0, A=05, X=00, Y=01, 10110100
         1952910 | FF | 47EC | ( 6)  JSR $49D2      | PC=49D2, PBR=FF, DBR=E1, S=01DC, D=0000, e=0, A=05, X=00, Y=01, 10110100
         1953012 | FF | 47EF | ( 2)  CLC            | PC=47F0, PBR=FF, DBR=E1, S=01DE, D=0000, e=0, A=20, X=00, Y=00, 01110100
         1953013 | FF | 47F0 | ( 6)  JSR $4768      | PC=4768, PBR=FF, DBR=E1, S=01DC, D=0000, e=0, A=20, X=00, Y=00, 01110100
         1953061 | FF | 47F3 | ( 2)  BCC $03 (3)    | PC=47F5, PBR=FF, DBR=E1, S=01DE, D=0000, e=0, A=2F, X=00, Y=00, 01110101
         1953062 | FF | 47F5 | ( 6)  JSR $48AE      | PC=48AE, PBR=FF, DBR=E1, S=01DC, D=0000, e=0, A=2F, X=00, Y=00, 01110101
         1953106 | FF | 47F8 | ( 2)  DEX            | PC=47F9, PBR=FF, DBR=E1, S=01DE, D=0000, e=0, A=60, X=FF, Y=00, 10110100
         1953107 | FF | 47F9 | ( 4)  STX $0F28      | PC=47FC, PBR=FF, DBR=E1, S=01DE, D=0000, e=0, A=60, X=FF, Y=00, 10110100
         1953108 | FF | 47FC | ( 2)  BPL $BB (-69)  | PC=47FE, PBR=FF, DBR=E1, S=01DE, D=0000, e=0, A=60, X=FF, Y=00, 10110100
         1953109 | FF | 47FE | ( 4)  BIT $C0E8      | PC=4801, PBR=FF, DBR=E1, S=01DE, D=0000, e=0, A=60, X=FF, Y=00, 10110110
         1953110 | FF | 4801 | ( 6)  RTS            | PC=3C1C, PBR=FF, DBR=E1, S=01E0, D=0000, e=0, A=60, X=FF, Y=00, 10110110
         1952693 | FF | 4802 | ( 2)  LDA #$00       | PC=4804, PBR=FF, DBR=E1, S=01DC, D=0000, e=0, A=00, X=00, Y=01, 00110110
         1952694 | FF | 4804 | ( 6)  JSR $4985      | PC=4985, PBR=FF, DBR=E1, S=01DA, D=0000, e=0, A=00, X=00, Y=01, 00110110
         1952718 | FF | 4807 | ( 6)  JSR $497B      | PC=497B, PBR=FF, DBR=E1, S=01DA, D=0000, e=0, A=00, X=00, Y=01, 00110110
         1952742 | FF | 480A | ( 2)  BMI $15 (21)   | PC=480C, PBR=FF, DBR=E1, S=01DC, D=0000, e=0, A=2F, X=00, Y=01, 00110100
         1952743 | FF | 480C | ( 2)  LDA #$01       | PC=480E, PBR=FF, DBR=E1, S=01DC, D=0000, e=0, A=01, X=00, Y=01, 00110100
         1952744 | FF | 480E | ( 6)  JSR $4985      | PC=4985, PBR=FF, DBR=E1, S=01DA, D=0000, e=0, A=01, X=00, Y=01, 00110100
         1952769 | FF | 4811 | ( 6)  JSR $497B      | PC=497B, PBR=FF, DBR=E1, S=01DA, D=0000, e=0, A=00, X=00, Y=01, 00110110
         1952793 | FF | 4814 | ( 2)  BPL $0B (11)   | PC=4816, PBR=FF, DBR=E1, S=01DC, D=0000, e=0, A=AF, X=00, Y=01, 10110100
         1952794 | FF | 4816 | ( 2)  LDA #$00       | PC=4818, PBR=FF, DBR=E1, S=01DC, D=0000, e=0, A=00, X=00, Y=01, 00110110
         1952795 | FF | 4818 | ( 6)  JSR $4985      | PC=4985, PBR=FF, DBR=E1, S=01DA, D=0000, e=0, A=00, X=00, Y=01, 00110110
         1952819 | FF | 481B | ( 6)  JSR $497B      | PC=497B, PBR=FF, DBR=E1, S=01DA, D=0000, e=0, A=00, X=00, Y=01, 00110110
         1952843 | FF | 481E | ( 2)  CLC            | PC=481F, PBR=FF, DBR=E1, S=01DC, D=0000, e=0, A=2F, X=00, Y=01, 00110100
         1952844 | FF | 481F | ( 3)  BPL $01 (1)    | PC=4822, PBR=FF, DBR=E1, S=01DC, D=0000, e=0, A=2F, X=00, Y=01, 00110100
         1952845 | FF | 4822 | ( 6)  RTS            | PC=47BF, PBR=FF, DBR=E1, S=01DE, D=0000, e=0, A=2F, X=00, Y=01, 00110100
         1953063 | FF | 48AE | ( 2)  LDA #$02       | PC=48B0, PBR=FF, DBR=E1, S=01DC, D=0000, e=0, A=02, X=00, Y=00, 01110101
         1953064 | FF | 48B0 | ( 6)  JSR $497B      | PC=497B, PBR=FF, DBR=E1, S=01DA, D=0000, e=0, A=02, X=00, Y=00, 01110101
         1953089 | FF | 48B3 | ( 3)  BMI $68 (104)  | PC=491D, PBR=FF, DBR=E1, S=01DC, D=0000, e=0, A=AF, X=00, Y=00, 10110100
         1953090 | FF | 491D | ( 4)  LDX $0F28      | PC=4920, PBR=FF, DBR=E1, S=01DC, D=0000, e=0, A=AF, X=00, Y=00, 00110110
         1953091 | FF | 4920 | ( 6)  JSR $4A7F      | PC=4A7F, PBR=FF, DBR=E1, S=01DA, D=0000, e=0, A=AF, X=00, Y=00, 00110110
         1953104 | FF | 4923 | ( 2)  CLC            | PC=4924, PBR=FF, DBR=E1, S=01DC, D=0000, e=0, A=60, X=00, Y=00, 00110100
         1953105 | FF | 4924 | ( 6)  RTS            | PC=47F8, PBR=FF, DBR=E1, S=01DE, D=0000, e=0, A=60, X=00, Y=00, 00110100
         3782171 | FF | 497B | ( 6)  JSR $498F      | PC=498F, PBR=FF, DBR=E1, S=01E4, D=0000, e=0, A=06, X=01, Y=00, 00110100
         3782193 | FF | 497E | ( 4)  BIT $C0ED      | PC=4981, PBR=FF, DBR=E1, S=01E6, D=0000, e=0, A=00, X=01, Y=00, 00110110
         3782194 | FF | 4981 | ( 4)  LDA $C0EE      | PC=4984, PBR=FF, DBR=E1, S=01E6, D=0000, e=0, A=2F, X=01, Y=00, 00110100
         3782195 | FF | 4984 | ( 6)  RTS            | PC=49E9, PBR=FF, DBR=E1, S=01E8, D=0000, e=0, A=2F, X=01, Y=00, 00110100
         1952849 | FF | 4985 | ( 6)  JSR $498F      | PC=498F, PBR=FF, DBR=E1, S=01DA, D=0000, e=0, A=03, X=00, Y=01, 00110100
         1952871 | FF | 4988 | ( 4)  BIT $C0E7      | PC=498B, PBR=FF, DBR=E1, S=01DC, D=0000, e=0, A=00, X=00, Y=01, 00110110
         1952872 | FF | 498B | ( 4)  BIT $C0E6      | PC=498E, PBR=FF, DBR=E1, S=01DC, D=0000, e=0, A=00, X=00, Y=01, 00110110
         1952873 | FF | 498E | ( 6)  RTS            | PC=47C6, PBR=FF, DBR=E1, S=01DE, D=0000, e=0, A=00, X=00, Y=01, 00110110
         3782172 | FF | 498F | ( 4)  BIT $C0E0      | PC=4992, PBR=FF, DBR=E1, S=01E4, D=0000, e=0, A=06, X=01, Y=00, 10110100
         3782173 | FF | 4992 | ( 4)  BIT $C0E3      | PC=4995, PBR=FF, DBR=E1, S=01E4, D=0000, e=0, A=06, X=01, Y=00, 00110110
         3782174 | FF | 4995 | ( 4)  BIT $C0E6      | PC=4998, PBR=FF, DBR=E1, S=01E4, D=0000, e=0, A=06, X=01, Y=00, 00110100
         3782175 | FF | 4998 | ( 4)  BIT $C0E4      | PC=499B, PBR=FF, DBR=E1, S=01E4, D=0000, e=0, A=06, X=01, Y=00, 00110100
         3782176 | FF | 499B | ( 2)  LSR            | PC=499C, PBR=FF, DBR=E1, S=01E4, D=0000, e=0, A=03, X=01, Y=00, 00110100
         3782177 | FF | 499C | ( 3)  BCC $03 (3)    | PC=49A1, PBR=FF, DBR=E1, S=01E4, D=0000, e=0, A=03, X=01, Y=00, 00110100
         1952887 | FF | 499E | ( 4)  BIT $C0E5      | PC=49A1, PBR=FF, DBR=E1, S=01DA, D=0000, e=0, A=02, X=00, Y=01, 00110111
         3782178 | FF | 49A1 | ( 2)  LSR            | PC=49A2, PBR=FF, DBR=E1, S=01E4, D=0000, e=0, A=01, X=01, Y=00, 00110101
         3782179 | FF | 49A2 | ( 3)  PHA            | PC=49A3, PBR=FF, DBR=E1, S=01E3, D=0000, e=0, A=01, X=01, Y=00, 00110101
         3782180 | FF | 49A3 | ( 4)  LDA $C031      | PC=49A6, PBR=FF, DBR=E1, S=01E3, D=0000, e=0, A=C0, X=01, Y=00, 10110101
         3782181 | FF | 49A6 | ( 2)  AND #$7F       | PC=49A8, PBR=FF, DBR=E1, S=01E3, D=0000, e=0, A=40, X=01, Y=00, 00110101
         3782182 | FF | 49A8 | ( 2)  BCC $02 (2)    | PC=49AA, PBR=FF, DBR=E1, S=01E3, D=0000, e=0, A=40, X=01, Y=00, 00110101
         3782183 | FF | 49AA | ( 2)  ORA #$80       | PC=49AC, PBR=FF, DBR=E1, S=01E3, D=0000, e=0, A=C0, X=01, Y=00, 10110101
         3782184 | FF | 49AC | ( 4)  STA $C031      | PC=49AF, PBR=FF, DBR=E1, S=01E3, D=0000, e=0, A=C0, X=01, Y=00, 10110101
         3782185 | FF | 49AF | ( 4)  PLA            | PC=49B0, PBR=FF, DBR=E1, S=01E4, D=0000, e=0, A=01, X=01, Y=00, 00110101
         3782186 | FF | 49B0 | ( 2)  LSR            | PC=49B1, PBR=FF, DBR=E1, S=01E4, D=0000, e=0, A=00, X=01, Y=00, 00110111
         3782187 | FF | 49B1 | ( 2)  BCC $03 (3)    | PC=49B3, PBR=FF, DBR=E1, S=01E4, D=0000, e=0, A=00, X=01, Y=00, 00110111
         3782188 | FF | 49B3 | ( 4)  BIT $C0E1      | PC=49B6, PBR=FF, DBR=E1, S=01E4, D=0000, e=0, A=00, X=01, Y=00, 00110111
         3782189 | FF | 49B6 | ( 2)  LSR            | PC=49B7, PBR=FF, DBR=E1, S=01E4, D=0000, e=0, A=00, X=01, Y=00, 00110110
         3782190 | FF | 49B7 | ( 2)  BCS $03 (3)    | PC=49B9, PBR=FF, DBR=E1, S=01E4, D=0000, e=0, A=00, X=01, Y=00, 00110110
         3782191 | FF | 49B9 | ( 4)  BIT $C0E2      | PC=49BC, PBR=FF, DBR=E1, S=01E4, D=0000, e=0, A=00, X=01, Y=00, 00110110
         3782192 | FF | 49BC | ( 6)  RTS            | PC=497E, PBR=FF, DBR=E1, S=01E6, D=0000, e=0, A=00, X=01, Y=00, 00110110
         3782095 | FF | 49BD | ( 2)  SEC            | PC=49BE, PBR=FF, DBR=E1, S=01E6, D=0000, e=0, A=02, X=00, Y=0F, 00110111
         3782096 | FF | 49BE | ( 4)  LDA $0F20, X   | PC=49C1, PBR=FF, DBR=E1, S=01E6, D=0000, e=0, A=01, X=00, Y=0F, 00110101
         3782097 | FF | 49C1 | ( 2)  BEQ $07 (7)    | PC=49C3, PBR=FF, DBR=E1, S=01E6, D=0000, e=0, A=01, X=00, Y=0F, 00110101
         3782098 | FF | 49C3 | ( 4)  BIT $C0EA, X   | PC=49C6, PBR=FF, DBR=E1, S=01E6, D=0000, e=0, A=01, X=00, Y=0F, 00110101
         3782099 | FF | 49C6 | ( 4)  BIT $C0E9      | PC=49C9, PBR=FF, DBR=E1, S=01E6, D=0000, e=0, A=01, X=00, Y=0F, 00110111
         3782100 | FF | 49C9 | ( 2)  CLC            | PC=49CA, PBR=FF, DBR=E1, S=01E6, D=0000, e=0, A=01, X=00, Y=0F, 00110110
         3782101 | FF | 49CA | ( 6)  RTS            | PC=49D2, PBR=FF, DBR=E1, S=01E8, D=0000, e=0, A=01, X=00, Y=0F, 00110110
         3782094 | FF | 49CF | ( 6)  JSR $49BD      | PC=49BD, PBR=FF, DBR=E1, S=01E6, D=0000, e=0, A=02, X=00, Y=0F, 00110110
         3782102 | FF | 49D2 | ( 4)  LDA $0F3E, X   | PC=49D5, PBR=FF, DBR=E1, S=01E8, D=0000, e=0, A=60, X=00, Y=0F, 00110100
         3782103 | FF | 49D5 | ( 4)  STA $0F4C      | PC=49D8, PBR=FF, DBR=E1, S=01E8, D=0000, e=0, A=60, X=00, Y=0F, 00110100
         3782104 | FF | 49D8 | ( 2)  AND #$1F       | PC=49DA, PBR=FF, DBR=E1, S=01E8, D=0000, e=0, A=00, X=00, Y=0F, 00110110
         3782105 | FF | 49DA | ( 2)  ORA #$20       | PC=49DC, PBR=FF, DBR=E1, S=01E8, D=0000, e=0, A=20, X=00, Y=0F, 00110100
         3782106 | FF | 49DC | ( 5)  STA $0F3E, X   | PC=49DF, PBR=FF, DBR=E1, S=01E8, D=0000, e=0, A=20, X=00, Y=0F, 00110100
         3782107 | FF | 49DF | ( 2)  TXY            | PC=49E0, PBR=FF, DBR=E1, S=01E8, D=0000, e=0, A=20, X=00, Y=00, 00110110
         3782108 | FF | 49E0 | ( 2)  LDX #$03       | PC=49E2, PBR=FF, DBR=E1, S=01E8, D=0000, e=0, A=20, X=03, Y=00, 00110100
         3782169 | FF | 49E2 | ( 5)  LDA $FF49FE, X | PC=49E6, PBR=FF, DBR=E1, S=01E8, D=0000, e=0, A=06, X=01, Y=00, 00110100
         3782170 | FF | 49E6 | ( 6)  JSR $497B      | PC=497B, PBR=FF, DBR=E1, S=01E6, D=0000, e=0, A=06, X=01, Y=00, 00110100
         3782196 | FF | 49E9 | ( 3)  BPL $0A (10)   | PC=49F5, PBR=FF, DBR=E1, S=01E8, D=0000, e=0, A=2F, X=01, Y=00, 00110100
         3782164 | FF | 49EB | ( 5)  LDA $FF4A01, X | PC=49EF, PBR=FF, DBR=E1, S=01E8, D=0000, e=0, A=40, X=02, Y=00, 00110100
         3782165 | FF | 49EF | ( 4)  EOR $0F3E, Y   | PC=49F2, PBR=FF, DBR=E1, S=01E8, D=0000, e=0, A=60, X=02, Y=00, 00110100
         3782166 | FF | 49F2 | ( 5)  STA $0F3E, Y   | PC=49F5, PBR=FF, DBR=E1, S=01E8, D=0000, e=0, A=60, X=02, Y=00, 00110100
         3782197 | FF | 49F5 | ( 2)  DEX            | PC=49F6, PBR=FF, DBR=E1, S=01E8, D=0000, e=0, A=2F, X=00, Y=00, 00110110
         3782198 | FF | 49F6 | ( 2)  BNE $EA (-22)  | PC=49F8, PBR=FF, DBR=E1, S=01E8, D=0000, e=0, A=2F, X=00, Y=00, 00110110
         3782199 | FF | 49F8 | ( 2)  TYX            | PC=49F9, PBR=FF, DBR=E1, S=01E8, D=0000, e=0, A=2F, X=00, Y=00, 00110110
         3782200 | FF | 49F9 | ( 2)  LDA #$20       | PC=49FB, PBR=FF, DBR=E1, S=01E8, D=0000, e=0, A=20, X=00, Y=00, 00110100
         3782201 | FF | 49FB | ( 4)  BIT $0F3E, X   | PC=49FE, PBR=FF, DBR=E1, S=01E8, D=0000, e=0, A=20, X=00, Y=00, 01110100
         3782202 | FF | 49FE | ( 6)  RTS            | PC=4A0C, PBR=FF, DBR=E1, S=01EA, D=0000, e=0, A=20, X=00, Y=00, 01110100
         3782091 | FF | 4A05 | ( 3)  PHP            | PC=4A06, PBR=FF, DBR=E1, S=01EA, D=0000, e=0, A=02, X=02, Y=0F, 00110100
         3782092 | FF | 4A06 | ( 4)  LDX $0F28      | PC=4A09, PBR=FF, DBR=E1, S=01EA, D=0000, e=0, A=02, X=00, Y=0F, 00110110
         3782093 | FF | 4A09 | ( 6)  JSR $49CF      | PC=49CF, PBR=FF, DBR=E1, S=01E8, D=0000, e=0, A=02, X=00, Y=0F, 00110110
         3782203 | FF | 4A0C | ( 2)  BVC $11 (17)   | PC=4A0E, PBR=FF, DBR=E1, S=01EA, D=0000, e=0, A=20, X=00, Y=00, 01110100
         3782204 | FF | 4A0E | ( 3)  PHP            | PC=4A0F, PBR=FF, DBR=E1, S=01E9, D=0000, e=0, A=20, X=00, Y=00, 01110100
         3782205 | FF | 4A0F | ( 6)  JSR $4A7F      | PC=4A7F, PBR=FF, DBR=E1, S=01E7, D=0000, e=0, A=20, X=00, Y=00, 01110100
         3782218 | FF | 4A12 | ( 4)  PLP            | PC=4A13, PBR=FF, DBR=E1, S=01EA, D=0000, e=0, A=60, X=00, Y=00, 01110100
         3782219 | FF | 4A13 | ( 3)  BPL $05 (5)    | PC=4A1A, PBR=FF, DBR=E1, S=01EA, D=0000, e=0, A=60, X=00, Y=00, 01110100
         3782220 | FF | 4A1A | ( 2)  LDA #$2F       | PC=4A1C, PBR=FF, DBR=E1, S=01EA, D=0000, e=0, A=2F, X=00, Y=00, 01110100
         3782221 | FF | 4A1C | ( 4)  PLP            | PC=4A1D, PBR=FF, DBR=E1, S=01EB, D=0000, e=0, A=2F, X=00, Y=00, 00110100
         3782222 | FF | 4A1D | ( 3)  BRA $16 (22)   | PC=4A35, PBR=FF, DBR=E1, S=01EB, D=0000, e=0, A=2F, X=00, Y=00, 00110100
         3782223 | FF | 4A35 | ( 2)  SEC            | PC=4A36, PBR=FF, DBR=E1, S=01EB, D=0000, e=0, A=2F, X=00, Y=00, 00110101
         3782224 | FF | 4A36 | ( 3)  BRA $10 (16)   | PC=4A48, PBR=FF, DBR=E1, S=01EB, D=0000, e=0, A=2F, X=00, Y=00, 00110101
         3782225 | FF | 4A48 | ( 4)  BIT $0F3E, X   | PC=4A4B, PBR=FF, DBR=E1, S=01EB, D=0000, e=0, A=2F, X=00, Y=00, 01110101
         3782226 | FF | 4A4B | ( 6)  RTS            | PC=3FE9, PBR=FF, DBR=E1, S=01ED, D=0000, e=0, A=2F, X=00, Y=00, 01110101
         3782206 | FF | 4A7F | ( 2)  LDA #$40       | PC=4A81, PBR=FF, DBR=E1, S=01E7, D=0000, e=0, A=40, X=00, Y=00, 01110100
         3782207 | FF | 4A81 | ( 4)  ORA $0F3E, X   | PC=4A84, PBR=FF, DBR=E1, S=01E7, D=0000, e=0, A=60, X=00, Y=00, 01110100
         3782208 | FF | 4A84 | ( 5)  STA $0F3E, X   | PC=4A87, PBR=FF, DBR=E1, S=01E7, D=0000, e=0, A=60, X=00, Y=00, 01110100
         3782209 | FF | 4A87 | ( 4)  LDA $0F24, X   | PC=4A8A, PBR=FF, DBR=E1, S=01E7, D=0000, e=0, A=00, X=00, Y=00, 01110110
         3782210 | FF | 4A8A | ( 2)  AND #$6F       | PC=4A8C, PBR=FF, DBR=E1, S=01E7, D=0000, e=0, A=00, X=00, Y=00, 01110110
         3782211 | FF | 4A8C | ( 5)  STA $0F24, X   | PC=4A8F, PBR=FF, DBR=E1, S=01E7, D=0000, e=0, A=00, X=00, Y=00, 01110110
         3782212 | FF | 4A8F | ( 2)  LDA #$FF       | PC=4A91, PBR=FF, DBR=E1, S=01E7, D=0000, e=0, A=FF, X=00, Y=00, 11110100
         3782213 | FF | 4A91 | ( 5)  STA $0F3A, X   | PC=4A94, PBR=FF, DBR=E1, S=01E7, D=0000, e=0, A=FF, X=00, Y=00, 11110100
         3782214 | FF | 4A94 | ( 4)  LDA $0F3E, X   | PC=4A97, PBR=FF, DBR=E1, S=01E7, D=0000, e=0, A=60, X=00, Y=00, 01110100
         3782215 | FF | 4A97 | ( 2)  AND #$E0       | PC=4A99, PBR=FF, DBR=E1, S=01E7, D=0000, e=0, A=60, X=00, Y=00, 01110100
         3782216 | FF | 4A99 | ( 5)  STA $0F3E, X   | PC=4A9C, PBR=FF, DBR=E1, S=01E7, D=0000, e=0, A=60, X=00, Y=00, 01110100
         3782217 | FF | 4A9C | ( 6)  RTS            | PC=4A12, PBR=FF, DBR=E1, S=01E9, D=0000, e=0, A=60, X=00, Y=00, 01110100
         1913977 | FF | 5600 | ( 3)  JMP $616B      | PC=616B, PBR=FF, DBR=00, S=01ED, D=0000, e=0, A=00, X=06, Y=00, 00110110
         2985644 | FF | 5606 | ( 3)  JMP $5BAD      | PC=5BAD, PBR=FF, DBR=00, S=01F5, D=0000, e=0, A=18, X=03, Y=FF, 00110001
         1955879 | FF | 5609 | ( 2)  LDA #$60       | PC=560B, PBR=FF, DBR=00, S=01F8, D=0000, e=1, A=60, X=20, Y=00, 00*10101
         1955880 | FF | 560B | ( 2)  TAX            | PC=560C, PBR=FF, DBR=00, S=01F8, D=0000, e=1, A=60, X=60, Y=00, 00*10101
         1955881 | FF | 560C | ( 3)  STX $2B        | PC=560E, PBR=FF, DBR=00, S=01F8, D=0000, e=1, A=60, X=60, Y=00, 00*10101
         1955882 | FF | 560E | ( 3)  STA $4F        | PC=5610, PBR=FF, DBR=00, S=01F8, D=0000, e=1, A=60, X=60, Y=00, 00*10101
         1955883 | FF | 5610 | ( 4)  LDA $C08E, X   | PC=5613, PBR=FF, DBR=00, S=01F8, D=0000, e=1, A=FF, X=60, Y=00, 10*10101
         1955884 | FF | 5613 | ( 4)  LDA $C08C, X   | PC=5616, PBR=FF, DBR=00, S=01F8, D=0000, e=1, A=FF, X=60, Y=00, 10*10101
         1955885 | FF | 5616 | ( 4)  LDA $C0EA, Y   | PC=5619, PBR=FF, DBR=00, S=01F8, D=0000, e=1, A=FF, X=60, Y=00, 10*10101
         1955886 | FF | 5619 | ( 4)  LDA $C089, X   | PC=561C, PBR=FF, DBR=00, S=01F8, D=0000, e=1, A=00, X=60, Y=00, 00*10111
         1955887 | FF | 561C | ( 2)  LDY #$50       | PC=561E, PBR=FF, DBR=00, S=01F8, D=0000, e=1, A=00, X=60, Y=50, 00*10101
         2584048 | FF | 561E | ( 4)  LDA $C080, X   | PC=5621, PBR=FF, DBR=00, S=01F8, D=0000, e=1, A=FF, X=62, Y=00, 10*10100
         2584049 | FF | 5621 | ( 2)  TYA            | PC=5622, PBR=FF, DBR=00, S=01F8, D=0000, e=1, A=00, X=62, Y=00, 00*10110
         2584050 | FF | 5622 | ( 2)  AND #$03       | PC=5624, PBR=FF, DBR=00, S=01F8, D=0000, e=1, A=00, X=62, Y=00, 00*10110
         2584051 | FF | 5624 | ( 2)  ASL            | PC=5625, PBR=FF, DBR=00, S=01F8, D=0000, e=1, A=00, X=62, Y=00, 00*10110
         2584052 | FF | 5625 | ( 3)  ORA $2B        | PC=5627, PBR=FF, DBR=00, S=01F8, D=0000, e=1, A=60, X=62, Y=00, 00*10100
         2584053 | FF | 5627 | ( 2)  TAX            | PC=5628, PBR=FF, DBR=00, S=01F8, D=0000, e=1, A=60, X=60, Y=00, 00*10100
         2584054 | FF | 5628 | ( 4)  LDA $C081, X   | PC=562B, PBR=FF, DBR=00, S=01F8, D=0000, e=1, A=00, X=60, Y=00, 00*10110
         2584055 | FF | 562B | ( 2)  LDA #$56       | PC=562D, PBR=FF, DBR=00, S=01F8, D=0000, e=1, A=56, X=60, Y=00, 00*10100
         2584056 | FF | 562D | ( 3)  PHP            | PC=562E, PBR=FF, DBR=00, S=01F7, D=0000, e=1, A=56, X=60, Y=00, 00*10100
         2584057 | FF | 562E | ( 2)  SEI            | PC=562F, PBR=FF, DBR=00, S=01F7, D=0000, e=1, A=56, X=60, Y=00, 00*10100
         2584058 | FF | 562F | ( 6)  JSR $FCA8      | PC=FCA8, PBR=FF, DBR=00, S=01F5, D=0000, e=1, A=56, X=60, Y=00, 00*10100
         2591897 | FF | 5632 | ( 4)  PLP            | PC=5633, PBR=FF, DBR=00, S=01F8, D=0000, e=1, A=00, X=60, Y=00, 00*10100
         2591898 | FF | 5633 | ( 2)  DEY            | PC=5634, PBR=FF, DBR=00, S=01F8, D=0000, e=1, A=00, X=60, Y=FF, 10*10100
         2591899 | FF | 5634 | ( 2)  BPL $E8 (-24)  | PC=5636, PBR=FF, DBR=00, S=01F8, D=0000, e=1, A=00, X=60, Y=FF, 10*10100
         2591900 | FF | 5636 | ( 3)  STA $26        | PC=5638, PBR=FF, DBR=00, S=01F8, D=0000, e=1, A=00, X=60, Y=FF, 10*10100
         2591901 | FF | 5638 | ( 3)  STA $3D        | PC=563A, PBR=FF, DBR=00, S=01F8, D=0000, e=1, A=00, X=60, Y=FF, 10*10100
         2591902 | FF | 563A | ( 3)  STA $41        | PC=563C, PBR=FF, DBR=00, S=01F8, D=0000, e=1, A=00, X=60, Y=FF, 10*10100
         2591903 | FF | 563C | ( 2)  CLC            | PC=563D, PBR=FF, DBR=00, S=01F8, D=0000, e=1, A=00, X=60, Y=FF, 10*10100
         2591904 | FF | 563D | ( 2)  LDY #$32       | PC=563F, PBR=FF, DBR=00, S=01F8, D=0000, e=1, A=00, X=60, Y=32, 00*10100
         2591905 | FF | 563F | ( 4)  LDA $C08C, X   | PC=5642, PBR=FF, DBR=00, S=01F8, D=0000, e=1, A=FF, X=60, Y=32, 10*10100
         2591906 | FF | 5642 | ( 3)  BMI $04 (4)    | PC=5648, PBR=FF, DBR=00, S=01F8, D=0000, e=1, A=FF, X=60, Y=32, 10*10100
         2591907 | FF | 5648 | ( 3)  PHP            | PC=5649, PBR=FF, DBR=00, S=01F7, D=0000, e=1, A=FF, X=60, Y=32, 10*10100
         2591908 | FF | 5649 | ( 2)  LDX #$03       | PC=564B, PBR=FF, DBR=00, S=01F7, D=0000, e=1, A=FF, X=03, Y=32, 00*10100
         2591909 | FF | 564B | ( 2)  LDY #$00       | PC=564D, PBR=FF, DBR=00, S=01F7, D=0000, e=1, A=FF, X=03, Y=00, 00*10110
         2594113 | FF | 564D | ( 3)  STX $3C        | PC=564F, PBR=FF, DBR=00, S=01F7, D=0000, e=1, A=3E, X=7F, Y=3F, 01*10100
         2594114 | FF | 564F | ( 2)  TXA            | PC=5650, PBR=FF, DBR=00, S=01F7, D=0000, e=1, A=7F, X=7F, Y=3F, 01*10100
         2594115 | FF | 5650 | ( 2)  ASL            | PC=5651, PBR=FF, DBR=00, S=01F7, D=0000, e=1, A=FE, X=7F, Y=3F, 11*10100
         2594116 | FF | 5651 | ( 3)  BIT $3C        | PC=5653, PBR=FF, DBR=00, S=01F7, D=0000, e=1, A=FE, X=7F, Y=3F, 01*10100
         2594117 | FF | 5653 | ( 2)  BEQ $11 (17)   | PC=5655, PBR=FF, DBR=00, S=01F7, D=0000, e=1, A=FE, X=7F, Y=3F, 01*10100
         2594118 | FF | 5655 | ( 3)  ORA $3C        | PC=5657, PBR=FF, DBR=00, S=01F7, D=0000, e=1, A=FF, X=7F, Y=3F, 11*10100
         2594119 | FF | 5657 | ( 2)  EOR #$FF       | PC=5659, PBR=FF, DBR=00, S=01F7, D=0000, e=1, A=00, X=7F, Y=3F, 01*10110
         2594120 | FF | 5659 | ( 2)  AND #$7E       | PC=565B, PBR=FF, DBR=00, S=01F7, D=0000, e=1, A=00, X=7F, Y=3F, 01*10110
         2594121 | FF | 565B | ( 2)  BCS $09 (9)    | PC=565D, PBR=FF, DBR=00, S=01F7, D=0000, e=1, A=00, X=7F, Y=3F, 01*10110
         2594122 | FF | 565D | ( 2)  LSR            | PC=565E, PBR=FF, DBR=00, S=01F7, D=0000, e=1, A=00, X=7F, Y=3F, 01*10110
         2594123 | FF | 565E | ( 2)  BNE $FB (-5)   | PC=5660, PBR=FF, DBR=00, S=01F7, D=0000, e=1, A=00, X=7F, Y=3F, 01*10110
         2594124 | FF | 5660 | ( 2)  TYA            | PC=5661, PBR=FF, DBR=00, S=01F7, D=0000, e=1, A=3F, X=7F, Y=3F, 01*10100
         2594125 | FF | 5661 | ( 5)  STA $000356, X | PC=5665, PBR=FF, DBR=00, S=01F7, D=0000, e=1, A=3F, X=7F, Y=3F, 01*10100
         2594126 | FF | 5665 | ( 2)  INY            | PC=5666, PBR=FF, DBR=00, S=01F7, D=0000, e=1, A=3F, X=7F, Y=40, 01*10100
         2594127 | FF | 5666 | ( 2)  INX            | PC=5667, PBR=FF, DBR=00, S=01F7, D=0000, e=1, A=3F, X=80, Y=40, 11*10100
         2594128 | FF | 5667 | ( 2)  BPL $E4 (-28)  | PC=5669, PBR=FF, DBR=00, S=01F7, D=0000, e=1, A=3F, X=80, Y=40, 11*10100
         2594129 | FF | 5669 | ( 2)  LDA #$08       | PC=566B, PBR=FF, DBR=00, S=01F7, D=0000, e=1, A=08, X=80, Y=40, 01*10100
         2594130 | FF | 566B | ( 3)  STA $27        | PC=566D, PBR=FF, DBR=00, S=01F7, D=0000, e=1, A=08, X=80, Y=40, 01*10100
         2594131 | FF | 566D | ( 2)  LDY #$7F       | PC=566F, PBR=FF, DBR=00, S=01F7, D=0000, e=1, A=08, X=80, Y=7F, 01*10100
         2594132 | FF | 566F | ( 4)  PLP            | PC=5670, PBR=FF, DBR=00, S=01F8, D=0000, e=1, A=08, X=80, Y=7F, 10*10100
         2594133 | FF | 5670 | ( 6)  RTL            | PC=C61E, PBR=00, DBR=00, S=01FB, D=0000, e=1, A=08, X=80, Y=7F, 10*10100
         2985562 | FF | 5671 | ( 2)  LDA #$00       | PC=5673, PBR=FF, DBR=00, S=01F8, D=0000, e=1, A=00, X=60, Y=00, 00*10110
         2985563 | FF | 5673 | ( 5)  STA $E10FB1    | PC=5677, PBR=FF, DBR=00, S=01F8, D=0000, e=1, A=00, X=60, Y=00, 00*10110
         2985564 | FF | 5677 | ( 3)  JMP $6112      | PC=6112, PBR=FF, DBR=00, S=01F8, D=0000, e=1, A=00, X=60, Y=00, 00*10110
         1953520 | FF | 567A | ( 6)  JSR $5A7C      | PC=5A7C, PBR=FF, DBR=FF, S=01DF, D=0000, e=0, A=09, X=60, Y=0F, 01110101
         1953719 | FF | 567D | ( 2)  LDX #$60       | PC=567F, PBR=FF, DBR=FF, S=01E1, D=0000, e=0, A=4E, X=60, Y=FF, 00110100
         1953720 | FF | 567F | ( 2)  LDY #$07       | PC=5681, PBR=FF, DBR=FF, S=01E1, D=0000, e=0, A=4E, X=60, Y=07, 00110100
         1953721 | FF | 5681 | ( 6)  JSR $5B4C      | PC=5B4C, PBR=FF, DBR=FF, S=01DF, D=0000, e=0, A=4E, X=60, Y=07, 00110100
         1953743 | FF | 5684 | ( 6)  JSR $602B      | PC=602B, PBR=FF, DBR=FF, S=01DF, D=0000, e=0, A=00, X=60, Y=07, 10110100
         1953748 | FF | 5687 | ( 4)  LDA $C08A, X   | PC=568A, PBR=FF, DBR=E1, S=01E1, D=0000, e=0, A=87, X=60, Y=07, 10110100
         1953749 | FF | 568A | ( 4)  LDA $C089, X   | PC=568D, PBR=FF, DBR=E1, S=01E1, D=0000, e=0, A=00, X=60, Y=07, 00110110
         1953750 | FF | 568D | ( 4)  LDA $C088, X   | PC=5690, PBR=FF, DBR=E1, S=01E1, D=0000, e=0, A=87, X=60, Y=07, 10110100
         1953751 | FF | 5690 | ( 6)  JSR $59C4      | PC=59C4, PBR=FF, DBR=E1, S=01DF, D=0000, e=0, A=87, X=60, Y=07, 10110100
         1953763 | FF | 5693 | ( 6)  JSR $602B      | PC=602B, PBR=FF, DBR=FF, S=01DF, D=0000, e=0, A=00, X=60, Y=07, 10110100
         1953768 | FF | 5696 | ( 4)  LDA $C08A, X   | PC=5699, PBR=FF, DBR=E1, S=01E1, D=0000, e=0, A=87, X=60, Y=07, 10110100
         1953769 | FF | 5699 | ( 4)  LDA $C089, X   | PC=569C, PBR=FF, DBR=E1, S=01E1, D=0000, e=0, A=00, X=60, Y=07, 00110110
         1953770 | FF | 569C | ( 5)  LDA $00C036    | PC=56A0, PBR=FF, DBR=E1, S=01E1, D=0000, e=0, A=C0, X=60, Y=07, 10110100
         1953771 | FF | 56A0 | ( 3)  XBA            | PC=56A1, PBR=FF, DBR=E1, S=01E1, D=0000, e=0, A=00, X=60, Y=07, 00110110
         1953772 | FF | 56A1 | ( 2)  AND #$7F       | PC=56A3, PBR=FF, DBR=E1, S=01E1, D=0000, e=0, A=00, X=60, Y=07, 00110110
         1953773 | FF | 56A3 | ( 5)  STA $00C036    | PC=56A7, PBR=FF, DBR=E1, S=01E1, D=0000, e=0, A=00, X=60, Y=07, 00110110
         1953774 | FF | 56A7 | ( 2)  LDY #$32       | PC=56A9, PBR=FF, DBR=E1, S=01E1, D=0000, e=0, A=00, X=60, Y=32, 00110100
         1953775 | FF | 56A9 | ( 4)  LDA $C08E, X   | PC=56AC, PBR=FF, DBR=E1, S=01E1, D=0000, e=0, A=A7, X=60, Y=32, 10110100
         1953776 | FF | 56AC | ( 3)  BMI $0D (13)   | PC=56BB, PBR=FF, DBR=E1, S=01E1, D=0000, e=0, A=A7, X=60, Y=32, 10110100
         1953777 | FF | 56BB | ( 3)  XBA            | PC=56BC, PBR=FF, DBR=E1, S=01E1, D=0000, e=0, A=C0, X=60, Y=32, 10110100
         1953778 | FF | 56BC | ( 5)  STA $00C036    | PC=56C0, PBR=FF, DBR=E1, S=01E1, D=0000, e=0, A=C0, X=60, Y=32, 10110100
         1953779 | FF | 56C0 | ( 4)  LDA $C081, X   | PC=56C3, PBR=FF, DBR=E1, S=01E1, D=0000, e=0, A=00, X=60, Y=32, 00110110
         1953780 | FF | 56C3 | ( 2)  LDY #$05       | PC=56C5, PBR=FF, DBR=E1, S=01E1, D=0000, e=0, A=00, X=60, Y=05, 00110100
         1953781 | FF | 56C5 | ( 2)  LDA #$FF       | PC=56C7, PBR=FF, DBR=E1, S=01E1, D=0000, e=0, A=FF, X=60, Y=05, 10110100
         1953782 | FF | 56C7 | ( 5)  STA $C08F, X   | PC=56CA, PBR=FF, DBR=E1, S=01E1, D=0000, e=0, A=FF, X=60, Y=05, 10110100
         1953813 | FF | 56CA | ( 4)  LDA $C5E8, Y   | PC=56CD, PBR=FF, DBR=E1, S=01E1, D=0000, e=0, A=C3, X=60, Y=00, 10110101
         1953814 | FF | 56CD | ( 7)  ASL $C08C, X   | PC=56D0, PBR=FF, DBR=E1, S=01E1, D=0000, e=0, A=C3, X=60, Y=00, 00110111
         1953815 | FF | 56D0 | ( 2)  BCC $FB (-5)   | PC=56D2, PBR=FF, DBR=E1, S=01E1, D=0000, e=0, A=C3, X=60, Y=00, 00110111
         1953816 | FF | 56D2 | ( 5)  STA $C08D, X   | PC=56D5, PBR=FF, DBR=E1, S=01E1, D=0000, e=0, A=C3, X=60, Y=00, 00110111
         1953817 | FF | 56D5 | ( 2)  DEY            | PC=56D6, PBR=FF, DBR=E1, S=01E1, D=0000, e=0, A=C3, X=60, Y=FF, 10110101
         1953818 | FF | 56D6 | ( 2)  BPL $F2 (-14)  | PC=56D8, PBR=FF, DBR=E1, S=01E1, D=0000, e=0, A=C3, X=60, Y=FF, 10110101
         1953819 | FF | 56D8 | ( 3)  LDA $60        | PC=56DA, PBR=FF, DBR=E1, S=01E1, D=0000, e=0, A=03, X=60, Y=FF, 00110101
         1953820 | FF | 56DA | ( 2)  ORA #$80       | PC=56DC, PBR=FF, DBR=E1, S=01E1, D=0000, e=0, A=83, X=60, Y=FF, 10110101
         1953821 | FF | 56DC | ( 6)  JSR $597D      | PC=597D, PBR=FF, DBR=E1, S=01DF, D=0000, e=0, A=83, X=60, Y=FF, 10110101
         1953828 | FF | 56DF | ( 6)  JSR $597B      | PC=597B, PBR=FF, DBR=E1, S=01DF, D=0000, e=0, A=84, X=60, Y=80, 10110101
         1953836 | FF | 56E2 | ( 3)  LDA $61        | PC=56E4, PBR=FF, DBR=E1, S=01E1, D=0000, e=0, A=80, X=60, Y=80, 10110101
         1953837 | FF | 56E4 | ( 6)  JSR $597D      | PC=597D, PBR=FF, DBR=E1, S=01DF, D=0000, e=0, A=80, X=60, Y=80, 10110101
         1953844 | FF | 56E7 | ( 6)  JSR $597B      | PC=597B, PBR=FF, DBR=E1, S=01DF, D=0000, e=0, A=84, X=60, Y=80, 10110101
         1953852 | FF | 56EA | ( 6)  JSR $597B      | PC=597B, PBR=FF, DBR=E1, S=01DF, D=0000, e=0, A=04, X=60, Y=80, 00110101
         1953860 | FF | 56ED | ( 3)  LDA $4F        | PC=56EF, PBR=FF, DBR=E1, S=01E1, D=0000, e=0, A=02, X=60, Y=80, 00110101
         1953861 | FF | 56EF | ( 2)  ORA #$80       | PC=56F1, PBR=FF, DBR=E1, S=01E1, D=0000, e=0, A=82, X=60, Y=80, 10110101
         1953862 | FF | 56F1 | ( 6)  JSR $597D      | PC=597D, PBR=FF, DBR=E1, S=01DF, D=0000, e=0, A=82, X=60, Y=80, 10110101
         1953869 | FF | 56F4 | ( 3)  LDA $4E        | PC=56F6, PBR=FF, DBR=E1, S=01E1, D=0000, e=0, A=01, X=60, Y=80, 00110101
         1953870 | FF | 56F6 | ( 2)  ORA #$80       | PC=56F8, PBR=FF, DBR=E1, S=01E1, D=0000, e=0, A=81, X=60, Y=80, 10110101
         1953871 | FF | 56F8 | ( 6)  JSR $597D      | PC=597D, PBR=FF, DBR=E1, S=01DF, D=0000, e=0, A=81, X=60, Y=80, 10110101
         1953878 | FF | 56FB | ( 3)  LDA $4F        | PC=56FD, PBR=FF, DBR=E1, S=01E1, D=0000, e=0, A=02, X=60, Y=80, 00110101
         1953879 | FF | 56FD | ( 2)  BEQ $10 (16)   | PC=56FF, PBR=FF, DBR=E1, S=01E1, D=0000, e=0, A=02, X=60, Y=80, 00110101
         1953880 | FF | 56FF | ( 2)  LDY #$FF       | PC=5701, PBR=FF, DBR=E1, S=01E1, D=0000, e=0, A=02, X=60, Y=FF, 10110101
         1953881 | FF | 5701 | ( 3)  LDA $5F        | PC=5703, PBR=FF, DBR=E1, S=01E1, D=0000, e=0, A=80, X=60, Y=FF, 10110101
         1953902 | FF | 5703 | ( 6)  JSR $57FD      | PC=57FD, PBR=FF, DBR=E1, S=01DF, D=0000, e=0, A=82, X=60, Y=01, 10110100
         1953907 | FF | 5706 | ( 2)  INY            | PC=5707, PBR=FF, DBR=E1, S=01E1, D=0000, e=0, A=82, X=60, Y=02, 00110101
         1953908 | FF | 5707 | ( 6)  LDA [$57], Y   | PC=5709, PBR=FF, DBR=E1, S=01E1, D=0000, e=0, A=00, X=60, Y=02, 00110111
         1953909 | FF | 5709 | ( 2)  ORA #$80       | PC=570B, PBR=FF, DBR=E1, S=01E1, D=0000, e=0, A=80, X=60, Y=02, 10110101
         1953910 | FF | 570B | ( 3)  CPY $4F        | PC=570D, PBR=FF, DBR=E1, S=01E1, D=0000, e=0, A=80, X=60, Y=02, 00110111
         1953911 | FF | 570D | ( 2)  BCC $F4 (-12)  | PC=570F, PBR=FF, DBR=E1, S=01E1, D=0000, e=0, A=80, X=60, Y=02, 00110111
         1953912 | FF | 570F | ( 3)  LDA $4E        | PC=5711, PBR=FF, DBR=E1, S=01E1, D=0000, e=0, A=01, X=60, Y=02, 00110101
         1953913 | FF | 5711 | ( 3)  BNE $03 (3)    | PC=5716, PBR=FF, DBR=E1, S=01E1, D=0000, e=0, A=01, X=60, Y=02, 00110101
         1953914 | FF | 5716 | ( 2)  LDY #$00       | PC=5718, PBR=FF, DBR=E1, S=01E1, D=0000, e=0, A=01, X=60, Y=00, 00110111
         1953915 | FF | 5718 | ( 3)  LDA $41        | PC=571A, PBR=FF, DBR=E1, S=01E1, D=0000, e=0, A=80, X=60, Y=00, 10110101
         1953916 | FF | 571A | ( 6)  JSR $57FD      | PC=57FD, PBR=FF, DBR=E1, S=01DF, D=0000, e=0, A=80, X=60, Y=00, 10110101
         1953921 | FF | 571D | ( 3)  LDA $50        | PC=571F, PBR=FF, DBR=E1, S=01E1, D=0000, e=0, A=00, X=60, Y=00, 00110111
         1953922 | FF | 571F | ( 2)  ORA #$80       | PC=5721, PBR=FF, DBR=E1, S=01E1, D=0000, e=0, A=80, X=60, Y=00, 10110101
         1953923 | FF | 5721 | ( 6)  JSR $57FD      | PC=57FD, PBR=FF, DBR=E1, S=01DF, D=0000, e=0, A=80, X=60, Y=00, 10110101
         1953928 | FF | 5724 | ( 6)  LDA [$5B], Y   | PC=5726, PBR=FF, DBR=E1, S=01E1, D=0000, e=0, A=01, X=60, Y=00, 00110101
         1953929 | FF | 5726 | ( 3)  STA $50        | PC=5728, PBR=FF, DBR=E1, S=01E1, D=0000, e=0, A=01, X=60, Y=00, 00110101
         1953930 | FF | 5728 | ( 2)  ASL            | PC=5729, PBR=FF, DBR=E1, S=01E1, D=0000, e=0, A=02, X=60, Y=00, 00110100
         1953931 | FF | 5729 | ( 5)  ROL $41        | PC=572B, PBR=FF, DBR=E1, S=01E1, D=0000, e=0, A=02, X=60, Y=00, 00110111
         1953932 | FF | 572B | ( 2)  INY            | PC=572C, PBR=FF, DBR=E1, S=01E1, D=0000, e=0, A=02, X=60, Y=01, 00110101
         1953933 | FF | 572C | ( 3)  BNE $04 (4)    | PC=5732, PBR=FF, DBR=E1, S=01E1, D=0000, e=0, A=02, X=60, Y=01, 00110101
         1953934 | FF | 5732 | ( 3)  PHA            | PC=5733, PBR=FF, DBR=E1, S=01E0, D=0000, e=0, A=02, X=60, Y=01, 00110101
         1953935 | FF | 5733 | ( 4)  PLA            | PC=5734, PBR=FF, DBR=E1, S=01E1, D=0000, e=0, A=02, X=60, Y=01, 00110101
         1953936 | FF | 5734 | ( 2)  LDA #$02       | PC=5736, PBR=FF, DBR=E1, S=01E1, D=0000, e=0, A=02, X=60, Y=01, 00110101
         1953937 | FF | 5736 | ( 3)  ORA $41        | PC=5738, PBR=FF, DBR=E1, S=01E1, D=0000, e=0, A=02, X=60, Y=01, 00110101
         1953938 | FF | 5738 | ( 3)  STA $41        | PC=573A, PBR=FF, DBR=E1, S=01E1, D=0000, e=0, A=02, X=60, Y=01, 00110101
         1953939 | FF | 573A | ( 3)  LDA $51        | PC=573C, PBR=FF, DBR=E1, S=01E1, D=0000, e=0, A=00, X=60, Y=01, 00110111
         1953940 | FF | 573C | ( 2)  ORA #$80       | PC=573E, PBR=FF, DBR=E1, S=01E1, D=0000, e=0, A=80, X=60, Y=01, 10110101
         1953941 | FF | 573E | ( 6)  JSR $57FD      | PC=57FD, PBR=FF, DBR=E1, S=01DF, D=0000, e=0, A=80, X=60, Y=01, 10110101
         1953946 | FF | 5741 | ( 6)  LDA [$5B], Y   | PC=5743, PBR=FF, DBR=E1, S=01E1, D=0000, e=0, A=02, X=60, Y=01, 00110101
         1953947 | FF | 5743 | ( 3)  STA $51        | PC=5745, PBR=FF, DBR=E1, S=01E1, D=0000, e=0, A=02, X=60, Y=01, 00110101
         1953948 | FF | 5745 | ( 2)  ASL            | PC=5746, PBR=FF, DBR=E1, S=01E1, D=0000, e=0, A=04, X=60, Y=01, 00110100
         1953949 | FF | 5746 | ( 5)  ROL $41        | PC=5748, PBR=FF, DBR=E1, S=01E1, D=0000, e=0, A=04, X=60, Y=01, 00110100
         1953950 | FF | 5748 | ( 2)  INY            | PC=5749, PBR=FF, DBR=E1, S=01E1, D=0000, e=0, A=04, X=60, Y=02, 00110100
         1953951 | FF | 5749 | ( 3)  LDA $52        | PC=574B, PBR=FF, DBR=E1, S=01E1, D=0000, e=0, A=00, X=60, Y=02, 00110110
         1953952 | FF | 574B | ( 2)  ORA #$80       | PC=574D, PBR=FF, DBR=E1, S=01E1, D=0000, e=0, A=80, X=60, Y=02, 10110100
         1953953 | FF | 574D | ( 6)  JSR $57FD      | PC=57FD, PBR=FF, DBR=E1, S=01DF, D=0000, e=0, A=80, X=60, Y=02, 10110100
         1953958 | FF | 5750 | ( 6)  LDA [$5B], Y   | PC=5752, PBR=FF, DBR=E1, S=01E1, D=0000, e=0, A=01, X=60, Y=02, 00110101
         1953959 | FF | 5752 | ( 3)  STA $52        | PC=5754, PBR=FF, DBR=E1, S=01E1, D=0000, e=0, A=01, X=60, Y=02, 00110101
         1953960 | FF | 5754 | ( 2)  ASL            | PC=5755, PBR=FF, DBR=E1, S=01E1, D=0000, e=0, A=02, X=60, Y=02, 00110100
         1953961 | FF | 5755 | ( 5)  ROL $41        | PC=5757, PBR=FF, DBR=E1, S=01E1, D=0000, e=0, A=02, X=60, Y=02, 00110100
         1953962 | FF | 5757 | ( 2)  INY            | PC=5758, PBR=FF, DBR=E1, S=01E1, D=0000, e=0, A=02, X=60, Y=03, 00110100
         1953963 | FF | 5758 | ( 3)  LDA $53        | PC=575A, PBR=FF, DBR=E1, S=01E1, D=0000, e=0, A=00, X=60, Y=03, 00110110
         1953964 | FF | 575A | ( 2)  ORA #$80       | PC=575C, PBR=FF, DBR=E1, S=01E1, D=0000, e=0, A=80, X=60, Y=03, 10110100
         1953965 | FF | 575C | ( 6)  JSR $57FD      | PC=57FD, PBR=FF, DBR=E1, S=01DF, D=0000, e=0, A=80, X=60, Y=03, 10110100
         1953970 | FF | 575F | ( 6)  LDA [$5B], Y   | PC=5761, PBR=FF, DBR=E1, S=01E1, D=0000, e=0, A=02, X=60, Y=03, 00110101
         1953971 | FF | 5761 | ( 3)  STA $53        | PC=5763, PBR=FF, DBR=E1, S=01E1, D=0000, e=0, A=02, X=60, Y=03, 00110101
         1953972 | FF | 5763 | ( 2)  ASL            | PC=5764, PBR=FF, DBR=E1, S=01E1, D=0000, e=0, A=04, X=60, Y=03, 00110100
         1953973 | FF | 5764 | ( 5)  ROL $41        | PC=5766, PBR=FF, DBR=E1, S=01E1, D=0000, e=0, A=04, X=60, Y=03, 00110100
         1953974 | FF | 5766 | ( 2)  INY            | PC=5767, PBR=FF, DBR=E1, S=01E1, D=0000, e=0, A=04, X=60, Y=04, 00110100
         1953975 | FF | 5767 | ( 3)  BNE $04 (4)    | PC=576D, PBR=FF, DBR=E1, S=01E1, D=0000, e=0, A=04, X=60, Y=04, 00110100
         1953976 | FF | 576D | ( 3)  PHA            | PC=576E, PBR=FF, DBR=E1, S=01E0, D=0000, e=0, A=04, X=60, Y=04, 00110100
         1953977 | FF | 576E | ( 4)  PLA            | PC=576F, PBR=FF, DBR=E1, S=01E1, D=0000, e=0, A=04, X=60, Y=04, 00110100
         1953978 | FF | 576F | ( 3)  LDA $54        | PC=5771, PBR=FF, DBR=E1, S=01E1, D=0000, e=0, A=00, X=60, Y=04, 00110110
         1953979 | FF | 5771 | ( 2)  ORA #$80       | PC=5773, PBR=FF, DBR=E1, S=01E1, D=0000, e=0, A=80, X=60, Y=04, 10110100
         1953980 | FF | 5773 | ( 6)  JSR $57FD      | PC=57FD, PBR=FF, DBR=E1, S=01DF, D=0000, e=0, A=80, X=60, Y=04, 10110100
         1953985 | FF | 5776 | ( 6)  LDA [$5B], Y   | PC=5778, PBR=FF, DBR=E1, S=01E1, D=0000, e=0, A=01, X=60, Y=04, 00110101
         1953986 | FF | 5778 | ( 3)  STA $54        | PC=577A, PBR=FF, DBR=E1, S=01E1, D=0000, e=0, A=01, X=60, Y=04, 00110101
         1953987 | FF | 577A | ( 2)  ASL            | PC=577B, PBR=FF, DBR=E1, S=01E1, D=0000, e=0, A=02, X=60, Y=04, 00110100
         1953988 | FF | 577B | ( 5)  ROL $41        | PC=577D, PBR=FF, DBR=E1, S=01E1, D=0000, e=0, A=02, X=60, Y=04, 00110100
         1953989 | FF | 577D | ( 2)  INY            | PC=577E, PBR=FF, DBR=E1, S=01E1, D=0000, e=0, A=02, X=60, Y=05, 00110100
         1953990 | FF | 577E | ( 3)  LDA $55        | PC=5780, PBR=FF, DBR=E1, S=01E1, D=0000, e=0, A=00, X=60, Y=05, 00110110
         1953991 | FF | 5780 | ( 2)  ORA #$80       | PC=5782, PBR=FF, DBR=E1, S=01E1, D=0000, e=0, A=80, X=60, Y=05, 10110100
         1953992 | FF | 5782 | ( 6)  JSR $57FD      | PC=57FD, PBR=FF, DBR=E1, S=01DF, D=0000, e=0, A=80, X=60, Y=05, 10110100
         1953997 | FF | 5785 | ( 6)  LDA [$5B], Y   | PC=5787, PBR=FF, DBR=E1, S=01E1, D=0000, e=0, A=02, X=60, Y=05, 00110101
         1953998 | FF | 5787 | ( 3)  STA $55        | PC=5789, PBR=FF, DBR=E1, S=01E1, D=0000, e=0, A=02, X=60, Y=05, 00110101
         1953999 | FF | 5789 | ( 2)  ASL            | PC=578A, PBR=FF, DBR=E1, S=01E1, D=0000, e=0, A=04, X=60, Y=05, 00110100
         1954000 | FF | 578A | ( 5)  ROL $41        | PC=578C, PBR=FF, DBR=E1, S=01E1, D=0000, e=0, A=04, X=60, Y=05, 00110100
         1954001 | FF | 578C | ( 2)  INY            | PC=578D, PBR=FF, DBR=E1, S=01E1, D=0000, e=0, A=04, X=60, Y=06, 00110100
         1954002 | FF | 578D | ( 3)  LDA $56        | PC=578F, PBR=FF, DBR=E1, S=01E1, D=0000, e=0, A=00, X=60, Y=06, 00110110
         1954003 | FF | 578F | ( 2)  ORA #$80       | PC=5791, PBR=FF, DBR=E1, S=01E1, D=0000, e=0, A=80, X=60, Y=06, 10110100
         1954004 | FF | 5791 | ( 6)  JSR $57FD      | PC=57FD, PBR=FF, DBR=E1, S=01DF, D=0000, e=0, A=80, X=60, Y=06, 10110100
         1954009 | FF | 5794 | ( 6)  LDA [$5B], Y   | PC=5796, PBR=FF, DBR=E1, S=01E1, D=0000, e=0, A=01, X=60, Y=06, 00110101
         1954010 | FF | 5796 | ( 3)  STA $56        | PC=5798, PBR=FF, DBR=E1, S=01E1, D=0000, e=0, A=01, X=60, Y=06, 00110101
         1954011 | FF | 5798 | ( 2)  ASL            | PC=5799, PBR=FF, DBR=E1, S=01E1, D=0000, e=0, A=02, X=60, Y=06, 00110100
         1954012 | FF | 5799 | ( 5)  ROL $41        | PC=579B, PBR=FF, DBR=E1, S=01E1, D=0000, e=0, A=02, X=60, Y=06, 10110100
         1954013 | FF | 579B | ( 2)  INY            | PC=579C, PBR=FF, DBR=E1, S=01E1, D=0000, e=0, A=02, X=60, Y=07, 00110100
         1954014 | FF | 579C | ( 5)  DEC $4E        | PC=579E, PBR=FF, DBR=E1, S=01E1, D=0000, e=0, A=02, X=60, Y=07, 00110110
         1954015 | FF | 579E | ( 3)  BEQ $03 (3)    | PC=57A3, PBR=FF, DBR=E1, S=01E1, D=0000, e=0, A=02, X=60, Y=07, 00110110
         1954016 | FF | 57A3 | ( 3)  LDA $40        | PC=57A5, PBR=FF, DBR=E1, S=01E1, D=0000, e=0, A=87, X=60, Y=07, 10110100
         1954017 | FF | 57A5 | ( 2)  ORA #$AA       | PC=57A7, PBR=FF, DBR=E1, S=01E1, D=0000, e=0, A=AF, X=60, Y=07, 10110100
         1954018 | FF | 57A7 | ( 6)  JSR $57FD      | PC=57FD, PBR=FF, DBR=E1, S=01DF, D=0000, e=0, A=AF, X=60, Y=07, 10110100
         1954023 | FF | 57AA | ( 3)  LDA $40        | PC=57AC, PBR=FF, DBR=E1, S=01E1, D=0000, e=0, A=87, X=60, Y=07, 10110101
         1954024 | FF | 57AC | ( 2)  LSR            | PC=57AD, PBR=FF, DBR=E1, S=01E1, D=0000, e=0, A=43, X=60, Y=07, 00110101
         1954025 | FF | 57AD | ( 2)  ORA #$AA       | PC=57AF, PBR=FF, DBR=E1, S=01E1, D=0000, e=0, A=EB, X=60, Y=07, 10110101
         1954026 | FF | 57AF | ( 6)  JSR $597D      | PC=597D, PBR=FF, DBR=E1, S=01DF, D=0000, e=0, A=EB, X=60, Y=07, 10110101
         1954033 | FF | 57B2 | ( 2)  LDA #$C8       | PC=57B4, PBR=FF, DBR=E1, S=01E1, D=0000, e=0, A=C8, X=60, Y=80, 10110101
         1954034 | FF | 57B4 | ( 6)  JSR $597D      | PC=597D, PBR=FF, DBR=E1, S=01DF, D=0000, e=0, A=C8, X=60, Y=80, 10110101
         1954041 | FF | 57B7 | ( 4)  LDA $C08C, X   | PC=57BA, PBR=FF, DBR=E1, S=01E1, D=0000, e=0, A=80, X=60, Y=80, 10110101
         1954042 | FF | 57BA | ( 2)  AND #$40       | PC=57BC, PBR=FF, DBR=E1, S=01E1, D=0000, e=0, A=00, X=60, Y=80, 00110111
         1954043 | FF | 57BC | ( 2)  BNE $F9 (-7)   | PC=57BE, PBR=FF, DBR=E1, S=01E1, D=0000, e=0, A=00, X=60, Y=80, 00110111
         1954044 | FF | 57BE | ( 5)  STA $C08D, X   | PC=57C1, PBR=FF, DBR=E1, S=01E1, D=0000, e=0, A=00, X=60, Y=80, 00110111
         1954045 | FF | 57C1 | ( 2)  LDY #$0A       | PC=57C3, PBR=FF, DBR=E1, S=01E1, D=0000, e=0, A=00, X=60, Y=0A, 00110101
         1954046 | FF | 57C3 | ( 5)  LDA $00C036    | PC=57C7, PBR=FF, DBR=E1, S=01E1, D=0000, e=0, A=C0, X=60, Y=0A, 10110101
         1954047 | FF | 57C7 | ( 3)  XBA            | PC=57C8, PBR=FF, DBR=E1, S=01E1, D=0000, e=0, A=A7, X=60, Y=0A, 10110101
         1954048 | FF | 57C8 | ( 2)  AND #$7F       | PC=57CA, PBR=FF, DBR=E1, S=01E1, D=0000, e=0, A=27, X=60, Y=0A, 00110101
         1954049 | FF | 57CA | ( 5)  STA $00C036    | PC=57CE, PBR=FF, DBR=E1, S=01E1, D=0000, e=0, A=27, X=60, Y=0A, 00110101
         1954086 | FF | 57CE | ( 2)  DEY            | PC=57CF, PBR=FF, DBR=E1, S=01E1, D=0000, e=0, A=A7, X=60, Y=00, 00110111
         1954087 | FF | 57CF | ( 3)  BEQ $0C (12)   | PC=57DD, PBR=FF, DBR=E1, S=01E1, D=0000, e=0, A=A7, X=60, Y=00, 00110111
         1954084 | FF | 57D1 | ( 4)  LDA $C08E, X   | PC=57D4, PBR=FF, DBR=E1, S=01E1, D=0000, e=0, A=A7, X=60, Y=01, 10110101
         1954085 | FF | 57D4 | ( 3)  BMI $F8 (-8)   | PC=57CE, PBR=FF, DBR=E1, S=01E1, D=0000, e=0, A=A7, X=60, Y=01, 10110101
         1954088 | FF | 57DD | ( 3)  XBA            | PC=57DE, PBR=FF, DBR=E1, S=01E1, D=0000, e=0, A=C0, X=60, Y=00, 10110101
         1954089 | FF | 57DE | ( 5)  STA $00C036    | PC=57E2, PBR=FF, DBR=E1, S=01E1, D=0000, e=0, A=C0, X=60, Y=00, 10110101
         1954090 | FF | 57E2 | ( 2)  LDA #$01       | PC=57E4, PBR=FF, DBR=E1, S=01E1, D=0000, e=0, A=01, X=60, Y=00, 00110101
         1954091 | FF | 57E4 | ( 2)  LDX #$60       | PC=57E6, PBR=FF, DBR=E1, S=01E1, D=0000, e=0, A=01, X=60, Y=00, 00110101
         1954092 | FF | 57E6 | ( 2)  SEC            | PC=57E7, PBR=FF, DBR=E1, S=01E1, D=0000, e=0, A=01, X=60, Y=00, 00110101
         1954093 | FF | 57E7 | ( 3)  BRA $01 (1)    | PC=57EA, PBR=FF, DBR=E1, S=01E1, D=0000, e=0, A=01, X=60, Y=00, 00110101
         1954094 | FF | 57EA | ( 4)  LDA $C080, X   | PC=57ED, PBR=FF, DBR=E1, S=01E1, D=0000, e=0, A=A7, X=60, Y=00, 10110101
         1954095 | FF | 57ED | ( 4)  LDA $C08C, X   | PC=57F0, PBR=FF, DBR=E1, S=01E1, D=0000, e=0, A=FF, X=60, Y=00, 10110101
         1954096 | FF | 57F0 | ( 3)  PHK            | PC=57F1, PBR=FF, DBR=E1, S=01E0, D=0000, e=0, A=FF, X=60, Y=00, 10110101
         1954097 | FF | 57F1 | ( 4)  PLB            | PC=57F2, PBR=FF, DBR=FF, S=01E1, D=0000, e=0, A=FF, X=60, Y=00, 10110101
         1954098 | FF | 57F2 | ( 6)  RTS            | PC=5FA7, PBR=FF, DBR=FF, S=01E3, D=0000, e=0, A=FF, X=60, Y=00, 10110101
         1954019 | FF | 57FD | ( 7)  ASL $C08C, X   | PC=5800, PBR=FF, DBR=E1, S=01DF, D=0000, e=0, A=AF, X=60, Y=07, 00110111
         1954020 | FF | 5800 | ( 2)  BCC $FB (-5)   | PC=5802, PBR=FF, DBR=E1, S=01DF, D=0000, e=0, A=AF, X=60, Y=07, 00110111
         1954021 | FF | 5802 | ( 5)  STA $C08D, X   | PC=5805, PBR=FF, DBR=E1, S=01DF, D=0000, e=0, A=AF, X=60, Y=07, 00110111
         1954022 | FF | 5805 | ( 6)  RTS            | PC=57AA, PBR=FF, DBR=E1, S=01E1, D=0000, e=0, A=AF, X=60, Y=07, 00110111
         1953853 | FF | 597B | ( 2)  LDA #$80       | PC=597D, PBR=FF, DBR=E1, S=01DF, D=0000, e=0, A=80, X=60, Y=80, 10110101
         1954035 | FF | 597D | ( 4)  LDY $C08C, X   | PC=5980, PBR=FF, DBR=E1, S=01DF, D=0000, e=0, A=C8, X=60, Y=80, 10110101
         1954036 | FF | 5980 | ( 2)  BPL $FB (-5)   | PC=5982, PBR=FF, DBR=E1, S=01DF, D=0000, e=0, A=C8, X=60, Y=80, 10110101
         1954037 | FF | 5982 | ( 5)  STA $C08D, X   | PC=5985, PBR=FF, DBR=E1, S=01DF, D=0000, e=0, A=C8, X=60, Y=80, 10110101
         1954038 | FF | 5985 | ( 3)  EOR $40        | PC=5987, PBR=FF, DBR=E1, S=01DF, D=0000, e=0, A=A4, X=60, Y=80, 10110101
         1954039 | FF | 5987 | ( 3)  STA $40        | PC=5989, PBR=FF, DBR=E1, S=01DF, D=0000, e=0, A=A4, X=60, Y=80, 10110101
         1954040 | FF | 5989 | ( 6)  RTS            | PC=57B7, PBR=FF, DBR=E1, S=01E1, D=0000, e=0, A=A4, X=60, Y=80, 10110101
         1914121 | FF | 598A | ( 6)  JSR $59D2      | PC=59D2, PBR=FF, DBR=E1, S=01E3, D=0000, e=0, A=00, X=6E, Y=FF, 00110111
         1914135 | FF | 598D | ( 6)  JSR $602B      | PC=602B, PBR=FF, DBR=FF, S=01E3, D=0000, e=0, A=00, X=60, Y=FF, 10110101
         1914140 | FF | 5990 | ( 4)  LDA $C081, X   | PC=5993, PBR=FF, DBR=E1, S=01E5, D=0000, e=0, A=00, X=60, Y=FF, 00110111
         1914141 | FF | 5993 | ( 4)  LDA $C085, X   | PC=5996, PBR=FF, DBR=E1, S=01E5, D=0000, e=0, A=00, X=60, Y=FF, 00110111
         1914142 | FF | 5996 | ( 2)  LDY #$50       | PC=5998, PBR=FF, DBR=E1, S=01E5, D=0000, e=0, A=00, X=60, Y=50, 00110101
         1914143 | FF | 5998 | ( 6)  JSR $59A2      | PC=59A2, PBR=FF, DBR=E1, S=01E3, D=0000, e=0, A=00, X=60, Y=50, 00110101
         1947185 | FF | 599B | ( 6)  JSR $59D2      | PC=59D2, PBR=FF, DBR=E1, S=01E3, D=0000, e=0, A=00, X=00, Y=00, 00110111
         1947199 | FF | 599E | ( 3)  PHK            | PC=599F, PBR=FF, DBR=FF, S=01E4, D=0000, e=0, A=00, X=60, Y=00, 10110101
         1947200 | FF | 599F | ( 4)  PLB            | PC=59A0, PBR=FF, DBR=FF, S=01E5, D=0000, e=0, A=00, X=60, Y=00, 10110101
         1947201 | FF | 59A0 | ( 2)  LDY #$0A       | PC=59A2, PBR=FF, DBR=FF, S=01E5, D=0000, e=0, A=00, X=60, Y=0A, 00110101
         1950919 | FF | 59A2 | ( 6)  JSR $59A9      | PC=59A9, PBR=FF, DBR=FF, S=01E3, D=0000, e=0, A=00, X=00, Y=01, 00110101
         1951330 | FF | 59A5 | ( 2)  DEY            | PC=59A6, PBR=FF, DBR=FF, S=01E5, D=0000, e=0, A=00, X=00, Y=00, 00110111
         1951331 | FF | 59A6 | ( 2)  BNE $FA (-6)   | PC=59A8, PBR=FF, DBR=FF, S=01E5, D=0000, e=0, A=00, X=00, Y=00, 00110111
         1951332 | FF | 59A8 | ( 6)  RTS            | PC=5F0A, PBR=FF, DBR=FF, S=01E7, D=0000, e=0, A=00, X=00, Y=00, 00110111
         1950920 | FF | 59A9 | ( 3)  PHA            | PC=59AA, PBR=FF, DBR=FF, S=01E2, D=0000, e=0, A=00, X=00, Y=01, 00110101
         1950921 | FF | 59AA | ( 5)  LDA $00C036    | PC=59AE, PBR=FF, DBR=FF, S=01E2, D=0000, e=0, A=C0, X=00, Y=01, 10110101
         1950922 | FF | 59AE | ( 3)  PHA            | PC=59AF, PBR=FF, DBR=FF, S=01E1, D=0000, e=0, A=C0, X=00, Y=01, 10110101
         1950923 | FF | 59AF | ( 2)  AND #$7F       | PC=59B1, PBR=FF, DBR=FF, S=01E1, D=0000, e=0, A=40, X=00, Y=01, 00110101
         1950924 | FF | 59B1 | ( 5)  STA $00C036    | PC=59B5, PBR=FF, DBR=FF, S=01E1, D=0000, e=0, A=40, X=00, Y=01, 00110101
         1950925 | FF | 59B5 | ( 2)  LDX #$64       | PC=59B7, PBR=FF, DBR=FF, S=01E1, D=0000, e=0, A=40, X=64, Y=01, 00110101
         1951322 | FF | 59B7 | ( 2)  DEX            | PC=59B8, PBR=FF, DBR=FF, S=01E1, D=0000, e=0, A=40, X=00, Y=01, 00110111
         1951323 | FF | 59B8 | ( 2)  NOP            | PC=59B9, PBR=FF, DBR=FF, S=01E1, D=0000, e=0, A=40, X=00, Y=01, 00110111
         1951324 | FF | 59B9 | ( 2)  BNE $00 (0)    | PC=59BB, PBR=FF, DBR=FF, S=01E1, D=0000, e=0, A=40, X=00, Y=01, 00110111
         1951325 | FF | 59BB | ( 2)  BNE $FA (-6)   | PC=59BD, PBR=FF, DBR=FF, S=01E1, D=0000, e=0, A=40, X=00, Y=01, 00110111
         1951326 | FF | 59BD | ( 4)  PLA            | PC=59BE, PBR=FF, DBR=FF, S=01E2, D=0000, e=0, A=C0, X=00, Y=01, 10110101
         1951327 | FF | 59BE | ( 5)  STA $00C036    | PC=59C2, PBR=FF, DBR=FF, S=01E2, D=0000, e=0, A=C0, X=00, Y=01, 10110101
         1951328 | FF | 59C2 | ( 4)  PLA            | PC=59C3, PBR=FF, DBR=FF, S=01E3, D=0000, e=0, A=00, X=00, Y=01, 00110111
         1951329 | FF | 59C3 | ( 6)  RTS            | PC=59A5, PBR=FF, DBR=FF, S=01E5, D=0000, e=0, A=00, X=00, Y=01, 00110111
         1953752 | FF | 59C4 | ( 2)  LDX #$60       | PC=59C6, PBR=FF, DBR=E1, S=01DF, D=0000, e=0, A=87, X=60, Y=07, 00110100
         1953753 | FF | 59C6 | ( 6)  JSR $602B      | PC=602B, PBR=FF, DBR=E1, S=01DD, D=0000, e=0, A=87, X=60, Y=07, 00110100
         1953758 | FF | 59C9 | ( 4)  LDA $C083, X   | PC=59CC, PBR=FF, DBR=E1, S=01DF, D=0000, e=0, A=00, X=60, Y=07, 00110110
         1953759 | FF | 59CC | ( 4)  LDA $C087, X   | PC=59CF, PBR=FF, DBR=E1, S=01DF, D=0000, e=0, A=00, X=60, Y=07, 00110110
         1953760 | FF | 59CF | ( 3)  PHK            | PC=59D0, PBR=FF, DBR=E1, S=01DE, D=0000, e=0, A=00, X=60, Y=07, 00110110
         1953761 | FF | 59D0 | ( 4)  PLB            | PC=59D1, PBR=FF, DBR=FF, S=01DF, D=0000, e=0, A=00, X=60, Y=07, 10110100
         1953762 | FF | 59D1 | ( 6)  RTS            | PC=5693, PBR=FF, DBR=FF, S=01E1, D=0000, e=0, A=00, X=60, Y=07, 10110100
         1953500 | FF | 59D2 | ( 2)  LDX #$60       | PC=59D4, PBR=FF, DBR=E1, S=01E1, D=0000, e=0, A=80, X=60, Y=0F, 01110101
         1953501 | FF | 59D4 | ( 6)  JSR $602B      | PC=602B, PBR=FF, DBR=E1, S=01DF, D=0000, e=0, A=80, X=60, Y=0F, 01110101
         1953506 | FF | 59D7 | ( 4)  LDA $C080, X   | PC=59DA, PBR=FF, DBR=E1, S=01E1, D=0000, e=0, A=FF, X=60, Y=0F, 11110101
         1953507 | FF | 59DA | ( 4)  LDA $C082, X   | PC=59DD, PBR=FF, DBR=E1, S=01E1, D=0000, e=0, A=FF, X=60, Y=0F, 11110101
         1953508 | FF | 59DD | ( 4)  LDA $C084, X   | PC=59E0, PBR=FF, DBR=E1, S=01E1, D=0000, e=0, A=FF, X=60, Y=0F, 11110101
         1953509 | FF | 59E0 | ( 4)  LDA $C086, X   | PC=59E3, PBR=FF, DBR=E1, S=01E1, D=0000, e=0, A=FF, X=60, Y=0F, 11110101
         1953510 | FF | 59E3 | ( 3)  PHK            | PC=59E4, PBR=FF, DBR=E1, S=01E0, D=0000, e=0, A=FF, X=60, Y=0F, 11110101
         1953511 | FF | 59E4 | ( 4)  PLB            | PC=59E5, PBR=FF, DBR=FF, S=01E1, D=0000, e=0, A=FF, X=60, Y=0F, 11110101
         1953512 | FF | 59E5 | ( 6)  RTS            | PC=5F94, PBR=FF, DBR=FF, S=01E3, D=0000, e=0, A=FF, X=60, Y=0F, 11110101
         1953521 | FF | 5A7C | ( 3)  LDX $51        | PC=5A7E, PBR=FF, DBR=FF, S=01DF, D=0000, e=0, A=09, X=00, Y=0F, 01110111
         1953522 | FF | 5A7E | ( 3)  BEQ $17 (23)   | PC=5A97, PBR=FF, DBR=FF, S=01DF, D=0000, e=0, A=09, X=00, Y=0F, 01110111
         1953523 | FF | 5A97 | ( 4)  LDA $5A67, X   | PC=5A9A, PBR=FF, DBR=FF, S=01DF, D=0000, e=0, A=00, X=00, Y=0F, 01110111
         1953524 | FF | 5A9A | ( 3)  STA $4E        | PC=5A9C, PBR=FF, DBR=FF, S=01DF, D=0000, e=0, A=00, X=00, Y=0F, 01110111
         1953525 | FF | 5A9C | ( 4)  LDA $5A6A, X   | PC=5A9F, PBR=FF, DBR=FF, S=01DF, D=0000, e=0, A=00, X=00, Y=0F, 01110111
         1953526 | FF | 5A9F | ( 3)  STA $4F        | PC=5AA1, PBR=FF, DBR=FF, S=01DF, D=0000, e=0, A=00, X=00, Y=0F, 01110111
         1953527 | FF | 5AA1 | ( 2)  LDX #$05       | PC=5AA3, PBR=FF, DBR=FF, S=01DF, D=0000, e=0, A=00, X=05, Y=0F, 01110101
         1953528 | FF | 5AA3 | ( 3)  LDA $50        | PC=5AA5, PBR=FF, DBR=FF, S=01DF, D=0000, e=0, A=09, X=05, Y=0F, 01110101
         1953529 | FF | 5AA5 | ( 3)  STA $5F        | PC=5AA7, PBR=FF, DBR=FF, S=01DF, D=0000, e=0, A=09, X=05, Y=0F, 01110101
         1953530 | FF | 5AA7 | ( 2)  AND #$07       | PC=5AA9, PBR=FF, DBR=FF, S=01DF, D=0000, e=0, A=01, X=05, Y=0F, 01110101
         1953531 | FF | 5AA9 | ( 2)  TAY            | PC=5AAA, PBR=FF, DBR=FF, S=01DF, D=0000, e=0, A=01, X=05, Y=01, 01110101
         1953552 | FF | 5AAA | ( 5)  ASL $5F        | PC=5AAC, PBR=FF, DBR=FF, S=01DF, D=0000, e=0, A=01, X=01, Y=01, 01110101
         1953553 | FF | 5AAC | ( 2)  BCC $15 (21)   | PC=5AAE, PBR=FF, DBR=FF, S=01DF, D=0000, e=0, A=01, X=01, Y=01, 01110101
         1953554 | FF | 5AAE | ( 4)  LDA $5A73, X   | PC=5AB1, PBR=FF, DBR=FF, S=01DF, D=0000, e=0, A=01, X=01, Y=01, 01110101
         1953568 | FF | 5AB1 | ( 2)  CLC            | PC=5AB2, PBR=FF, DBR=FF, S=01DF, D=0000, e=0, A=01, X=00, Y=01, 00110100
         1953569 | FF | 5AB2 | ( 3)  ADC $4F        | PC=5AB4, PBR=FF, DBR=FF, S=01DF, D=0000, e=0, A=02, X=00, Y=01, 00110100
         1953570 | FF | 5AB4 | ( 2)  CMP #$07       | PC=5AB6, PBR=FF, DBR=FF, S=01DF, D=0000, e=0, A=02, X=00, Y=01, 10110100
         1953571 | FF | 5AB6 | ( 3)  BCC $02 (2)    | PC=5ABA, PBR=FF, DBR=FF, S=01DF, D=0000, e=0, A=02, X=00, Y=01, 10110100
         1953572 | FF | 5ABA | ( 3)  STA $4F        | PC=5ABC, PBR=FF, DBR=FF, S=01DF, D=0000, e=0, A=02, X=00, Y=01, 10110100
         1953573 | FF | 5ABC | ( 4)  LDA $5A6D, X   | PC=5ABF, PBR=FF, DBR=FF, S=01DF, D=0000, e=0, A=00, X=00, Y=01, 00110110
         1953574 | FF | 5ABF | ( 3)  ADC $4E        | PC=5AC1, PBR=FF, DBR=FF, S=01DF, D=0000, e=0, A=01, X=00, Y=01, 00110100
         1953575 | FF | 5AC1 | ( 3)  STA $4E        | PC=5AC3, PBR=FF, DBR=FF, S=01DF, D=0000, e=0, A=01, X=00, Y=01, 00110100
         1953576 | FF | 5AC3 | ( 2)  DEX            | PC=5AC4, PBR=FF, DBR=FF, S=01DF, D=0000, e=0, A=01, X=FF, Y=01, 10110100
         1953577 | FF | 5AC4 | ( 3)  BMI $06 (6)    | PC=5ACC, PBR=FF, DBR=FF, S=01DF, D=0000, e=0, A=01, X=FF, Y=01, 10110100
         1953565 | FF | 5AC6 | ( 2)  BNE $E2 (-30)  | PC=5AC8, PBR=FF, DBR=FF, S=01DF, D=0000, e=0, A=01, X=00, Y=01, 00110110
         1953566 | FF | 5AC8 | ( 2)  TYA            | PC=5AC9, PBR=FF, DBR=FF, S=01DF, D=0000, e=0, A=01, X=00, Y=01, 00110100
         1953567 | FF | 5AC9 | ( 3)  JMP $5AB1      | PC=5AB1, PBR=FF, DBR=FF, S=01DF, D=0000, e=0, A=01, X=00, Y=01, 00110100
         1953578 | FF | 5ACC | ( 3)  LDA $58        | PC=5ACE, PBR=FF, DBR=FF, S=01DF, D=0000, e=0, A=00, X=FF, Y=01, 00110110
         1953579 | FF | 5ACE | ( 3)  PHA            | PC=5ACF, PBR=FF, DBR=FF, S=01DE, D=0000, e=0, A=00, X=FF, Y=01, 00110110
         1953580 | FF | 5ACF | ( 2)  LDA #$00       | PC=5AD1, PBR=FF, DBR=FF, S=01DE, D=0000, e=0, A=00, X=FF, Y=01, 00110110
         1953581 | FF | 5AD1 | ( 3)  LDX $51        | PC=5AD3, PBR=FF, DBR=FF, S=01DE, D=0000, e=0, A=00, X=00, Y=01, 00110110
         1953582 | FF | 5AD3 | ( 3)  BEQ $16 (22)   | PC=5AEB, PBR=FF, DBR=FF, S=01DE, D=0000, e=0, A=00, X=00, Y=01, 00110110
         1953583 | FF | 5AEB | ( 3)  LDY $50        | PC=5AED, PBR=FF, DBR=FF, S=01DE, D=0000, e=0, A=00, X=00, Y=09, 00110100
         1953584 | FF | 5AED | ( 2)  BEQ $09 (9)    | PC=5AEF, PBR=FF, DBR=FF, S=01DE, D=0000, e=0, A=00, X=00, Y=09, 00110100
         1953585 | FF | 5AEF | ( 6)  EOR [$57], Y   | PC=5AF1, PBR=FF, DBR=FF, S=01DE, D=0000, e=0, A=01, X=00, Y=09, 00110100
         1953610 | FF | 5AF1 | ( 6)  EOR [$57], Y   | PC=5AF3, PBR=FF, DBR=FF, S=01DE, D=0000, e=0, A=02, X=00, Y=01, 00110100
         1953611 | FF | 5AF3 | ( 2)  DEY            | PC=5AF4, PBR=FF, DBR=FF, S=01DE, D=0000, e=0, A=02, X=00, Y=00, 00110110
         1953612 | FF | 5AF4 | ( 2)  BNE $FB (-5)   | PC=5AF6, PBR=FF, DBR=FF, S=01DE, D=0000, e=0, A=02, X=00, Y=00, 00110110
         1953613 | FF | 5AF6 | ( 6)  EOR [$57], Y   | PC=5AF8, PBR=FF, DBR=FF, S=01DE, D=0000, e=0, A=07, X=00, Y=00, 00110100
         1953614 | FF | 5AF8 | ( 3)  STA $40        | PC=5AFA, PBR=FF, DBR=FF, S=01DE, D=0000, e=0, A=07, X=00, Y=00, 00110100
         1953615 | FF | 5AFA | ( 4)  PLA            | PC=5AFB, PBR=FF, DBR=FF, S=01DF, D=0000, e=0, A=00, X=00, Y=00, 00110110
         1953616 | FF | 5AFB | ( 3)  STA $58        | PC=5AFD, PBR=FF, DBR=FF, S=01DF, D=0000, e=0, A=00, X=00, Y=00, 00110110
         1953617 | FF | 5AFD | ( 3)  LDY $4F        | PC=5AFF, PBR=FF, DBR=FF, S=01DF, D=0000, e=0, A=00, X=00, Y=02, 00110100
         1953618 | FF | 5AFF | ( 2)  DEY            | PC=5B00, PBR=FF, DBR=FF, S=01DF, D=0000, e=0, A=00, X=00, Y=01, 00110100
         1953619 | FF | 5B00 | ( 2)  LDA #$00       | PC=5B02, PBR=FF, DBR=FF, S=01DF, D=0000, e=0, A=00, X=00, Y=01, 00110110
         1953620 | FF | 5B02 | ( 3)  STA $5F        | PC=5B04, PBR=FF, DBR=FF, S=01DF, D=0000, e=0, A=00, X=00, Y=01, 00110110
         1953626 | FF | 5B04 | ( 6)  LDA [$57], Y   | PC=5B06, PBR=FF, DBR=FF, S=01DF, D=0000, e=0, A=05, X=00, Y=00, 00110100
         1953627 | FF | 5B06 | ( 2)  ASL            | PC=5B07, PBR=FF, DBR=FF, S=01DF, D=0000, e=0, A=0A, X=00, Y=00, 00110100
         1953628 | FF | 5B07 | ( 5)  ROR $5F        | PC=5B09, PBR=FF, DBR=FF, S=01DF, D=0000, e=0, A=0A, X=00, Y=00, 00110110
         1953629 | FF | 5B09 | ( 2)  DEY            | PC=5B0A, PBR=FF, DBR=FF, S=01DF, D=0000, e=0, A=0A, X=00, Y=FF, 10110100
         1953630 | FF | 5B0A | ( 2)  BPL $F8 (-8)   | PC=5B0C, PBR=FF, DBR=FF, S=01DF, D=0000, e=0, A=0A, X=00, Y=FF, 10110100
         1953631 | FF | 5B0C | ( 2)  SEC            | PC=5B0D, PBR=FF, DBR=FF, S=01DF, D=0000, e=0, A=0A, X=00, Y=FF, 10110101
         1953632 | FF | 5B0D | ( 5)  ROR $5F        | PC=5B0F, PBR=FF, DBR=FF, S=01DF, D=0000, e=0, A=0A, X=00, Y=FF, 10110100
         1953633 | FF | 5B0F | ( 3)  LDA $4F        | PC=5B11, PBR=FF, DBR=FF, S=01DF, D=0000, e=0, A=02, X=00, Y=FF, 00110100
         1953634 | FF | 5B11 | ( 2)  CLC            | PC=5B12, PBR=FF, DBR=FF, S=01DF, D=0000, e=0, A=02, X=00, Y=FF, 00110100
         1953635 | FF | 5B12 | ( 3)  ADC $57        | PC=5B14, PBR=FF, DBR=FF, S=01DF, D=0000, e=0, A=47, X=00, Y=FF, 00110100
         1953636 | FF | 5B14 | ( 3)  STA $5B        | PC=5B16, PBR=FF, DBR=FF, S=01DF, D=0000, e=0, A=47, X=00, Y=FF, 00110100
         1953637 | FF | 5B16 | ( 3)  LDA $58        | PC=5B18, PBR=FF, DBR=FF, S=01DF, D=0000, e=0, A=00, X=00, Y=FF, 00110110
         1953638 | FF | 5B18 | ( 2)  ADC #$00       | PC=5B1A, PBR=FF, DBR=FF, S=01DF, D=0000, e=0, A=00, X=00, Y=FF, 00110110
         1953639 | FF | 5B1A | ( 3)  STA $5C        | PC=5B1C, PBR=FF, DBR=FF, S=01DF, D=0000, e=0, A=00, X=00, Y=FF, 00110110
         1953640 | FF | 5B1C | ( 3)  LDA $59        | PC=5B1E, PBR=FF, DBR=FF, S=01DF, D=0000, e=0, A=00, X=00, Y=FF, 00110110
         1953641 | FF | 5B1E | ( 2)  ADC #$00       | PC=5B20, PBR=FF, DBR=FF, S=01DF, D=0000, e=0, A=00, X=00, Y=FF, 00110110
         1953642 | FF | 5B20 | ( 3)  STA $5D        | PC=5B22, PBR=FF, DBR=FF, S=01DF, D=0000, e=0, A=00, X=00, Y=FF, 00110110
         1953643 | FF | 5B22 | ( 3)  LDA $5A        | PC=5B24, PBR=FF, DBR=FF, S=01DF, D=0000, e=0, A=00, X=00, Y=FF, 00110110
         1953644 | FF | 5B24 | ( 2)  ADC #$00       | PC=5B26, PBR=FF, DBR=FF, S=01DF, D=0000, e=0, A=00, X=00, Y=FF, 00110110
         1953645 | FF | 5B26 | ( 3)  STA $5E        | PC=5B28, PBR=FF, DBR=FF, S=01DF, D=0000, e=0, A=00, X=00, Y=FF, 00110110
         1953646 | FF | 5B28 | ( 6)  JSR $6026      | PC=6026, PBR=FF, DBR=FF, S=01DD, D=0000, e=0, A=00, X=00, Y=FF, 00110110
         1953652 | FF | 5B2B | ( 2)  LDY #$06       | PC=5B2D, PBR=FF, DBR=00, S=01DF, D=0000, e=0, A=00, X=00, Y=06, 00110100
         1953701 | FF | 5B2D | ( 2)  SEC            | PC=5B2E, PBR=FF, DBR=00, S=01DF, D=0000, e=0, A=00, X=00, Y=00, 00110111
         1953702 | FF | 5B2E | ( 6)  LDA [$5B], Y   | PC=5B30, PBR=FF, DBR=00, S=01DF, D=0000, e=0, A=00, X=00, Y=00, 00110111
         1953703 | FF | 5B30 | ( 5)  STA $0050, Y   | PC=5B33, PBR=FF, DBR=00, S=01DF, D=0000, e=0, A=00, X=00, Y=00, 00110111
         1953704 | FF | 5B33 | ( 2)  BMI $01 (1)    | PC=5B35, PBR=FF, DBR=00, S=01DF, D=0000, e=0, A=00, X=00, Y=00, 00110111
         1953705 | FF | 5B35 | ( 2)  CLC            | PC=5B36, PBR=FF, DBR=00, S=01DF, D=0000, e=0, A=00, X=00, Y=00, 00110110
         1953706 | FF | 5B36 | ( 5)  ROR $41        | PC=5B38, PBR=FF, DBR=00, S=01DF, D=0000, e=0, A=00, X=00, Y=00, 00110110
         1953707 | FF | 5B38 | ( 2)  DEY            | PC=5B39, PBR=FF, DBR=00, S=01DF, D=0000, e=0, A=00, X=00, Y=FF, 10110100
         1953708 | FF | 5B39 | ( 2)  BPL $F2 (-14)  | PC=5B3B, PBR=FF, DBR=00, S=01DF, D=0000, e=0, A=00, X=00, Y=FF, 10110100
         1953709 | FF | 5B3B | ( 3)  PHK            | PC=5B3C, PBR=FF, DBR=00, S=01DE, D=0000, e=0, A=00, X=00, Y=FF, 10110100
         1953710 | FF | 5B3C | ( 4)  PLB            | PC=5B3D, PBR=FF, DBR=FF, S=01DF, D=0000, e=0, A=00, X=00, Y=FF, 10110100
         1953711 | FF | 5B3D | ( 2)  SEC            | PC=5B3E, PBR=FF, DBR=FF, S=01DF, D=0000, e=0, A=00, X=00, Y=FF, 10110101
         1953712 | FF | 5B3E | ( 5)  ROR $41        | PC=5B40, PBR=FF, DBR=FF, S=01DF, D=0000, e=0, A=00, X=00, Y=FF, 10110100
         1953713 | FF | 5B40 | ( 3)  LDA $5B        | PC=5B42, PBR=FF, DBR=FF, S=01DF, D=0000, e=0, A=47, X=00, Y=FF, 00110100
         1953714 | FF | 5B42 | ( 2)  CLC            | PC=5B43, PBR=FF, DBR=FF, S=01DF, D=0000, e=0, A=47, X=00, Y=FF, 00110100
         1953715 | FF | 5B43 | ( 2)  ADC #$07       | PC=5B45, PBR=FF, DBR=FF, S=01DF, D=0000, e=0, A=4E, X=00, Y=FF, 00110100
         1953716 | FF | 5B45 | ( 3)  STA $5B        | PC=5B47, PBR=FF, DBR=FF, S=01DF, D=0000, e=0, A=4E, X=00, Y=FF, 00110100
         1953717 | FF | 5B47 | ( 3)  BCC $02 (2)    | PC=5B4B, PBR=FF, DBR=FF, S=01DF, D=0000, e=0, A=4E, X=00, Y=FF, 00110100
         1953718 | FF | 5B4B | ( 6)  RTS            | PC=567D, PBR=FF, DBR=FF, S=01E1, D=0000, e=0, A=4E, X=00, Y=FF, 00110100
         3782297 | FF | 5B4C | ( 6)  JSR $602B      | PC=602B, PBR=FF, DBR=E1, S=01EA, D=0000, e=0, A=00, X=60, Y=00, 00110101
         3782302 | FF | 5B4F | ( 4)  LDA $C0E8      | PC=5B52, PBR=FF, DBR=E1, S=01EC, D=0000, e=0, A=0B, X=60, Y=00, 00110101
         3782303 | FF | 5B52 | ( 4)  LDA $C0ED      | PC=5B55, PBR=FF, DBR=E1, S=01EC, D=0000, e=0, A=00, X=60, Y=00, 00110111
         3782304 | FF | 5B55 | ( 3)  BRA $04 (4)    | PC=5B5B, PBR=FF, DBR=E1, S=01EC, D=0000, e=0, A=00, X=60, Y=00, 00110111
         3782309 | FF | 5B57 | ( 2)  TYA            | PC=5B58, PBR=FF, DBR=E1, S=01EC, D=0000, e=0, A=00, X=60, Y=00, 00110111
         3782310 | FF | 5B58 | ( 4)  STA $C0EF      | PC=5B5B, PBR=FF, DBR=E1, S=01EC, D=0000, e=0, A=00, X=60, Y=00, 00110111
         3782311 | FF | 5B5B | ( 2)  TYA            | PC=5B5C, PBR=FF, DBR=E1, S=01EC, D=0000, e=0, A=00, X=60, Y=00, 00110111
         3782312 | FF | 5B5C | ( 4)  EOR $C0EE      | PC=5B5F, PBR=FF, DBR=E1, S=01EC, D=0000, e=0, A=00, X=60, Y=00, 00110111
         3782313 | FF | 5B5F | ( 2)  AND #$1F       | PC=5B61, PBR=FF, DBR=E1, S=01EC, D=0000, e=0, A=00, X=60, Y=00, 00110111
         3782314 | FF | 5B61 | ( 2)  BNE $F4 (-12)  | PC=5B63, PBR=FF, DBR=E1, S=01EC, D=0000, e=0, A=00, X=60, Y=00, 00110111
         3782315 | FF | 5B63 | ( 3)  PHK            | PC=5B64, PBR=FF, DBR=E1, S=01EB, D=0000, e=0, A=00, X=60, Y=00, 00110111
         3782316 | FF | 5B64 | ( 4)  PLB            | PC=5B65, PBR=FF, DBR=FF, S=01EC, D=0000, e=0, A=00, X=60, Y=00, 10110101
         3782317 | FF | 5B65 | ( 6)  RTS            | PC=5EF1, PBR=FF, DBR=FF, S=01EE, D=0000, e=0, A=00, X=60, Y=00, 10110101
         2985807 | FF | 5B66 | ( 2)  LDX #$60       | PC=5B68, PBR=FF, DBR=FF, S=01EF, D=0000, e=0, A=C0, X=60, Y=FF, 00110100
         2985808 | FF | 5B68 | ( 6)  JSR $602B      | PC=602B, PBR=FF, DBR=FF, S=01ED, D=0000, e=0, A=C0, X=60, Y=FF, 00110100
         2985813 | FF | 5B6B | ( 4)  LDA $C08E, X   | PC=5B6E, PBR=FF, DBR=E1, S=01EF, D=0000, e=0, A=FF, X=60, Y=FF, 10110100
         2985814 | FF | 5B6E | ( 4)  LDA $C08D, X   | PC=5B71, PBR=FF, DBR=E1, S=01EF, D=0000, e=0, A=00, X=60, Y=FF, 00110110
         3780731 | FF | 5B71 | ( 4)  LDA $C08E, X   | PC=5B74, PBR=FF, DBR=E1, S=01EF, D=0000, e=0, A=80, X=60, Y=FF, 10110100
         3780732 | FF | 5B74 | ( 2)  AND #$20       | PC=5B76, PBR=FF, DBR=E1, S=01EF, D=0000, e=0, A=00, X=60, Y=FF, 00110110
         3780733 | FF | 5B76 | ( 2)  BNE $F9 (-7)   | PC=5B78, PBR=FF, DBR=E1, S=01EF, D=0000, e=0, A=00, X=60, Y=FF, 00110110
         3780734 | FF | 5B78 | ( 4)  LDA $C08C, X   | PC=5B7B, PBR=FF, DBR=E1, S=01EF, D=0000, e=0, A=FF, X=60, Y=FF, 10110100
         3780735 | FF | 5B7B | ( 3)  PHY            | PC=5B7C, PBR=FF, DBR=E1, S=01EE, D=0000, e=0, A=FF, X=60, Y=FF, 10110100
         3780736 | FF | 5B7C | ( 2)  LDY #$D9       | PC=5B7E, PBR=FF, DBR=E1, S=01EE, D=0000, e=0, A=FF, X=60, Y=D9, 10110100
         3781817 | FF | 5B7E | ( 2)  DEY            | PC=5B7F, PBR=FF, DBR=E1, S=01EE, D=0000, e=0, A=FF, X=60, Y=00, 00110110
         3781818 | FF | 5B7F | ( 3)  BRA $00 (0)    | PC=5B81, PBR=FF, DBR=E1, S=01EE, D=0000, e=0, A=FF, X=60, Y=00, 00110110
         3781819 | FF | 5B81 | ( 3)  BRA $00 (0)    | PC=5B83, PBR=FF, DBR=E1, S=01EE, D=0000, e=0, A=FF, X=60, Y=00, 00110110
         3781820 | FF | 5B83 | ( 3)  BRA $00 (0)    | PC=5B85, PBR=FF, DBR=E1, S=01EE, D=0000, e=0, A=FF, X=60, Y=00, 00110110
         3781821 | FF | 5B85 | ( 2)  BNE $F7 (-9)   | PC=5B87, PBR=FF, DBR=E1, S=01EE, D=0000, e=0, A=FF, X=60, Y=00, 00110110
         3781822 | FF | 5B87 | ( 4)  PLY            | PC=5B88, PBR=FF, DBR=E1, S=01EF, D=0000, e=0, A=FF, X=60, Y=FF, 10110100
         3781823 | FF | 5B88 | ( 3)  PHK            | PC=5B89, PBR=FF, DBR=E1, S=01EE, D=0000, e=0, A=FF, X=60, Y=FF, 10110100
         3781824 | FF | 5B89 | ( 4)  PLB            | PC=5B8A, PBR=FF, DBR=FF, S=01EF, D=0000, e=0, A=FF, X=60, Y=FF, 10110100
         3781825 | FF | 5B8A | ( 6)  RTS            | PC=5BEC, PBR=FF, DBR=FF, S=01F1, D=0000, e=0, A=FF, X=60, Y=FF, 10110100
         2985645 | FF | 5BAD | ( 3)  PHK            | PC=5BAE, PBR=FF, DBR=00, S=01F4, D=0000, e=0, A=18, X=03, Y=FF, 00110001
         2985646 | FF | 5BAE | ( 4)  PLB            | PC=5BAF, PBR=FF, DBR=FF, S=01F5, D=0000, e=0, A=18, X=03, Y=FF, 10110001
         2985647 | FF | 5BAF | ( 2)  BCC $03 (3)    | PC=5BB1, PBR=FF, DBR=FF, S=01F5, D=0000, e=0, A=18, X=03, Y=FF, 10110001
         2985648 | FF | 5BB1 | ( 3)  JMP $60C5      | PC=60C5, PBR=FF, DBR=FF, S=01F5, D=0000, e=0, A=18, X=03, Y=FF, 10110001
         2985680 | FF | 5BB4 | ( 2)  CLD            | PC=5BB5, PBR=FF, DBR=FF, S=01F2, D=0000, e=0, A=00, X=FF, Y=FF, 00110011
         2985681 | FF | 5BB5 | ( 3)  PHP            | PC=5BB6, PBR=FF, DBR=FF, S=01F1, D=0000, e=0, A=00, X=FF, Y=FF, 00110011
         2985682 | FF | 5BB6 | ( 4)  LDA 01, S      | PC=5BB8, PBR=FF, DBR=FF, S=01F1, D=0000, e=0, A=33, X=FF, Y=FF, 00110001
         2985683 | FF | 5BB8 | ( 5)  STA $E10FC9    | PC=5BBC, PBR=FF, DBR=FF, S=01F1, D=0000, e=0, A=33, X=FF, Y=FF, 00110001
         2985684 | FF | 5BBC | ( 2)  SEI            | PC=5BBD, PBR=FF, DBR=FF, S=01F1, D=0000, e=0, A=33, X=FF, Y=FF, 00110101
         2985685 | FF | 5BBD | ( 6)  JSR $6031      | PC=6031, PBR=FF, DBR=FF, S=01EF, D=0000, e=0, A=33, X=FF, Y=FF, 00110101
         2985801 | FF | 5BC0 | ( 3)  PHK            | PC=5BC1, PBR=FF, DBR=FF, S=01F0, D=0000, e=0, A=90, X=6E, Y=FF, 10110100
         2985802 | FF | 5BC1 | ( 4)  PLB            | PC=5BC2, PBR=FF, DBR=FF, S=01F1, D=0000, e=0, A=90, X=6E, Y=FF, 10110100
         2985803 | FF | 5BC2 | ( 3)  STZ $59        | PC=5BC4, PBR=FF, DBR=FF, S=01F1, D=0000, e=0, A=90, X=6E, Y=FF, 10110100
         2985804 | FF | 5BC4 | ( 5)  LDA $E10FB0    | PC=5BC8, PBR=FF, DBR=FF, S=01F1, D=0000, e=0, A=C0, X=6E, Y=FF, 10110100
         2985805 | FF | 5BC8 | ( 3)  BMI $1F (31)   | PC=5BE9, PBR=FF, DBR=FF, S=01F1, D=0000, e=0, A=C0, X=6E, Y=FF, 10110100
         2985806 | FF | 5BE9 | ( 6)  JSR $5B66      | PC=5B66, PBR=FF, DBR=FF, S=01EF, D=0000, e=0, A=C0, X=6E, Y=FF, 10110100
         3781826 | FF | 5BEC | ( 5)  LDA $E10FB6    | PC=5BF0, PBR=FF, DBR=FF, S=01F1, D=0000, e=0, A=A5, X=60, Y=FF, 10110100
         3781827 | FF | 5BF0 | ( 2)  EOR #$FF       | PC=5BF2, PBR=FF, DBR=FF, S=01F1, D=0000, e=0, A=5A, X=60, Y=FF, 00110100
         3781828 | FF | 5BF2 | ( 5)  CMP $E10FB7    | PC=5BF6, PBR=FF, DBR=FF, S=01F1, D=0000, e=0, A=5A, X=60, Y=FF, 00110111
         3781829 | FF | 5BF6 | ( 3)  BEQ $05 (5)    | PC=5BFD, PBR=FF, DBR=FF, S=01F1, D=0000, e=0, A=5A, X=60, Y=FF, 00110111
         3781830 | FF | 5BFD | ( 5)  LDA $E10FB0    | PC=5C01, PBR=FF, DBR=FF, S=01F1, D=0000, e=0, A=C0, X=60, Y=FF, 10110101
         3781831 | FF | 5C01 | ( 2)  BPL $22 (34)   | PC=5C03, PBR=FF, DBR=FF, S=01F1, D=0000, e=0, A=C0, X=60, Y=FF, 10110101
         3781832 | FF | 5C03 | ( 2)  LDX #$05       | PC=5C05, PBR=FF, DBR=FF, S=01F1, D=0000, e=0, A=C0, X=05, Y=FF, 00110101
         3781853 | FF | 5C05 | ( 4)  LDA $42, X     | PC=5C07, PBR=FF, DBR=FF, S=01F1, D=0000, e=0, A=01, X=00, Y=FF, 00110101
         3781854 | FF | 5C07 | ( 4)  STA $45, X     | PC=5C09, PBR=FF, DBR=FF, S=01F1, D=0000, e=0, A=01, X=00, Y=FF, 00110101
         3781855 | FF | 5C09 | ( 2)  DEX            | PC=5C0A, PBR=FF, DBR=FF, S=01F1, D=0000, e=0, A=01, X=FF, Y=FF, 10110101
         3781856 | FF | 5C0A | ( 2)  BPL $F9 (-7)   | PC=5C0C, PBR=FF, DBR=FF, S=01F1, D=0000, e=0, A=01, X=FF, Y=FF, 10110101
         3781857 | FF | 5C0C | ( 3)  STZ $4B        | PC=5C0E, PBR=FF, DBR=FF, S=01F1, D=0000, e=0, A=01, X=FF, Y=FF, 10110101
         3781858 | FF | 5C0E | ( 3)  STZ $4C        | PC=5C10, PBR=FF, DBR=FF, S=01F1, D=0000, e=0, A=01, X=FF, Y=FF, 10110101
         3781859 | FF | 5C10 | ( 3)  STZ $4D        | PC=5C12, PBR=FF, DBR=FF, S=01F1, D=0000, e=0, A=01, X=FF, Y=FF, 10110101
         3781860 | FF | 5C12 | ( 3)  LDA $46        | PC=5C14, PBR=FF, DBR=FF, S=01F1, D=0000, e=0, A=50, X=FF, Y=FF, 00110101
         3781861 | FF | 5C14 | ( 2)  ROL            | PC=5C15, PBR=FF, DBR=FF, S=01F1, D=0000, e=0, A=A1, X=FF, Y=FF, 10110100
         3781862 | FF | 5C15 | ( 3)  PHP            | PC=5C16, PBR=FF, DBR=FF, S=01F0, D=0000, e=0, A=A1, X=FF, Y=FF, 10110100
         3781863 | FF | 5C16 | ( 2)  ROL            | PC=5C17, PBR=FF, DBR=FF, S=01F0, D=0000, e=0, A=42, X=FF, Y=FF, 00110101
         3781864 | FF | 5C17 | ( 2)  ROL            | PC=5C18, PBR=FF, DBR=FF, S=01F0, D=0000, e=0, A=85, X=FF, Y=FF, 10110100
         3781865 | FF | 5C18 | ( 4)  PLP            | PC=5C19, PBR=FF, DBR=FF, S=01F1, D=0000, e=0, A=85, X=FF, Y=FF, 10110100
         3781866 | FF | 5C19 | ( 2)  ROL            | PC=5C1A, PBR=FF, DBR=FF, S=01F1, D=0000, e=0, A=0A, X=FF, Y=FF, 00110101
         3781867 | FF | 5C1A | ( 2)  AND #$03       | PC=5C1C, PBR=FF, DBR=FF, S=01F1, D=0000, e=0, A=02, X=FF, Y=FF, 00110101
         3781868 | FF | 5C1C | ( 2)  EOR #$02       | PC=5C1E, PBR=FF, DBR=FF, S=01F1, D=0000, e=0, A=00, X=FF, Y=FF, 00110111
         3781869 | FF | 5C1E | ( 2)  TAX            | PC=5C1F, PBR=FF, DBR=FF, S=01F1, D=0000, e=0, A=00, X=00, Y=FF, 00110111
         3781870 | FF | 5C1F | ( 2)  INX            | PC=5C20, PBR=FF, DBR=FF, S=01F1, D=0000, e=0, A=00, X=01, Y=FF, 00110101
         3781871 | FF | 5C20 | ( 3)  STX $46        | PC=5C22, PBR=FF, DBR=FF, S=01F1, D=0000, e=0, A=00, X=01, Y=FF, 00110101
         3781872 | FF | 5C22 | ( 4)  BRL $00DC (220) | PC=5D01, PBR=FF, DBR=FF, S=01F1, D=0000, e=0, A=00, X=01, Y=FF, 00110101
         3781873 | FF | 5D01 | ( 5)  LDA $E10FB8    | PC=5D05, PBR=FF, DBR=FF, S=01F1, D=0000, e=0, A=02, X=01, Y=FF, 00110101
         3781874 | FF | 5D05 | ( 2)  TAX            | PC=5D06, PBR=FF, DBR=FF, S=01F1, D=0000, e=0, A=02, X=02, Y=FF, 00110101
         3781875 | FF | 5D06 | ( 2)  LDA #$28       | PC=5D08, PBR=FF, DBR=FF, S=01F1, D=0000, e=0, A=28, X=02, Y=FF, 00110101
         3781876 | FF | 5D08 | ( 3)  CPX $46        | PC=5D0A, PBR=FF, DBR=FF, S=01F1, D=0000, e=0, A=28, X=02, Y=FF, 00110101
         3781877 | FF | 5D0A | ( 2)  BCC $EB (-21)  | PC=5D0C, PBR=FF, DBR=FF, S=01F1, D=0000, e=0, A=28, X=02, Y=FF, 00110101
         3781878 | FF | 5D0C | ( 2)  LDA #$09       | PC=5D0E, PBR=FF, DBR=FF, S=01F1, D=0000, e=0, A=09, X=02, Y=FF, 00110101
         3781879 | FF | 5D0E | ( 3)  STA $50        | PC=5D10, PBR=FF, DBR=FF, S=01F1, D=0000, e=0, A=09, X=02, Y=FF, 00110101
         3781880 | FF | 5D10 | ( 3)  STZ $51        | PC=5D12, PBR=FF, DBR=FF, S=01F1, D=0000, e=0, A=09, X=02, Y=FF, 00110101
         3781881 | FF | 5D12 | ( 2)  LDA #$45       | PC=5D14, PBR=FF, DBR=FF, S=01F1, D=0000, e=0, A=45, X=02, Y=FF, 00110101
         3781882 | FF | 5D14 | ( 3)  STA $57        | PC=5D16, PBR=FF, DBR=FF, S=01F1, D=0000, e=0, A=45, X=02, Y=FF, 00110101
         3781883 | FF | 5D16 | ( 3)  STZ $58        | PC=5D18, PBR=FF, DBR=FF, S=01F1, D=0000, e=0, A=45, X=02, Y=FF, 00110101
         3781884 | FF | 5D18 | ( 3)  STZ $59        | PC=5D1A, PBR=FF, DBR=FF, S=01F1, D=0000, e=0, A=45, X=02, Y=FF, 00110101
         3781885 | FF | 5D1A | ( 3)  STZ $5A        | PC=5D1C, PBR=FF, DBR=FF, S=01F1, D=0000, e=0, A=45, X=02, Y=FF, 00110101
         3781886 | FF | 5D1C | ( 5)  LDA $E10FB0    | PC=5D20, PBR=FF, DBR=FF, S=01F1, D=0000, e=0, A=C0, X=02, Y=FF, 10110101
         3781887 | FF | 5D20 | ( 2)  BPL $12 (18)   | PC=5D22, PBR=FF, DBR=FF, S=01F1, D=0000, e=0, A=C0, X=02, Y=FF, 10110101
         3781888 | FF | 5D22 | ( 3)  LDX $45        | PC=5D24, PBR=FF, DBR=FF, S=01F1, D=0000, e=0, A=C0, X=01, Y=FF, 00110101
         3781889 | FF | 5D24 | ( 5)  LDA $00C59B, X | PC=5D28, PBR=FF, DBR=FF, S=01F1, D=0000, e=0, A=03, X=01, Y=FF, 00110101
         3781890 | FF | 5D28 | ( 2)  AND #$7F       | PC=5D2A, PBR=FF, DBR=FF, S=01F1, D=0000, e=0, A=03, X=01, Y=FF, 00110101
         3781891 | FF | 5D2A | ( 3)  STA $60        | PC=5D2C, PBR=FF, DBR=FF, S=01F1, D=0000, e=0, A=03, X=01, Y=FF, 00110101
         3781892 | FF | 5D2C | ( 3)  LDA $45        | PC=5D2E, PBR=FF, DBR=FF, S=01F1, D=0000, e=0, A=01, X=01, Y=FF, 00110101
         3781893 | FF | 5D2E | ( 3)  BNE $04 (4)    | PC=5D34, PBR=FF, DBR=FF, S=01F1, D=0000, e=0, A=01, X=01, Y=FF, 00110101
         3781894 | FF | 5D34 | ( 3)  LDA $60        | PC=5D36, PBR=FF, DBR=FF, S=01F1, D=0000, e=0, A=03, X=01, Y=FF, 00110101
         3781895 | FF | 5D36 | ( 3)  LDX $46        | PC=5D38, PBR=FF, DBR=FF, S=01F1, D=0000, e=0, A=03, X=01, Y=FF, 00110101
         3781896 | FF | 5D38 | ( 3)  STX $60        | PC=5D3A, PBR=FF, DBR=FF, S=01F1, D=0000, e=0, A=03, X=01, Y=FF, 00110101
         3781897 | FF | 5D3A | ( 3)  STA $46        | PC=5D3C, PBR=FF, DBR=FF, S=01F1, D=0000, e=0, A=03, X=01, Y=FF, 00110101
         3781898 | FF | 5D3C | ( 2)  TXA            | PC=5D3D, PBR=FF, DBR=FF, S=01F1, D=0000, e=0, A=01, X=01, Y=FF, 00110101
         3781899 | FF | 5D3D | ( 2)  CMP #$05       | PC=5D3F, PBR=FF, DBR=FF, S=01F1, D=0000, e=0, A=01, X=01, Y=FF, 10110100
         3781900 | FF | 5D3F | ( 2)  BCS $4E (78)   | PC=5D41, PBR=FF, DBR=FF, S=01F1, D=0000, e=0, A=01, X=01, Y=FF, 10110100
         3781901 | FF | 5D41 | ( 2)  DEX            | PC=5D42, PBR=FF, DBR=FF, S=01F1, D=0000, e=0, A=01, X=00, Y=FF, 00110110
         3781902 | FF | 5D42 | ( 6)  JSR $602B      | PC=602B, PBR=FF, DBR=FF, S=01EF, D=0000, e=0, A=01, X=00, Y=FF, 00110110
         3781907 | FF | 5D45 | ( 4)  LDA $0FC0, X   | PC=5D48, PBR=FF, DBR=E1, S=01F1, D=0000, e=0, A=01, X=00, Y=FF, 00110100
         3781908 | FF | 5D48 | ( 3)  STA $60        | PC=5D4A, PBR=FF, DBR=E1, S=01F1, D=0000, e=0, A=01, X=00, Y=FF, 00110100
         3781909 | FF | 5D4A | ( 4)  CMP $0FBF      | PC=5D4D, PBR=FF, DBR=E1, S=01F1, D=0000, e=0, A=01, X=00, Y=FF, 10110100
         3781910 | FF | 5D4D | ( 2)  BCS $40 (64)   | PC=5D4F, PBR=FF, DBR=E1, S=01F1, D=0000, e=0, A=01, X=00, Y=FF, 10110100
         3781911 | FF | 5D4F | ( 3)  BIT $45        | PC=5D51, PBR=FF, DBR=E1, S=01F1, D=0000, e=0, A=01, X=00, Y=FF, 00110100
         3781912 | FF | 5D51 | ( 2)  BVS $03 (3)    | PC=5D53, PBR=FF, DBR=E1, S=01F1, D=0000, e=0, A=01, X=00, Y=FF, 00110100
         3781913 | FF | 5D53 | ( 6)  JSR $5EAB      | PC=5EAB, PBR=FF, DBR=E1, S=01EF, D=0000, e=0, A=01, X=00, Y=FF, 00110100
         3781933 | FF | 5D56 | ( 3)  LDA $60        | PC=5D58, PBR=FF, DBR=E1, S=01F1, D=0000, e=0, A=01, X=00, Y=FF, 00110100
         3781934 | FF | 5D58 | ( 4)  CMP $0FBC      | PC=5D5B, PBR=FF, DBR=E1, S=01F1, D=0000, e=0, A=01, X=00, Y=FF, 00110101
         3781935 | FF | 5D5B | ( 2)  BEQ $16 (22)   | PC=5D5D, PBR=FF, DBR=E1, S=01F1, D=0000, e=0, A=01, X=00, Y=FF, 00110101
         3781936 | FF | 5D5D | ( 4)  CMP $0FBD      | PC=5D60, PBR=FF, DBR=E1, S=01F1, D=0000, e=0, A=01, X=00, Y=FF, 00110101
         3781937 | FF | 5D60 | ( 2)  BEQ $25 (37)   | PC=5D62, PBR=FF, DBR=E1, S=01F1, D=0000, e=0, A=01, X=00, Y=FF, 00110101
         3781938 | FF | 5D62 | ( 6)  JSR $60AF      | PC=60AF, PBR=FF, DBR=E1, S=01EF, D=0000, e=0, A=01, X=00, Y=FF, 00110101
         3781946 | FF | 5D65 | ( 6)  JSR $3C00      | PC=3C00, PBR=FF, DBR=E1, S=01EF, D=0000, e=0, A=03, X=01, Y=FF, 00110101
         3782238 | FF | 5D68 | ( 3)  STA $50        | PC=5D6A, PBR=FF, DBR=E1, S=01F1, D=0000, e=0, A=2F, X=00, Y=00, 00110101
         3782239 | FF | 5D6A | ( 4)  STX $0FB4      | PC=5D6D, PBR=FF, DBR=E1, S=01F1, D=0000, e=0, A=2F, X=00, Y=00, 00110101
         3782240 | FF | 5D6D | ( 4)  STY $0FB5      | PC=5D70, PBR=FF, DBR=E1, S=01F1, D=0000, e=0, A=2F, X=00, Y=00, 00110101
         3782241 | FF | 5D70 | ( 3)  JMP $5E41      | PC=5E41, PBR=FF, DBR=E1, S=01F1, D=0000, e=0, A=2F, X=00, Y=00, 00110101
         3782242 | FF | 5E41 | ( 3)  LDA $45        | PC=5E43, PBR=FF, DBR=E1, S=01F1, D=0000, e=0, A=01, X=00, Y=00, 00110101
         3782243 | FF | 5E43 | ( 3)  BNE $20 (32)   | PC=5E65, PBR=FF, DBR=E1, S=01F1, D=0000, e=0, A=01, X=00, Y=00, 00110101
         3782244 | FF | 5E65 | ( 3)  LDA $50        | PC=5E67, PBR=FF, DBR=E1, S=01F1, D=0000, e=0, A=2F, X=00, Y=00, 00110101
         3782245 | FF | 5E67 | ( 6)  JSR $602B      | PC=602B, PBR=FF, DBR=E1, S=01EF, D=0000, e=0, A=2F, X=00, Y=00, 00110101
         3782250 | FF | 5E6A | ( 4)  STA $0FB1      | PC=5E6D, PBR=FF, DBR=E1, S=01F1, D=0000, e=0, A=2F, X=00, Y=00, 10110101
         3782251 | FF | 5E6D | ( 2)  TAX            | PC=5E6E, PBR=FF, DBR=E1, S=01F1, D=0000, e=0, A=2F, X=2F, Y=00, 00110101
         3782252 | FF | 5E6E | ( 2)  BEQ $1D (29)   | PC=5E70, PBR=FF, DBR=E1, S=01F1, D=0000, e=0, A=2F, X=2F, Y=00, 00110101
         3782253 | FF | 5E70 | ( 3)  PHA            | PC=5E71, PBR=FF, DBR=E1, S=01F0, D=0000, e=0, A=2F, X=2F, Y=00, 00110101
         3782254 | FF | 5E71 | ( 4)  LDA $0FB0      | PC=5E74, PBR=FF, DBR=E1, S=01F0, D=0000, e=0, A=C0, X=2F, Y=00, 10110101
         3782255 | FF | 5E74 | ( 2)  ROL            | PC=5E75, PBR=FF, DBR=E1, S=01F0, D=0000, e=0, A=81, X=2F, Y=00, 10110101
         3782256 | FF | 5E75 | ( 4)  PLA            | PC=5E76, PBR=FF, DBR=E1, S=01F1, D=0000, e=0, A=2F, X=2F, Y=00, 00110101
         3782257 | FF | 5E76 | ( 2)  BCC $15 (21)   | PC=5E78, PBR=FF, DBR=E1, S=01F1, D=0000, e=0, A=2F, X=2F, Y=00, 00110101
         3782258 | FF | 5E78 | ( 2)  LDX #$00       | PC=5E7A, PBR=FF, DBR=E1, S=01F1, D=0000, e=0, A=2F, X=00, Y=00, 00110111
         3782259 | FF | 5E7A | ( 2)  CMP #$40       | PC=5E7C, PBR=FF, DBR=E1, S=01F1, D=0000, e=0, A=2F, X=00, Y=00, 10110100
         3782260 | FF | 5E7C | ( 2)  BCS $0E (14)   | PC=5E7E, PBR=FF, DBR=E1, S=01F1, D=0000, e=0, A=2F, X=00, Y=00, 10110100
         3782261 | FF | 5E7E | ( 2)  LDX #$27       | PC=5E80, PBR=FF, DBR=E1, S=01F1, D=0000, e=0, A=2F, X=27, Y=00, 00110100
         3782262 | FF | 5E80 | ( 2)  CMP #$2B       | PC=5E82, PBR=FF, DBR=E1, S=01F1, D=0000, e=0, A=2F, X=27, Y=00, 00110101
         3782263 | FF | 5E82 | ( 2)  BEQ $09 (9)    | PC=5E84, PBR=FF, DBR=E1, S=01F1, D=0000, e=0, A=2F, X=27, Y=00, 00110101
         3782264 | FF | 5E84 | ( 2)  CMP #$28       | PC=5E86, PBR=FF, DBR=E1, S=01F1, D=0000, e=0, A=2F, X=27, Y=00, 00110101
         3782265 | FF | 5E86 | ( 2)  BEQ $05 (5)    | PC=5E88, PBR=FF, DBR=E1, S=01F1, D=0000, e=0, A=2F, X=27, Y=00, 00110101
         3782266 | FF | 5E88 | ( 2)  CMP #$2F       | PC=5E8A, PBR=FF, DBR=E1, S=01F1, D=0000, e=0, A=2F, X=27, Y=00, 00110111
         3782267 | FF | 5E8A | ( 3)  BEQ $01 (1)    | PC=5E8D, PBR=FF, DBR=E1, S=01F1, D=0000, e=0, A=2F, X=27, Y=00, 00110111
         3782268 | FF | 5E8D | ( 4)  STA $0FB2      | PC=5E90, PBR=FF, DBR=E1, S=01F1, D=0000, e=0, A=2F, X=27, Y=00, 00110111
         3782269 | FF | 5E90 | ( 3)  PHB            | PC=5E91, PBR=FF, DBR=E1, S=01F0, D=0000, e=0, A=2F, X=27, Y=00, 00110111
         3782270 | FF | 5E91 | ( 6)  JSR $5ED0      | PC=5ED0, PBR=FF, DBR=E1, S=01EE, D=0000, e=0, A=2F, X=27, Y=00, 00110111
         3782330 | FF | 5E94 | ( 6)  JSR $6063      | PC=6063, PBR=FF, DBR=FF, S=01EE, D=0000, e=0, A=00, X=60, Y=00, 10110101
         3782405 | FF | 5E97 | ( 4)  PLB            | PC=5E98, PBR=FF, DBR=E1, S=01F1, D=0000, e=0, A=90, X=6E, Y=00, 10110100
         3782406 | FF | 5E98 | ( 4)  PLP            | PC=5E99, PBR=FF, DBR=E1, S=01F2, D=0000, e=0, A=90, X=6E, Y=00, 00110011
         3782407 | FF | 5E99 | ( 4)  LDA $0FB4      | PC=5E9C, PBR=FF, DBR=E1, S=01F2, D=0000, e=0, A=00, X=6E, Y=00, 00110011
         3782408 | FF | 5E9C | ( 2)  TAX            | PC=5E9D, PBR=FF, DBR=E1, S=01F2, D=0000, e=0, A=00, X=00, Y=00, 00110011
         3782409 | FF | 5E9D | ( 4)  LDA $0FB2      | PC=5EA0, PBR=FF, DBR=E1, S=01F2, D=0000, e=0, A=2F, X=00, Y=00, 00110001
         3782410 | FF | 5EA0 | ( 3)  PHA            | PC=5EA1, PBR=FF, DBR=E1, S=01F1, D=0000, e=0, A=2F, X=00, Y=00, 00110001
         3782411 | FF | 5EA1 | ( 4)  LDA $0FB5      | PC=5EA4, PBR=FF, DBR=E1, S=01F1, D=0000, e=0, A=00, X=00, Y=00, 00110011
         3782412 | FF | 5EA4 | ( 2)  TAY            | PC=5EA5, PBR=FF, DBR=E1, S=01F1, D=0000, e=0, A=00, X=00, Y=00, 00110011
         3782413 | FF | 5EA5 | ( 2)  CLC            | PC=5EA6, PBR=FF, DBR=E1, S=01F1, D=0000, e=0, A=00, X=00, Y=00, 00110010
         3782414 | FF | 5EA6 | ( 4)  PLA            | PC=5EA7, PBR=FF, DBR=E1, S=01F2, D=0000, e=0, A=2F, X=00, Y=00, 00110000
         3782415 | FF | 5EA7 | ( 2)  BEQ $01 (1)    | PC=5EA9, PBR=FF, DBR=E1, S=01F2, D=0000, e=0, A=2F, X=00, Y=00, 00110000
         3782416 | FF | 5EA9 | ( 2)  SEC            | PC=5EAA, PBR=FF, DBR=E1, S=01F2, D=0000, e=0, A=2F, X=00, Y=00, 00110001
         3782417 | FF | 5EAA | ( 6)  RTL            | PC=60FE, PBR=FF, DBR=E1, S=01F5, D=0000, e=0, A=2F, X=00, Y=00, 00110001
         3781914 | FF | 5EAB | ( 3)  LDA $45        | PC=5EAD, PBR=FF, DBR=E1, S=01EF, D=0000, e=0, A=01, X=00, Y=FF, 00110100
         3781915 | FF | 5EAD | ( 2)  CMP #$08       | PC=5EAF, PBR=FF, DBR=E1, S=01EF, D=0000, e=0, A=01, X=00, Y=FF, 10110100
         3781916 | FF | 5EAF | ( 2)  BCS $04 (4)    | PC=5EB1, PBR=FF, DBR=E1, S=01EF, D=0000, e=0, A=01, X=00, Y=FF, 10110100
         3781917 | FF | 5EB1 | ( 3)  STZ $4C        | PC=5EB3, PBR=FF, DBR=E1, S=01EF, D=0000, e=0, A=01, X=00, Y=FF, 10110100
         3781918 | FF | 5EB3 | ( 3)  STZ $4D        | PC=5EB5, PBR=FF, DBR=E1, S=01EF, D=0000, e=0, A=01, X=00, Y=FF, 10110100
         3781919 | FF | 5EB5 | ( 3)  REP #$0020     | PC=5EB7, PBR=FF, DBR=E1, S=01EF, D=0000, e=0, A=0001, X=00, Y=FF, 10010100
         3781920 | FF | 5EB7 | ( 4)  LDA $47        | PC=5EB9, PBR=FF, DBR=E1, S=01EF, D=0000, e=0, A=0800, X=00, Y=FF, 00010100
         3781921 | FF | 5EB9 | ( 4)  STA $42        | PC=5EBB, PBR=FF, DBR=E1, S=01EF, D=0000, e=0, A=0800, X=00, Y=FF, 00010100
         3781922 | FF | 5EBB | ( 4)  LDA $49        | PC=5EBD, PBR=FF, DBR=E1, S=01EF, D=0000, e=0, A=0000, X=00, Y=FF, 00010110
         3781923 | FF | 5EBD | ( 4)  STA $48        | PC=5EBF, PBR=FF, DBR=E1, S=01EF, D=0000, e=0, A=0000, X=00, Y=FF, 00010110
         3781924 | FF | 5EBF | ( 4)  LDA $4B        | PC=5EC1, PBR=FF, DBR=E1, S=01EF, D=0000, e=0, A=0000, X=00, Y=FF, 00010110
         3781925 | FF | 5EC1 | ( 4)  STA $4A        | PC=5EC3, PBR=FF, DBR=E1, S=01EF, D=0000, e=0, A=0000, X=00, Y=FF, 00010110
         3781926 | FF | 5EC3 | ( 4)  LDA $4C        | PC=5EC5, PBR=FF, DBR=E1, S=01EF, D=0000, e=0, A=0000, X=00, Y=FF, 00010110
         3781927 | FF | 5EC5 | ( 4)  STA $4B        | PC=5EC7, PBR=FF, DBR=E1, S=01EF, D=0000, e=0, A=0000, X=00, Y=FF, 00010110
         3781928 | FF | 5EC7 | ( 3)  SEP #$0030     | PC=5EC9, PBR=FF, DBR=E1, S=01EF, D=0000, e=0, A=00, X=00, Y=FF, 00110110
         3781929 | FF | 5EC9 | ( 3)  STZ $47        | PC=5ECB, PBR=FF, DBR=E1, S=01EF, D=0000, e=0, A=00, X=00, Y=FF, 00110110
         3781930 | FF | 5ECB | ( 3)  STZ $44        | PC=5ECD, PBR=FF, DBR=E1, S=01EF, D=0000, e=0, A=00, X=00, Y=FF, 00110110
         3781931 | FF | 5ECD | ( 3)  STZ $4D        | PC=5ECF, PBR=FF, DBR=E1, S=01EF, D=0000, e=0, A=00, X=00, Y=FF, 00110110
         3781932 | FF | 5ECF | ( 6)  RTS            | PC=5D56, PBR=FF, DBR=E1, S=01F1, D=0000, e=0, A=00, X=00, Y=FF, 00110110
         3782271 | FF | 5ED0 | ( 6)  JSR $602B      | PC=602B, PBR=FF, DBR=E1, S=01EC, D=0000, e=0, A=2F, X=27, Y=00, 00110111
         3782276 | FF | 5ED3 | ( 4)  LDA $C0E8      | PC=5ED6, PBR=FF, DBR=E1, S=01EE, D=0000, e=0, A=0F, X=27, Y=00, 00110101
         3782277 | FF | 5ED6 | ( 4)  BIT $C0ED      | PC=5ED9, PBR=FF, DBR=E1, S=01EE, D=0000, e=0, A=0F, X=27, Y=00, 00110111
         3782278 | FF | 5ED9 | ( 2)  LDA #$2B       | PC=5EDB, PBR=FF, DBR=E1, S=01EE, D=0000, e=0, A=2B, X=27, Y=00, 00110101
         3782279 | FF | 5EDB | ( 4)  STA $C0EF      | PC=5EDE, PBR=FF, DBR=E1, S=01EE, D=0000, e=0, A=2B, X=27, Y=00, 00110101
         3782280 | FF | 5EDE | ( 2)  LDY #$05       | PC=5EE0, PBR=FF, DBR=E1, S=01EE, D=0000, e=0, A=2B, X=27, Y=05, 00110101
         3782289 | FF | 5EE0 | ( 2)  DEY            | PC=5EE1, PBR=FF, DBR=E1, S=01EE, D=0000, e=0, A=2B, X=27, Y=00, 00110111
         3782290 | FF | 5EE1 | ( 2)  BNE $FD (-3)   | PC=5EE3, PBR=FF, DBR=E1, S=01EE, D=0000, e=0, A=2B, X=27, Y=00, 00110111
         3782291 | FF | 5EE3 | ( 4)  LDA $C0EE      | PC=5EE6, PBR=FF, DBR=E1, S=01EE, D=0000, e=0, A=0B, X=27, Y=00, 00110101
         3782292 | FF | 5EE6 | ( 2)  AND #$20       | PC=5EE8, PBR=FF, DBR=E1, S=01EE, D=0000, e=0, A=00, X=27, Y=00, 00110111
         3782293 | FF | 5EE8 | ( 2)  BNE $F9 (-7)   | PC=5EEA, PBR=FF, DBR=E1, S=01EE, D=0000, e=0, A=00, X=27, Y=00, 00110111
         3782294 | FF | 5EEA | ( 2)  LDY #$00       | PC=5EEC, PBR=FF, DBR=E1, S=01EE, D=0000, e=0, A=00, X=27, Y=00, 00110111
         3782295 | FF | 5EEC | ( 2)  LDX #$60       | PC=5EEE, PBR=FF, DBR=E1, S=01EE, D=0000, e=0, A=00, X=60, Y=00, 00110101
         3782296 | FF | 5EEE | ( 6)  JSR $5B4C      | PC=5B4C, PBR=FF, DBR=E1, S=01EC, D=0000, e=0, A=00, X=60, Y=00, 00110101
         3782318 | FF | 5EF1 | ( 6)  JSR $602B      | PC=602B, PBR=FF, DBR=FF, S=01EC, D=0000, e=0, A=00, X=60, Y=00, 10110101
         3782323 | FF | 5EF4 | ( 4)  LDA $C0EC      | PC=5EF7, PBR=FF, DBR=E1, S=01EE, D=0000, e=0, A=00, X=60, Y=00, 00110111
         3782324 | FF | 5EF7 | ( 4)  LDA $C0E2      | PC=5EFA, PBR=FF, DBR=E1, S=01EE, D=0000, e=0, A=00, X=60, Y=00, 00110111
         3782325 | FF | 5EFA | ( 4)  LDA $C0E6      | PC=5EFD, PBR=FF, DBR=E1, S=01EE, D=0000, e=0, A=00, X=60, Y=00, 00110111
         3782326 | FF | 5EFD | ( 4)  LDA $C0E8      | PC=5F00, PBR=FF, DBR=E1, S=01EE, D=0000, e=0, A=00, X=60, Y=00, 00110111
         3782327 | FF | 5F00 | ( 3)  PHK            | PC=5F01, PBR=FF, DBR=E1, S=01ED, D=0000, e=0, A=00, X=60, Y=00, 00110111
         3782328 | FF | 5F01 | ( 4)  PLB            | PC=5F02, PBR=FF, DBR=FF, S=01EE, D=0000, e=0, A=00, X=60, Y=00, 10110101
         3782329 | FF | 5F02 | ( 6)  RTS            | PC=5E94, PBR=FF, DBR=FF, S=01F0, D=0000, e=0, A=00, X=60, Y=00, 10110101
         1914119 | FF | 5F03 | ( 5)  STA $E10FBB    | PC=5F07, PBR=FF, DBR=E1, S=01E7, D=0000, e=0, A=00, X=6E, Y=FF, 00110111
         1914120 | FF | 5F07 | ( 6)  JSR $598A      | PC=598A, PBR=FF, DBR=E1, S=01E5, D=0000, e=0, A=00, X=6E, Y=FF, 00110111
         1951333 | FF | 5F0A | ( 3)  LDA $45        | PC=5F0C, PBR=FF, DBR=FF, S=01E7, D=0000, e=0, A=00, X=00, Y=00, 00110111
         1951334 | FF | 5F0C | ( 3)  PHA            | PC=5F0D, PBR=FF, DBR=FF, S=01E6, D=0000, e=0, A=00, X=00, Y=00, 00110111
         1951335 | FF | 5F0D | ( 3)  LDA $46        | PC=5F0F, PBR=FF, DBR=FF, S=01E6, D=0000, e=0, A=00, X=00, Y=00, 00110111
         1951336 | FF | 5F0F | ( 3)  PHA            | PC=5F10, PBR=FF, DBR=FF, S=01E5, D=0000, e=0, A=00, X=00, Y=00, 00110111
         1951337 | FF | 5F10 | ( 3)  LDA $48        | PC=5F12, PBR=FF, DBR=FF, S=01E5, D=0000, e=0, A=00, X=00, Y=00, 00110111
         1951338 | FF | 5F12 | ( 3)  PHA            | PC=5F13, PBR=FF, DBR=FF, S=01E4, D=0000, e=0, A=00, X=00, Y=00, 00110111
         1951339 | FF | 5F13 | ( 3)  LDA $60        | PC=5F15, PBR=FF, DBR=FF, S=01E4, D=0000, e=0, A=00, X=00, Y=00, 00110111
         1951340 | FF | 5F15 | ( 3)  PHA            | PC=5F16, PBR=FF, DBR=FF, S=01E3, D=0000, e=0, A=00, X=00, Y=00, 00110111
         1951341 | FF | 5F16 | ( 5)  LDA $E10FBB    | PC=5F1A, PBR=FF, DBR=FF, S=01E3, D=0000, e=0, A=00, X=00, Y=00, 00110111
         1951342 | FF | 5F1A | ( 3)  STA $48        | PC=5F1C, PBR=FF, DBR=FF, S=01E3, D=0000, e=0, A=00, X=00, Y=00, 00110111
         1951343 | FF | 5F1C | ( 2)  LDX #$05       | PC=5F1E, PBR=FF, DBR=FF, S=01E3, D=0000, e=0, A=00, X=05, Y=00, 00110101
         1951344 | FF | 5F1E | ( 3)  STX $45        | PC=5F20, PBR=FF, DBR=FF, S=01E3, D=0000, e=0, A=00, X=05, Y=00, 00110101
         1951345 | FF | 5F20 | ( 3)  STZ $60        | PC=5F22, PBR=FF, DBR=FF, S=01E3, D=0000, e=0, A=00, X=05, Y=00, 00110101
         1951346 | FF | 5F22 | ( 2)  LDX #$02       | PC=5F24, PBR=FF, DBR=FF, S=01E3, D=0000, e=0, A=00, X=02, Y=00, 00110101
         1951347 | FF | 5F24 | ( 3)  STX $46        | PC=5F26, PBR=FF, DBR=FF, S=01E3, D=0000, e=0, A=00, X=02, Y=00, 00110101
         1951348 | FF | 5F26 | ( 2)  CMP #$80       | PC=5F28, PBR=FF, DBR=FF, S=01E3, D=0000, e=0, A=00, X=02, Y=00, 10110100
         1951349 | FF | 5F28 | ( 3)  BCC $08 (8)    | PC=5F32, PBR=FF, DBR=FF, S=01E3, D=0000, e=0, A=00, X=02, Y=00, 10110100
         1951350 | FF | 5F32 | ( 2)  LDA #$00       | PC=5F34, PBR=FF, DBR=FF, S=01E3, D=0000, e=0, A=00, X=02, Y=00, 00110110
         1951351 | FF | 5F34 | ( 2)  TAX            | PC=5F35, PBR=FF, DBR=FF, S=01E3, D=0000, e=0, A=00, X=00, Y=00, 00110110
         1951364 | FF | 5F35 | ( 5)  STA $E10FBC, X | PC=5F39, PBR=FF, DBR=FF, S=01E3, D=0000, e=0, A=00, X=03, Y=00, 10110100
         1951365 | FF | 5F39 | ( 2)  INX            | PC=5F3A, PBR=FF, DBR=FF, S=01E3, D=0000, e=0, A=00, X=04, Y=00, 00110100
         1951366 | FF | 5F3A | ( 2)  CPX #$04       | PC=5F3C, PBR=FF, DBR=FF, S=01E3, D=0000, e=0, A=00, X=04, Y=00, 00110111
         1951367 | FF | 5F3C | ( 2)  BNE $F7 (-9)   | PC=5F3E, PBR=FF, DBR=FF, S=01E3, D=0000, e=0, A=00, X=04, Y=00, 00110111
         1951380 | FF | 5F3E | ( 2)  TXA            | PC=5F3F, PBR=FF, DBR=FF, S=01E3, D=0000, e=0, A=01, X=01, Y=00, 00110101
         1951381 | FF | 5F3F | ( 5)  STA $E10FBF, X | PC=5F43, PBR=FF, DBR=FF, S=01E3, D=0000, e=0, A=01, X=01, Y=00, 00110101
         1951382 | FF | 5F43 | ( 2)  DEX            | PC=5F44, PBR=FF, DBR=FF, S=01E3, D=0000, e=0, A=01, X=00, Y=00, 00110111
         1951383 | FF | 5F44 | ( 2)  BNE $F8 (-8)   | PC=5F46, PBR=FF, DBR=FF, S=01E3, D=0000, e=0, A=01, X=00, Y=00, 00110111
         1951384 | FF | 5F46 | ( 5)  INC $60        | PC=5F48, PBR=FF, DBR=FF, S=01E3, D=0000, e=0, A=01, X=00, Y=00, 00110101
         1951385 | FF | 5F48 | ( 6)  JSR $61B4      | PC=61B4, PBR=FF, DBR=FF, S=01E1, D=0000, e=0, A=01, X=00, Y=00, 00110101
         1951758 | FF | 5F4B | ( 3)  BCS $08 (8)    | PC=5F55, PBR=FF, DBR=FF, S=01E3, D=0000, e=0, A=28, X=D9, Y=08, 00110101
         1951759 | FF | 5F55 | ( 3)  LDX $60        | PC=5F57, PBR=FF, DBR=FF, S=01E3, D=0000, e=0, A=28, X=01, Y=08, 00110101
         1951760 | FF | 5F57 | ( 2)  LDA #$01       | PC=5F59, PBR=FF, DBR=FF, S=01E3, D=0000, e=0, A=01, X=01, Y=08, 00110101
         1951761 | FF | 5F59 | ( 6)  JSR $622B      | PC=622B, PBR=FF, DBR=FF, S=01E1, D=0000, e=0, A=01, X=01, Y=08, 00110101
         1951774 | FF | 5F5C | ( 3)  BCS $08 (8)    | PC=5F66, PBR=FF, DBR=FF, S=01E3, D=0000, e=0, A=28, X=05, Y=08, 00110101
         1951775 | FF | 5F66 | ( 2)  LDA #$FF       | PC=5F68, PBR=FF, DBR=FF, S=01E3, D=0000, e=0, A=FF, X=05, Y=08, 10110101
         1951776 | FF | 5F68 | ( 5)  STA $E10FB6    | PC=5F6C, PBR=FF, DBR=FF, S=01E3, D=0000, e=0, A=FF, X=05, Y=08, 10110101
         1951777 | FF | 5F6C | ( 3)  LDA $60        | PC=5F6E, PBR=FF, DBR=FF, S=01E3, D=0000, e=0, A=01, X=05, Y=08, 00110101
         1951778 | FF | 5F6E | ( 5)  STA $E10FBE    | PC=5F72, PBR=FF, DBR=FF, S=01E3, D=0000, e=0, A=01, X=05, Y=08, 00110101
         1951779 | FF | 5F72 | ( 3)  BRA $02 (2)    | PC=5F76, PBR=FF, DBR=FF, S=01E3, D=0000, e=0, A=01, X=05, Y=08, 00110101
         1953340 | FF | 5F74 | ( 5)  INC $60        | PC=5F76, PBR=FF, DBR=E1, S=01E3, D=0000, e=0, A=00, X=02, Y=01, 01110100
         1953341 | FF | 5F76 | ( 3)  LDX $60        | PC=5F78, PBR=FF, DBR=E1, S=01E3, D=0000, e=0, A=00, X=03, Y=01, 01110100
         1953342 | FF | 5F78 | ( 3)  PHX            | PC=5F79, PBR=FF, DBR=E1, S=01E2, D=0000, e=0, A=00, X=03, Y=01, 01110100
         1953343 | FF | 5F79 | ( 6)  JSR $3C00      | PC=3C00, PBR=FF, DBR=E1, S=01E0, D=0000, e=0, A=00, X=03, Y=01, 01110100
         1953488 | FF | 5F7C | ( 4)  PLX            | PC=5F7D, PBR=FF, DBR=E1, S=01E3, D=0000, e=0, A=40, X=03, Y=0F, 01110101
         1953489 | FF | 5F7D | ( 3)  STX $60        | PC=5F7F, PBR=FF, DBR=E1, S=01E3, D=0000, e=0, A=40, X=03, Y=0F, 01110101
         1953490 | FF | 5F7F | ( 2)  BCC $F3 (-13)  | PC=5F81, PBR=FF, DBR=E1, S=01E3, D=0000, e=0, A=40, X=03, Y=0F, 01110101
         1953491 | FF | 5F81 | ( 2)  LDA #$45       | PC=5F83, PBR=FF, DBR=E1, S=01E3, D=0000, e=0, A=45, X=03, Y=0F, 01110101
         1953492 | FF | 5F83 | ( 3)  STA $57        | PC=5F85, PBR=FF, DBR=E1, S=01E3, D=0000, e=0, A=45, X=03, Y=0F, 01110101
         1953493 | FF | 5F85 | ( 3)  STZ $58        | PC=5F87, PBR=FF, DBR=E1, S=01E3, D=0000, e=0, A=45, X=03, Y=0F, 01110101
         1953494 | FF | 5F87 | ( 3)  STZ $59        | PC=5F89, PBR=FF, DBR=E1, S=01E3, D=0000, e=0, A=45, X=03, Y=0F, 01110101
         1953495 | FF | 5F89 | ( 3)  LDA $45        | PC=5F8B, PBR=FF, DBR=E1, S=01E3, D=0000, e=0, A=05, X=03, Y=0F, 01110101
         1953496 | FF | 5F8B | ( 2)  AND #$40       | PC=5F8D, PBR=FF, DBR=E1, S=01E3, D=0000, e=0, A=00, X=03, Y=0F, 01110111
         1953497 | FF | 5F8D | ( 2)  ORA #$80       | PC=5F8F, PBR=FF, DBR=E1, S=01E3, D=0000, e=0, A=80, X=03, Y=0F, 11110101
         1953498 | FF | 5F8F | ( 3)  STA $61        | PC=5F91, PBR=FF, DBR=E1, S=01E3, D=0000, e=0, A=80, X=03, Y=0F, 11110101
         1953499 | FF | 5F91 | ( 6)  JSR $59D2      | PC=59D2, PBR=FF, DBR=E1, S=01E1, D=0000, e=0, A=80, X=03, Y=0F, 11110101
         1953513 | FF | 5F94 | ( 3)  LDA $60        | PC=5F96, PBR=FF, DBR=FF, S=01E3, D=0000, e=0, A=03, X=60, Y=0F, 01110101
         1953514 | FF | 5F96 | ( 5)  STA $E10FBF    | PC=5F9A, PBR=FF, DBR=FF, S=01E3, D=0000, e=0, A=03, X=60, Y=0F, 01110101
         1953515 | FF | 5F9A | ( 3)  BRA $02 (2)    | PC=5F9E, PBR=FF, DBR=FF, S=01E3, D=0000, e=0, A=03, X=60, Y=0F, 01110101
         1953516 | FF | 5F9E | ( 2)  LDA #$09       | PC=5FA0, PBR=FF, DBR=FF, S=01E3, D=0000, e=0, A=09, X=60, Y=0F, 01110101
         1953517 | FF | 5FA0 | ( 3)  STA $50        | PC=5FA2, PBR=FF, DBR=FF, S=01E3, D=0000, e=0, A=09, X=60, Y=0F, 01110101
         1953518 | FF | 5FA2 | ( 3)  STZ $51        | PC=5FA4, PBR=FF, DBR=FF, S=01E3, D=0000, e=0, A=09, X=60, Y=0F, 01110101
         1953519 | FF | 5FA4 | ( 6)  JSR $567A      | PC=567A, PBR=FF, DBR=FF, S=01E1, D=0000, e=0, A=09, X=60, Y=0F, 01110101
         1954099 | FF | 5FA7 | ( 2)  BCC $05 (5)    | PC=5FA9, PBR=FF, DBR=FF, S=01E3, D=0000, e=0, A=FF, X=60, Y=00, 10110101
         1954100 | FF | 5FA9 | ( 5)  DEC $60        | PC=5FAB, PBR=FF, DBR=FF, S=01E3, D=0000, e=0, A=FF, X=60, Y=00, 00110101
         1954101 | FF | 5FAB | ( 3)  JMP $5FB5      | PC=5FB5, PBR=FF, DBR=FF, S=01E3, D=0000, e=0, A=FF, X=60, Y=00, 00110101
         1954102 | FF | 5FB5 | ( 6)  JSR $602B      | PC=602B, PBR=FF, DBR=FF, S=01E1, D=0000, e=0, A=FF, X=60, Y=00, 00110101
         1954107 | FF | 5FB8 | ( 3)  LDA $60        | PC=5FBA, PBR=FF, DBR=E1, S=01E3, D=0000, e=0, A=02, X=60, Y=00, 00110101
         1954108 | FF | 5FBA | ( 4)  STA $0FB8      | PC=5FBD, PBR=FF, DBR=E1, S=01E3, D=0000, e=0, A=02, X=60, Y=00, 00110101
         1954109 | FF | 5FBD | ( 4)  PLA            | PC=5FBE, PBR=FF, DBR=E1, S=01E4, D=0000, e=0, A=00, X=60, Y=00, 00110111
         1954110 | FF | 5FBE | ( 3)  STA $60        | PC=5FC0, PBR=FF, DBR=E1, S=01E4, D=0000, e=0, A=00, X=60, Y=00, 00110111
         1954111 | FF | 5FC0 | ( 4)  PLA            | PC=5FC1, PBR=FF, DBR=E1, S=01E5, D=0000, e=0, A=00, X=60, Y=00, 00110111
         1954112 | FF | 5FC1 | ( 3)  STA $48        | PC=5FC3, PBR=FF, DBR=E1, S=01E5, D=0000, e=0, A=00, X=60, Y=00, 00110111
         1954113 | FF | 5FC3 | ( 4)  PLA            | PC=5FC4, PBR=FF, DBR=E1, S=01E6, D=0000, e=0, A=00, X=60, Y=00, 00110111
         1954114 | FF | 5FC4 | ( 3)  STA $46        | PC=5FC6, PBR=FF, DBR=E1, S=01E6, D=0000, e=0, A=00, X=60, Y=00, 00110111
         1954115 | FF | 5FC6 | ( 4)  PLA            | PC=5FC7, PBR=FF, DBR=E1, S=01E7, D=0000, e=0, A=00, X=60, Y=00, 00110111
         1954116 | FF | 5FC7 | ( 3)  STA $45        | PC=5FC9, PBR=FF, DBR=E1, S=01E7, D=0000, e=0, A=00, X=60, Y=00, 00110111
         1954117 | FF | 5FC9 | ( 2)  LDA #$A5       | PC=5FCB, PBR=FF, DBR=E1, S=01E7, D=0000, e=0, A=A5, X=60, Y=00, 10110101
         1954118 | FF | 5FCB | ( 4)  STA $0FB6      | PC=5FCE, PBR=FF, DBR=E1, S=01E7, D=0000, e=0, A=A5, X=60, Y=00, 10110101
         1954119 | FF | 5FCE | ( 2)  EOR #$FF       | PC=5FD0, PBR=FF, DBR=E1, S=01E7, D=0000, e=0, A=5A, X=60, Y=00, 00110101
         1954120 | FF | 5FD0 | ( 4)  STA $0FB7      | PC=5FD3, PBR=FF, DBR=E1, S=01E7, D=0000, e=0, A=5A, X=60, Y=00, 00110101
         1954121 | FF | 5FD3 | ( 5)  LDA $E10FBB    | PC=5FD7, PBR=FF, DBR=E1, S=01E7, D=0000, e=0, A=00, X=60, Y=00, 00110111
         1954122 | FF | 5FD7 | ( 2)  BMI $42 (66)   | PC=5FD9, PBR=FF, DBR=E1, S=01E7, D=0000, e=0, A=00, X=60, Y=00, 00110111
         1954123 | FF | 5FD9 | ( 2)  LDX #$01       | PC=5FDB, PBR=FF, DBR=E1, S=01E7, D=0000, e=0, A=00, X=01, Y=00, 00110101
         1954124 | FF | 5FDB | ( 4)  LDA $0FB8      | PC=5FDE, PBR=FF, DBR=E1, S=01E7, D=0000, e=0, A=02, X=01, Y=00, 00110101
         1954125 | FF | 5FDE | ( 4)  CMP $0FBE      | PC=5FE1, PBR=FF, DBR=E1, S=01E7, D=0000, e=0, A=02, X=01, Y=00, 00110101
         1954126 | FF | 5FE1 | ( 3)  BCS $03 (3)    | PC=5FE6, PBR=FF, DBR=E1, S=01E7, D=0000, e=0, A=02, X=01, Y=00, 00110101
         1954127 | FF | 5FE6 | ( 4)  LDA $02E8      | PC=5FE9, PBR=FF, DBR=E1, S=01E7, D=0000, e=0, A=00, X=01, Y=00, 00110111
         1954128 | FF | 5FE9 | ( 5)  STA $E10FCA    | PC=5FED, PBR=FF, DBR=E1, S=01E7, D=0000, e=0, A=00, X=01, Y=00, 00110111
         1954129 | FF | 5FED | ( 2)  CMP #$08       | PC=5FEF, PBR=FF, DBR=E1, S=01E7, D=0000, e=0, A=00, X=01, Y=00, 10110100
         1954130 | FF | 5FEF | ( 2)  BEQ $11 (17)   | PC=5FF1, PBR=FF, DBR=E1, S=01E7, D=0000, e=0, A=00, X=01, Y=00, 10110100
         1954131 | FF | 5FF1 | ( 2)  CMP #$09       | PC=5FF3, PBR=FF, DBR=E1, S=01E7, D=0000, e=0, A=00, X=01, Y=00, 10110100
         1954132 | FF | 5FF3 | ( 2)  BEQ $0D (13)   | PC=5FF5, PBR=FF, DBR=E1, S=01E7, D=0000, e=0, A=00, X=01, Y=00, 10110100
         1954133 | FF | 5FF5 | ( 2)  LDA #$01       | PC=5FF7, PBR=FF, DBR=E1, S=01E7, D=0000, e=0, A=01, X=01, Y=00, 00110100
         1954134 | FF | 5FF7 | ( 4)  CMP $0FBC      | PC=5FFA, PBR=FF, DBR=E1, S=01E7, D=0000, e=0, A=01, X=01, Y=00, 00110101
         1954135 | FF | 5FFA | ( 2)  BEQ $0C (12)   | PC=5FFC, PBR=FF, DBR=E1, S=01E7, D=0000, e=0, A=01, X=01, Y=00, 00110101
         1954136 | FF | 5FFC | ( 4)  CMP $0FBD      | PC=5FFF, PBR=FF, DBR=E1, S=01E7, D=0000, e=0, A=01, X=01, Y=00, 00110101
         1954137 | FF | 5FFF | ( 2)  BEQ $07 (7)    | PC=6001, PBR=FF, DBR=E1, S=01E7, D=0000, e=0, A=01, X=01, Y=00, 00110101
         1954138 | FF | 6001 | ( 6)  RTS            | PC=61A6, PBR=FF, DBR=E1, S=01E9, D=0000, e=0, A=01, X=01, Y=00, 00110101
         1953647 | FF | 6026 | ( 5)  PEA $0000      | PC=6029, PBR=FF, DBR=FF, S=01DB, D=0000, e=0, A=00, X=00, Y=FF, 00110110
         1953648 | FF | 6029 | ( 3)  BRA $03 (3)    | PC=602E, PBR=FF, DBR=FF, S=01DB, D=0000, e=0, A=00, X=00, Y=FF, 00110110
         3782372 | FF | 602B | ( 5)  PEA $E1E1      | PC=602E, PBR=FF, DBR=00, S=01E9, D=0000, e=0, A=FFFF, X=1505, Y=0063, 00000101
         3782373 | FF | 602E | ( 4)  PLB            | PC=602F, PBR=FF, DBR=E1, S=01EA, D=0000, e=0, A=FFFF, X=1505, Y=0063, 10000101
         3782374 | FF | 602F | ( 4)  PLB            | PC=6030, PBR=FF, DBR=E1, S=01EB, D=0000, e=0, A=FFFF, X=1505, Y=0063, 10000101
         3782375 | FF | 6030 | ( 6)  RTS            | PC=6075, PBR=FF, DBR=E1, S=01ED, D=0000, e=0, A=FFFF, X=1505, Y=0063, 10000101
         2985686 | FF | 6031 | ( 3)  PHB            | PC=6032, PBR=FF, DBR=FF, S=01EE, D=0000, e=0, A=33, X=FF, Y=FF, 00110101
         2985687 | FF | 6032 | ( 3)  REP #$0030     | PC=6034, PBR=FF, DBR=FF, S=01EE, D=0000, e=0, A=8433, X=00FF, Y=00FF, 00000101
         2985688 | FF | 6034 | ( 3)  LDA #$0022     | PC=6037, PBR=FF, DBR=FF, S=01EE, D=0000, e=0, A=0022, X=00FF, Y=00FF, 00000101
         2985689 | FF | 6037 | ( 3)  LDY #$14E2     | PC=603A, PBR=FF, DBR=FF, S=01EE, D=0000, e=0, A=0022, X=00FF, Y=14E2, 00000101
         2985690 | FF | 603A | ( 3)  LDX #$0040     | PC=603D, PBR=FF, DBR=FF, S=01EE, D=0000, e=0, A=0022, X=0040, Y=14E2, 00000101
         2985725 | FF | 603D | ( 7)  MVN s:00, d:E1 | PC=6040, PBR=FF, DBR=E1, S=01EE, D=0000, e=0, A=FFFF, X=0063, Y=1505, 00000101
         2985726 | FF | 6040 | ( 3)  SEP #$0030     | PC=6042, PBR=FF, DBR=E1, S=01EE, D=0000, e=0, A=FF, X=63, Y=05, 00110101
         2985727 | FF | 6042 | ( 6)  JSR $602B      | PC=602B, PBR=FF, DBR=E1, S=01EC, D=0000, e=0, A=FF, X=63, Y=05, 00110101
         2985732 | FF | 6045 | ( 4)  LDA $C02D      | PC=6048, PBR=FF, DBR=E1, S=01EE, D=0000, e=0, A=90, X=63, Y=05, 10110101
         2985733 | FF | 6048 | ( 4)  STA $0FC6      | PC=604B, PBR=FF, DBR=E1, S=01EE, D=0000, e=0, A=90, X=63, Y=05, 10110101
         2985734 | FF | 604B | ( 3)  REP #$0030     | PC=604D, PBR=FF, DBR=E1, S=01EE, D=0000, e=0, A=FF90, X=0063, Y=0005, 10000101
         2985735 | FF | 604D | ( 3)  LDA #$0006     | PC=6050, PBR=FF, DBR=E1, S=01EE, D=0000, e=0, A=0006, X=0063, Y=0005, 00000101
         2985736 | FF | 6050 | ( 8)  JSL $E10208    | PC=0208, PBR=E1, DBR=E1, S=01EB, D=0000, e=0, A=0006, X=0063, Y=0005, 00000101
         2985794 | FF | 6054 | ( 5)  STX $0FC7      | PC=6057, PBR=FF, DBR=E1, S=01EE, D=0000, e=0, A=0000, X=906E, Y=00FF, 10000100
         2985795 | FF | 6057 | ( 3)  SEP #$0030     | PC=6059, PBR=FF, DBR=E1, S=01EE, D=0000, e=0, A=00, X=6E, Y=FF, 10110100
         2985796 | FF | 6059 | ( 4)  LDA $0FC6      | PC=605C, PBR=FF, DBR=E1, S=01EE, D=0000, e=0, A=90, X=6E, Y=FF, 10110100
         2985797 | FF | 605C | ( 2)  AND #$BF       | PC=605E, PBR=FF, DBR=E1, S=01EE, D=0000, e=0, A=90, X=6E, Y=FF, 10110100
         2985798 | FF | 605E | ( 4)  STA $C02D      | PC=6061, PBR=FF, DBR=E1, S=01EE, D=0000, e=0, A=90, X=6E, Y=FF, 10110100
         2985799 | FF | 6061 | ( 4)  PLB            | PC=6062, PBR=FF, DBR=FF, S=01EF, D=0000, e=0, A=90, X=6E, Y=FF, 10110100
         2985800 | FF | 6062 | ( 6)  RTS            | PC=5BC0, PBR=FF, DBR=FF, S=01F1, D=0000, e=0, A=90, X=6E, Y=FF, 10110100
         3782331 | FF | 6063 | ( 3)  PHB            | PC=6064, PBR=FF, DBR=FF, S=01ED, D=0000, e=0, A=00, X=60, Y=00, 10110101
         3782332 | FF | 6064 | ( 3)  REP #$0030     | PC=6066, PBR=FF, DBR=FF, S=01ED, D=0000, e=0, A=0000, X=0060, Y=0000, 10000101
         3782333 | FF | 6066 | ( 3)  LDA #$0022     | PC=6069, PBR=FF, DBR=FF, S=01ED, D=0000, e=0, A=0022, X=0060, Y=0000, 00000101
         3782334 | FF | 6069 | ( 3)  LDX #$14E2     | PC=606C, PBR=FF, DBR=FF, S=01ED, D=0000, e=0, A=0022, X=14E2, Y=0000, 00000101
         3782335 | FF | 606C | ( 3)  LDY #$0040     | PC=606F, PBR=FF, DBR=FF, S=01ED, D=0000, e=0, A=0022, X=14E2, Y=0040, 00000101
         3782370 | FF | 606F | ( 7)  MVN s:E1, d:00 | PC=6072, PBR=FF, DBR=00, S=01ED, D=0000, e=0, A=FFFF, X=1505, Y=0063, 00000101
         3782371 | FF | 6072 | ( 6)  JSR $602B      | PC=602B, PBR=FF, DBR=00, S=01EB, D=0000, e=0, A=FFFF, X=1505, Y=0063, 00000101
         3782376 | FF | 6075 | ( 5)  LDX $0FC7      | PC=6078, PBR=FF, DBR=E1, S=01ED, D=0000, e=0, A=FFFF, X=906E, Y=0063, 10000101
         3782377 | FF | 6078 | ( 3)  LDA #$0300     | PC=607B, PBR=FF, DBR=E1, S=01ED, D=0000, e=0, A=0300, X=906E, Y=0063, 00000101
         3782378 | FF | 607B | ( 8)  JSL $E10208    | PC=0208, PBR=E1, DBR=E1, S=01EA, D=0000, e=0, A=0300, X=906E, Y=0063, 00000101
         3782400 | FF | 607F | ( 3)  SEP #$0030     | PC=6081, PBR=FF, DBR=E1, S=01ED, D=0000, e=0, A=00, X=6E, Y=00, 10110100
         3782401 | FF | 6081 | ( 4)  LDA $0FC6      | PC=6084, PBR=FF, DBR=E1, S=01ED, D=0000, e=0, A=90, X=6E, Y=00, 10110100
         3782402 | FF | 6084 | ( 4)  STA $C02D      | PC=6087, PBR=FF, DBR=E1, S=01ED, D=0000, e=0, A=90, X=6E, Y=00, 10110100
         3782403 | FF | 6087 | ( 4)  PLB            | PC=6088, PBR=FF, DBR=FF, S=01EE, D=0000, e=0, A=90, X=6E, Y=00, 10110100
         3782404 | FF | 6088 | ( 6)  RTS            | PC=5E97, PBR=FF, DBR=FF, S=01F0, D=0000, e=0, A=90, X=6E, Y=00, 10110100
         3781939 | FF | 60AF | ( 4)  LDA $0FB0      | PC=60B2, PBR=FF, DBR=E1, S=01EF, D=0000, e=0, A=C0, X=00, Y=FF, 10110101
         3781940 | FF | 60B2 | ( 2)  BPL $0C (12)   | PC=60B4, PBR=FF, DBR=E1, S=01EF, D=0000, e=0, A=C0, X=00, Y=FF, 10110101
         3781941 | FF | 60B4 | ( 3)  LDA $45        | PC=60B6, PBR=FF, DBR=E1, S=01EF, D=0000, e=0, A=01, X=00, Y=FF, 00110101
         3781942 | FF | 60B6 | ( 3)  BNE $08 (8)    | PC=60C0, PBR=FF, DBR=E1, S=01EF, D=0000, e=0, A=01, X=00, Y=FF, 00110101
         3781943 | FF | 60C0 | ( 3)  LDX $60        | PC=60C2, PBR=FF, DBR=E1, S=01EF, D=0000, e=0, A=01, X=01, Y=FF, 00110101
         3781944 | FF | 60C2 | ( 3)  LDA $46        | PC=60C4, PBR=FF, DBR=E1, S=01EF, D=0000, e=0, A=03, X=01, Y=FF, 00110101
         3781945 | FF | 60C4 | ( 6)  RTS            | PC=5D65, PBR=FF, DBR=E1, S=01F1, D=0000, e=0, A=03, X=01, Y=FF, 00110101
         2985649 | FF | 60C5 | ( 5)  LDA $E102E8    | PC=60C9, PBR=FF, DBR=FF, S=01F5, D=0000, e=0, A=00, X=03, Y=FF, 00110011
         2985650 | FF | 60C9 | ( 5)  CMP $E10FCA    | PC=60CD, PBR=FF, DBR=FF, S=01F5, D=0000, e=0, A=00, X=03, Y=FF, 00110011
         2985651 | FF | 60CD | ( 3)  BEQ $06 (6)    | PC=60D5, PBR=FF, DBR=FF, S=01F5, D=0000, e=0, A=00, X=03, Y=FF, 00110011
         2985652 | FF | 60D5 | ( 2)  LDX #$05       | PC=60D7, PBR=FF, DBR=FF, S=01F5, D=0000, e=0, A=00, X=05, Y=FF, 00110001
         2985673 | FF | 60D7 | ( 5)  LDA $FF6165, X | PC=60DB, PBR=FF, DBR=FF, S=01F5, D=0000, e=0, A=01, X=00, Y=FF, 00110001
         2985674 | FF | 60DB | ( 5)  STA $000042, X | PC=60DF, PBR=FF, DBR=FF, S=01F5, D=0000, e=0, A=01, X=00, Y=FF, 00110001
         2985675 | FF | 60DF | ( 2)  DEX            | PC=60E0, PBR=FF, DBR=FF, S=01F5, D=0000, e=0, A=01, X=FF, Y=FF, 10110001
         2985676 | FF | 60E0 | ( 2)  BPL $F5 (-11)  | PC=60E2, PBR=FF, DBR=FF, S=01F5, D=0000, e=0, A=01, X=FF, Y=FF, 10110001
         2985677 | FF | 60E2 | ( 5)  LDA $E10FBC    | PC=60E6, PBR=FF, DBR=FF, S=01F5, D=0000, e=0, A=00, X=FF, Y=FF, 00110011
         2985678 | FF | 60E6 | ( 3)  BEQ $12 (18)   | PC=60FA, PBR=FF, DBR=FF, S=01F5, D=0000, e=0, A=00, X=FF, Y=FF, 00110011
         2985679 | FF | 60FA | ( 8)  JSL $FF5BB4    | PC=5BB4, PBR=FF, DBR=FF, S=01F2, D=0000, e=0, A=00, X=FF, Y=FF, 00110011
         3782418 | FF | 60FE | ( 3)  BCS $12 (18)   | PC=6112, PBR=FF, DBR=E1, S=01F5, D=0000, e=0, A=2F, X=00, Y=00, 00110001
         3782419 | FF | 6112 | ( 2)  CLC            | PC=6113, PBR=FF, DBR=E1, S=01F5, D=0000, e=0, A=2F, X=00, Y=00, 00110000
         3782420 | FF | 6113 | ( 2)  XCE            | PC=6114, PBR=FF, DBR=E1, S=01F5, D=0000, e=0, A=2F, X=00, Y=00, 00110000
         3782421 | FF | 6114 | ( 3)  PHP            | PC=6115, PBR=FF, DBR=E1, S=01F4, D=0000, e=0, A=2F, X=00, Y=00, 00110000
         3782422 | FF | 6115 | ( 3)  SEP #$0030     | PC=6117, PBR=FF, DBR=E1, S=01F4, D=0000, e=0, A=2F, X=00, Y=00, 00110000
         3782423 | FF | 6117 | ( 3)  LDA $01        | PC=6119, PBR=FF, DBR=E1, S=01F4, D=0000, e=0, A=C5, X=00, Y=00, 10110000
         3782424 | FF | 6119 | ( 5)  CMP $0007F8    | PC=611D, PBR=FF, DBR=E1, S=01F4, D=0000, e=0, A=C5, X=00, Y=00, 00110011
         3782425 | FF | 611D | ( 3)  BEQ $40 (64)   | PC=615F, PBR=FF, DBR=E1, S=01F4, D=0000, e=0, A=C5, X=00, Y=00, 00110011
         3782426 | FF | 615F | ( 2)  LDA #$27       | PC=6161, PBR=FF, DBR=E1, S=01F4, D=0000, e=0, A=27, X=00, Y=00, 00110001
         3782427 | FF | 6161 | ( 4)  PLP            | PC=6162, PBR=FF, DBR=E1, S=01F5, D=0000, e=0, A=27, X=00, Y=00, 00110000
         3782428 | FF | 6162 | ( 2)  XCE            | PC=6163, PBR=FF, DBR=E1, S=01F5, D=0000, e=0, A=27, X=00, Y=00, 00110000
         3782429 | FF | 6163 | ( 2)  SEC            | PC=6164, PBR=FF, DBR=E1, S=01F5, D=0000, e=0, A=27, X=00, Y=00, 00110001
         3782430 | FF | 6164 | ( 6)  RTL            | PC=C54A, PBR=00, DBR=E1, S=01F8, D=0000, e=0, A=27, X=00, Y=00, 00110001
         1913978 | FF | 616B | ( 3)  PHP            | PC=616C, PBR=FF, DBR=00, S=01EC, D=0000, e=0, A=00, X=06, Y=00, 00110110
         1913979 | FF | 616C | ( 2)  SEI            | PC=616D, PBR=FF, DBR=00, S=01EC, D=0000, e=0, A=00, X=06, Y=00, 00110110
         1913980 | FF | 616D | ( 4)  LDA 01, S      | PC=616F, PBR=FF, DBR=00, S=01EC, D=0000, e=0, A=36, X=06, Y=00, 00110100
         1913981 | FF | 616F | ( 5)  STA $E10FC9    | PC=6173, PBR=FF, DBR=00, S=01EC, D=0000, e=0, A=36, X=06, Y=00, 00110100
         1913982 | FF | 6173 | ( 3)  PHB            | PC=6174, PBR=FF, DBR=00, S=01EB, D=0000, e=0, A=36, X=06, Y=00, 00110100
         1913983 | FF | 6174 | ( 6)  JSR $602B      | PC=602B, PBR=FF, DBR=00, S=01E9, D=0000, e=0, A=36, X=06, Y=00, 00110100
         1913988 | FF | 6177 | ( 6)  JSR $6031      | PC=6031, PBR=FF, DBR=E1, S=01E9, D=0000, e=0, A=36, X=06, Y=00, 10110100
         1914104 | FF | 617A | ( 5)  LDA $00C036    | PC=617E, PBR=FF, DBR=E1, S=01EB, D=0000, e=0, A=C0, X=6E, Y=FF, 10110100
         1914105 | FF | 617E | ( 3)  PHA            | PC=617F, PBR=FF, DBR=E1, S=01EA, D=0000, e=0, A=C0, X=6E, Y=FF, 10110100
         1914106 | FF | 617F | ( 2)  AND #$FB       | PC=6181, PBR=FF, DBR=E1, S=01EA, D=0000, e=0, A=C0, X=6E, Y=FF, 10110100
         1914107 | FF | 6181 | ( 2)  ORA #$80       | PC=6183, PBR=FF, DBR=E1, S=01EA, D=0000, e=0, A=C0, X=6E, Y=FF, 10110100
         1914108 | FF | 6183 | ( 4)  STA $C036      | PC=6186, PBR=FF, DBR=E1, S=01EA, D=0000, e=0, A=C0, X=6E, Y=FF, 10110100
         1914109 | FF | 6186 | ( 3)  PHB            | PC=6187, PBR=FF, DBR=E1, S=01E9, D=0000, e=0, A=C0, X=6E, Y=FF, 10110100
         1914110 | FF | 6187 | ( 2)  LDA #$00       | PC=6189, PBR=FF, DBR=E1, S=01E9, D=0000, e=0, A=00, X=6E, Y=FF, 00110110
         1914111 | FF | 6189 | ( 5)  STA $E10FCD    | PC=618D, PBR=FF, DBR=E1, S=01E9, D=0000, e=0, A=00, X=6E, Y=FF, 00110110
         1914112 | FF | 618D | ( 5)  STA $E10FCE    | PC=6191, PBR=FF, DBR=E1, S=01E9, D=0000, e=0, A=00, X=6E, Y=FF, 00110110
         1914113 | FF | 6191 | ( 5)  LDA $E10FB6    | PC=6195, PBR=FF, DBR=E1, S=01E9, D=0000, e=0, A=00, X=6E, Y=FF, 00110110
         1914114 | FF | 6195 | ( 2)  EOR #$FF       | PC=6197, PBR=FF, DBR=E1, S=01E9, D=0000, e=0, A=FF, X=6E, Y=FF, 10110100
         1914115 | FF | 6197 | ( 5)  CMP $E10FB7    | PC=619B, PBR=FF, DBR=E1, S=01E9, D=0000, e=0, A=FF, X=6E, Y=FF, 10110101
         1914116 | FF | 619B | ( 3)  BNE $04 (4)    | PC=61A1, PBR=FF, DBR=E1, S=01E9, D=0000, e=0, A=FF, X=6E, Y=FF, 10110101
         1914117 | FF | 61A1 | ( 2)  LDA #$00       | PC=61A3, PBR=FF, DBR=E1, S=01E9, D=0000, e=0, A=00, X=6E, Y=FF, 00110111
         1914118 | FF | 61A3 | ( 6)  JSR $5F03      | PC=5F03, PBR=FF, DBR=E1, S=01E7, D=0000, e=0, A=00, X=6E, Y=FF, 00110111
         1954139 | FF | 61A6 | ( 6)  JSR $5ED0      | PC=5ED0, PBR=FF, DBR=E1, S=01E7, D=0000, e=0, A=01, X=01, Y=00, 00110101
         1954199 | FF | 61A9 | ( 4)  PLB            | PC=61AA, PBR=FF, DBR=E1, S=01EA, D=0000, e=0, A=FF, X=60, Y=00, 10110101
         1954200 | FF | 61AA | ( 4)  PLA            | PC=61AB, PBR=FF, DBR=E1, S=01EB, D=0000, e=0, A=C0, X=60, Y=00, 10110101
         1954201 | FF | 61AB | ( 4)  STA $C036      | PC=61AE, PBR=FF, DBR=E1, S=01EB, D=0000, e=0, A=C0, X=60, Y=00, 10110101
         1954202 | FF | 61AE | ( 6)  JSR $6063      | PC=6063, PBR=FF, DBR=E1, S=01E9, D=0000, e=0, A=C0, X=60, Y=00, 10110101
         1954277 | FF | 61B1 | ( 4)  PLB            | PC=61B2, PBR=FF, DBR=00, S=01EC, D=0000, e=0, A=90, X=6E, Y=00, 00110110
         1954278 | FF | 61B2 | ( 4)  PLP            | PC=61B3, PBR=FF, DBR=00, S=01ED, D=0000, e=0, A=90, X=6E, Y=00, 00110110
         1954279 | FF | 61B3 | ( 6)  RTS            | PC=9D31, PBR=FF, DBR=00, S=01EF, D=0000, e=0, A=90, X=6E, Y=00, 00110110
         1951386 | FF | 61B4 | ( 3)  PHB            | PC=61B5, PBR=FF, DBR=FF, S=01E0, D=0000, e=0, A=01, X=00, Y=00, 00110101
         1951387 | FF | 61B5 | ( 6)  JSR $602B      | PC=602B, PBR=FF, DBR=FF, S=01DE, D=0000, e=0, A=01, X=00, Y=00, 00110101
         1951392 | FF | 61B8 | ( 4)  LDA $C068      | PC=61BB, PBR=FF, DBR=E1, S=01E0, D=0000, e=0, A=0D, X=00, Y=00, 00110101
         1951393 | FF | 61BB | ( 3)  PHA            | PC=61BC, PBR=FF, DBR=E1, S=01DF, D=0000, e=0, A=0D, X=00, Y=00, 00110101
         1951394 | FF | 61BC | ( 3)  LDA $45        | PC=61BE, PBR=FF, DBR=E1, S=01DF, D=0000, e=0, A=05, X=00, Y=00, 00110101
         1951395 | FF | 61BE | ( 2)  AND #$3F       | PC=61C0, PBR=FF, DBR=E1, S=01DF, D=0000, e=0, A=05, X=00, Y=00, 00110101
         1951396 | FF | 61C0 | ( 2)  TAX            | PC=61C1, PBR=FF, DBR=E1, S=01DF, D=0000, e=0, A=05, X=05, Y=00, 00110101
         1951397 | FF | 61C1 | ( 5)  LDA $00C59B, X | PC=61C5, PBR=FF, DBR=E1, S=01DF, D=0000, e=0, A=01, X=05, Y=00, 00110101
         1951398 | FF | 61C5 | ( 2)  AND #$7F       | PC=61C7, PBR=FF, DBR=E1, S=01DF, D=0000, e=0, A=01, X=05, Y=00, 00110101
         1951399 | FF | 61C7 | ( 2)  CPX #$05       | PC=61C9, PBR=FF, DBR=E1, S=01DF, D=0000, e=0, A=01, X=05, Y=00, 00110111
         1951400 | FF | 61C9 | ( 2)  BNE $01 (1)    | PC=61CB, PBR=FF, DBR=E1, S=01DF, D=0000, e=0, A=01, X=05, Y=00, 00110111
         1951401 | FF | 61CB | ( 2)  INC            | PC=61CC, PBR=FF, DBR=E1, S=01DF, D=0000, e=0, A=02, X=05, Y=00, 00110101
         1951402 | FF | 61CC | ( 3)  CMP $46        | PC=61CE, PBR=FF, DBR=E1, S=01DF, D=0000, e=0, A=02, X=05, Y=00, 00110111
         1951403 | FF | 61CE | ( 3)  BEQ $06 (6)    | PC=61D6, PBR=FF, DBR=E1, S=01DF, D=0000, e=0, A=02, X=05, Y=00, 00110111
         1951404 | FF | 61D6 | ( 3)  REP #$0030     | PC=61D8, PBR=FF, DBR=E1, S=01DF, D=0000, e=0, A=0002, X=0005, Y=0000, 00000111
         1951405 | FF | 61D8 | ( 3)  LDA #$1EFC     | PC=61DB, PBR=FF, DBR=E1, S=01DF, D=0000, e=0, A=1EFC, X=0005, Y=0000, 00000101
         1951421 | FF | 61DB | ( 2)  ROR            | PC=61DC, PBR=FF, DBR=E1, S=01DF, D=0000, e=0, A=E47B, X=0000, Y=0000, 10000101
         1951422 | FF | 61DC | ( 2)  DEX            | PC=61DD, PBR=FF, DBR=E1, S=01DF, D=0000, e=0, A=E47B, X=FFFF, Y=0000, 10000101
         1951423 | FF | 61DD | ( 2)  BPL $FC (-4)   | PC=61DF, PBR=FF, DBR=E1, S=01DF, D=0000, e=0, A=E47B, X=FFFF, Y=0000, 10000101
         1951424 | FF | 61DF | ( 3)  SEP #$0030     | PC=61E1, PBR=FF, DBR=E1, S=01DF, D=0000, e=0, A=7B, X=FF, Y=00, 10110101
         1951425 | FF | 61E1 | ( 4)  LDA $C068      | PC=61E4, PBR=FF, DBR=E1, S=01DF, D=0000, e=0, A=0D, X=FF, Y=00, 00110101
         1951426 | FF | 61E4 | ( 2)  AND #$30       | PC=61E6, PBR=FF, DBR=E1, S=01DF, D=0000, e=0, A=00, X=FF, Y=00, 00110111
         1951427 | FF | 61E6 | ( 3)  BEQ $12 (18)   | PC=61FA, PBR=FF, DBR=E1, S=01DF, D=0000, e=0, A=00, X=FF, Y=00, 00110111
         1951428 | FF | 61FA | ( 3)  REP #$0030     | PC=61FC, PBR=FF, DBR=E1, S=01DF, D=0000, e=0, A=E400, X=00FF, Y=0000, 00000111
         1951429 | FF | 61FC | ( 3)  LDX #$0A0D     | PC=61FF, PBR=FF, DBR=E1, S=01DF, D=0000, e=0, A=E400, X=0A0D, Y=0000, 00000101
         1951430 | FF | 61FF | ( 8)  JSL $E10000    | PC=0000, PBR=E1, DBR=E1, S=01DC, D=0000, e=0, A=E400, X=0A0D, Y=0000, 00000101
         1951749 | FF | 6203 | ( 3)  SEP #$0030     | PC=6205, PBR=FF, DBR=E1, S=01DF, D=0000, e=0, A=28, X=D9, Y=08, 00110101
         1951750 | FF | 6205 | ( 4)  PLA            | PC=6206, PBR=FF, DBR=E1, S=01E0, D=0000, e=0, A=0D, X=D9, Y=08, 00110101
         1951751 | FF | 6206 | ( 4)  STA $C068      | PC=6209, PBR=FF, DBR=E1, S=01E0, D=0000, e=0, A=0D, X=D9, Y=08, 00110101
         1951752 | FF | 6209 | ( 4)  PLB            | PC=620A, PBR=FF, DBR=FF, S=01E1, D=0000, e=0, A=0D, X=D9, Y=08, 10110101
         1951753 | FF | 620A | ( 2)  CLC            | PC=620B, PBR=FF, DBR=FF, S=01E1, D=0000, e=0, A=0D, X=D9, Y=08, 10110100
         1951754 | FF | 620B | ( 3)  LDA $50        | PC=620D, PBR=FF, DBR=FF, S=01E1, D=0000, e=0, A=28, X=D9, Y=08, 00110100
         1951755 | FF | 620D | ( 2)  BEQ $01 (1)    | PC=620F, PBR=FF, DBR=FF, S=01E1, D=0000, e=0, A=28, X=D9, Y=08, 00110100
         1951756 | FF | 620F | ( 2)  SEC            | PC=6210, PBR=FF, DBR=FF, S=01E1, D=0000, e=0, A=28, X=D9, Y=08, 00110101
         1951757 | FF | 6210 | ( 6)  RTS            | PC=5F4B, PBR=FF, DBR=FF, S=01E3, D=0000, e=0, A=28, X=D9, Y=08, 00110101
         1951762 | FF | 622B | ( 3)  LDA $45        | PC=622D, PBR=FF, DBR=FF, S=01E1, D=0000, e=0, A=05, X=01, Y=08, 00110101
         1951763 | FF | 622D | ( 2)  AND #$3F       | PC=622F, PBR=FF, DBR=FF, S=01E1, D=0000, e=0, A=05, X=01, Y=08, 00110101
         1951764 | FF | 622F | ( 2)  CMP #$05       | PC=6231, PBR=FF, DBR=FF, S=01E1, D=0000, e=0, A=05, X=01, Y=08, 00110111
         1951765 | FF | 6231 | ( 2)  BNE $11 (17)   | PC=6233, PBR=FF, DBR=FF, S=01E1, D=0000, e=0, A=05, X=01, Y=08, 00110111
         1951766 | FF | 6233 | ( 2)  LDX #$05       | PC=6235, PBR=FF, DBR=FF, S=01E1, D=0000, e=0, A=05, X=05, Y=08, 00110101
         1951767 | FF | 6235 | ( 5)  LDA $F00000, X | PC=6239, PBR=FF, DBR=FF, S=01E1, D=0000, e=0, A=00, X=05, Y=08, 00110111
         1951768 | FF | 6239 | ( 5)  CMP $FF625B, X | PC=623D, PBR=FF, DBR=FF, S=01E1, D=0000, e=0, A=00, X=05, Y=08, 00110100
         1951769 | FF | 623D | ( 3)  BNE $16 (22)   | PC=6255, PBR=FF, DBR=FF, S=01E1, D=0000, e=0, A=00, X=05, Y=08, 00110100
         1951770 | FF | 6255 | ( 2)  SEC            | PC=6256, PBR=FF, DBR=FF, S=01E1, D=0000, e=0, A=00, X=05, Y=08, 00110101
         1951771 | FF | 6256 | ( 2)  LDA #$28       | PC=6258, PBR=FF, DBR=FF, S=01E1, D=0000, e=0, A=28, X=05, Y=08, 00110101
         1951772 | FF | 6258 | ( 3)  STA $50        | PC=625A, PBR=FF, DBR=FF, S=01E1, D=0000, e=0, A=28, X=05, Y=08, 00110101
         1951773 | FF | 625A | ( 6)  RTS            | PC=5F5C, PBR=FF, DBR=FF, S=01E3, D=0000, e=0, A=28, X=05, Y=08, 00110101
              10 | FF | 7600 | ( 5)  STA $010100    | PC=7604, PBR=FF, DBR=00, S=01F6, D=0000, e=0, A=FB, X=00, Y=00, 10110101
              11 | FF | 7604 | ( 5)  STA $010101    | PC=7608, PBR=FF, DBR=00, S=01F6, D=0000, e=0, A=FB, X=00, Y=00, 10110101
              12 | FF | 7608 | ( 3)  REP #$0020     | PC=760A, PBR=FF, DBR=00, S=01F6, D=0000, e=0, A=00FB, X=00, Y=00, 10010101
              13 | FF | 760A | ( 3)  LDA #$FF76     | PC=760D, PBR=FF, DBR=00, S=01F6, D=0000, e=0, A=FF76, X=00, Y=00, 10010101
              14 | FF | 760D | ( 6)  STA $E1019A    | PC=7611, PBR=FF, DBR=00, S=01F6, D=0000, e=0, A=FF76, X=00, Y=00, 10010101
              15 | FF | 7611 | ( 3)  LDA #$295C     | PC=7614, PBR=FF, DBR=00, S=01F6, D=0000, e=0, A=295C, X=00, Y=00, 00010101
              16 | FF | 7614 | ( 6)  STA $E10198    | PC=7618, PBR=FF, DBR=00, S=01F6, D=0000, e=0, A=295C, X=00, Y=00, 00010101
              17 | FF | 7618 | ( 3)  LDA #$FFA9     | PC=761B, PBR=FF, DBR=00, S=01F6, D=0000, e=0, A=FFA9, X=00, Y=00, 10010101
              18 | FF | 761B | ( 6)  STA $E1019E    | PC=761F, PBR=FF, DBR=00, S=01F6, D=0000, e=0, A=FFA9, X=00, Y=00, 10010101
              19 | FF | 761F | ( 3)  LDA #$AA5C     | PC=7622, PBR=FF, DBR=00, S=01F6, D=0000, e=0, A=AA5C, X=00, Y=00, 10010101
              20 | FF | 7622 | ( 6)  STA $E1019C    | PC=7626, PBR=FF, DBR=00, S=01F6, D=0000, e=0, A=AA5C, X=00, Y=00, 10010101
              21 | FF | 7626 | ( 3)  SEP #$0020     | PC=7628, PBR=FF, DBR=00, S=01F6, D=0000, e=0, A=5C, X=00, Y=00, 10110101
              22 | FF | 7628 | ( 6)  RTL            | PC=FE3C, PBR=00, DBR=00, S=01F9, D=0000, e=0, A=5C, X=00, Y=00, 10110101
         3790838 | FF | 7629 | ( 4)  LDA $C015      | PC=762C, PBR=FF, DBR=00, S=01DC, D=0000, e=0, A=00, X=00, Y=04, 00110010
         3790839 | FF | 762C | ( 3)  PHA            | PC=762D, PBR=FF, DBR=00, S=01DB, D=0000, e=0, A=00, X=00, Y=04, 00110010
         3790840 | FF | 762D | ( 4)  STA $C007      | PC=7630, PBR=FF, DBR=00, S=01DB, D=0000, e=0, A=00, X=00, Y=04, 00110010
         3790841 | FF | 7630 | ( 5)  PEA $7693      | PC=7633, PBR=FF, DBR=00, S=01D9, D=0000, e=0, A=00, X=00, Y=04, 00110010
         3790842 | FF | 7633 | ( 2)  TYA            | PC=7634, PBR=FF, DBR=00, S=01D9, D=0000, e=0, A=04, X=00, Y=04, 00110000
         3790843 | FF | 7634 | ( 2)  BMI $30 (48)   | PC=7636, PBR=FF, DBR=00, S=01D9, D=0000, e=0, A=04, X=00, Y=04, 00110000
         3790844 | FF | 7636 | ( 3)  PHP            | PC=7637, PBR=FF, DBR=00, S=01D8, D=0000, e=0, A=04, X=00, Y=04, 00110000
         3790845 | FF | 7637 | ( 2)  CMP #$05       | PC=7639, PBR=FF, DBR=00, S=01D8, D=0000, e=0, A=04, X=00, Y=04, 10110000
         3790846 | FF | 7639 | ( 2)  BCS $04 (4)    | PC=763B, PBR=FF, DBR=00, S=01D8, D=0000, e=0, A=04, X=00, Y=04, 10110000
         3790847 | FF | 763B | ( 2)  ASL            | PC=763C, PBR=FF, DBR=00, S=01D8, D=0000, e=0, A=08, X=00, Y=04, 00110000
         3790848 | FF | 763C | ( 4)  PLP            | PC=763D, PBR=FF, DBR=00, S=01D9, D=0000, e=0, A=08, X=00, Y=04, 00110000
         3790849 | FF | 763D | ( 3)  BRA $17 (23)   | PC=7656, PBR=FF, DBR=00, S=01D9, D=0000, e=0, A=08, X=00, Y=04, 00110000
         3782883 | FF | 763F | ( 4)  PLP            | PC=7640, PBR=FF, DBR=00, S=01E3, D=0000, e=0, A=05, X=38, Y=05, 00110000
         3782884 | FF | 7640 | ( 4)  LDA $04FB      | PC=7643, PBR=FF, DBR=00, S=01E3, D=0000, e=0, A=FF, X=38, Y=05, 10110000
         3782885 | FF | 7643 | ( 2)  AND #$D6       | PC=7645, PBR=FF, DBR=00, S=01E3, D=0000, e=0, A=D6, X=38, Y=05, 10110000
         3782886 | FF | 7645 | ( 3)  PHP            | PC=7646, PBR=FF, DBR=00, S=01E2, D=0000, e=0, A=D6, X=38, Y=05, 10110000
         3782887 | FF | 7646 | ( 2)  TYA            | PC=7647, PBR=FF, DBR=00, S=01E2, D=0000, e=0, A=05, X=38, Y=05, 00110000
         3782888 | FF | 7647 | ( 2)  ASL            | PC=7648, PBR=FF, DBR=00, S=01E2, D=0000, e=0, A=0A, X=38, Y=05, 00110000
         3782889 | FF | 7648 | ( 4)  PLP            | PC=7649, PBR=FF, DBR=00, S=01E3, D=0000, e=0, A=0A, X=38, Y=05, 10110000
         3782890 | FF | 7649 | ( 3)  BNE $0B (11)   | PC=7656, PBR=FF, DBR=00, S=01E3, D=0000, e=0, A=0A, X=38, Y=05, 10110000
         1535671 | FF | 764B | ( 2)  CLC            | PC=764C, PBR=FF, DBR=00, S=01EF, D=0000, e=0, A=1C, X=36, Y=0E, 00110110
         1535672 | FF | 764C | ( 2)  ADC #$1E       | PC=764E, PBR=FF, DBR=00, S=01EF, D=0000, e=0, A=3A, X=36, Y=0E, 00110100
         1535673 | FF | 764E | ( 3)  PHA            | PC=764F, PBR=FF, DBR=00, S=01EE, D=0000, e=0, A=3A, X=36, Y=0E, 00110100
         1535674 | FF | 764F | ( 6)  JSR $C973      | PC=C973, PBR=FF, DBR=00, S=01EC, D=0000, e=0, A=3A, X=36, Y=0E, 00110100
         1535690 | FF | 7652 | ( 6)  JSR $CD97      | PC=CD97, PBR=FF, DBR=00, S=01EC, D=0000, e=0, A=3A, X=36, Y=00, 00110110
         1535716 | FF | 7655 | ( 4)  PLA            | PC=7656, PBR=FF, DBR=00, S=01EF, D=0000, e=0, A=3A, X=36, Y=00, 00110100
         3790850 | FF | 7656 | ( 2)  TXY            | PC=7657, PBR=FF, DBR=00, S=01D9, D=0000, e=0, A=08, X=00, Y=00, 00110010
         3790851 | FF | 7657 | ( 2)  TAX            | PC=7658, PBR=FF, DBR=00, S=01D9, D=0000, e=0, A=08, X=08, Y=00, 00110000
         3790852 | FF | 7658 | ( 5)  LDA $FF7677, X | PC=765C, PBR=FF, DBR=00, S=01D9, D=0000, e=0, A=B4, X=08, Y=00, 10110000
         3790853 | FF | 765C | ( 3)  PHA            | PC=765D, PBR=FF, DBR=00, S=01D8, D=0000, e=0, A=B4, X=08, Y=00, 10110000
         3790854 | FF | 765D | ( 5)  LDA $FF7676, X | PC=7661, PBR=FF, DBR=00, S=01D8, D=0000, e=0, A=44, X=08, Y=00, 00110000
         3790855 | FF | 7661 | ( 3)  PHA            | PC=7662, PBR=FF, DBR=00, S=01D7, D=0000, e=0, A=44, X=08, Y=00, 00110000
         3790856 | FF | 7662 | ( 2)  TYX            | PC=7663, PBR=FF, DBR=00, S=01D7, D=0000, e=0, A=44, X=00, Y=00, 00110010
         3790857 | FF | 7663 | ( 4)  LDA 0A, S      | PC=7665, PBR=FF, DBR=00, S=01D7, D=0000, e=0, A=8D, X=00, Y=00, 10110000
         3790858 | FF | 7665 | ( 6)  RTS            | PC=B445, PBR=FF, DBR=00, S=01D9, D=0000, e=0, A=8D, X=00, Y=00, 10110000
         3782525 | FF | 7666 | ( 3)  PHP            | PC=7667, PBR=FF, DBR=00, S=01F2, D=0000, e=0, A=98, X=00, Y=98, 10110001
         3782526 | FF | 7667 | ( 2)  ASL            | PC=7668, PBR=FF, DBR=00, S=01F2, D=0000, e=0, A=30, X=00, Y=98, 00110001
         3782527 | FF | 7668 | ( 4)  PLP            | PC=7669, PBR=FF, DBR=00, S=01F3, D=0000, e=0, A=30, X=00, Y=98, 10110001
         3782528 | FF | 7669 | ( 2)  TXY            | PC=766A, PBR=FF, DBR=00, S=01F3, D=0000, e=0, A=30, X=00, Y=00, 00110011
         3782529 | FF | 766A | ( 2)  TAX            | PC=766B, PBR=FF, DBR=00, S=01F3, D=0000, e=0, A=30, X=30, Y=00, 00110001
         3782530 | FF | 766B | ( 5)  LDA $FF76B3, X | PC=766F, PBR=FF, DBR=00, S=01F3, D=0000, e=0, A=A5, X=30, Y=00, 10110001
         3782531 | FF | 766F | ( 3)  PHA            | PC=7670, PBR=FF, DBR=00, S=01F2, D=0000, e=0, A=A5, X=30, Y=00, 10110001
         3782532 | FF | 7670 | ( 5)  LDA $FF76B2, X | PC=7674, PBR=FF, DBR=00, S=01F2, D=0000, e=0, A=82, X=30, Y=00, 10110001
         3782533 | FF | 7674 | ( 3)  BRA $EB (-21)  | PC=7661, PBR=FF, DBR=00, S=01F2, D=0000, e=0, A=82, X=30, Y=00, 10110001
         3790884 | FF | 7694 | ( 4)  STA 06, S      | PC=7696, PBR=FF, DBR=00, S=01DB, D=0000, e=0, A=00, X=00, Y=8D, 00110010
         3790885 | FF | 7696 | ( 4)  PLA            | PC=7697, PBR=FF, DBR=00, S=01DC, D=0000, e=0, A=00, X=00, Y=8D, 00110010
         3790886 | FF | 7697 | ( 2)  BMI $03 (3)    | PC=7699, PBR=FF, DBR=00, S=01DC, D=0000, e=0, A=00, X=00, Y=8D, 00110010
         3790887 | FF | 7699 | ( 4)  STA $C006      | PC=769C, PBR=FF, DBR=00, S=01DC, D=0000, e=0, A=00, X=00, Y=8D, 00110010
         3790888 | FF | 769C | ( 6)  RTL            | PC=F8B0, PBR=00, DBR=00, S=01DF, D=0000, e=0, A=00, X=00, Y=8D, 00110010
         3782380 | FF | 790C | ( 3)  PHB            | PC=790D, PBR=FF, DBR=E1, S=01E9, D=0000, e=0, A=0300, X=906E, Y=0063, 00000101
         3782381 | FF | 790D | ( 2)  CLC            | PC=790E, PBR=FF, DBR=E1, S=01E9, D=0000, e=0, A=0300, X=906E, Y=0063, 00000100
         3782382 | FF | 790E | ( 2)  TAY            | PC=790F, PBR=FF, DBR=E1, S=01E9, D=0000, e=0, A=0300, X=906E, Y=0300, 00000100
         3782383 | FF | 790F | ( 3)  AND #$0300     | PC=7912, PBR=FF, DBR=E1, S=01E9, D=0000, e=0, A=0300, X=906E, Y=0300, 00000100
         3782384 | FF | 7912 | ( 3)  BNE $22 (34)   | PC=7936, PBR=FF, DBR=E1, S=01E9, D=0000, e=0, A=0300, X=906E, Y=0300, 00000100
         2985743 | FF | 7914 | ( 2)  TYA            | PC=7915, PBR=FF, DBR=E1, S=01EA, D=0000, e=0, A=0006, X=0063, Y=0006, 00000100
         2985744 | FF | 7915 | ( 3)  SEP #$0030     | PC=7917, PBR=FF, DBR=E1, S=01EA, D=0000, e=0, A=06, X=63, Y=06, 00110100
         2985745 | FF | 7917 | ( 2)  TAX            | PC=7918, PBR=FF, DBR=E1, S=01EA, D=0000, e=0, A=06, X=06, Y=06, 00110100
         2985746 | FF | 7918 | ( 2)  AND #$07       | PC=791A, PBR=FF, DBR=E1, S=01EA, D=0000, e=0, A=06, X=06, Y=06, 00110100
         2985747 | FF | 791A | ( 2)  BEQ $19 (25)   | PC=791C, PBR=FF, DBR=E1, S=01EA, D=0000, e=0, A=06, X=06, Y=06, 00110100
         2985748 | FF | 791C | ( 2)  CMP #$03       | PC=791E, PBR=FF, DBR=E1, S=01EA, D=0000, e=0, A=06, X=06, Y=06, 00110101
         2985749 | FF | 791E | ( 2)  BEQ $34 (52)   | PC=7920, PBR=FF, DBR=E1, S=01EA, D=0000, e=0, A=06, X=06, Y=06, 00110101
         2985750 | FF | 7920 | ( 2)  TAY            | PC=7921, PBR=FF, DBR=E1, S=01EA, D=0000, e=0, A=06, X=06, Y=06, 00110101
         2985751 | FF | 7921 | ( 5)  LDA $00C02D    | PC=7925, PBR=FF, DBR=E1, S=01EA, D=0000, e=0, A=90, X=06, Y=06, 10110101
         2985770 | FF | 7925 | ( 2)  ROR            | PC=7926, PBR=FF, DBR=E1, S=01EA, D=0000, e=0, A=43, X=06, Y=00, 00110100
         2985771 | FF | 7926 | ( 2)  DEY            | PC=7927, PBR=FF, DBR=E1, S=01EA, D=0000, e=0, A=43, X=06, Y=FF, 10110100
         2985772 | FF | 7927 | ( 2)  BPL $FC (-4)   | PC=7929, PBR=FF, DBR=E1, S=01EA, D=0000, e=0, A=43, X=06, Y=FF, 10110100
         2985773 | FF | 7929 | ( 2)  TXA            | PC=792A, PBR=FF, DBR=E1, S=01EA, D=0000, e=0, A=06, X=06, Y=FF, 00110100
         2985774 | FF | 792A | ( 2)  AND #$08       | PC=792C, PBR=FF, DBR=E1, S=01EA, D=0000, e=0, A=00, X=06, Y=FF, 00110110
         2985775 | FF | 792C | ( 2)  BCS $05 (5)    | PC=792E, PBR=FF, DBR=E1, S=01EA, D=0000, e=0, A=00, X=06, Y=FF, 00110110
         2985776 | FF | 792E | ( 2)  BNE $05 (5)    | PC=7930, PBR=FF, DBR=E1, S=01EA, D=0000, e=0, A=00, X=06, Y=FF, 00110110
         2985777 | FF | 7930 | ( 2)  CLC            | PC=7931, PBR=FF, DBR=E1, S=01EA, D=0000, e=0, A=00, X=06, Y=FF, 00110110
         2985778 | FF | 7931 | ( 3)  BRA $03 (3)    | PC=7936, PBR=FF, DBR=E1, S=01EA, D=0000, e=0, A=00, X=06, Y=FF, 00110110
         3782385 | FF | 7936 | ( 3)  SEP #$0020     | PC=7938, PBR=FF, DBR=E1, S=01E9, D=0000, e=0, A=00, X=906E, Y=0300, 00100100
         3782386 | FF | 7938 | ( 3)  PHP            | PC=7939, PBR=FF, DBR=E1, S=01E8, D=0000, e=0, A=00, X=906E, Y=0300, 00100100
         3782387 | FF | 7939 | ( 5)  LDA $00C02D    | PC=793D, PBR=FF, DBR=E1, S=01E8, D=0000, e=0, A=90, X=906E, Y=0300, 10100100
         3782388 | FF | 793D | ( 3)  PHA            | PC=793E, PBR=FF, DBR=E1, S=01E7, D=0000, e=0, A=90, X=906E, Y=0300, 10100100
         3782389 | FF | 793E | ( 3)  XBA            | PC=793F, PBR=FF, DBR=E1, S=01E7, D=0000, e=0, A=03, X=906E, Y=0300, 00100100
         3782390 | FF | 793F | ( 4)  PLA            | PC=7940, PBR=FF, DBR=E1, S=01E8, D=0000, e=0, A=90, X=906E, Y=0300, 10100100
         3782391 | FF | 7940 | ( 4)  PLP            | PC=7941, PBR=FF, DBR=E1, S=01E9, D=0000, e=0, A=90, X=906E, Y=0300, 00100100
         3782392 | FF | 7941 | ( 3)  REP #$0030     | PC=7943, PBR=FF, DBR=E1, S=01E9, D=0000, e=0, A=9090, X=906E, Y=0300, 00000100
         3782393 | FF | 7943 | ( 3)  EOR #$00FF     | PC=7946, PBR=FF, DBR=E1, S=01E9, D=0000, e=0, A=906F, X=906E, Y=0300, 10000100
         3782394 | FF | 7946 | ( 3)  AND #$FEFE     | PC=7949, PBR=FF, DBR=E1, S=01E9, D=0000, e=0, A=906E, X=906E, Y=0300, 10000100
         3782395 | FF | 7949 | ( 2)  TAX            | PC=794A, PBR=FF, DBR=E1, S=01E9, D=0000, e=0, A=906E, X=906E, Y=0300, 10000100
         3782396 | FF | 794A | ( 3)  LDA #$0000     | PC=794D, PBR=FF, DBR=E1, S=01E9, D=0000, e=0, A=0000, X=906E, Y=0300, 00000110
         3782397 | FF | 794D | ( 3)  BCC $03 (3)    | PC=7952, PBR=FF, DBR=E1, S=01E9, D=0000, e=0, A=0000, X=906E, Y=0300, 00000110
         3782398 | FF | 7952 | ( 4)  PLB            | PC=7953, PBR=FF, DBR=E1, S=01EA, D=0000, e=0, A=0000, X=906E, Y=0300, 10000100
         3782399 | FF | 7953 | ( 6)  RTL            | PC=607F, PBR=FF, DBR=E1, S=01ED, D=0000, e=0, A=0000, X=906E, Y=0300, 10000100
         1535875 | FF | 7A2E | ( 3)  PHB            | PC=7A2F, PBR=FF, DBR=00, S=01EE, D=0000, e=0, A=00, X=38, Y=38, 00110111
         1535876 | FF | 7A2F | ( 6)  JSR $F882      | PC=F882, PBR=FF, DBR=00, S=01EC, D=0000, e=0, A=00, X=38, Y=38, 00110111
         1535881 | FF | 7A32 | ( 4)  LDA $018E      | PC=7A35, PBR=FF, DBR=E1, S=01EE, D=0000, e=0, A=06, X=38, Y=38, 00110101
         1535882 | FF | 7A35 | ( 2)  CMP #$06       | PC=7A37, PBR=FF, DBR=E1, S=01EE, D=0000, e=0, A=06, X=38, Y=38, 00110111
         1535883 | FF | 7A37 | ( 2)  BCC $0C (12)   | PC=7A39, PBR=FF, DBR=E1, S=01EE, D=0000, e=0, A=06, X=38, Y=38, 00110111
         1535884 | FF | 7A39 | ( 4)  LDA $017C      | PC=7A3C, PBR=FF, DBR=E1, S=01EE, D=0000, e=0, A=00, X=38, Y=38, 00110111
         1535885 | FF | 7A3C | ( 2)  BNE $07 (7)    | PC=7A3E, PBR=FF, DBR=E1, S=01EE, D=0000, e=0, A=00, X=38, Y=38, 00110111
         1535886 | FF | 7A3E | ( 2)  LDA #$20       | PC=7A40, PBR=FF, DBR=E1, S=01EE, D=0000, e=0, A=20, X=38, Y=38, 00110101
         1535887 | FF | 7A40 | ( 6)  TSB $C035      | PC=7A43, PBR=FF, DBR=E1, S=01EE, D=0000, e=0, A=20, X=38, Y=38, 00110111
         1535888 | FF | 7A43 | ( 3)  BRA $05 (5)    | PC=7A4A, PBR=FF, DBR=E1, S=01EE, D=0000, e=0, A=20, X=38, Y=38, 00110111
         1535889 | FF | 7A4A | ( 4)  PLB            | PC=7A4B, PBR=FF, DBR=00, S=01EF, D=0000, e=0, A=20, X=38, Y=38, 00110111
         1535890 | FF | 7A4B | ( 6)  RTS            | PC=B484, PBR=FF, DBR=00, S=01F1, D=0000, e=0, A=20, X=38, Y=38, 00110111
         1681452 | FF | 7BF3 | ( 6)  JSR $9C2E      | PC=9C2E, PBR=FF, DBR=00, S=01ED, D=0000, e=0, A=00, X=FF, Y=FF, 00110110
         1682230 | FF | 7BF6 | ( 2)  LDX #$00       | PC=7BF8, PBR=FF, DBR=00, S=01EF, D=0000, e=0, A=00, X=00, Y=BA, 00110110
         1692289 | FF | 7BF8 | ( 3)  REP #$0020     | PC=7BFA, PBR=FF, DBR=00, S=01EF, D=0000, e=0, A=0000, X=05, Y=00, 11010100
         1692290 | FF | 7BFA | ( 2)  CLC            | PC=7BFB, PBR=FF, DBR=00, S=01EF, D=0000, e=0, A=0000, X=05, Y=00, 11010100
         1692291 | FF | 7BFB | ( 3)  PHB            | PC=7BFC, PBR=FF, DBR=00, S=01EE, D=0000, e=0, A=0000, X=05, Y=00, 11010100
         1692292 | FF | 7BFC | ( 3)  PHK            | PC=7BFD, PBR=FF, DBR=00, S=01ED, D=0000, e=0, A=0000, X=05, Y=00, 11010100
         1692293 | FF | 7BFD | ( 4)  PLB            | PC=7BFE, PBR=FF, DBR=FF, S=01EE, D=0000, e=0, A=0000, X=05, Y=00, 11010100
         1692294 | FF | 7BFE | ( 4)  LDY $7BED, X   | PC=7C01, PBR=FF, DBR=FF, S=01EE, D=0000, e=0, A=0000, X=05, Y=17, 01010100
         1692295 | FF | 7C01 | ( 4)  PLB            | PC=7C02, PBR=FF, DBR=00, S=01EF, D=0000, e=0, A=0000, X=05, Y=17, 01010110
         1692296 | FF | 7C02 | ( 2)  TXA            | PC=7C03, PBR=FF, DBR=00, S=01EF, D=0000, e=0, A=0005, X=05, Y=17, 01010100
         1692297 | FF | 7C03 | ( 3)  ADC #$00F5     | PC=7C06, PBR=FF, DBR=00, S=01EF, D=0000, e=0, A=00FA, X=05, Y=17, 00010100
         1692298 | FF | 7C06 | ( 3)  PHX            | PC=7C07, PBR=FF, DBR=00, S=01EE, D=0000, e=0, A=00FA, X=05, Y=17, 00010100
         1692299 | FF | 7C07 | ( 4)  PHA            | PC=7C08, PBR=FF, DBR=00, S=01EC, D=0000, e=0, A=00FA, X=05, Y=17, 00010100
         1692300 | FF | 7C08 | ( 3)  SEP #$0030     | PC=7C0A, PBR=FF, DBR=00, S=01EC, D=0000, e=0, A=FA, X=05, Y=17, 00110100
         1692301 | FF | 7C0A | ( 6)  JSR $93BB      | PC=93BB, PBR=FF, DBR=00, S=01EA, D=0000, e=0, A=FA, X=05, Y=17, 00110100
         1692435 | FF | 7C0D | ( 3)  REP #$0030     | PC=7C0F, PBR=FF, DBR=00, S=01EC, D=0000, e=0, A=80FA, X=0000, Y=0017, 10000100
         1692436 | FF | 7C0F | ( 5)  PLA            | PC=7C10, PBR=FF, DBR=00, S=01EE, D=0000, e=0, A=00FA, X=0000, Y=0017, 00000100
         1692437 | FF | 7C10 | ( 6)  JSR $C085      | PC=C085, PBR=FF, DBR=00, S=01EC, D=0000, e=0, A=00FA, X=0000, Y=0017, 00000100
         1694832 | FF | 7C13 | ( 4)  PLX            | PC=7C14, PBR=FF, DBR=00, S=01EF, D=0000, e=0, A=00, X=05, Y=00, 01110101
         1694833 | FF | 7C14 | ( 2)  INX            | PC=7C15, PBR=FF, DBR=00, S=01EF, D=0000, e=0, A=00, X=06, Y=00, 01110101
         1694834 | FF | 7C15 | ( 2)  CPX #$06       | PC=7C17, PBR=FF, DBR=00, S=01EF, D=0000, e=0, A=00, X=06, Y=00, 01110111
         1694835 | FF | 7C17 | ( 2)  BCC $DF (-33)  | PC=7C19, PBR=FF, DBR=00, S=01EF, D=0000, e=0, A=00, X=06, Y=00, 01110111
         1694836 | FF | 7C19 | ( 3)  SEP #$0030     | PC=7C1B, PBR=FF, DBR=00, S=01EF, D=0000, e=0, A=00, X=06, Y=00, 01110111
         1694837 | FF | 7C1B | ( 6)  JSR $AC91      | PC=AC91, PBR=FF, DBR=00, S=01ED, D=0000, e=0, A=00, X=06, Y=00, 01110111
         1694925 | FF | 7C1E | ( 4)  LDA $FB59      | PC=7C21, PBR=FF, DBR=00, S=01EF, D=0000, e=0, A=03, X=06, Y=00, 00110100
         1694926 | FF | 7C21 | ( 3)  JMP $A999      | PC=A999, PBR=FF, DBR=00, S=01EF, D=0000, e=0, A=03, X=06, Y=00, 00110100
          646745 | FF | 7F62 | ( 3)  REP #$0010     | PC=7F64, PBR=FF, DBR=E1, S=01E4, D=0000, e=0, A=C0, X=00B6, Y=000A, 00100100
          646746 | FF | 7F64 | ( 3)  LDX #$1770     | PC=7F67, PBR=FF, DBR=E1, S=01E4, D=0000, e=0, A=C0, X=1770, Y=000A, 00100100
          646747 | FF | 7F67 | ( 2)  DEX            | PC=7F68, PBR=FF, DBR=E1, S=01E4, D=0000, e=0, A=C0, X=176F, Y=000A, 00100100
          646748 | FF | 7F68 | ( 2)  BEQ $09 (9)    | PC=7F6A, PBR=FF, DBR=E1, S=01E4, D=0000, e=0, A=C0, X=176F, Y=000A, 00100100
          646749 | FF | 7F6A | ( 4)  LDA $C026      | PC=7F6D, PBR=FF, DBR=E1, S=01E4, D=0000, e=0, A=00, X=176F, Y=000A, 00100110
          646750 | FF | 7F6D | ( 4)  LDA $C027      | PC=7F70, PBR=FF, DBR=E1, S=01E4, D=0000, e=0, A=80, X=176F, Y=000A, 10100100
          646751 | FF | 7F70 | ( 2)  ROR            | PC=7F71, PBR=FF, DBR=E1, S=01E4, D=0000, e=0, A=40, X=176F, Y=000A, 00100100
          646752 | FF | 7F71 | ( 2)  BCS $F4 (-12)  | PC=7F73, PBR=FF, DBR=E1, S=01E4, D=0000, e=0, A=40, X=176F, Y=000A, 00100100
          646753 | FF | 7F73 | ( 2)  LDA #$07       | PC=7F75, PBR=FF, DBR=E1, S=01E4, D=0000, e=0, A=07, X=176F, Y=000A, 00100100
          646754 | FF | 7F75 | ( 6)  JSR $8172      | PC=8172, PBR=FF, DBR=E1, S=01E2, D=0000, e=0, A=07, X=176F, Y=000A, 00100100
          662858 | FF | 7F78 | ( 4)  LDA $C026      | PC=7F7B, PBR=FF, DBR=E1, S=01E4, D=0000, e=0, A=00, X=10BA, Y=000A, 00100110
          662859 | FF | 7F7B | ( 6)  JSR $80F9      | PC=80F9, PBR=FF, DBR=E1, S=01E2, D=0000, e=0, A=00, X=10BA, Y=000A, 00100110
          678980 | FF | 7F7E | ( 6)  JSR $8110      | PC=8110, PBR=FF, DBR=E1, S=01E2, D=0000, e=0, A=C0, X=10B9, Y=000A, 00100110
          727350 | FF | 7F81 | ( 6)  JSR $8144      | PC=8144, PBR=FF, DBR=E1, S=01E2, D=0000, e=0, A=C0, X=10B9, Y=000A, 00100100
          759600 | FF | 7F84 | ( 6)  JSR $8163      | PC=8163, PBR=FF, DBR=E1, S=01E2, D=0000, e=0, A=C0, X=10B7, Y=000A, 00100100
          791847 | FF | 7F87 | ( 4)  STZ $0FD7      | PC=7F8A, PBR=FF, DBR=E1, S=01E4, D=0000, e=0, A=C0, X=10B6, Y=000A, 00100100
          791848 | FF | 7F8A | ( 4)  STZ $0FD6      | PC=7F8D, PBR=FF, DBR=E1, S=01E4, D=0000, e=0, A=C0, X=10B6, Y=000A, 00100100
          791849 | FF | 7F8D | ( 2)  LDA #$FF       | PC=7F8F, PBR=FF, DBR=E1, S=01E4, D=0000, e=0, A=FF, X=10B6, Y=000A, 10100100
          791850 | FF | 7F8F | ( 6)  JSR $FCA8      | PC=FCA8, PBR=FF, DBR=E1, S=01E2, D=0000, e=0, A=FF, X=10B6, Y=000A, 10100100
          858163 | FF | 7F92 | ( 4)  LDA $C061      | PC=7F95, PBR=FF, DBR=E1, S=01E4, D=0000, e=0, A=00, X=10B6, Y=000A, 00100111
          858164 | FF | 7F95 | ( 4)  STA $0140      | PC=7F98, PBR=FF, DBR=E1, S=01E4, D=0000, e=0, A=00, X=10B6, Y=000A, 00100111
          858165 | FF | 7F98 | ( 2)  ROL            | PC=7F99, PBR=FF, DBR=E1, S=01E4, D=0000, e=0, A=01, X=10B6, Y=000A, 00100100
          858166 | FF | 7F99 | ( 4)  LDA $C062      | PC=7F9C, PBR=FF, DBR=E1, S=01E4, D=0000, e=0, A=00, X=10B6, Y=000A, 00100110
          858167 | FF | 7F9C | ( 4)  STA $0141      | PC=7F9F, PBR=FF, DBR=E1, S=01E4, D=0000, e=0, A=00, X=10B6, Y=000A, 00100110
          858168 | FF | 7F9F | ( 3)  BPL $0B (11)   | PC=7FAC, PBR=FF, DBR=E1, S=01E4, D=0000, e=0, A=00, X=10B6, Y=000A, 00100110
          858169 | FF | 7FAC | ( 4)  LDA $C046      | PC=7FAF, PBR=FF, DBR=E1, S=01E4, D=0000, e=0, A=00, X=10B6, Y=000A, 00100110
          858170 | FF | 7FAF | ( 2)  BMI $F2 (-14)  | PC=7FB1, PBR=FF, DBR=E1, S=01E4, D=0000, e=0, A=00, X=10B6, Y=000A, 00100110
          858171 | FF | 7FB1 | ( 4)  LDA $0140      | PC=7FB4, PBR=FF, DBR=E1, S=01E4, D=0000, e=0, A=00, X=10B6, Y=000A, 00100110
          858172 | FF | 7FB4 | ( 4)  ORA $0141      | PC=7FB7, PBR=FF, DBR=E1, S=01E4, D=0000, e=0, A=00, X=10B6, Y=000A, 00100110
          858173 | FF | 7FB7 | ( 3)  BPL $13 (19)   | PC=7FCC, PBR=FF, DBR=E1, S=01E4, D=0000, e=0, A=00, X=10B6, Y=000A, 00100110
          858174 | FF | 7FCC | ( 2)  LDA #$73       | PC=7FCE, PBR=FF, DBR=E1, S=01E4, D=0000, e=0, A=73, X=10B6, Y=000A, 00100100
          858175 | FF | 7FCE | ( 6)  JSR $8172      | PC=8172, PBR=FF, DBR=E1, S=01E2, D=0000, e=0, A=73, X=10B6, Y=000A, 00100100
          862374 | FF | 7FD1 | ( 3)  REP #$0030     | PC=7FD3, PBR=FF, DBR=E1, S=01E4, D=0000, e=0, A=80C0, X=1A07, Y=000A, 00000100
          862375 | FF | 7FD3 | ( 3)  LDA #$FFBA     | PC=7FD6, PBR=FF, DBR=E1, S=01E4, D=0000, e=0, A=FFBA, X=1A07, Y=000A, 10000100
          862376 | FF | 7FD6 | ( 5)  STA $004E      | PC=7FD9, PBR=FF, DBR=E1, S=01E4, D=0000, e=0, A=FFBA, X=1A07, Y=000A, 10000100
          862377 | FF | 7FD9 | ( 5)  STA $0052      | PC=7FDC, PBR=FF, DBR=E1, S=01E4, D=0000, e=0, A=FFBA, X=1A07, Y=000A, 10000100
          862378 | FF | 7FDC | ( 3)  LDA #$185C     | PC=7FDF, PBR=FF, DBR=E1, S=01E4, D=0000, e=0, A=185C, X=1A07, Y=000A, 00000100
          862379 | FF | 7FDF | ( 5)  STA $004C      | PC=7FE2, PBR=FF, DBR=E1, S=01E4, D=0000, e=0, A=185C, X=1A07, Y=000A, 00000100
          862380 | FF | 7FE2 | ( 5)  STA $0050      | PC=7FE5, PBR=FF, DBR=E1, S=01E4, D=0000, e=0, A=185C, X=1A07, Y=000A, 00000100
          862381 | FF | 7FE5 | ( 3)  SEP #$0020     | PC=7FE7, PBR=FF, DBR=E1, S=01E4, D=0000, e=0, A=5C, X=1A07, Y=000A, 00100100
          862382 | FF | 7FE7 | ( 2)  LDA #$0D       | PC=7FE9, PBR=FF, DBR=E1, S=01E4, D=0000, e=0, A=0D, X=1A07, Y=000A, 00100100
          862383 | FF | 7FE9 | ( 6)  JSR $8172      | PC=8172, PBR=FF, DBR=E1, S=01E2, D=0000, e=0, A=0D, X=1A07, Y=000A, 00100100
          878492 | FF | 7FEC | ( 6)  JSR $8196      | PC=8196, PBR=FF, DBR=E1, S=01E2, D=0000, e=0, A=D0, X=10B9, Y=000A, 00100100
          878505 | FF | 7FEF | ( 4)  STA $018E      | PC=7FF2, PBR=FF, DBR=E1, S=01E4, D=0000, e=0, A=06, X=2CEB, Y=000A, 00100100
          878506 | FF | 7FF2 | ( 2)  CMP #$06       | PC=7FF4, PBR=FF, DBR=E1, S=01E4, D=0000, e=0, A=06, X=2CEB, Y=000A, 00100111
          878507 | FF | 7FF4 | ( 2)  BCC $29 (41)   | PC=7FF6, PBR=FF, DBR=E1, S=01E4, D=0000, e=0, A=06, X=2CEB, Y=000A, 00100111
          878508 | FF | 7FF6 | ( 4)  BIT $C036      | PC=7FF9, PBR=FF, DBR=E1, S=01E4, D=0000, e=0, A=06, X=2CEB, Y=000A, 10100111
          878509 | FF | 7FF9 | ( 3)  BVC $62 (98)   | PC=805D, PBR=FF, DBR=E1, S=01E4, D=0000, e=0, A=06, X=2CEB, Y=000A, 10100111
          243727 | FF | 7FFB | ( 4)  STZ $01A5      | PC=7FFE, PBR=FF, DBR=E1, S=01E4, D=0000, e=0, A=06, X=2CEB, Y=000A, 11100111
          243728 | FF | 7FFE | ( 2)  LDA #$09       | PC=8000, PBR=FF, DBR=E1, S=01E4, D=0000, e=0, A=09, X=2CEB, Y=000A, 01100101
          243729 | FF | 8000 | ( 6)  JSR $8172      | PC=8172, PBR=FF, DBR=E1, S=01E2, D=0000, e=0, A=09, X=2CEB, Y=000A, 01100101
          259828 | FF | 8003 | ( 2)  LDA #$E8       | PC=8005, PBR=FF, DBR=E1, S=01E4, D=0000, e=0, A=E8, X=10BB, Y=000A, 11100100
          259829 | FF | 8005 | ( 6)  JSR $8172      | PC=8172, PBR=FF, DBR=E1, S=01E2, D=0000, e=0, A=E8, X=10BB, Y=000A, 11100100
          275953 | FF | 8008 | ( 2)  LDA #$00       | PC=800A, PBR=FF, DBR=E1, S=01E4, D=0000, e=0, A=00, X=10B6, Y=000A, 01100110
          275954 | FF | 800A | ( 6)  JSR $8172      | PC=8172, PBR=FF, DBR=E1, S=01E2, D=0000, e=0, A=00, X=10B6, Y=000A, 01100110
          292078 | FF | 800D | ( 6)  JSR $8196      | PC=8196, PBR=FF, DBR=E1, S=01E2, D=0000, e=0, A=D0, X=10B6, Y=000A, 01100110
          292091 | FF | 8010 | ( 2)  AND #$C0       | PC=8012, PBR=FF, DBR=E1, S=01E4, D=0000, e=0, A=00, X=2CEB, Y=000A, 01100110
          292092 | FF | 8012 | ( 4)  STA $01A5      | PC=8015, PBR=FF, DBR=E1, S=01E4, D=0000, e=0, A=00, X=2CEB, Y=000A, 01100110
          292093 | FF | 8015 | ( 2)  LDA #$40       | PC=8017, PBR=FF, DBR=E1, S=01E4, D=0000, e=0, A=40, X=2CEB, Y=000A, 01100100
          292094 | FF | 8017 | ( 4)  STA $01B1      | PC=801A, PBR=FF, DBR=E1, S=01E4, D=0000, e=0, A=40, X=2CEB, Y=000A, 01100100
          292095 | FF | 801A | ( 6)  TRB $C036      | PC=801D, PBR=FF, DBR=E1, S=01E4, D=0000, e=0, A=40, X=2CEB, Y=000A, 01100100
          292096 | FF | 801D | ( 3)  BRA $2E (46)   | PC=804D, PBR=FF, DBR=E1, S=01E4, D=0000, e=0, A=40, X=2CEB, Y=000A, 01100100
          292097 | FF | 804D | ( 4)  STZ $15FF      | PC=8050, PBR=FF, DBR=E1, S=01E4, D=0000, e=0, A=40, X=2CEB, Y=000A, 01100100
          292098 | FF | 8050 | ( 4)  STZ $01A6      | PC=8053, PBR=FF, DBR=E1, S=01E4, D=0000, e=0, A=40, X=2CEB, Y=000A, 01100100
          292099 | FF | 8053 | ( 2)  LDA #$00       | PC=8055, PBR=FF, DBR=E1, S=01E4, D=0000, e=0, A=00, X=2CEB, Y=000A, 01100110
          292100 | FF | 8055 | ( 5)  STA $0003F3    | PC=8059, PBR=FF, DBR=E1, S=01E4, D=0000, e=0, A=00, X=2CEB, Y=000A, 01100110
          292101 | FF | 8059 | ( 5)  STA $0003F4    | PC=805D, PBR=FF, DBR=E1, S=01E4, D=0000, e=0, A=00, X=2CEB, Y=000A, 01100110
          878510 | FF | 805D | ( 2)  LDA #$06       | PC=805F, PBR=FF, DBR=E1, S=01E4, D=0000, e=0, A=06, X=2CEB, Y=000A, 00100101
          878511 | FF | 805F | ( 6)  JSR $8172      | PC=8172, PBR=FF, DBR=E1, S=01E2, D=0000, e=0, A=06, X=2CEB, Y=000A, 00100101
          894615 | FF | 8062 | ( 6)  JSR $8110      | PC=8110, PBR=FF, DBR=E1, S=01E2, D=0000, e=0, A=C0, X=10BA, Y=000A, 00100100
          942985 | FF | 8065 | ( 3)  LDY #$0000     | PC=8068, PBR=FF, DBR=E1, S=01E4, D=0000, e=0, A=C0, X=10B9, Y=0000, 00100110
          942986 | FF | 8068 | ( 2)  LDA #$0A       | PC=806A, PBR=FF, DBR=E1, S=01E4, D=0000, e=0, A=0A, X=10B9, Y=0000, 00100100
          943037 | FF | 806A | ( 5)  STA $0307, Y   | PC=806D, PBR=FF, DBR=E1, S=01E4, D=0000, e=0, A=09, X=10B9, Y=000A, 00100100
          943038 | FF | 806D | ( 2)  TYA            | PC=806E, PBR=FF, DBR=E1, S=01E4, D=0000, e=0, A=0A, X=10B9, Y=000A, 00100100
          943039 | FF | 806E | ( 4)  CMP $0307      | PC=8071, PBR=FF, DBR=E1, S=01E4, D=0000, e=0, A=0A, X=10B9, Y=000A, 00100111
          943040 | FF | 8071 | ( 2)  INY            | PC=8072, PBR=FF, DBR=E1, S=01E4, D=0000, e=0, A=0A, X=10B9, Y=000B, 00100101
          943041 | FF | 8072 | ( 2)  BCC $F6 (-10)  | PC=8074, PBR=FF, DBR=E1, S=01E4, D=0000, e=0, A=0A, X=10B9, Y=000B, 00100101
          943042 | FF | 8074 | ( 3)  LDY #$0000     | PC=8077, PBR=FF, DBR=E1, S=01E4, D=0000, e=0, A=0A, X=10B9, Y=0000, 00100111
          943043 | FF | 8077 | ( 2)  LDA #$08       | PC=8079, PBR=FF, DBR=E1, S=01E4, D=0000, e=0, A=08, X=10B9, Y=0000, 00100101
          943084 | FF | 8079 | ( 5)  STA $02FE, Y   | PC=807C, PBR=FF, DBR=E1, S=01E4, D=0000, e=0, A=07, X=10B9, Y=0008, 00100100
          943085 | FF | 807C | ( 2)  TYA            | PC=807D, PBR=FF, DBR=E1, S=01E4, D=0000, e=0, A=08, X=10B9, Y=0008, 00100100
          943086 | FF | 807D | ( 4)  CMP $02FE      | PC=8080, PBR=FF, DBR=E1, S=01E4, D=0000, e=0, A=08, X=10B9, Y=0008, 00100111
          943087 | FF | 8080 | ( 2)  INY            | PC=8081, PBR=FF, DBR=E1, S=01E4, D=0000, e=0, A=08, X=10B9, Y=0009, 00100101
          943088 | FF | 8081 | ( 2)  BCC $F6 (-10)  | PC=8083, PBR=FF, DBR=E1, S=01E4, D=0000, e=0, A=08, X=10B9, Y=0009, 00100101
         1256248 | FF | 8083 | ( 3)  SEP #$0030     | PC=8085, PBR=FF, DBR=E1, S=01E4, D=0000, e=0, A=05, X=2A, Y=00, 00110100
         1256249 | FF | 8085 | ( 2)  LDA #$0F       | PC=8087, PBR=FF, DBR=E1, S=01E4, D=0000, e=0, A=0F, X=2A, Y=00, 00110100
         1256250 | FF | 8087 | ( 3)  PHA            | PC=8088, PBR=FF, DBR=E1, S=01E3, D=0000, e=0, A=0F, X=2A, Y=00, 00110100
         1256251 | FF | 8088 | ( 6)  JSR $A6E4      | PC=A6E4, PBR=FF, DBR=E1, S=01E1, D=0000, e=0, A=0F, X=2A, Y=00, 00110100
         1256266 | FF | 808B | ( 5)  PEA $0001      | PC=808E, PBR=FF, DBR=E1, S=01DB, D=0000, e=0, A=808A, X=0000, Y=0000, 00000110
         1256267 | FF | 808E | ( 3)  PHK            | PC=808F, PBR=FF, DBR=E1, S=01DA, D=0000, e=0, A=808A, X=0000, Y=0000, 00000110
         1256268 | FF | 808F | ( 6)  PER $8096 (-32618) | PC=8092, PBR=FF, DBR=E1, S=01D8, D=0000, e=0, A=808A, X=0000, Y=0000, 00000110
         1256269 | FF | 8092 | ( 8)  JSL $FE0014    | PC=0014, PBR=FE, DBR=E1, S=01D5, D=0000, e=0, A=808A, X=0000, Y=0000, 00000110
         1261247 | FF | 8096 | ( 6)  RTL            | PC=8097, PBR=FF, DBR=E1, S=01E3, D=0000, e=0, A=0000, X=01DD, Y=0000, 10000100
         1261248 | FF | 8097 | ( 3)  SEP #$0030     | PC=8099, PBR=FF, DBR=E1, S=01E3, D=0000, e=0, A=00, X=DD, Y=00, 10110100
         1261249 | FF | 8099 | ( 3)  BCC $07 (7)    | PC=80A2, PBR=FF, DBR=E1, S=01E3, D=0000, e=0, A=00, X=DD, Y=00, 10110100
         1261250 | FF | 80A2 | ( 3)  REP #$0010     | PC=80A4, PBR=FF, DBR=E1, S=01E3, D=0000, e=0, A=00, X=00DD, Y=0000, 10100100
         1261251 | FF | 80A4 | ( 4)  PLA            | PC=80A5, PBR=FF, DBR=E1, S=01E4, D=0000, e=0, A=0F, X=00DD, Y=0000, 00100100
         1261252 | FF | 80A5 | ( 2)  LDA #$B3       | PC=80A7, PBR=FF, DBR=E1, S=01E4, D=0000, e=0, A=B3, X=00DD, Y=0000, 10100100
         1261253 | FF | 80A7 | ( 6)  JSR $8172      | PC=8172, PBR=FF, DBR=E1, S=01E2, D=0000, e=0, A=B3, X=00DD, Y=0000, 10100100
         1277297 | FF | 80AA | ( 2)  LDA #$03       | PC=80AC, PBR=FF, DBR=E1, S=01E4, D=0000, e=0, A=03, X=10C6, Y=000A, 00100100
         1277298 | FF | 80AC | ( 6)  JSR $8172      | PC=8172, PBR=FF, DBR=E1, S=01E2, D=0000, e=0, A=03, X=10C6, Y=000A, 00100100
         1293422 | FF | 80AF | ( 4)  LDA $02F9      | PC=80B2, PBR=FF, DBR=E1, S=01E4, D=0000, e=0, A=00, X=10B6, Y=000A, 00100110
         1293423 | FF | 80B2 | ( 2)  CMP #$02       | PC=80B4, PBR=FF, DBR=E1, S=01E4, D=0000, e=0, A=00, X=10B6, Y=000A, 10100100
         1293424 | FF | 80B4 | ( 2)  BCS $04 (4)    | PC=80B6, PBR=FF, DBR=E1, S=01E4, D=0000, e=0, A=00, X=10B6, Y=000A, 10100100
         1293425 | FF | 80B6 | ( 2)  LDA #$01       | PC=80B8, PBR=FF, DBR=E1, S=01E4, D=0000, e=0, A=01, X=10B6, Y=000A, 00100100
         1293426 | FF | 80B8 | ( 3)  BRA $02 (2)    | PC=80BC, PBR=FF, DBR=E1, S=01E4, D=0000, e=0, A=01, X=10B6, Y=000A, 00100100
         1293427 | FF | 80BC | ( 6)  JSR $8172      | PC=8172, PBR=FF, DBR=E1, S=01E2, D=0000, e=0, A=01, X=10B6, Y=000A, 00100100
         1309546 | FF | 80BF | ( 2)  LDA #$05       | PC=80C1, PBR=FF, DBR=E1, S=01E4, D=0000, e=0, A=05, X=10B7, Y=000A, 00100100
         1309547 | FF | 80C1 | ( 6)  JSR $8172      | PC=8172, PBR=FF, DBR=E1, S=01E2, D=0000, e=0, A=05, X=10B7, Y=000A, 00100100
         1325671 | FF | 80C4 | ( 2)  LDA #$FF       | PC=80C6, PBR=FF, DBR=E1, S=01E4, D=0000, e=0, A=FF, X=10B6, Y=000A, 10100100
         1325672 | FF | 80C6 | ( 6)  JSR $8172      | PC=8172, PBR=FF, DBR=E1, S=01E2, D=0000, e=0, A=FF, X=10B6, Y=000A, 10100100
         1341796 | FF | 80C9 | ( 2)  LDA #$04       | PC=80CB, PBR=FF, DBR=E1, S=01E4, D=0000, e=0, A=04, X=10B6, Y=000A, 00100100
         1341797 | FF | 80CB | ( 6)  JSR $8172      | PC=8172, PBR=FF, DBR=E1, S=01E2, D=0000, e=0, A=04, X=10B6, Y=000A, 00100100
         1357921 | FF | 80CE | ( 6)  JSR $80F9      | PC=80F9, PBR=FF, DBR=E1, S=01E2, D=0000, e=0, A=C0, X=10B6, Y=000A, 00100100
         1374047 | FF | 80D1 | ( 2)  LDA #$06       | PC=80D3, PBR=FF, DBR=E1, S=01E4, D=0000, e=0, A=06, X=10B8, Y=000A, 00100100
         1374048 | FF | 80D3 | ( 6)  JSR $8172      | PC=8172, PBR=FF, DBR=E1, S=01E2, D=0000, e=0, A=06, X=10B8, Y=000A, 00100100
         1390172 | FF | 80D6 | ( 6)  JSR $8110      | PC=8110, PBR=FF, DBR=E1, S=01E2, D=0000, e=0, A=C0, X=10B6, Y=000A, 00100100
         1438542 | FF | 80D9 | ( 4)  LDA $018E      | PC=80DC, PBR=FF, DBR=E1, S=01E4, D=0000, e=0, A=06, X=10B8, Y=000A, 00100100
         1438543 | FF | 80DC | ( 2)  CMP #$06       | PC=80DE, PBR=FF, DBR=E1, S=01E4, D=0000, e=0, A=06, X=10B8, Y=000A, 00100111
         1438544 | FF | 80DE | ( 2)  BCC $10 (16)   | PC=80E0, PBR=FF, DBR=E1, S=01E4, D=0000, e=0, A=06, X=10B8, Y=000A, 00100111
         1438545 | FF | 80E0 | ( 2)  LDA #$12       | PC=80E2, PBR=FF, DBR=E1, S=01E4, D=0000, e=0, A=12, X=10B8, Y=000A, 00100101
         1438546 | FF | 80E2 | ( 6)  JSR $8172      | PC=8172, PBR=FF, DBR=E1, S=01E2, D=0000, e=0, A=12, X=10B8, Y=000A, 00100101
         1454665 | FF | 80E5 | ( 6)  JSR $8144      | PC=8144, PBR=FF, DBR=E1, S=01E2, D=0000, e=0, A=C0, X=10B7, Y=000A, 00100100
         1486915 | FF | 80E8 | ( 2)  LDA #$13       | PC=80EA, PBR=FF, DBR=E1, S=01E4, D=0000, e=0, A=13, X=10B7, Y=000A, 00100100
         1486916 | FF | 80EA | ( 6)  JSR $8172      | PC=8172, PBR=FF, DBR=E1, S=01E2, D=0000, e=0, A=13, X=10B7, Y=000A, 00100100
         1503040 | FF | 80ED | ( 6)  JSR $8163      | PC=8163, PBR=FF, DBR=E1, S=01E2, D=0000, e=0, A=C0, X=10B6, Y=000A, 00100100
         1535287 | FF | 80F0 | ( 4)  STZ $0FD7      | PC=80F3, PBR=FF, DBR=E1, S=01E4, D=0000, e=0, A=C0, X=10B6, Y=000A, 00100100
         1535288 | FF | 80F3 | ( 4)  STZ $0FD6      | PC=80F6, PBR=FF, DBR=E1, S=01E4, D=0000, e=0, A=C0, X=10B6, Y=000A, 00100100
         1535289 | FF | 80F6 | ( 3)  SEP #$0030     | PC=80F8, PBR=FF, DBR=E1, S=01E4, D=0000, e=0, A=C0, X=B6, Y=0A, 00110100
         1535290 | FF | 80F8 | ( 6)  RTS            | PC=BC0C, PBR=FF, DBR=E1, S=01E6, D=0000, e=0, A=C0, X=B6, Y=0A, 00110100
         1357922 | FF | 80F9 | ( 2)  LDA #$00       | PC=80FB, PBR=FF, DBR=E1, S=01E2, D=0000, e=0, A=00, X=10B6, Y=000A, 00100110
         1357923 | FF | 80FB | ( 4)  ORA $02EF      | PC=80FE, PBR=FF, DBR=E1, S=01E2, D=0000, e=0, A=00, X=10B6, Y=000A, 00100110
         1357924 | FF | 80FE | ( 2)  ASL            | PC=80FF, PBR=FF, DBR=E1, S=01E2, D=0000, e=0, A=00, X=10B6, Y=000A, 00100110
         1357925 | FF | 80FF | ( 2)  ASL            | PC=8100, PBR=FF, DBR=E1, S=01E2, D=0000, e=0, A=00, X=10B6, Y=000A, 00100110
         1357926 | FF | 8100 | ( 4)  ORA $02EB      | PC=8103, PBR=FF, DBR=E1, S=01E2, D=0000, e=0, A=00, X=10B6, Y=000A, 00100110
         1357927 | FF | 8103 | ( 2)  ASL            | PC=8104, PBR=FF, DBR=E1, S=01E2, D=0000, e=0, A=00, X=10B6, Y=000A, 00100110
         1357928 | FF | 8104 | ( 4)  ORA $02F1      | PC=8107, PBR=FF, DBR=E1, S=01E2, D=0000, e=0, A=00, X=10B6, Y=000A, 00100110
         1357929 | FF | 8107 | ( 2)  ASL            | PC=8108, PBR=FF, DBR=E1, S=01E2, D=0000, e=0, A=00, X=10B6, Y=000A, 00100110
         1357930 | FF | 8108 | ( 4)  ORA $02F0      | PC=810B, PBR=FF, DBR=E1, S=01E2, D=0000, e=0, A=00, X=10B6, Y=000A, 00100110
         1357931 | FF | 810B | ( 2)  ASL            | PC=810C, PBR=FF, DBR=E1, S=01E2, D=0000, e=0, A=00, X=10B6, Y=000A, 00100110
         1357932 | FF | 810C | ( 2)  ASL            | PC=810D, PBR=FF, DBR=E1, S=01E2, D=0000, e=0, A=00, X=10B6, Y=000A, 00100110
         1357933 | FF | 810D | ( 3)  JMP $8172      | PC=8172, PBR=FF, DBR=E1, S=01E2, D=0000, e=0, A=00, X=10B6, Y=000A, 00100110
         1390173 | FF | 8110 | ( 2)  LDA #$32       | PC=8112, PBR=FF, DBR=E1, S=01E2, D=0000, e=0, A=32, X=10B6, Y=000A, 00100100
         1390174 | FF | 8112 | ( 6)  JSR $816F      | PC=816F, PBR=FF, DBR=E1, S=01E0, D=0000, e=0, A=32, X=10B6, Y=000A, 00100100
         1406294 | FF | 8115 | ( 4)  LDA $02E9      | PC=8118, PBR=FF, DBR=E1, S=01E2, D=0000, e=0, A=00, X=10B7, Y=000A, 00100111
         1406295 | FF | 8118 | ( 2)  ASL            | PC=8119, PBR=FF, DBR=E1, S=01E2, D=0000, e=0, A=00, X=10B7, Y=000A, 00100110
         1406296 | FF | 8119 | ( 2)  ASL            | PC=811A, PBR=FF, DBR=E1, S=01E2, D=0000, e=0, A=00, X=10B7, Y=000A, 00100110
         1406297 | FF | 811A | ( 2)  ASL            | PC=811B, PBR=FF, DBR=E1, S=01E2, D=0000, e=0, A=00, X=10B7, Y=000A, 00100110
         1406298 | FF | 811B | ( 2)  ASL            | PC=811C, PBR=FF, DBR=E1, S=01E2, D=0000, e=0, A=00, X=10B7, Y=000A, 00100110
         1406299 | FF | 811C | ( 4)  ORA $02EA      | PC=811F, PBR=FF, DBR=E1, S=01E2, D=0000, e=0, A=00, X=10B7, Y=000A, 00100110
         1406300 | FF | 811F | ( 6)  JSR $816F      | PC=816F, PBR=FF, DBR=E1, S=01E0, D=0000, e=0, A=00, X=10B7, Y=000A, 00100110
         1422415 | FF | 8122 | ( 4)  LDA $02ED      | PC=8125, PBR=FF, DBR=E1, S=01E2, D=0000, e=0, A=02, X=10B8, Y=000A, 00100101
         1422416 | FF | 8125 | ( 2)  ASL            | PC=8126, PBR=FF, DBR=E1, S=01E2, D=0000, e=0, A=04, X=10B8, Y=000A, 00100100
         1422417 | FF | 8126 | ( 2)  ASL            | PC=8127, PBR=FF, DBR=E1, S=01E2, D=0000, e=0, A=08, X=10B8, Y=000A, 00100100
         1422418 | FF | 8127 | ( 2)  ASL            | PC=8128, PBR=FF, DBR=E1, S=01E2, D=0000, e=0, A=10, X=10B8, Y=000A, 00100100
         1422419 | FF | 8128 | ( 2)  ASL            | PC=8129, PBR=FF, DBR=E1, S=01E2, D=0000, e=0, A=20, X=10B8, Y=000A, 00100100
         1422420 | FF | 8129 | ( 3)  PHA            | PC=812A, PBR=FF, DBR=E1, S=01E1, D=0000, e=0, A=20, X=10B8, Y=000A, 00100100
         1422421 | FF | 812A | ( 4)  LDA $018E      | PC=812D, PBR=FF, DBR=E1, S=01E1, D=0000, e=0, A=06, X=10B8, Y=000A, 00100100
         1422422 | FF | 812D | ( 2)  CMP #$06       | PC=812F, PBR=FF, DBR=E1, S=01E1, D=0000, e=0, A=06, X=10B8, Y=000A, 00100111
         1422423 | FF | 812F | ( 4)  LDA $02EC      | PC=8132, PBR=FF, DBR=E1, S=01E1, D=0000, e=0, A=05, X=10B8, Y=000A, 00100101
         1422424 | FF | 8132 | ( 3)  BCS $08 (8)    | PC=813C, PBR=FF, DBR=E1, S=01E1, D=0000, e=0, A=05, X=10B8, Y=000A, 00100101
           76452 | FF | 8134 | ( 2)  CMP #$08       | PC=8136, PBR=FF, DBR=E1, S=01E1, D=0000, e=0, A=05, X=10B8, Y=000A, 10100100
           76453 | FF | 8136 | ( 3)  BCC $02 (2)    | PC=813A, PBR=FF, DBR=E1, S=01E1, D=0000, e=0, A=05, X=10B8, Y=000A, 10100100
           76454 | FF | 813A | ( 2)  EOR #$07       | PC=813C, PBR=FF, DBR=E1, S=01E1, D=0000, e=0, A=02, X=10B8, Y=000A, 00100100
         1422425 | FF | 813C | ( 4)  ORA 01, S      | PC=813E, PBR=FF, DBR=E1, S=01E1, D=0000, e=0, A=25, X=10B8, Y=000A, 00100101
         1422426 | FF | 813E | ( 4)  STA 01, S      | PC=8140, PBR=FF, DBR=E1, S=01E1, D=0000, e=0, A=25, X=10B8, Y=000A, 00100101
         1422427 | FF | 8140 | ( 4)  PLA            | PC=8141, PBR=FF, DBR=E1, S=01E2, D=0000, e=0, A=25, X=10B8, Y=000A, 00100101
         1422428 | FF | 8141 | ( 3)  JMP $8172      | PC=8172, PBR=FF, DBR=E1, S=01E2, D=0000, e=0, A=25, X=10B8, Y=000A, 00100101
         1454666 | FF | 8144 | ( 4)  LDA $02FB      | PC=8147, PBR=FF, DBR=E1, S=01E2, D=0000, e=0, A=02, X=10B7, Y=000A, 00100100
         1454667 | FF | 8147 | ( 2)  ASL            | PC=8148, PBR=FF, DBR=E1, S=01E2, D=0000, e=0, A=04, X=10B7, Y=000A, 00100100
         1454668 | FF | 8148 | ( 2)  ASL            | PC=8149, PBR=FF, DBR=E1, S=01E2, D=0000, e=0, A=08, X=10B7, Y=000A, 00100100
         1454669 | FF | 8149 | ( 2)  ASL            | PC=814A, PBR=FF, DBR=E1, S=01E2, D=0000, e=0, A=10, X=10B7, Y=000A, 00100100
         1454670 | FF | 814A | ( 2)  ASL            | PC=814B, PBR=FF, DBR=E1, S=01E2, D=0000, e=0, A=20, X=10B7, Y=000A, 00100100
         1454671 | FF | 814B | ( 4)  ORA $02F9      | PC=814E, PBR=FF, DBR=E1, S=01E2, D=0000, e=0, A=20, X=10B7, Y=000A, 00100100
         1454672 | FF | 814E | ( 6)  JSR $816F      | PC=816F, PBR=FF, DBR=E1, S=01E0, D=0000, e=0, A=20, X=10B7, Y=000A, 00100100
         1470787 | FF | 8151 | ( 4)  LDA $02FC      | PC=8154, PBR=FF, DBR=E1, S=01E2, D=0000, e=0, A=02, X=10B8, Y=000A, 00100101
         1470788 | FF | 8154 | ( 2)  ASL            | PC=8155, PBR=FF, DBR=E1, S=01E2, D=0000, e=0, A=04, X=10B8, Y=000A, 00100100
         1470789 | FF | 8155 | ( 2)  ASL            | PC=8156, PBR=FF, DBR=E1, S=01E2, D=0000, e=0, A=08, X=10B8, Y=000A, 00100100
         1470790 | FF | 8156 | ( 2)  ASL            | PC=8157, PBR=FF, DBR=E1, S=01E2, D=0000, e=0, A=10, X=10B8, Y=000A, 00100100
         1470791 | FF | 8157 | ( 2)  ASL            | PC=8158, PBR=FF, DBR=E1, S=01E2, D=0000, e=0, A=20, X=10B8, Y=000A, 00100100
         1470792 | FF | 8158 | ( 4)  ORA $02FD      | PC=815B, PBR=FF, DBR=E1, S=01E2, D=0000, e=0, A=26, X=10B8, Y=000A, 00100100
         1470793 | FF | 815B | ( 2)  EOR #$70       | PC=815D, PBR=FF, DBR=E1, S=01E2, D=0000, e=0, A=56, X=10B8, Y=000A, 00100100
         1470794 | FF | 815D | ( 2)  SEC            | PC=815E, PBR=FF, DBR=E1, S=01E2, D=0000, e=0, A=56, X=10B8, Y=000A, 00100101
         1470795 | FF | 815E | ( 2)  SBC #$30       | PC=8160, PBR=FF, DBR=E1, S=01E2, D=0000, e=0, A=26, X=10B8, Y=000A, 00100101
         1470796 | FF | 8160 | ( 3)  JMP $8172      | PC=8172, PBR=FF, DBR=E1, S=01E2, D=0000, e=0, A=26, X=10B8, Y=000A, 00100101
         1503041 | FF | 8163 | ( 4)  LDA $02F2      | PC=8166, PBR=FF, DBR=E1, S=01E2, D=0000, e=0, A=2D, X=10B6, Y=000A, 00100100
         1503042 | FF | 8166 | ( 6)  JSR $816F      | PC=816F, PBR=FF, DBR=E1, S=01E0, D=0000, e=0, A=2D, X=10B6, Y=000A, 00100100
         1519162 | FF | 8169 | ( 4)  LDA $02F3      | PC=816C, PBR=FF, DBR=E1, S=01E2, D=0000, e=0, A=2D, X=10B7, Y=000A, 00100101
         1519163 | FF | 816C | ( 3)  JMP $8172      | PC=8172, PBR=FF, DBR=E1, S=01E2, D=0000, e=0, A=2D, X=10B7, Y=000A, 00100101
         1503043 | FF | 816F | ( 2)  SEC            | PC=8170, PBR=FF, DBR=E1, S=01E0, D=0000, e=0, A=2D, X=10B6, Y=000A, 00100101
         1503044 | FF | 8170 | ( 3)  BRA $01 (1)    | PC=8173, PBR=FF, DBR=E1, S=01E0, D=0000, e=0, A=2D, X=10B6, Y=000A, 00100101
         1519164 | FF | 8172 | ( 2)  CLC            | PC=8173, PBR=FF, DBR=E1, S=01E2, D=0000, e=0, A=2D, X=10B7, Y=000A, 00100100
         1519165 | FF | 8173 | ( 3)  PHP            | PC=8174, PBR=FF, DBR=E1, S=01E1, D=0000, e=0, A=2D, X=10B7, Y=000A, 00100100
         1519166 | FF | 8174 | ( 2)  SEI            | PC=8175, PBR=FF, DBR=E1, S=01E1, D=0000, e=0, A=2D, X=10B7, Y=000A, 00100100
         1519167 | FF | 8175 | ( 2)  TAX            | PC=8176, PBR=FF, DBR=E1, S=01E1, D=0000, e=0, A=2D, X=002D, Y=000A, 00100100
         1519168 | FF | 8176 | ( 3)  LDY #$000A     | PC=8179, PBR=FF, DBR=E1, S=01E1, D=0000, e=0, A=2D, X=002D, Y=000A, 00100100
         1519169 | FF | 8179 | ( 4)  LDA $C027      | PC=817C, PBR=FF, DBR=E1, S=01E1, D=0000, e=0, A=80, X=002D, Y=000A, 10100100
         1519170 | FF | 817C | ( 2)  ROR            | PC=817D, PBR=FF, DBR=E1, S=01E1, D=0000, e=0, A=40, X=002D, Y=000A, 00100100
         1519171 | FF | 817D | ( 2)  TXA            | PC=817E, PBR=FF, DBR=E1, S=01E1, D=0000, e=0, A=2D, X=002D, Y=000A, 00100100
         1519172 | FF | 817E | ( 2)  BCS $11 (17)   | PC=8180, PBR=FF, DBR=E1, S=01E1, D=0000, e=0, A=2D, X=002D, Y=000A, 00100100
         1519173 | FF | 8180 | ( 4)  STA $C026      | PC=8183, PBR=FF, DBR=E1, S=01E1, D=0000, e=0, A=2D, X=002D, Y=000A, 00100100
         1519174 | FF | 8183 | ( 3)  LDX #$1D4C     | PC=8186, PBR=FF, DBR=E1, S=01E1, D=0000, e=0, A=2D, X=1D4C, Y=000A, 00100100
         1535280 | FF | 8186 | ( 2)  DEX            | PC=8187, PBR=FF, DBR=E1, S=01E1, D=0000, e=0, A=C0, X=10B6, Y=000A, 00100101
         1535281 | FF | 8187 | ( 2)  BEQ $22 (34)   | PC=8189, PBR=FF, DBR=E1, S=01E1, D=0000, e=0, A=C0, X=10B6, Y=000A, 00100101
         1535282 | FF | 8189 | ( 4)  LDA $C027      | PC=818C, PBR=FF, DBR=E1, S=01E1, D=0000, e=0, A=80, X=10B6, Y=000A, 10100101
         1535283 | FF | 818C | ( 2)  ROR            | PC=818D, PBR=FF, DBR=E1, S=01E1, D=0000, e=0, A=C0, X=10B6, Y=000A, 10100100
         1535284 | FF | 818D | ( 2)  BCS $F7 (-9)   | PC=818F, PBR=FF, DBR=E1, S=01E1, D=0000, e=0, A=C0, X=10B6, Y=000A, 10100100
         1535285 | FF | 818F | ( 4)  PLP            | PC=8190, PBR=FF, DBR=E1, S=01E2, D=0000, e=0, A=C0, X=10B6, Y=000A, 00100100
         1535286 | FF | 8190 | ( 6)  RTS            | PC=80F0, PBR=FF, DBR=E1, S=01E4, D=0000, e=0, A=C0, X=10B6, Y=000A, 00100100
          878493 | FF | 8196 | ( 2)  CLC            | PC=8197, PBR=FF, DBR=E1, S=01E2, D=0000, e=0, A=D0, X=10B9, Y=000A, 00100100
          878494 | FF | 8197 | ( 3)  PHP            | PC=8198, PBR=FF, DBR=E1, S=01E1, D=0000, e=0, A=D0, X=10B9, Y=000A, 00100100
          878495 | FF | 8198 | ( 2)  SEI            | PC=8199, PBR=FF, DBR=E1, S=01E1, D=0000, e=0, A=D0, X=10B9, Y=000A, 00100100
          878496 | FF | 8199 | ( 3)  LDX #$2CEC     | PC=819C, PBR=FF, DBR=E1, S=01E1, D=0000, e=0, A=D0, X=2CEC, Y=000A, 00100100
          878497 | FF | 819C | ( 2)  DEX            | PC=819D, PBR=FF, DBR=E1, S=01E1, D=0000, e=0, A=D0, X=2CEB, Y=000A, 00100100
          878498 | FF | 819D | ( 2)  BEQ $0C (12)   | PC=819F, PBR=FF, DBR=E1, S=01E1, D=0000, e=0, A=D0, X=2CEB, Y=000A, 00100100
          878499 | FF | 819F | ( 4)  LDA $C027      | PC=81A2, PBR=FF, DBR=E1, S=01E1, D=0000, e=0, A=A0, X=2CEB, Y=000A, 10100100
          878500 | FF | 81A2 | ( 2)  AND #$20       | PC=81A4, PBR=FF, DBR=E1, S=01E1, D=0000, e=0, A=20, X=2CEB, Y=000A, 00100100
          878501 | FF | 81A4 | ( 2)  BEQ $F6 (-10)  | PC=81A6, PBR=FF, DBR=E1, S=01E1, D=0000, e=0, A=20, X=2CEB, Y=000A, 00100100
          878502 | FF | 81A6 | ( 4)  LDA $C026      | PC=81A9, PBR=FF, DBR=E1, S=01E1, D=0000, e=0, A=06, X=2CEB, Y=000A, 00100100
          878503 | FF | 81A9 | ( 4)  PLP            | PC=81AA, PBR=FF, DBR=E1, S=01E2, D=0000, e=0, A=06, X=2CEB, Y=000A, 00100100
          878504 | FF | 81AA | ( 6)  RTS            | PC=7FEF, PBR=FF, DBR=E1, S=01E4, D=0000, e=0, A=06, X=2CEB, Y=000A, 00100100
         1692302 | FF | 93BB | ( 2)  LDX #$00       | PC=93BD, PBR=FF, DBR=00, S=01EA, D=0000, e=0, A=FA, X=00, Y=17, 00110110
         1692303 | FF | 93BD | ( 3)  PHA            | PC=93BE, PBR=FF, DBR=00, S=01E9, D=0000, e=0, A=FA, X=00, Y=17, 00110110
         1692304 | FF | 93BE | ( 2)  TXA            | PC=93BF, PBR=FF, DBR=00, S=01E9, D=0000, e=0, A=00, X=00, Y=17, 00110110
         1692305 | FF | 93BF | ( 2)  CLC            | PC=93C0, PBR=FF, DBR=00, S=01E9, D=0000, e=0, A=00, X=00, Y=17, 00110110
         1692306 | FF | 93C0 | ( 4)  BIT $C01F      | PC=93C3, PBR=FF, DBR=00, S=01E9, D=0000, e=0, A=00, X=00, Y=17, 00110110
         1692307 | FF | 93C3 | ( 3)  BPL $02 (2)    | PC=93C7, PBR=FF, DBR=00, S=01E9, D=0000, e=0, A=00, X=00, Y=17, 00110110
         1692308 | FF | 93C7 | ( 2)  TAX            | PC=93C8, PBR=FF, DBR=00, S=01E9, D=0000, e=0, A=00, X=00, Y=17, 00110110
         1692309 | FF | 93C8 | ( 6)  JSR $A9E0      | PC=A9E0, PBR=FF, DBR=00, S=01E7, D=0000, e=0, A=00, X=00, Y=17, 00110110
         1692433 | FF | 93CB | ( 4)  PLA            | PC=93CC, PBR=FF, DBR=00, S=01EA, D=0000, e=0, A=FA, X=00, Y=17, 10110100
         1692434 | FF | 93CC | ( 6)  RTS            | PC=7C0D, PBR=FF, DBR=00, S=01EC, D=0000, e=0, A=FA, X=00, Y=17, 10110100
         3790928 | FF | 9A51 | ( 8)  JSL $E1006C    | PC=006C, PBR=E1, DBR=00, S=01EE, D=0000, e=0, A=00, X=00, Y=00, 10110000
         3790932 | FF | 9A55 | ( 3)  BCS $01 (1)    | PC=9A58, PBR=FF, DBR=00, S=01F1, D=0000, e=0, A=00, X=00, Y=00, 10110001
         3790933 | FF | 9A58 | ( 3)  PHP            | PC=9A59, PBR=FF, DBR=00, S=01F0, D=0000, e=0, A=00, X=00, Y=00, 10110001
         3790934 | FF | 9A59 | ( 2)  SEI            | PC=9A5A, PBR=FF, DBR=00, S=01F0, D=0000, e=0, A=00, X=00, Y=00, 10110101
         3790935 | FF | 9A5A | ( 2)  LDA #$B0       | PC=9A5C, PBR=FF, DBR=00, S=01F0, D=0000, e=0, A=B0, X=00, Y=00, 10110101
         3790936 | FF | 9A5C | ( 6)  JSR $FCA8      | PC=FCA8, PBR=FF, DBR=00, S=01EE, D=0000, e=0, A=B0, X=00, Y=00, 10110101
         3822805 | FF | 9A5F | ( 4)  LDA $C036      | PC=9A62, PBR=FF, DBR=00, S=01F0, D=0000, e=0, A=84, X=00, Y=00, 10110101
         3822806 | FF | 9A62 | ( 3)  PHA            | PC=9A63, PBR=FF, DBR=00, S=01EF, D=0000, e=0, A=84, X=00, Y=00, 10110101
         3822807 | FF | 9A63 | ( 2)  AND #$7F       | PC=9A65, PBR=FF, DBR=00, S=01EF, D=0000, e=0, A=04, X=00, Y=00, 00110101
         3822808 | FF | 9A65 | ( 4)  STA $C036      | PC=9A68, PBR=FF, DBR=00, S=01EF, D=0000, e=0, A=04, X=00, Y=00, 00110101
         3822809 | FF | 9A68 | ( 3)  PHX            | PC=9A69, PBR=FF, DBR=00, S=01EE, D=0000, e=0, A=04, X=00, Y=00, 00110101
         3822810 | FF | 9A69 | ( 3)  PHB            | PC=9A6A, PBR=FF, DBR=00, S=01ED, D=0000, e=0, A=04, X=00, Y=00, 00110101
         3822811 | FF | 9A6A | ( 6)  JSR $F882      | PC=F882, PBR=FF, DBR=00, S=01EB, D=0000, e=0, A=04, X=00, Y=00, 00110101
         3822816 | FF | 9A6D | ( 4)  LDA $02DF      | PC=9A70, PBR=FF, DBR=E1, S=01ED, D=0000, e=0, A=06, X=00, Y=00, 00110101
         3822817 | FF | 9A70 | ( 2)  EOR #$0F       | PC=9A72, PBR=FF, DBR=E1, S=01ED, D=0000, e=0, A=09, X=00, Y=00, 00110101
         3822818 | FF | 9A72 | ( 4)  STA $016D      | PC=9A75, PBR=FF, DBR=E1, S=01ED, D=0000, e=0, A=09, X=00, Y=00, 00110101
         3822819 | FF | 9A75 | ( 4)  STZ $016E      | PC=9A78, PBR=FF, DBR=E1, S=01ED, D=0000, e=0, A=09, X=00, Y=00, 00110101
         3822820 | FF | 9A78 | ( 3)  REP #$0020     | PC=9A7A, PBR=FF, DBR=E1, S=01ED, D=0000, e=0, A=8409, X=00, Y=00, 00010101
         3822821 | FF | 9A7A | ( 3)  LDA #$8888     | PC=9A7D, PBR=FF, DBR=E1, S=01ED, D=0000, e=0, A=8888, X=00, Y=00, 10010101
         3822822 | FF | 9A7D | ( 5)  STA $0169      | PC=9A80, PBR=FF, DBR=E1, S=01ED, D=0000, e=0, A=8888, X=00, Y=00, 10010101
         3822823 | FF | 9A80 | ( 3)  LDA #$2000     | PC=9A83, PBR=FF, DBR=E1, S=01ED, D=0000, e=0, A=2000, X=00, Y=00, 00010101
         3822824 | FF | 9A83 | ( 5)  STA $016B      | PC=9A86, PBR=FF, DBR=E1, S=01ED, D=0000, e=0, A=2000, X=00, Y=00, 00010101
         3822825 | FF | 9A86 | ( 3)  SEP #$0030     | PC=9A88, PBR=FF, DBR=E1, S=01ED, D=0000, e=0, A=00, X=00, Y=00, 00110101
         3822826 | FF | 9A88 | ( 4)  LDA $00CA      | PC=9A8B, PBR=FF, DBR=E1, S=01ED, D=0000, e=0, A=05, X=00, Y=00, 00110101
         3822827 | FF | 9A8B | ( 4)  STA $016F      | PC=9A8E, PBR=FF, DBR=E1, S=01ED, D=0000, e=0, A=05, X=00, Y=00, 00110101
         3822828 | FF | 9A8E | ( 3)  PHA            | PC=9A8F, PBR=FF, DBR=E1, S=01EC, D=0000, e=0, A=05, X=00, Y=00, 00110101
         3822829 | FF | 9A8F | ( 2)  AND #$0F       | PC=9A91, PBR=FF, DBR=E1, S=01EC, D=0000, e=0, A=05, X=00, Y=00, 00110101
         3822830 | FF | 9A91 | ( 3)  BNE $40 (64)   | PC=9AD3, PBR=FF, DBR=E1, S=01EC, D=0000, e=0, A=05, X=00, Y=00, 00110101
         3822831 | FF | 9AD3 | ( 2)  CLC            | PC=9AD4, PBR=FF, DBR=E1, S=01EC, D=0000, e=0, A=05, X=00, Y=00, 00110100
         3822832 | FF | 9AD4 | ( 3)  REP #$0030     | PC=9AD6, PBR=FF, DBR=E1, S=01EC, D=0000, e=0, A=2005, X=0000, Y=0000, 00000100
         3822833 | FF | 9AD6 | ( 5)  LDY $016D      | PC=9AD9, PBR=FF, DBR=E1, S=01EC, D=0000, e=0, A=2005, X=0000, Y=0009, 00000100
         3822834 | FF | 9AD9 | ( 3)  LDX #$0250     | PC=9ADC, PBR=FF, DBR=E1, S=01EC, D=0000, e=0, A=2005, X=0250, Y=0009, 00000100
         3884472 | FF | 9ADC | ( 2)  DEY            | PC=9ADD, PBR=FF, DBR=E1, S=01EC, D=0000, e=0, A=0000, X=0001, Y=0003, 00000100
         3884473 | FF | 9ADD | ( 3)  BNE $0B (11)   | PC=9AEA, PBR=FF, DBR=E1, S=01EC, D=0000, e=0, A=0000, X=0001, Y=0003, 00000100
         3884369 | FF | 9ADF | ( 5)  LDY $016D      | PC=9AE2, PBR=FF, DBR=E1, S=01EC, D=0000, e=0, A=0000, X=0007, Y=0009, 00000100
         3884370 | FF | 9AE2 | ( 8)  ROL $0169      | PC=9AE5, PBR=FF, DBR=E1, S=01EC, D=0000, e=0, A=0000, X=0007, Y=0009, 00000100
         3884371 | FF | 9AE5 | ( 3)  BCC $03 (3)    | PC=9AEA, PBR=FF, DBR=E1, S=01EC, D=0000, e=0, A=0000, X=0007, Y=0009, 00000100
         3884059 | FF | 9AE7 | ( 5)  LDA $C030      | PC=9AEA, PBR=FF, DBR=E1, S=01EC, D=0000, e=0, A=0000, X=0019, Y=0009, 00000111
         3884474 | FF | 9AEA | ( 2)  DEX            | PC=9AEB, PBR=FF, DBR=E1, S=01EC, D=0000, e=0, A=0000, X=0000, Y=0003, 00000110
         3884475 | FF | 9AEB | ( 2)  BNE $18 (24)   | PC=9AED, PBR=FF, DBR=E1, S=01EC, D=0000, e=0, A=0000, X=0000, Y=0003, 00000110
         3884476 | FF | 9AED | ( 3)  LDX #$0250     | PC=9AF0, PBR=FF, DBR=E1, S=01EC, D=0000, e=0, A=0000, X=0250, Y=0003, 00000100
         3884477 | FF | 9AF0 | ( 3)  SEP #$0020     | PC=9AF2, PBR=FF, DBR=E1, S=01EC, D=0000, e=0, A=00, X=0250, Y=0003, 00100100
         3884478 | FF | 9AF2 | ( 4)  LDA $016F      | PC=9AF5, PBR=FF, DBR=E1, S=01EC, D=0000, e=0, A=00, X=0250, Y=0003, 00100110
         3884479 | FF | 9AF5 | ( 3)  BEQ $19 (25)   | PC=9B10, PBR=FF, DBR=E1, S=01EC, D=0000, e=0, A=00, X=0250, Y=0003, 00100110
         3874204 | FF | 9AF7 | ( 2)  DEC            | PC=9AF8, PBR=FF, DBR=E1, S=01EC, D=0000, e=0, A=00, X=0250, Y=0001, 00100111
         3874205 | FF | 9AF8 | ( 4)  STA $016F      | PC=9AFB, PBR=FF, DBR=E1, S=01EC, D=0000, e=0, A=00, X=0250, Y=0001, 00100111
         3874206 | FF | 9AFB | ( 4)  STA $00CA      | PC=9AFE, PBR=FF, DBR=E1, S=01EC, D=0000, e=0, A=00, X=0250, Y=0001, 00100111
         3874207 | FF | 9AFE | ( 4)  STA $C03C      | PC=9B01, PBR=FF, DBR=E1, S=01EC, D=0000, e=0, A=00, X=0250, Y=0001, 00100111
         3874208 | FF | 9B01 | ( 3)  REP #$0020     | PC=9B03, PBR=FF, DBR=E1, S=01EC, D=0000, e=0, A=0000, X=0250, Y=0001, 00000111
         3874209 | FF | 9B03 | ( 3)  BRA $06 (6)    | PC=9B0B, PBR=FF, DBR=E1, S=01EC, D=0000, e=0, A=0000, X=0250, Y=0001, 00000111
         3884459 | FF | 9B05 | ( 3)  LDA #$0005     | PC=9B08, PBR=FF, DBR=E1, S=01EC, D=0000, e=0, A=0005, X=0001, Y=0004, 00000100
         3884468 | FF | 9B08 | ( 2)  DEC            | PC=9B09, PBR=FF, DBR=E1, S=01EC, D=0000, e=0, A=0000, X=0001, Y=0004, 00000110
         3884469 | FF | 9B09 | ( 2)  BNE $FD (-3)   | PC=9B0B, PBR=FF, DBR=E1, S=01EC, D=0000, e=0, A=0000, X=0001, Y=0004, 00000110
         3884470 | FF | 9B0B | ( 8)  DEC $016B      | PC=9B0E, PBR=FF, DBR=E1, S=01EC, D=0000, e=0, A=0000, X=0001, Y=0004, 00000100
         3884471 | FF | 9B0E | ( 3)  BNE $CC (-52)  | PC=9ADC, PBR=FF, DBR=E1, S=01EC, D=0000, e=0, A=0000, X=0001, Y=0004, 00000100
         3884480 | FF | 9B10 | ( 3)  SEP #$0030     | PC=9B12, PBR=FF, DBR=E1, S=01EC, D=0000, e=0, A=00, X=50, Y=03, 00110110
         3884481 | FF | 9B12 | ( 4)  PLA            | PC=9B13, PBR=FF, DBR=E1, S=01ED, D=0000, e=0, A=05, X=50, Y=03, 00110100
         3884482 | FF | 9B13 | ( 4)  STA $00CA      | PC=9B16, PBR=FF, DBR=E1, S=01ED, D=0000, e=0, A=05, X=50, Y=03, 00110100
         3884483 | FF | 9B16 | ( 4)  STA $C03C      | PC=9B19, PBR=FF, DBR=E1, S=01ED, D=0000, e=0, A=05, X=50, Y=03, 00110100
         3884484 | FF | 9B19 | ( 4)  PLB            | PC=9B1A, PBR=FF, DBR=00, S=01EE, D=0000, e=0, A=05, X=50, Y=03, 00110110
         3884485 | FF | 9B1A | ( 4)  PLX            | PC=9B1B, PBR=FF, DBR=00, S=01EF, D=0000, e=0, A=05, X=00, Y=03, 00110110
         3884486 | FF | 9B1B | ( 2)  LDY #$00       | PC=9B1D, PBR=FF, DBR=00, S=01EF, D=0000, e=0, A=05, X=00, Y=00, 00110110
         3884487 | FF | 9B1D | ( 4)  PLA            | PC=9B1E, PBR=FF, DBR=00, S=01F0, D=0000, e=0, A=84, X=00, Y=00, 10110100
         3884488 | FF | 9B1E | ( 4)  STA $C036      | PC=9B21, PBR=FF, DBR=00, S=01F0, D=0000, e=0, A=84, X=00, Y=00, 10110100
         3884489 | FF | 9B21 | ( 4)  PLP            | PC=9B22, PBR=FF, DBR=00, S=01F1, D=0000, e=0, A=84, X=00, Y=00, 10110001
         3884490 | FF | 9B22 | ( 6)  RTS            | PC=A5AD, PBR=FF, DBR=00, S=01F3, D=0000, e=0, A=84, X=00, Y=00, 10110001
              63 | FF | 9B3B | ( 2)  LDA #$FF       | PC=9B3D, PBR=FF, DBR=00, S=01ED, D=0000, e=0, A=FF, X=00, Y=00, 10110100
              64 | FF | 9B3D | ( 5)  STA $E10135    | PC=9B41, PBR=FF, DBR=00, S=01ED, D=0000, e=0, A=FF, X=00, Y=00, 10110100
              65 | FF | 9B41 | ( 3)  PHB            | PC=9B42, PBR=FF, DBR=00, S=01EC, D=0000, e=0, A=FF, X=00, Y=00, 10110100
              66 | FF | 9B42 | ( 2)  LDA #$E1       | PC=9B44, PBR=FF, DBR=00, S=01EC, D=0000, e=0, A=E1, X=00, Y=00, 10110100
              67 | FF | 9B44 | ( 3)  PHA            | PC=9B45, PBR=FF, DBR=00, S=01EB, D=0000, e=0, A=E1, X=00, Y=00, 10110100
              68 | FF | 9B45 | ( 4)  PLB            | PC=9B46, PBR=FF, DBR=E1, S=01EC, D=0000, e=0, A=E1, X=00, Y=00, 10110100
              69 | FF | 9B46 | ( 2)  LDA #$40       | PC=9B48, PBR=FF, DBR=E1, S=01EC, D=0000, e=0, A=40, X=00, Y=00, 00110100
              70 | FF | 9B48 | ( 4)  STA $01BB      | PC=9B4B, PBR=FF, DBR=E1, S=01EC, D=0000, e=0, A=40, X=00, Y=00, 00110100
              71 | FF | 9B4B | ( 2)  LDA #$6B       | PC=9B4D, PBR=FF, DBR=E1, S=01EC, D=0000, e=0, A=6B, X=00, Y=00, 00110100
              72 | FF | 9B4D | ( 4)  STA $01B2      | PC=9B50, PBR=FF, DBR=E1, S=01EC, D=0000, e=0, A=6B, X=00, Y=00, 00110100
              73 | FF | 9B50 | ( 4)  STZ $0137      | PC=9B53, PBR=FF, DBR=E1, S=01EC, D=0000, e=0, A=6B, X=00, Y=00, 00110100
              74 | FF | 9B53 | ( 4)  STZ $00D7      | PC=9B56, PBR=FF, DBR=E1, S=01EC, D=0000, e=0, A=6B, X=00, Y=00, 00110100
              75 | FF | 9B56 | ( 4)  STZ $00CB      | PC=9B59, PBR=FF, DBR=E1, S=01EC, D=0000, e=0, A=6B, X=00, Y=00, 00110100
              76 | FF | 9B59 | ( 4)  STZ $0101      | PC=9B5C, PBR=FF, DBR=E1, S=01EC, D=0000, e=0, A=6B, X=00, Y=00, 00110100
              77 | FF | 9B5C | ( 3)  REP #$0020     | PC=9B5E, PBR=FF, DBR=E1, S=01EC, D=0000, e=0, A=AA6B, X=00, Y=00, 00010100
              78 | FF | 9B5E | ( 5)  STZ $0103      | PC=9B61, PBR=FF, DBR=E1, S=01EC, D=0000, e=0, A=AA6B, X=00, Y=00, 00010100
              79 | FF | 9B61 | ( 5)  STZ $0143      | PC=9B64, PBR=FF, DBR=E1, S=01EC, D=0000, e=0, A=AA6B, X=00, Y=00, 00010100
              80 | FF | 9B64 | ( 5)  STZ $00C3      | PC=9B67, PBR=FF, DBR=E1, S=01EC, D=0000, e=0, A=AA6B, X=00, Y=00, 00010100
              81 | FF | 9B67 | ( 5)  STZ $00C5      | PC=9B6A, PBR=FF, DBR=E1, S=01EC, D=0000, e=0, A=AA6B, X=00, Y=00, 00010100
              82 | FF | 9B6A | ( 3)  LDA #$0001     | PC=9B6D, PBR=FF, DBR=E1, S=01EC, D=0000, e=0, A=0001, X=00, Y=00, 00010100
              83 | FF | 9B6D | ( 5)  STA $0174      | PC=9B70, PBR=FF, DBR=E1, S=01EC, D=0000, e=0, A=0001, X=00, Y=00, 00010100
              84 | FF | 9B70 | ( 3)  LDA #$A55A     | PC=9B73, PBR=FF, DBR=E1, S=01EC, D=0000, e=0, A=A55A, X=00, Y=00, 10010100
              85 | FF | 9B73 | ( 5)  STA $0176      | PC=9B76, PBR=FF, DBR=E1, S=01EC, D=0000, e=0, A=A55A, X=00, Y=00, 10010100
              86 | FF | 9B76 | ( 3)  LDA #$FF79     | PC=9B79, PBR=FF, DBR=E1, S=01EC, D=0000, e=0, A=FF79, X=00, Y=00, 10010100
              87 | FF | 9B79 | ( 5)  STA $017A      | PC=9B7C, PBR=FF, DBR=E1, S=01EC, D=0000, e=0, A=FF79, X=00, Y=00, 10010100
              88 | FF | 9B7C | ( 3)  LDA #$5C5C     | PC=9B7F, PBR=FF, DBR=E1, S=01EC, D=0000, e=0, A=5C5C, X=00, Y=00, 00010100
              89 | FF | 9B7F | ( 5)  STA $0178      | PC=9B82, PBR=FF, DBR=E1, S=01EC, D=0000, e=0, A=5C5C, X=00, Y=00, 00010100
              90 | FF | 9B82 | ( 3)  LDA #$FF79     | PC=9B85, PBR=FF, DBR=E1, S=01EC, D=0000, e=0, A=FF79, X=00, Y=00, 10010100
              91 | FF | 9B85 | ( 5)  STA $01AB      | PC=9B88, PBR=FF, DBR=E1, S=01EC, D=0000, e=0, A=FF79, X=00, Y=00, 10010100
              92 | FF | 9B88 | ( 3)  LDA #$5B5C     | PC=9B8B, PBR=FF, DBR=E1, S=01EC, D=0000, e=0, A=5B5C, X=00, Y=00, 00010100
              93 | FF | 9B8B | ( 5)  STA $01A9      | PC=9B8E, PBR=FF, DBR=E1, S=01EC, D=0000, e=0, A=5B5C, X=00, Y=00, 00010100
              94 | FF | 9B8E | ( 3)  LDA #$FF79     | PC=9B91, PBR=FF, DBR=E1, S=01EC, D=0000, e=0, A=FF79, X=00, Y=00, 10010100
              95 | FF | 9B91 | ( 5)  STA $01AF      | PC=9B94, PBR=FF, DBR=E1, S=01EC, D=0000, e=0, A=FF79, X=00, Y=00, 10010100
              96 | FF | 9B94 | ( 3)  LDA #$5B5C     | PC=9B97, PBR=FF, DBR=E1, S=01EC, D=0000, e=0, A=5B5C, X=00, Y=00, 00010100
              97 | FF | 9B97 | ( 5)  STA $01AD      | PC=9B9A, PBR=FF, DBR=E1, S=01EC, D=0000, e=0, A=5B5C, X=00, Y=00, 00010100
              98 | FF | 9B9A | ( 3)  SEP #$0030     | PC=9B9C, PBR=FF, DBR=E1, S=01EC, D=0000, e=0, A=5C, X=00, Y=00, 00110100
              99 | FF | 9B9C | ( 4)  STZ $017C      | PC=9B9F, PBR=FF, DBR=E1, S=01EC, D=0000, e=0, A=5C, X=00, Y=00, 00110100
             100 | FF | 9B9F | ( 3)  SEP #$0030     | PC=9BA1, PBR=FF, DBR=E1, S=01EC, D=0000, e=0, A=5C, X=00, Y=00, 00110100
             101 | FF | 9BA1 | ( 4)  PLB            | PC=9BA2, PBR=FF, DBR=00, S=01ED, D=0000, e=0, A=5C, X=00, Y=00, 00110110
             102 | FF | 9BA2 | ( 3)  PHB            | PC=9BA3, PBR=FF, DBR=00, S=01EC, D=0000, e=0, A=5C, X=00, Y=00, 00110110
             103 | FF | 9BA3 | ( 3)  PHB            | PC=9BA4, PBR=FF, DBR=00, S=01EB, D=0000, e=0, A=5C, X=00, Y=00, 00110110
             104 | FF | 9BA4 | ( 6)  JSR $F882      | PC=F882, PBR=FF, DBR=00, S=01E9, D=0000, e=0, A=5C, X=00, Y=00, 00110110
             109 | FF | 9BA7 | ( 4)  LDA $C068      | PC=9BAA, PBR=FF, DBR=E1, S=01EB, D=0000, e=0, A=0D, X=00, Y=00, 00110100
             110 | FF | 9BAA | ( 2)  AND #$FE       | PC=9BAC, PBR=FF, DBR=E1, S=01EB, D=0000, e=0, A=0C, X=00, Y=00, 00110100
             111 | FF | 9BAC | ( 4)  STA $012D      | PC=9BAF, PBR=FF, DBR=E1, S=01EB, D=0000, e=0, A=0C, X=00, Y=00, 00110100
             112 | FF | 9BAF | ( 4)  LDA 0B, S      | PC=9BB1, PBR=FF, DBR=E1, S=01EB, D=0000, e=0, A=C0, X=00, Y=00, 10110100
             113 | FF | 9BB1 | ( 2)  AND #$80       | PC=9BB3, PBR=FF, DBR=E1, S=01EB, D=0000, e=0, A=80, X=00, Y=00, 10110100
             114 | FF | 9BB3 | ( 4)  ORA $C035      | PC=9BB6, PBR=FF, DBR=E1, S=01EB, D=0000, e=0, A=88, X=00, Y=00, 10110100
             115 | FF | 9BB6 | ( 4)  STA $012E      | PC=9BB9, PBR=FF, DBR=E1, S=01EB, D=0000, e=0, A=88, X=00, Y=00, 10110100
             116 | FF | 9BB9 | ( 4)  PLA            | PC=9BBA, PBR=FF, DBR=E1, S=01EC, D=0000, e=0, A=00, X=00, Y=00, 00110110
             117 | FF | 9BBA | ( 4)  STA $012B      | PC=9BBD, PBR=FF, DBR=E1, S=01EC, D=0000, e=0, A=00, X=00, Y=00, 00110110
             118 | FF | 9BBD | ( 4)  STA $012C      | PC=9BC0, PBR=FF, DBR=E1, S=01EC, D=0000, e=0, A=00, X=00, Y=00, 00110110
             119 | FF | 9BC0 | ( 4)  STA $0133      | PC=9BC3, PBR=FF, DBR=E1, S=01EC, D=0000, e=0, A=00, X=00, Y=00, 00110110
             120 | FF | 9BC3 | ( 4)  STA $013E      | PC=9BC6, PBR=FF, DBR=E1, S=01EC, D=0000, e=0, A=00, X=00, Y=00, 00110110
             121 | FF | 9BC6 | ( 4)  STA $01A7      | PC=9BC9, PBR=FF, DBR=E1, S=01EC, D=0000, e=0, A=00, X=00, Y=00, 00110110
             122 | FF | 9BC9 | ( 3)  REP #$0030     | PC=9BCB, PBR=FF, DBR=E1, S=01EC, D=0000, e=0, A=5B00, X=0000, Y=0000, 00000110
             123 | FF | 9BCB | ( 2)  TDC            | PC=9BCC, PBR=FF, DBR=E1, S=01EC, D=0000, e=0, A=0000, X=0000, Y=0000, 00000110
             124 | FF | 9BCC | ( 5)  STA $0128      | PC=9BCF, PBR=FF, DBR=E1, S=01EC, D=0000, e=0, A=0000, X=0000, Y=0000, 00000110
             125 | FF | 9BCF | ( 2)  TSC            | PC=9BD0, PBR=FF, DBR=E1, S=01EC, D=0000, e=0, A=01EC, X=0000, Y=0000, 00000100
             126 | FF | 9BD0 | ( 2)  CLC            | PC=9BD1, PBR=FF, DBR=E1, S=01EC, D=0000, e=0, A=01EC, X=0000, Y=0000, 00000100
             127 | FF | 9BD1 | ( 3)  ADC #$000B     | PC=9BD4, PBR=FF, DBR=E1, S=01EC, D=0000, e=0, A=01F7, X=0000, Y=0000, 00000100
             128 | FF | 9BD4 | ( 5)  STA $0126      | PC=9BD7, PBR=FF, DBR=E1, S=01EC, D=0000, e=0, A=01F7, X=0000, Y=0000, 00000100
             129 | FF | 9BD7 | ( 3)  LDA #$0101     | PC=9BDA, PBR=FF, DBR=E1, S=01EC, D=0000, e=0, A=0101, X=0000, Y=0000, 00000100
             130 | FF | 9BDA | ( 5)  STA $012F      | PC=9BDD, PBR=FF, DBR=E1, S=01EC, D=0000, e=0, A=0101, X=0000, Y=0000, 00000100
             131 | FF | 9BDD | ( 5)  STA $0131      | PC=9BE0, PBR=FF, DBR=E1, S=01EC, D=0000, e=0, A=0101, X=0000, Y=0000, 00000100
             132 | FF | 9BE0 | ( 3)  SEP #$0030     | PC=9BE2, PBR=FF, DBR=E1, S=01EC, D=0000, e=0, A=01, X=00, Y=00, 00110100
             133 | FF | 9BE2 | ( 2)  LDY #$05       | PC=9BE4, PBR=FF, DBR=E1, S=01EC, D=0000, e=0, A=01, X=00, Y=05, 00110100
             134 | FF | 9BE4 | ( 2)  LDA #$00       | PC=9BE6, PBR=FF, DBR=E1, S=01EC, D=0000, e=0, A=00, X=00, Y=05, 00110110
             150 | FF | 9BE6 | ( 5)  STA $0120, Y   | PC=9BE9, PBR=FF, DBR=E1, S=01EC, D=0000, e=0, A=00, X=00, Y=00, 00110110
             151 | FF | 9BE9 | ( 2)  DEY            | PC=9BEA, PBR=FF, DBR=E1, S=01EC, D=0000, e=0, A=00, X=00, Y=FF, 10110100
             152 | FF | 9BEA | ( 2)  BPL $FA (-6)   | PC=9BEC, PBR=FF, DBR=E1, S=01EC, D=0000, e=0, A=00, X=00, Y=FF, 10110100
             153 | FF | 9BEC | ( 4)  STA $012A      | PC=9BEF, PBR=FF, DBR=E1, S=01EC, D=0000, e=0, A=00, X=00, Y=FF, 10110100
             154 | FF | 9BEF | ( 4)  STY $0134      | PC=9BF2, PBR=FF, DBR=E1, S=01EC, D=0000, e=0, A=00, X=00, Y=FF, 10110100
             155 | FF | 9BF2 | ( 4)  PLB            | PC=9BF3, PBR=FF, DBR=00, S=01ED, D=0000, e=0, A=00, X=00, Y=FF, 00110110
             156 | FF | 9BF3 | ( 6)  RTS            | PC=BADC, PBR=FF, DBR=00, S=01EF, D=0000, e=0, A=00, X=00, Y=FF, 00110110
         3790905 | FF | 9C21 | ( 3)  SEP #$0030     | PC=9C23, PBR=FF, DBR=00, S=01E9, D=0000, e=0, A=8D, X=00, Y=00, 00110010
         3790906 | FF | 9C23 | ( 3)  XBA            | PC=9C24, PBR=FF, DBR=00, S=01E9, D=0000, e=0, A=00, X=00, Y=00, 00110010
         3790907 | FF | 9C24 | ( 2)  LDA #$80       | PC=9C26, PBR=FF, DBR=00, S=01E9, D=0000, e=0, A=80, X=00, Y=00, 10110000
         3790908 | FF | 9C26 | ( 6)  TSB $C036      | PC=9C29, PBR=FF, DBR=00, S=01E9, D=0000, e=0, A=80, X=00, Y=00, 10110000
         3790909 | FF | 9C29 | ( 3)  XBA            | PC=9C2A, PBR=FF, DBR=00, S=01E9, D=0000, e=0, A=8D, X=00, Y=00, 10110000
         3790910 | FF | 9C2A | ( 4)  STA $C007      | PC=9C2D, PBR=FF, DBR=00, S=01E9, D=0000, e=0, A=8D, X=00, Y=00, 10110000
         3790911 | FF | 9C2D | ( 6)  RTS            | PC=C0BA, PBR=FF, DBR=00, S=01EB, D=0000, e=0, A=8D, X=00, Y=00, 10110000
         1681453 | FF | 9C2E | ( 3)  PHB            | PC=9C2F, PBR=FF, DBR=00, S=01EC, D=0000, e=0, A=00, X=FF, Y=FF, 00110110
         1681454 | FF | 9C2F | ( 6)  JSR $F882      | PC=F882, PBR=FF, DBR=00, S=01EA, D=0000, e=0, A=00, X=FF, Y=FF, 00110110
         1681459 | FF | 9C32 | ( 2)  LDX #$27       | PC=9C34, PBR=FF, DBR=E1, S=01EC, D=0000, e=0, A=00, X=27, Y=FF, 00110100
         1681834 | FF | 9C34 | ( 5)  LDA $FF7C64, X | PC=9C38, PBR=FF, DBR=E1, S=01EC, D=0000, e=0, A=5C, X=00, Y=FF, 00110100
         1681835 | FF | 9C38 | ( 5)  STA $0080, X   | PC=9C3B, PBR=FF, DBR=E1, S=01EC, D=0000, e=0, A=5C, X=00, Y=FF, 00110100
         1681836 | FF | 9C3B | ( 5)  LDA $FF7C54, X | PC=9C3F, PBR=FF, DBR=E1, S=01EC, D=0000, e=0, A=5C, X=00, Y=FF, 00110100
         1681837 | FF | 9C3F | ( 5)  STA $0010, X   | PC=9C42, PBR=FF, DBR=E1, S=01EC, D=0000, e=0, A=5C, X=00, Y=FF, 00110100
         1681838 | FF | 9C42 | ( 2)  CPX #$20       | PC=9C44, PBR=FF, DBR=E1, S=01EC, D=0000, e=0, A=5C, X=00, Y=FF, 10110100
         1681839 | FF | 9C44 | ( 2)  BCS $07 (7)    | PC=9C46, PBR=FF, DBR=E1, S=01EC, D=0000, e=0, A=5C, X=00, Y=FF, 10110100
         1681840 | FF | 9C46 | ( 5)  LDA $FF7C34, X | PC=9C4A, PBR=FF, DBR=E1, S=01EC, D=0000, e=0, A=5C, X=00, Y=FF, 00110100
         1681841 | FF | 9C4A | ( 5)  STA $0200, X   | PC=9C4D, PBR=FF, DBR=E1, S=01EC, D=0000, e=0, A=5C, X=00, Y=FF, 00110100
         1681842 | FF | 9C4D | ( 2)  DEX            | PC=9C4E, PBR=FF, DBR=E1, S=01EC, D=0000, e=0, A=5C, X=FF, Y=FF, 10110100
         1681843 | FF | 9C4E | ( 2)  BPL $E4 (-28)  | PC=9C50, PBR=FF, DBR=E1, S=01EC, D=0000, e=0, A=5C, X=FF, Y=FF, 10110100
         1681844 | FF | 9C50 | ( 2)  LDX #$17       | PC=9C52, PBR=FF, DBR=E1, S=01EC, D=0000, e=0, A=5C, X=17, Y=FF, 00110100
         1681914 | FF | 9C52 | ( 5)  STZ $00A8, X   | PC=9C55, PBR=FF, DBR=E1, S=01EC, D=0000, e=0, A=5C, X=00, Y=FF, 00110110
         1681915 | FF | 9C55 | ( 2)  DEX            | PC=9C56, PBR=FF, DBR=E1, S=01EC, D=0000, e=0, A=5C, X=FF, Y=FF, 10110100
         1681916 | FF | 9C56 | ( 2)  BPL $FA (-6)   | PC=9C58, PBR=FF, DBR=E1, S=01EC, D=0000, e=0, A=5C, X=FF, Y=FF, 10110100
         1681917 | FF | 9C58 | ( 2)  LDA #$FF       | PC=9C5A, PBR=FF, DBR=E1, S=01EC, D=0000, e=0, A=FF, X=FF, Y=FF, 10110100
         1681918 | FF | 9C5A | ( 4)  STA $00C2      | PC=9C5D, PBR=FF, DBR=E1, S=01EC, D=0000, e=0, A=FF, X=FF, Y=FF, 10110100
         1681919 | FF | 9C5D | ( 2)  LDA #$4C       | PC=9C5F, PBR=FF, DBR=E1, S=01EC, D=0000, e=0, A=4C, X=FF, Y=FF, 00110100
         1681920 | FF | 9C5F | ( 5)  STA $0003D0    | PC=9C63, PBR=FF, DBR=E1, S=01EC, D=0000, e=0, A=4C, X=FF, Y=FF, 00110100
         1681921 | FF | 9C63 | ( 5)  STA $0003F5    | PC=9C67, PBR=FF, DBR=E1, S=01EC, D=0000, e=0, A=4C, X=FF, Y=FF, 00110100
         1681922 | FF | 9C67 | ( 5)  STA $0003F8    | PC=9C6B, PBR=FF, DBR=E1, S=01EC, D=0000, e=0, A=4C, X=FF, Y=FF, 00110100
         1681923 | FF | 9C6B | ( 3)  REP #$0030     | PC=9C6D, PBR=FF, DBR=E1, S=01EC, D=0000, e=0, A=FF4C, X=00FF, Y=00FF, 00000100
         1681924 | FF | 9C6D | ( 3)  LDA #$FF65     | PC=9C70, PBR=FF, DBR=E1, S=01EC, D=0000, e=0, A=FF65, X=00FF, Y=00FF, 10000100
         1681925 | FF | 9C70 | ( 6)  STA $0003FE    | PC=9C74, PBR=FF, DBR=E1, S=01EC, D=0000, e=0, A=FF65, X=00FF, Y=00FF, 10000100
         1681926 | FF | 9C74 | ( 6)  STA $0003D1    | PC=9C78, PBR=FF, DBR=E1, S=01EC, D=0000, e=0, A=FF65, X=00FF, Y=00FF, 10000100
         1681927 | FF | 9C78 | ( 6)  STA $0003F9    | PC=9C7C, PBR=FF, DBR=E1, S=01EC, D=0000, e=0, A=FF65, X=00FF, Y=00FF, 10000100
         1681928 | FF | 9C7C | ( 3)  LDA #$E003     | PC=9C7F, PBR=FF, DBR=E1, S=01EC, D=0000, e=0, A=E003, X=00FF, Y=00FF, 10000100
         1681929 | FF | 9C7F | ( 6)  STA $0003F6    | PC=9C83, PBR=FF, DBR=E1, S=01EC, D=0000, e=0, A=E003, X=00FF, Y=00FF, 10000100
         1681930 | FF | 9C83 | ( 3)  LDA #$8430     | PC=9C86, PBR=FF, DBR=E1, S=01EC, D=0000, e=0, A=8430, X=00FF, Y=00FF, 10000100
         1681931 | FF | 9C86 | ( 5)  STA $00C0      | PC=9C89, PBR=FF, DBR=E1, S=01EC, D=0000, e=0, A=8430, X=00FF, Y=00FF, 10000100
         1681932 | FF | 9C89 | ( 3)  LDX #$005C     | PC=9C8C, PBR=FF, DBR=E1, S=01EC, D=0000, e=0, A=8430, X=005C, Y=00FF, 00000100
         1682163 | FF | 9C8C | ( 3)  LDY #$FFBA     | PC=9C8F, PBR=FF, DBR=E1, S=01EC, D=0000, e=0, A=FFBA, X=0000, Y=FFBA, 10000100
         1682164 | FF | 9C8F | ( 3)  LDA #$185C     | PC=9C92, PBR=FF, DBR=E1, S=01EC, D=0000, e=0, A=185C, X=0000, Y=FFBA, 00000100
         1682165 | FF | 9C92 | ( 6)  STA $0020, X   | PC=9C95, PBR=FF, DBR=E1, S=01EC, D=0000, e=0, A=185C, X=0000, Y=FFBA, 00000100
         1682166 | FF | 9C95 | ( 2)  TYA            | PC=9C96, PBR=FF, DBR=E1, S=01EC, D=0000, e=0, A=FFBA, X=0000, Y=FFBA, 10000100
         1682167 | FF | 9C96 | ( 6)  STA $0022, X   | PC=9C99, PBR=FF, DBR=E1, S=01EC, D=0000, e=0, A=FFBA, X=0000, Y=FFBA, 10000100
         1682168 | FF | 9C99 | ( 2)  DEX            | PC=9C9A, PBR=FF, DBR=E1, S=01EC, D=0000, e=0, A=FFBA, X=FFFF, Y=FFBA, 10000100
         1682169 | FF | 9C9A | ( 2)  DEX            | PC=9C9B, PBR=FF, DBR=E1, S=01EC, D=0000, e=0, A=FFBA, X=FFFE, Y=FFBA, 10000100
         1682170 | FF | 9C9B | ( 2)  DEX            | PC=9C9C, PBR=FF, DBR=E1, S=01EC, D=0000, e=0, A=FFBA, X=FFFD, Y=FFBA, 10000100
         1682171 | FF | 9C9C | ( 2)  DEX            | PC=9C9D, PBR=FF, DBR=E1, S=01EC, D=0000, e=0, A=FFBA, X=FFFC, Y=FFBA, 10000100
         1682172 | FF | 9C9D | ( 2)  BPL $ED (-19)  | PC=9C9F, PBR=FF, DBR=E1, S=01EC, D=0000, e=0, A=FFBA, X=FFFC, Y=FFBA, 10000100
         1682173 | FF | 9C9F | ( 3)  LDA #$BAC0     | PC=9CA2, PBR=FF, DBR=E1, S=01EC, D=0000, e=0, A=BAC0, X=FFFC, Y=FFBA, 10000100
         1682174 | FF | 9CA2 | ( 5)  STA $0051      | PC=9CA5, PBR=FF, DBR=E1, S=01EC, D=0000, e=0, A=BAC0, X=FFFC, Y=FFBA, 10000100
         1682175 | FF | 9CA5 | ( 3)  LDA #$F15C     | PC=9CA8, PBR=FF, DBR=E1, S=01EC, D=0000, e=0, A=F15C, X=FFFC, Y=FFBA, 10000100
         1682176 | FF | 9CA8 | ( 5)  STA $007C      | PC=9CAB, PBR=FF, DBR=E1, S=01EC, D=0000, e=0, A=F15C, X=FFFC, Y=FFBA, 10000100
         1682177 | FF | 9CAB | ( 3)  LDA #$FFA6     | PC=9CAE, PBR=FF, DBR=E1, S=01EC, D=0000, e=0, A=FFA6, X=FFFC, Y=FFBA, 10000100
         1682178 | FF | 9CAE | ( 5)  STA $007E      | PC=9CB1, PBR=FF, DBR=E1, S=01EC, D=0000, e=0, A=FFA6, X=FFFC, Y=FFBA, 10000100
         1682179 | FF | 9CB1 | ( 3)  SEP #$0030     | PC=9CB3, PBR=FF, DBR=E1, S=01EC, D=0000, e=0, A=A6, X=FC, Y=BA, 10110100
         1682180 | FF | 9CB3 | ( 2)  LDA #$FF       | PC=9CB5, PBR=FF, DBR=E1, S=01EC, D=0000, e=0, A=FF, X=FC, Y=BA, 10110100
         1682181 | FF | 9CB5 | ( 4)  STA $0053      | PC=9CB8, PBR=FF, DBR=E1, S=01EC, D=0000, e=0, A=FF, X=FC, Y=BA, 10110100
         1682182 | FF | 9CB8 | ( 4)  STZ $00D6      | PC=9CBB, PBR=FF, DBR=E1, S=01EC, D=0000, e=0, A=FF, X=FC, Y=BA, 10110100
         1682183 | FF | 9CBB | ( 4)  PLB            | PC=9CBC, PBR=FF, DBR=00, S=01ED, D=0000, e=0, A=FF, X=FC, Y=BA, 00110110
         1682184 | FF | 9CBC | ( 3)  JMP $BB9B      | PC=BB9B, PBR=FF, DBR=00, S=01ED, D=0000, e=0, A=FF, X=FC, Y=BA, 00110110
         1695062 | FF | 9CBF | ( 3)  REP #$0010     | PC=9CC1, PBR=FF, DBR=00, S=01EF, D=0000, e=0, A=B3, X=0006, Y=0006, 10100100
         1695063 | FF | 9CC1 | ( 3)  LDX #$07FF     | PC=9CC4, PBR=FF, DBR=00, S=01EF, D=0000, e=0, A=B3, X=07FF, Y=0006, 00100100
         1695064 | FF | 9CC4 | ( 2)  LDA #$B2       | PC=9CC6, PBR=FF, DBR=00, S=01EF, D=0000, e=0, A=B2, X=07FF, Y=0006, 10100100
         1701206 | FF | 9CC6 | ( 5)  STA $E00800, X | PC=9CCA, PBR=FF, DBR=00, S=01EF, D=0000, e=0, A=B2, X=0000, Y=0006, 00100110
         1701207 | FF | 9CCA | ( 2)  DEX            | PC=9CCB, PBR=FF, DBR=00, S=01EF, D=0000, e=0, A=B2, X=FFFF, Y=0006, 10100100
         1701208 | FF | 9CCB | ( 2)  BPL $F9 (-7)   | PC=9CCD, PBR=FF, DBR=00, S=01EF, D=0000, e=0, A=B2, X=FFFF, Y=0006, 10100100
         1701209 | FF | 9CCD | ( 3)  SEP #$0030     | PC=9CCF, PBR=FF, DBR=00, S=01EF, D=0000, e=0, A=B2, X=FF, Y=06, 10110100
         1701210 | FF | 9CCF | ( 4)  LDA $C068      | PC=9CD2, PBR=FF, DBR=00, S=01EF, D=0000, e=0, A=0D, X=FF, Y=06, 00110100
         1701211 | FF | 9CD2 | ( 3)  PHA            | PC=9CD3, PBR=FF, DBR=00, S=01EE, D=0000, e=0, A=0D, X=FF, Y=06, 00110100
         1701212 | FF | 9CD3 | ( 4)  STA $C006      | PC=9CD6, PBR=FF, DBR=00, S=01EE, D=0000, e=0, A=0D, X=FF, Y=06, 00110100
         1701213 | FF | 9CD6 | ( 2)  LDA #$C1       | PC=9CD8, PBR=FF, DBR=00, S=01EE, D=0000, e=0, A=C1, X=FF, Y=06, 10110100
         1701214 | FF | 9CD8 | ( 3)  STA $01        | PC=9CDA, PBR=FF, DBR=00, S=01EE, D=0000, e=0, A=C1, X=FF, Y=06, 10110100
         1701215 | FF | 9CDA | ( 3)  STZ $00        | PC=9CDC, PBR=FF, DBR=00, S=01EE, D=0000, e=0, A=C1, X=FF, Y=06, 10110100
         1701276 | FF | 9CDC | ( 2)  LDX #$03       | PC=9CDE, PBR=FF, DBR=00, S=01EE, D=0000, e=0, A=C7, X=03, Y=FB, 00110100
         1701277 | FF | 9CDE | ( 5)  LDA $FFFB67, X | PC=9CE2, PBR=FF, DBR=00, S=01EE, D=0000, e=0, A=FB, X=03, Y=FB, 10110100
         1701278 | FF | 9CE2 | ( 2)  TAY            | PC=9CE3, PBR=FF, DBR=00, S=01EE, D=0000, e=0, A=FB, X=03, Y=FB, 10110100
         1701279 | FF | 9CE3 | ( 5)  LDA $FFFB6B, X | PC=9CE7, PBR=FF, DBR=00, S=01EE, D=0000, e=0, A=D6, X=03, Y=FB, 10110100
         1701280 | FF | 9CE7 | ( 5)  CMP ($00), Y   | PC=9CE9, PBR=FF, DBR=00, S=01EE, D=0000, e=0, A=D6, X=03, Y=FB, 10110101
         1701281 | FF | 9CE9 | ( 3)  BNE $0B (11)   | PC=9CF6, PBR=FF, DBR=00, S=01EE, D=0000, e=0, A=D6, X=03, Y=FB, 10110101
         1701282 | FF | 9CF6 | ( 5)  INC $01        | PC=9CF8, PBR=FF, DBR=00, S=01EE, D=0000, e=0, A=D6, X=03, Y=FB, 10110101
         1701283 | FF | 9CF8 | ( 3)  LDA $01        | PC=9CFA, PBR=FF, DBR=00, S=01EE, D=0000, e=0, A=C8, X=03, Y=FB, 10110101
         1701284 | FF | 9CFA | ( 2)  CMP #$C8       | PC=9CFC, PBR=FF, DBR=00, S=01EE, D=0000, e=0, A=C8, X=03, Y=FB, 00110111
         1701285 | FF | 9CFC | ( 2)  BCC $DE (-34)  | PC=9CFE, PBR=FF, DBR=00, S=01EE, D=0000, e=0, A=C8, X=03, Y=FB, 00110111
         1701286 | FF | 9CFE | ( 4)  PLA            | PC=9CFF, PBR=FF, DBR=00, S=01EF, D=0000, e=0, A=0D, X=03, Y=FB, 00110101
         1701287 | FF | 9CFF | ( 4)  STA $C068      | PC=9D02, PBR=FF, DBR=00, S=01EF, D=0000, e=0, A=0D, X=03, Y=FB, 00110101
         1701288 | FF | 9D02 | ( 8)  JSL $FE0000    | PC=0000, PBR=FE, DBR=00, S=01EC, D=0000, e=0, A=0D, X=03, Y=FB, 00110101
         1913888 | FF | 9D06 | ( 3)  BCC $08 (8)    | PC=9D10, PBR=FF, DBR=00, S=01EF, D=0000, e=0, A=00, X=06, Y=DE, 00110100
         1913889 | FF | 9D10 | ( 5)  LDA $E102F8    | PC=9D14, PBR=FF, DBR=00, S=01EF, D=0000, e=0, A=00, X=06, Y=DE, 00110110
         1913890 | FF | 9D14 | ( 3)  BEQ $0A (10)   | PC=9D20, PBR=FF, DBR=00, S=01EF, D=0000, e=0, A=00, X=06, Y=DE, 00110110
         1913891 | FF | 9D20 | ( 2)  LDA #$00       | PC=9D22, PBR=FF, DBR=00, S=01EF, D=0000, e=0, A=00, X=06, Y=DE, 00110110
         1913892 | FF | 9D22 | ( 5)  STA $E10FFE    | PC=9D26, PBR=FF, DBR=00, S=01EF, D=0000, e=0, A=00, X=06, Y=DE, 00110110
         1913893 | FF | 9D26 | ( 5)  STA $E10FFF    | PC=9D2A, PBR=FF, DBR=00, S=01EF, D=0000, e=0, A=00, X=06, Y=DE, 00110110
         1913894 | FF | 9D2A | ( 8)  JSL $FFB916    | PC=B916, PBR=FF, DBR=00, S=01EC, D=0000, e=0, A=00, X=06, Y=DE, 00110110
         1913976 | FF | 9D2E | ( 6)  JSR $5600      | PC=5600, PBR=FF, DBR=00, S=01ED, D=0000, e=0, A=00, X=06, Y=00, 00110110
         1954280 | FF | 9D31 | ( 8)  JSL $FE000C    | PC=000C, PBR=FE, DBR=00, S=01EC, D=0000, e=0, A=90, X=6E, Y=00, 00110110
         1955664 | FF | 9D35 | ( 6)  RTS            | PC=7694, PBR=FF, DBR=00, S=01F1, D=0000, e=0, A=0D, X=6C, Y=6D, 00110110
         1710815 | FF | 9D36 | ( 3)  PHP            | PC=9D37, PBR=FF, DBR=00, S=01CD, D=01DE, e=0, A=0000, X=0000, Y=01C9, 10000100
         1710816 | FF | 9D37 | ( 3)  SEP #$0030     | PC=9D39, PBR=FF, DBR=00, S=01CD, D=01DE, e=0, A=00, X=00, Y=C9, 10110100
         1710817 | FF | 9D39 | ( 5)  LDA $E1017D    | PC=9D3D, PBR=FF, DBR=00, S=01CD, D=01DE, e=0, A=00, X=00, Y=C9, 00110110
         1710818 | FF | 9D3D | ( 2)  TAX            | PC=9D3E, PBR=FF, DBR=00, S=01CD, D=01DE, e=0, A=00, X=00, Y=C9, 00110110
         1710819 | FF | 9D3E | ( 5)  LDA $E10319    | PC=9D42, PBR=FF, DBR=00, S=01CD, D=01DE, e=0, A=00, X=00, Y=C9, 00110110
         1710820 | FF | 9D42 | ( 3)  BEQ $0C (12)   | PC=9D50, PBR=FF, DBR=00, S=01CD, D=01DE, e=0, A=00, X=00, Y=C9, 00110110
         1710821 | FF | 9D50 | ( 2)  TXA            | PC=9D51, PBR=FF, DBR=00, S=01CD, D=01DE, e=0, A=00, X=00, Y=C9, 00110110
         1710822 | FF | 9D51 | ( 2)  BMI $F2 (-14)  | PC=9D53, PBR=FF, DBR=00, S=01CD, D=01DE, e=0, A=00, X=00, Y=C9, 00110110
         1710823 | FF | 9D53 | ( 4)  PLP            | PC=9D54, PBR=FF, DBR=00, S=01CE, D=01DE, e=0, A=0000, X=0000, Y=00C9, 10000100
         1710824 | FF | 9D54 | ( 6)  RTL            | PC=C6EF, PBR=FE, DBR=00, S=01D1, D=01DE, e=0, A=0000, X=0000, Y=00C9, 10000100
         3782538 | FF | A583 | ( 2)  CLC            | PC=A584, PBR=FF, DBR=00, S=01F3, D=0000, e=0, A=C0, X=00, Y=00, 10110000
         3782539 | FF | A584 | ( 3)  PHP            | PC=A585, PBR=FF, DBR=00, S=01F2, D=0000, e=0, A=C0, X=00, Y=00, 10110000
         3782540 | FF | A585 | ( 6)  JSR $A9F3      | PC=A9F3, PBR=FF, DBR=00, S=01F0, D=0000, e=0, A=C0, X=00, Y=00, 10110000
         3782826 | FF | A588 | ( 6)  JSR $A9EE      | PC=A9EE, PBR=FF, DBR=00, S=01F0, D=0000, e=0, A=FD, X=38, Y=1B, 10110000
         3787647 | FF | A58B | ( 2)  LDX #$00       | PC=A58D, PBR=FF, DBR=00, S=01F2, D=0000, e=0, A=00, X=00, Y=00, 00110010
         3787648 | FF | A58D | ( 2)  LDY #$05       | PC=A58F, PBR=FF, DBR=00, S=01F2, D=0000, e=0, A=00, X=00, Y=05, 00110000
         3787649 | FF | A58F | ( 6)  JSR $A9E0      | PC=A9E0, PBR=FF, DBR=00, S=01F0, D=0000, e=0, A=00, X=00, Y=05, 00110000
         3787773 | FF | A592 | ( 4)  PLP            | PC=A593, PBR=FF, DBR=00, S=01F3, D=0000, e=0, A=80, X=00, Y=05, 10110000
         3787774 | FF | A593 | ( 3)  PHP            | PC=A594, PBR=FF, DBR=00, S=01F2, D=0000, e=0, A=80, X=00, Y=05, 10110000
         3787775 | FF | A594 | ( 2)  BCS $04 (4)    | PC=A596, PBR=FF, DBR=00, S=01F2, D=0000, e=0, A=80, X=00, Y=05, 10110000
         3787776 | FF | A596 | ( 2)  LDA #$03       | PC=A598, PBR=FF, DBR=00, S=01F2, D=0000, e=0, A=03, X=00, Y=05, 00110000
         3787777 | FF | A598 | ( 3)  BRA $02 (2)    | PC=A59C, PBR=FF, DBR=00, S=01F2, D=0000, e=0, A=03, X=00, Y=05, 00110000
         3787778 | FF | A59C | ( 6)  JSR $C080      | PC=C080, PBR=FF, DBR=00, S=01F0, D=0000, e=0, A=03, X=00, Y=05, 00110000
         3790924 | FF | A59F | ( 4)  PLP            | PC=A5A0, PBR=FF, DBR=00, S=01F3, D=0000, e=0, A=00, X=00, Y=00, 10110000
         3790925 | FF | A5A0 | ( 3)  BCC $05 (5)    | PC=A5A7, PBR=FF, DBR=00, S=01F3, D=0000, e=0, A=00, X=00, Y=00, 10110000
         3790926 | FF | A5A7 | ( 4)  STA $C00F      | PC=A5AA, PBR=FF, DBR=00, S=01F3, D=0000, e=0, A=00, X=00, Y=00, 10110000
         3790927 | FF | A5AA | ( 6)  JSR $9A51      | PC=9A51, PBR=FF, DBR=00, S=01F1, D=0000, e=0, A=00, X=00, Y=00, 10110000
         3884491 | FF | A5AD | ( 2)  LDA #$06       | PC=A5AF, PBR=FF, DBR=00, S=01F3, D=0000, e=0, A=06, X=00, Y=00, 00110001
         3884492 | FF | A5AF | ( 3)  STA $22        | PC=A5B1, PBR=FF, DBR=00, S=01F3, D=0000, e=0, A=06, X=00, Y=00, 00110001
         3884493 | FF | A5B1 | ( 2)  LDY #$00       | PC=A5B3, PBR=FF, DBR=00, S=01F3, D=0000, e=0, A=06, X=00, Y=00, 00110011
         4207744 | FF | A5B3 | ( 2)  BEQ $05 (5)    | PC=A5B5, PBR=FF, DBR=00, S=01F3, D=0000, e=0, A=00, X=00, Y=1E, 10110000
         4207745 | FF | A5B5 | ( 2)  LDA #$DF       | PC=A5B7, PBR=FF, DBR=00, S=01F3, D=0000, e=0, A=DF, X=00, Y=1E, 10110000
         4207746 | FF | A5B7 | ( 5)  STA $05A8, Y   | PC=A5BA, PBR=FF, DBR=00, S=01F3, D=0000, e=0, A=DF, X=00, Y=1E, 10110000
         4207747 | FF | A5BA | ( 2)  LDA #$41       | PC=A5BC, PBR=FF, DBR=00, S=01F3, D=0000, e=0, A=41, X=00, Y=1E, 00110000
         4207748 | FF | A5BC | ( 5)  STA $05A9, Y   | PC=A5BF, PBR=FF, DBR=00, S=01F3, D=0000, e=0, A=41, X=00, Y=1E, 00110000
         4207749 | FF | A5BF | ( 6)  JSR $A5DA      | PC=A5DA, PBR=FF, DBR=00, S=01F1, D=0000, e=0, A=41, X=00, Y=1E, 00110000
         4207741 | FF | A5C2 | ( 2)  INY            | PC=A5C3, PBR=FF, DBR=00, S=01F3, D=0000, e=0, A=00, X=00, Y=1E, 00110000
         4207742 | FF | A5C3 | ( 2)  CPY #$26       | PC=A5C5, PBR=FF, DBR=00, S=01F3, D=0000, e=0, A=00, X=00, Y=1E, 10110000
         4207743 | FF | A5C5 | ( 3)  BCC $EC (-20)  | PC=A5B3, PBR=FF, DBR=00, S=01F3, D=0000, e=0, A=00, X=00, Y=1E, 10110000
         4207750 | FF | A5DA | ( 4)  LDA $C000      | PC=A5DD, PBR=FF, DBR=00, S=01F1, D=0000, e=0, A=00, X=00, Y=1E, 00110010
         4207751 | FF | A5DD | ( 4)  STA $C010      | PC=A5E0, PBR=FF, DBR=00, S=01F1, D=0000, e=0, A=00, X=00, Y=1E, 00110010
         4207752 | FF | A5E0 | ( 2)  CMP #$8E       | PC=A5E2, PBR=FF, DBR=00, S=01F1, D=0000, e=0, A=00, X=00, Y=1E, 00110000
         4207753 | FF | A5E2 | ( 3)  BNE $0D (13)   | PC=A5F1, PBR=FF, DBR=00, S=01F1, D=0000, e=0, A=00, X=00, Y=1E, 00110000
         4214662 | FF | A5F1 | ( 4)  LDA $C019      | PC=A5F4, PBR=FF, DBR=00, S=01F1, D=0000, e=0, A=00, X=00, Y=1E, 00110010
         4214661 | FF | A5F4 | ( 3)  BPL $FB (-5)   | PC=A5F1, PBR=FF, DBR=00, S=01F1, D=0000, e=0, A=00, X=00, Y=1E, 00110010
         4207738 | FF | A5F6 | ( 4)  LDA $C019      | PC=A5F9, PBR=FF, DBR=00, S=01F1, D=0000, e=0, A=00, X=00, Y=1D, 00110010
         4207739 | FF | A5F9 | ( 2)  BMI $FB (-5)   | PC=A5FB, PBR=FF, DBR=00, S=01F1, D=0000, e=0, A=00, X=00, Y=1D, 00110010
         4207740 | FF | A5FB | ( 6)  RTS            | PC=A5C2, PBR=FF, DBR=00, S=01F3, D=0000, e=0, A=00, X=00, Y=1D, 00110010
         1256252 | FF | A6E4 | ( 2)  LDX #$03       | PC=A6E6, PBR=FF, DBR=E1, S=01E1, D=0000, e=0, A=0F, X=03, Y=00, 00110100
         1256253 | FF | A6E6 | ( 3)  REP #$0030     | PC=A6E8, PBR=FF, DBR=E1, S=01E1, D=0000, e=0, A=5F0F, X=0003, Y=0000, 00000100
         1256254 | FF | A6E8 | ( 5)  PLA            | PC=A6E9, PBR=FF, DBR=E1, S=01E3, D=0000, e=0, A=808A, X=0003, Y=0000, 10000100
         1256261 | FF | A6E9 | ( 5)  PEA $0000      | PC=A6EC, PBR=FF, DBR=E1, S=01DD, D=0000, e=0, A=808A, X=0001, Y=0000, 00000100
         1256262 | FF | A6EC | ( 2)  DEX            | PC=A6ED, PBR=FF, DBR=E1, S=01DD, D=0000, e=0, A=808A, X=0000, Y=0000, 00000110
         1256263 | FF | A6ED | ( 2)  BNE $FA (-6)   | PC=A6EF, PBR=FF, DBR=E1, S=01DD, D=0000, e=0, A=808A, X=0000, Y=0000, 00000110
         1256264 | FF | A6EF | ( 4)  PHA            | PC=A6F0, PBR=FF, DBR=E1, S=01DB, D=0000, e=0, A=808A, X=0000, Y=0000, 00000110
         1256265 | FF | A6F0 | ( 6)  RTS            | PC=808B, PBR=FF, DBR=E1, S=01DD, D=0000, e=0, A=808A, X=0000, Y=0000, 00000110
         1913879 | FF | A6F1 | ( 3)  LDX #$0006     | PC=A6F4, PBR=FF, DBR=00, S=01E9, D=0000, e=0, A=0000, X=0006, Y=01DE, 00000100
         1913880 | FF | A6F4 | ( 7)  LDA $F80000, X | PC=A6F8, PBR=FF, DBR=00, S=01E9, D=0000, e=0, A=0000, X=0006, Y=01DE, 00000110
         1913881 | FF | A6F8 | ( 7)  CMP $FFA70D, X | PC=A6FC, PBR=FF, DBR=00, S=01E9, D=0000, e=0, A=0000, X=0006, Y=01DE, 00000100
         1913882 | FF | A6FC | ( 3)  BNE $0D (13)   | PC=A70B, PBR=FF, DBR=00, S=01E9, D=0000, e=0, A=0000, X=0006, Y=01DE, 00000100
         1913883 | FF | A70B | ( 2)  SEC            | PC=A70C, PBR=FF, DBR=00, S=01E9, D=0000, e=0, A=0000, X=0006, Y=01DE, 00000101
         1913884 | FF | A70C | ( 6)  RTL            | PC=007D, PBR=FE, DBR=00, S=01EC, D=0000, e=0, A=0000, X=0006, Y=01DE, 00000101
         1694927 | FF | A999 | ( 5)  PEA $FDE2      | PC=A99C, PBR=FF, DBR=00, S=01ED, D=0000, e=0, A=03, X=06, Y=00, 00110100
         1694928 | FF | A99C | ( 3)  BRA $08 (8)    | PC=A9A6, PBR=FF, DBR=00, S=01ED, D=0000, e=0, A=03, X=06, Y=00, 00110100
         3790750 | FF | A9A6 | ( 4)  JML $E1019C    | PC=019C, PBR=E1, DBR=00, S=01E7, D=0000, e=0, A=8D, X=00, Y=00, 01110001
         3790752 | FF | A9AA | ( 3)  XBA            | PC=A9AB, PBR=FF, DBR=00, S=01E7, D=0000, e=0, A=80, X=00, Y=00, 11110001
         3790753 | FF | A9AB | ( 2)  TXA            | PC=A9AC, PBR=FF, DBR=00, S=01E7, D=0000, e=0, A=00, X=00, Y=00, 01110011
         3790754 | FF | A9AC | ( 3)  REP #$0030     | PC=A9AE, PBR=FF, DBR=00, S=01E7, D=0000, e=0, A=8D00, X=0000, Y=0000, 01000011
         3790755 | FF | A9AE | ( 5)  PLX            | PC=A9AF, PBR=FF, DBR=00, S=01E9, D=0000, e=0, A=8D00, X=FDEC, Y=0000, 11000001
         3790756 | FF | A9AF | ( 3)  PHK            | PC=A9B0, PBR=FF, DBR=00, S=01E8, D=0000, e=0, A=8D00, X=FDEC, Y=0000, 11000001
         3790757 | FF | A9B0 | ( 5)  PEA $9C20      | PC=A9B3, PBR=FF, DBR=00, S=01E6, D=0000, e=0, A=8D00, X=FDEC, Y=0000, 11000001
         3790758 | FF | A9B3 | ( 5)  PEA $F8D3      | PC=A9B6, PBR=FF, DBR=00, S=01E4, D=0000, e=0, A=8D00, X=FDEC, Y=0000, 11000001
         3790759 | FF | A9B6 | ( 4)  PHX            | PC=A9B7, PBR=FF, DBR=00, S=01E2, D=0000, e=0, A=8D00, X=FDEC, Y=0000, 11000001
         3790760 | FF | A9B7 | ( 3)  SEP #$0030     | PC=A9B9, PBR=FF, DBR=00, S=01E2, D=0000, e=0, A=00, X=EC, Y=00, 11110001
         3790761 | FF | A9B9 | ( 2)  TAX            | PC=A9BA, PBR=FF, DBR=00, S=01E2, D=0000, e=0, A=00, X=00, Y=00, 01110011
         3790762 | FF | A9BA | ( 3)  XBA            | PC=A9BB, PBR=FF, DBR=00, S=01E2, D=0000, e=0, A=8D, X=00, Y=00, 11110001
         3790763 | FF | A9BB | ( 3)  XBA            | PC=A9BC, PBR=FF, DBR=00, S=01E2, D=0000, e=0, A=00, X=00, Y=00, 01110011
         3790764 | FF | A9BC | ( 6)  JSR $FFD6      | PC=FFD6, PBR=FF, DBR=00, S=01E0, D=0000, e=0, A=00, X=00, Y=00, 01110011
         3790770 | FF | A9BF | ( 3)  XBA            | PC=A9C0, PBR=FF, DBR=00, S=01E2, D=0000, e=0, A=8D, X=00, Y=00, 11110001
         3790771 | FF | A9C0 | ( 3)  PHB            | PC=A9C1, PBR=FF, DBR=00, S=01E1, D=0000, e=0, A=8D, X=00, Y=00, 11110001
         3790772 | FF | A9C1 | ( 5)  PEA $F8B4      | PC=A9C4, PBR=FF, DBR=00, S=01DF, D=0000, e=0, A=8D, X=00, Y=00, 11110001
         3790773 | FF | A9C4 | ( 4)  STA $C006      | PC=A9C7, PBR=FF, DBR=00, S=01DF, D=0000, e=0, A=8D, X=00, Y=00, 11110001
         3790774 | FF | A9C7 | ( 6)  RTL            | PC=F8B5, PBR=00, DBR=00, S=01E2, D=0000, e=0, A=8D, X=00, Y=00, 11110001
         3790748 | FF | A9D1 | ( 5)  PEA $FDEC      | PC=A9D4, PBR=FF, DBR=00, S=01E7, D=0000, e=0, A=8D, X=00, Y=00, 01110001
         3790749 | FF | A9D4 | ( 3)  BRA $D0 (-48)  | PC=A9A6, PBR=FF, DBR=00, S=01E7, D=0000, e=0, A=8D, X=00, Y=00, 01110001
         3787650 | FF | A9E0 | ( 3)  STX $24        | PC=A9E2, PBR=FF, DBR=00, S=01F0, D=0000, e=0, A=00, X=00, Y=05, 00110000
         3787651 | FF | A9E2 | ( 3)  STY $25        | PC=A9E4, PBR=FF, DBR=00, S=01F0, D=0000, e=0, A=00, X=00, Y=05, 00110000
         3787652 | FF | A9E4 | ( 5)  PEA $FC21      | PC=A9E7, PBR=FF, DBR=00, S=01EE, D=0000, e=0, A=00, X=00, Y=05, 00110000
         3787653 | FF | A9E7 | ( 3)  BRA $BD (-67)  | PC=A9A6, PBR=FF, DBR=00, S=01EE, D=0000, e=0, A=00, X=00, Y=05, 00110000
         3782827 | FF | A9EE | ( 5)  PEA $FC57      | PC=A9F1, PBR=FF, DBR=00, S=01EE, D=0000, e=0, A=FD, X=38, Y=1B, 10110000
         3782828 | FF | A9F1 | ( 3)  BRA $B3 (-77)  | PC=A9A6, PBR=FF, DBR=00, S=01EE, D=0000, e=0, A=FD, X=38, Y=1B, 10110000
         3782541 | FF | A9F3 | ( 5)  PEA $FE42      | PC=A9F6, PBR=FF, DBR=00, S=01EE, D=0000, e=0, A=C0, X=00, Y=00, 10110000
         3782542 | FF | A9F6 | ( 3)  BRA $AE (-82)  | PC=A9A6, PBR=FF, DBR=00, S=01EE, D=0000, e=0, A=C0, X=00, Y=00, 10110000
         1694838 | FF | AC91 | ( 2)  LDA #$A0       | PC=AC93, PBR=FF, DBR=00, S=01ED, D=0000, e=0, A=A0, X=06, Y=00, 11110101
         1694839 | FF | AC93 | ( 3)  JMP $A9D1      | PC=A9D1, PBR=FF, DBR=00, S=01ED, D=0000, e=0, A=A0, X=06, Y=00, 11110101
         3782900 | FF | B375 | ( 3)  LDA $22        | PC=B377, PBR=FF, DBR=00, S=01E3, D=0000, e=0, A=00, X=38, Y=38, 00110010
         3782901 | FF | B377 | ( 3)  STA $25        | PC=B379, PBR=FF, DBR=00, S=01E3, D=0000, e=0, A=00, X=38, Y=38, 00110010
         3782902 | FF | B379 | ( 3)  STZ $24        | PC=B37B, PBR=FF, DBR=00, S=01E3, D=0000, e=0, A=00, X=38, Y=38, 00110010
         3782903 | FF | B37B | ( 3)  LDY $24        | PC=B37D, PBR=FF, DBR=00, S=01E3, D=0000, e=0, A=00, X=38, Y=00, 00110010
         3782904 | FF | B37D | ( 3)  LDA $25        | PC=B37F, PBR=FF, DBR=00, S=01E3, D=0000, e=0, A=00, X=38, Y=00, 00110010
         3787401 | FF | B37F | ( 3)  PHA            | PC=B380, PBR=FF, DBR=00, S=01E2, D=0000, e=0, A=17, X=38, Y=00, 10110000
         3787402 | FF | B380 | ( 6)  JSR $CD9C      | PC=CD9C, PBR=FF, DBR=00, S=01E0, D=0000, e=0, A=17, X=38, Y=00, 10110000
         3787426 | FF | B383 | ( 6)  JSR $B435      | PC=B435, PBR=FF, DBR=00, S=01E0, D=0000, e=0, A=D0, X=38, Y=00, 10110000
         3787592 | FF | B386 | ( 2)  LDY #$00       | PC=B388, PBR=FF, DBR=00, S=01E2, D=0000, e=0, A=A0, X=38, Y=00, 00110011
         3787593 | FF | B388 | ( 4)  PLA            | PC=B389, PBR=FF, DBR=00, S=01E3, D=0000, e=0, A=17, X=38, Y=00, 00110001
         3787594 | FF | B389 | ( 2)  INC            | PC=B38A, PBR=FF, DBR=00, S=01E3, D=0000, e=0, A=18, X=38, Y=00, 00110001
         3787595 | FF | B38A | ( 3)  CMP $23        | PC=B38C, PBR=FF, DBR=00, S=01E3, D=0000, e=0, A=18, X=38, Y=00, 00110011
         3787596 | FF | B38C | ( 2)  BCC $F1 (-15)  | PC=B38E, PBR=FF, DBR=00, S=01E3, D=0000, e=0, A=18, X=38, Y=00, 00110011
         3787597 | FF | B38E | ( 3)  BCS $29 (41)   | PC=B3B9, PBR=FF, DBR=00, S=01E3, D=0000, e=0, A=18, X=38, Y=00, 00110011
         3787598 | FF | B3B9 | ( 3)  LDA $25        | PC=B3BB, PBR=FF, DBR=00, S=01E3, D=0000, e=0, A=00, X=38, Y=00, 00110011
         3787599 | FF | B3BB | ( 3)  JMP $CD9C      | PC=CD9C, PBR=FF, DBR=00, S=01E3, D=0000, e=0, A=00, X=38, Y=00, 00110011
         3782629 | FF | B3BE | ( 2)  LDA #$28       | PC=B3C0, PBR=FF, DBR=00, S=01E1, D=0000, e=0, A=28, X=00, Y=00, 00110000
         3782630 | FF | B3C0 | ( 3)  STA $21        | PC=B3C2, PBR=FF, DBR=00, S=01E1, D=0000, e=0, A=28, X=00, Y=00, 00110000
         3782631 | FF | B3C2 | ( 2)  LDA #$18       | PC=B3C4, PBR=FF, DBR=00, S=01E1, D=0000, e=0, A=18, X=00, Y=00, 00110000
         3782632 | FF | B3C4 | ( 3)  STA $23        | PC=B3C6, PBR=FF, DBR=00, S=01E1, D=0000, e=0, A=18, X=00, Y=00, 00110000
         3782633 | FF | B3C6 | ( 2)  DEC            | PC=B3C7, PBR=FF, DBR=00, S=01E1, D=0000, e=0, A=17, X=00, Y=00, 00110000
         3782634 | FF | B3C7 | ( 3)  STA $25        | PC=B3C9, PBR=FF, DBR=00, S=01E1, D=0000, e=0, A=17, X=00, Y=00, 00110000
         3782635 | FF | B3C9 | ( 3)  BNE $F0 (-16)  | PC=B3BB, PBR=FF, DBR=00, S=01E1, D=0000, e=0, A=17, X=00, Y=00, 00110000
         1535726 | FF | B3E2 | ( 3)  LDY $00, X     | PC=B3E4, PBR=FF, DBR=00, S=01EF, D=0000, e=0, A=00, X=36, Y=F0, 10110100
         1535727 | FF | B3E4 | ( 2)  BEQ $0F (15)   | PC=B3E6, PBR=FF, DBR=00, S=01EF, D=0000, e=0, A=00, X=36, Y=F0, 10110100
         1535728 | FF | B3E6 | ( 2)  CPY #$1B       | PC=B3E8, PBR=FF, DBR=00, S=01EF, D=0000, e=0, A=00, X=36, Y=F0, 10110101
         1535729 | FF | B3E8 | ( 2)  BEQ $0E (14)   | PC=B3EA, PBR=FF, DBR=00, S=01EF, D=0000, e=0, A=00, X=36, Y=F0, 10110101
         1535730 | FF | B3EA | ( 6)  JSR $CD19      | PC=CD19, PBR=FF, DBR=00, S=01ED, D=0000, e=0, A=00, X=36, Y=F0, 10110101
         3782795 | FF | B3ED | ( 3)  LDY $00, X     | PC=B3EF, PBR=FF, DBR=00, S=01E3, D=0000, e=0, A=00, X=38, Y=1B, 00110000
         3782796 | FF | B3EF | ( 2)  BEQ $04 (4)    | PC=B3F1, PBR=FF, DBR=00, S=01E3, D=0000, e=0, A=00, X=38, Y=1B, 00110000
         3782797 | FF | B3F1 | ( 2)  LDA #$FD       | PC=B3F3, PBR=FF, DBR=00, S=01E3, D=0000, e=0, A=FD, X=38, Y=1B, 10110000
         3782798 | FF | B3F3 | ( 4)  STA $01, X     | PC=B3F5, PBR=FF, DBR=00, S=01E3, D=0000, e=0, A=FD, X=38, Y=1B, 10110000
         3782799 | FF | B3F5 | ( 4)  LDA $01, X     | PC=B3F7, PBR=FF, DBR=00, S=01E3, D=0000, e=0, A=FD, X=38, Y=1B, 10110000
         3782800 | FF | B3F7 | ( 6)  RTS            | PC=7694, PBR=FF, DBR=00, S=01E5, D=0000, e=0, A=FD, X=38, Y=1B, 10110000
         3787427 | FF | B435 | ( 2)  LDA #$A0       | PC=B437, PBR=FF, DBR=00, S=01E0, D=0000, e=0, A=A0, X=38, Y=00, 10110000
         3787428 | FF | B437 | ( 4)  BIT $C01E      | PC=B43A, PBR=FF, DBR=00, S=01E0, D=0000, e=0, A=A0, X=38, Y=00, 00110010
         3787429 | FF | B43A | ( 3)  BPL $06 (6)    | PC=B442, PBR=FF, DBR=00, S=01E0, D=0000, e=0, A=A0, X=38, Y=00, 00110010
         3787430 | FF | B442 | ( 3)  JMP $CC4E      | PC=CC4E, PBR=FF, DBR=00, S=01E0, D=0000, e=0, A=A0, X=38, Y=00, 00110010
         3790859 | FF | B445 | ( 2)  TAY            | PC=B446, PBR=FF, DBR=00, S=01D9, D=0000, e=0, A=8D, X=00, Y=8D, 10110000
         3790860 | FF | B446 | ( 3)  LDA $28        | PC=B448, PBR=FF, DBR=00, S=01D9, D=0000, e=0, A=06, X=00, Y=8D, 00110000
         3790861 | FF | B448 | ( 3)  JMP $CD9C      | PC=CD9C, PBR=FF, DBR=00, S=01D9, D=0000, e=0, A=06, X=00, Y=8D, 00110000
         1535580 | FF | B460 | ( 6)  JSR $B3BE      | PC=B3BE, PBR=FF, DBR=00, S=01ED, D=0000, e=0, A=00, X=90, Y=90, 00110110
         1535612 | FF | B463 | ( 4)  BIT $C01F      | PC=B466, PBR=FF, DBR=00, S=01EF, D=0000, e=0, A=D0, X=90, Y=90, 00110110
         1535613 | FF | B466 | ( 3)  BPL $02 (2)    | PC=B46A, PBR=FF, DBR=00, S=01EF, D=0000, e=0, A=D0, X=90, Y=90, 00110110
         1535614 | FF | B46A | ( 3)  LDA $25        | PC=B46C, PBR=FF, DBR=00, S=01EF, D=0000, e=0, A=17, X=90, Y=90, 00110100
         1535615 | FF | B46C | ( 4)  STA $05FB      | PC=B46F, PBR=FF, DBR=00, S=01EF, D=0000, e=0, A=17, X=90, Y=90, 00110100
         1535616 | FF | B46F | ( 6)  RTS            | PC=7694, PBR=FF, DBR=00, S=01F1, D=0000, e=0, A=17, X=90, Y=90, 00110100
         1535868 | FF | B470 | ( 2)  LDA #$FF       | PC=B472, PBR=FF, DBR=00, S=01F1, D=0000, e=0, A=FF, X=38, Y=38, 10110101
         1535869 | FF | B472 | ( 4)  STA $04FB      | PC=B475, PBR=FF, DBR=00, S=01F1, D=0000, e=0, A=FF, X=38, Y=38, 10110101
         1535870 | FF | B475 | ( 4)  LDA $C058      | PC=B478, PBR=FF, DBR=00, S=01F1, D=0000, e=0, A=00, X=38, Y=38, 00110111
         1535871 | FF | B478 | ( 4)  LDA $C05A      | PC=B47B, PBR=FF, DBR=00, S=01F1, D=0000, e=0, A=00, X=38, Y=38, 00110111
         1535872 | FF | B47B | ( 4)  LDA $C05D      | PC=B47E, PBR=FF, DBR=00, S=01F1, D=0000, e=0, A=00, X=38, Y=38, 00110111
         1535873 | FF | B47E | ( 4)  LDA $C05F      | PC=B481, PBR=FF, DBR=00, S=01F1, D=0000, e=0, A=00, X=38, Y=38, 00110111
         1535874 | FF | B481 | ( 6)  JSR $7A2E      | PC=7A2E, PBR=FF, DBR=00, S=01EF, D=0000, e=0, A=00, X=38, Y=38, 00110111
         1535891 | FF | B484 | ( 2)  LDA #$08       | PC=B486, PBR=FF, DBR=00, S=01F1, D=0000, e=0, A=08, X=38, Y=38, 00110101
         1535892 | FF | B486 | ( 6)  TSB $C035      | PC=B489, PBR=FF, DBR=00, S=01F1, D=0000, e=0, A=08, X=38, Y=38, 00110101
         1535893 | FF | B489 | ( 6)  RTS            | PC=7694, PBR=FF, DBR=00, S=01F3, D=0000, e=0, A=08, X=38, Y=38, 00110101
         1913895 | FF | B916 | ( 2)  LDA #$37       | PC=B918, PBR=FF, DBR=00, S=01EC, D=0000, e=0, A=37, X=06, Y=DE, 00110100
         1913896 | FF | B918 | ( 2)  LDY #$55       | PC=B91A, PBR=FF, DBR=00, S=01EC, D=0000, e=0, A=37, X=06, Y=55, 00110100
         1913897 | FF | B91A | ( 6)  JSR $BA9E      | PC=BA9E, PBR=FF, DBR=00, S=01EA, D=0000, e=0, A=37, X=06, Y=55, 00110100
         1913935 | FF | B91D | ( 2)  LDA #$31       | PC=B91F, PBR=FF, DBR=00, S=01EC, D=0000, e=0, A=31, X=06, Y=55, 00110100
         1913936 | FF | B91F | ( 2)  LDY #$00       | PC=B921, PBR=FF, DBR=00, S=01EC, D=0000, e=0, A=31, X=06, Y=00, 00110110
         1913937 | FF | B921 | ( 6)  JSR $BA9E      | PC=BA9E, PBR=FF, DBR=00, S=01EA, D=0000, e=0, A=31, X=06, Y=00, 00110110
         1913975 | FF | B924 | ( 6)  RTL            | PC=9D2E, PBR=FF, DBR=00, S=01EF, D=0000, e=0, A=00, X=06, Y=00, 00110110
         1233307 | FF | B970 | ( 3)  PHB            | PC=B971, PBR=FF, DBR=00, S=01E3, D=0000, e=0, A=0C, X=00, Y=0A, 00110100
         1233308 | FF | B971 | ( 3)  PHP            | PC=B972, PBR=FF, DBR=00, S=01E2, D=0000, e=0, A=0C, X=00, Y=0A, 00110100
         1233309 | FF | B972 | ( 2)  SEI            | PC=B973, PBR=FF, DBR=00, S=01E2, D=0000, e=0, A=0C, X=00, Y=0A, 00110100
         1233310 | FF | B973 | ( 6)  JSR $F882      | PC=F882, PBR=FF, DBR=00, S=01E0, D=0000, e=0, A=0C, X=00, Y=0A, 00110100
         1233315 | FF | B976 | ( 2)  LDX #$00       | PC=B978, PBR=FF, DBR=E1, S=01E2, D=0000, e=0, A=0C, X=00, Y=0A, 00110110
         1233316 | FF | B978 | ( 2)  TXY            | PC=B979, PBR=FF, DBR=E1, S=01E2, D=0000, e=0, A=0C, X=00, Y=00, 00110110
         1254817 | FF | B979 | ( 3)  SEP #$0040     | PC=B97B, PBR=FF, DBR=E1, S=01E2, D=0000, e=0, A=80, X=FF, Y=FF, 11110101
         1254818 | FF | B97B | ( 6)  JSR $BA6F      | PC=BA6F, PBR=FF, DBR=E1, S=01E0, D=0000, e=0, A=80, X=FF, Y=FF, 11110101
         1254884 | FF | B97E | ( 5)  STA $02C0, X   | PC=B981, PBR=FF, DBR=E1, S=01E2, D=0000, e=0, A=5F, X=FF, Y=FF, 01110100
         1254885 | FF | B981 | ( 2)  CPX #$29       | PC=B983, PBR=FF, DBR=E1, S=01E2, D=0000, e=0, A=5F, X=FF, Y=FF, 11110101
         1254886 | FF | B983 | ( 2)  BEQ $1C (28)   | PC=B985, PBR=FF, DBR=E1, S=01E2, D=0000, e=0, A=5F, X=FF, Y=FF, 11110101
         1254887 | FF | B985 | ( 2)  CPX #$2A       | PC=B987, PBR=FF, DBR=E1, S=01E2, D=0000, e=0, A=5F, X=FF, Y=FF, 11110101
         1254888 | FF | B987 | ( 2)  BEQ $1C (28)   | PC=B989, PBR=FF, DBR=E1, S=01E2, D=0000, e=0, A=5F, X=FF, Y=FF, 11110101
         1254889 | FF | B989 | ( 2)  CPX #$36       | PC=B98B, PBR=FF, DBR=E1, S=01E2, D=0000, e=0, A=5F, X=FF, Y=FF, 11110101
         1254890 | FF | B98B | ( 2)  BEQ $2C (44)   | PC=B98D, PBR=FF, DBR=E1, S=01E2, D=0000, e=0, A=5F, X=FF, Y=FF, 11110101
         1254891 | FF | B98D | ( 2)  CPX #$37       | PC=B98F, PBR=FF, DBR=E1, S=01E2, D=0000, e=0, A=5F, X=FF, Y=FF, 11110101
         1254892 | FF | B98F | ( 2)  BEQ $28 (40)   | PC=B991, PBR=FF, DBR=E1, S=01E2, D=0000, e=0, A=5F, X=FF, Y=FF, 11110101
         1254893 | FF | B991 | ( 2)  CPX #$3E       | PC=B993, PBR=FF, DBR=E1, S=01E2, D=0000, e=0, A=5F, X=FF, Y=FF, 11110101
         1254894 | FF | B993 | ( 3)  BCS $06 (6)    | PC=B99B, PBR=FF, DBR=E1, S=01E2, D=0000, e=0, A=5F, X=FF, Y=FF, 11110101
         1238493 | FF | B995 | ( 5)  CMP $FF8371, X | PC=B999, PBR=FF, DBR=E1, S=01E2, D=0000, e=0, A=06, X=3D, Y=3D, 11110100
         1238494 | FF | B999 | ( 3)  BRA $1C (28)   | PC=B9B7, PBR=FF, DBR=E1, S=01E2, D=0000, e=0, A=06, X=3D, Y=3D, 11110100
         1254895 | FF | B99B | ( 3)  BNE $0C (12)   | PC=B9A9, PBR=FF, DBR=E1, S=01E2, D=0000, e=0, A=5F, X=FF, Y=FF, 11110101
         1238578 | FF | B99D | ( 2)  CMP #$09       | PC=B99F, PBR=FF, DBR=E1, S=01E2, D=0000, e=0, A=08, X=3E, Y=3E, 11110100
         1238579 | FF | B99F | ( 3)  BRA $16 (22)   | PC=B9B7, PBR=FF, DBR=E1, S=01E2, D=0000, e=0, A=08, X=3E, Y=3E, 11110100
         1236831 | FF | B9A1 | ( 2)  CMP #$08       | PC=B9A3, PBR=FF, DBR=E1, S=01E2, D=0000, e=0, A=00, X=29, Y=29, 11110100
         1236832 | FF | B9A3 | ( 3)  BRA $12 (18)   | PC=B9B7, PBR=FF, DBR=E1, S=01E2, D=0000, e=0, A=00, X=29, Y=29, 11110100
         1236909 | FF | B9A5 | ( 2)  CMP #$11       | PC=B9A7, PBR=FF, DBR=E1, S=01E2, D=0000, e=0, A=00, X=2A, Y=2A, 11110100
         1236910 | FF | B9A7 | ( 3)  BRA $0E (14)   | PC=B9B7, PBR=FF, DBR=E1, S=01E2, D=0000, e=0, A=00, X=2A, Y=2A, 11110100
         1254896 | FF | B9A9 | ( 2)  CPX #$59       | PC=B9AB, PBR=FF, DBR=E1, S=01E2, D=0000, e=0, A=5F, X=FF, Y=FF, 11110101
         1254897 | FF | B9AB | ( 3)  BCS $0C (12)   | PC=B9B9, PBR=FF, DBR=E1, S=01E2, D=0000, e=0, A=5F, X=FF, Y=FF, 11110101
         1240865 | FF | B9AD | ( 2)  CPX #$58       | PC=B9AF, PBR=FF, DBR=E1, S=01E2, D=0000, e=0, A=00, X=58, Y=58, 01110111
         1240866 | FF | B9AF | ( 2)  BCC $04 (4)    | PC=B9B1, PBR=FF, DBR=E1, S=01E2, D=0000, e=0, A=00, X=58, Y=58, 01110111
         1240867 | FF | B9B1 | ( 2)  CMP #$04       | PC=B9B3, PBR=FF, DBR=E1, S=01E2, D=0000, e=0, A=00, X=58, Y=58, 11110100
         1240868 | FF | B9B3 | ( 3)  BRA $02 (2)    | PC=B9B7, PBR=FF, DBR=E1, S=01E2, D=0000, e=0, A=00, X=58, Y=58, 11110100
         1240779 | FF | B9B5 | ( 2)  CMP #$20       | PC=B9B7, PBR=FF, DBR=E1, S=01E2, D=0000, e=0, A=0F, X=57, Y=57, 11110100
         1240869 | FF | B9B7 | ( 2)  BCS $17 (23)   | PC=B9B9, PBR=FF, DBR=E1, S=01E2, D=0000, e=0, A=00, X=58, Y=58, 11110100
         1254898 | FF | B9B9 | ( 2)  INX            | PC=B9BA, PBR=FF, DBR=E1, S=01E2, D=0000, e=0, A=5F, X=00, Y=FF, 01110111
         1254899 | FF | B9BA | ( 2)  INY            | PC=B9BB, PBR=FF, DBR=E1, S=01E2, D=0000, e=0, A=5F, X=00, Y=00, 01110111
         1254900 | FF | B9BB | ( 2)  BNE $BC (-68)  | PC=B9BD, PBR=FF, DBR=E1, S=01E2, D=0000, e=0, A=5F, X=00, Y=00, 01110111
         1254901 | FF | B9BD | ( 6)  JSR $BA57      | PC=BA57, PBR=FF, DBR=E1, S=01E0, D=0000, e=0, A=5F, X=00, Y=00, 01110111
         1256165 | FF | B9C0 | ( 5)  CPX $03BC      | PC=B9C3, PBR=FF, DBR=E1, S=01E2, D=0000, e=0, A=5F80, X=F52A, Y=0000, 00000111
         1256166 | FF | B9C3 | ( 2)  BNE $0B (11)   | PC=B9C5, PBR=FF, DBR=E1, S=01E2, D=0000, e=0, A=5F80, X=F52A, Y=0000, 00000111
         1256167 | FF | B9C5 | ( 5)  CMP $03BE      | PC=B9C8, PBR=FF, DBR=E1, S=01E2, D=0000, e=0, A=5F80, X=F52A, Y=0000, 00000111
         1256168 | FF | B9C8 | ( 2)  BNE $06 (6)    | PC=B9CA, PBR=FF, DBR=E1, S=01E2, D=0000, e=0, A=5F80, X=F52A, Y=0000, 00000111
         1256169 | FF | B9CA | ( 4)  PLP            | PC=B9CB, PBR=FF, DBR=E1, S=01E3, D=0000, e=0, A=80, X=2A, Y=00, 00110100
         1256170 | FF | B9CB | ( 2)  CLC            | PC=B9CC, PBR=FF, DBR=E1, S=01E3, D=0000, e=0, A=80, X=2A, Y=00, 00110100
         1256171 | FF | B9CC | ( 3)  SEP #$0030     | PC=B9CE, PBR=FF, DBR=E1, S=01E3, D=0000, e=0, A=80, X=2A, Y=00, 00110100
         1256172 | FF | B9CE | ( 4)  PLB            | PC=B9CF, PBR=FF, DBR=00, S=01E4, D=0000, e=0, A=80, X=2A, Y=00, 00110110
         1256173 | FF | B9CF | ( 6)  RTL            | PC=BBDB, PBR=FF, DBR=00, S=01E7, D=0000, e=0, A=80, X=2A, Y=00, 00110110
         3790930 | FF | BA18 | ( 2)  SEC            | PC=BA19, PBR=FF, DBR=00, S=01EE, D=0000, e=0, A=00, X=00, Y=00, 10110001
         3790931 | FF | BA19 | ( 6)  RTL            | PC=9A55, PBR=FF, DBR=00, S=01F1, D=0000, e=0, A=00, X=00, Y=00, 10110001
         1254902 | FF | BA57 | ( 2)  LDX #$FA       | PC=BA59, PBR=FF, DBR=E1, S=01E0, D=0000, e=0, A=5F, X=FA, Y=00, 11110101
         1254903 | FF | BA59 | ( 3)  REP #$0020     | PC=BA5B, PBR=FF, DBR=E1, S=01E0, D=0000, e=0, A=BF5F, X=FA, Y=00, 11010101
         1254904 | FF | BA5B | ( 2)  CLC            | PC=BA5C, PBR=FF, DBR=E1, S=01E0, D=0000, e=0, A=BF5F, X=FA, Y=00, 11010100
         1254905 | FF | BA5C | ( 3)  LDA #$0000     | PC=BA5F, PBR=FF, DBR=E1, S=01E0, D=0000, e=0, A=0000, X=FA, Y=00, 01010110
         1256156 | FF | BA5F | ( 2)  ROL            | PC=BA60, PBR=FF, DBR=E1, S=01E0, D=0000, e=0, A=F52A, X=00, Y=00, 10010100
         1256157 | FF | BA60 | ( 5)  ADC $02C0, X   | PC=BA63, PBR=FF, DBR=E1, S=01E0, D=0000, e=0, A=F52A, X=00, Y=00, 10010100
         1256158 | FF | BA63 | ( 2)  DEX            | PC=BA64, PBR=FF, DBR=E1, S=01E0, D=0000, e=0, A=F52A, X=FF, Y=00, 10010100
         1256159 | FF | BA64 | ( 2)  CPX #$FF       | PC=BA66, PBR=FF, DBR=E1, S=01E0, D=0000, e=0, A=F52A, X=FF, Y=00, 00010111
         1256160 | FF | BA66 | ( 2)  BNE $F7 (-9)   | PC=BA68, PBR=FF, DBR=E1, S=01E0, D=0000, e=0, A=F52A, X=FF, Y=00, 00010111
         1256161 | FF | BA68 | ( 3)  REP #$0030     | PC=BA6A, PBR=FF, DBR=E1, S=01E0, D=0000, e=0, A=F52A, X=00FF, Y=0000, 00000111
         1256162 | FF | BA6A | ( 2)  TAX            | PC=BA6B, PBR=FF, DBR=E1, S=01E0, D=0000, e=0, A=F52A, X=F52A, Y=0000, 10000101
         1256163 | FF | BA6B | ( 3)  EOR #$AAAA     | PC=BA6E, PBR=FF, DBR=E1, S=01E0, D=0000, e=0, A=5F80, X=F52A, Y=0000, 00000101
         1256164 | FF | BA6E | ( 6)  RTS            | PC=B9C0, PBR=FF, DBR=E1, S=01E2, D=0000, e=0, A=5F80, X=F52A, Y=0000, 00000101
         1254819 | FF | BA6F | ( 3)  PHA            | PC=BA70, PBR=FF, DBR=E1, S=01DF, D=0000, e=0, A=80, X=FF, Y=FF, 11110101
         1254820 | FF | BA70 | ( 2)  TYA            | PC=BA71, PBR=FF, DBR=E1, S=01DF, D=0000, e=0, A=FF, X=FF, Y=FF, 11110101
         1254821 | FF | BA71 | ( 3)  PHA            | PC=BA72, PBR=FF, DBR=E1, S=01DE, D=0000, e=0, A=FF, X=FF, Y=FF, 11110101
         1254822 | FF | BA72 | ( 2)  AND #$E0       | PC=BA74, PBR=FF, DBR=E1, S=01DE, D=0000, e=0, A=E0, X=FF, Y=FF, 11110101
         1254823 | FF | BA74 | ( 2)  LSR            | PC=BA75, PBR=FF, DBR=E1, S=01DE, D=0000, e=0, A=70, X=FF, Y=FF, 01110100
         1254824 | FF | BA75 | ( 2)  LSR            | PC=BA76, PBR=FF, DBR=E1, S=01DE, D=0000, e=0, A=38, X=FF, Y=FF, 01110100
         1254825 | FF | BA76 | ( 2)  LSR            | PC=BA77, PBR=FF, DBR=E1, S=01DE, D=0000, e=0, A=1C, X=FF, Y=FF, 01110100
         1254826 | FF | BA77 | ( 2)  LSR            | PC=BA78, PBR=FF, DBR=E1, S=01DE, D=0000, e=0, A=0E, X=FF, Y=FF, 01110100
         1254827 | FF | BA78 | ( 2)  LSR            | PC=BA79, PBR=FF, DBR=E1, S=01DE, D=0000, e=0, A=07, X=FF, Y=FF, 01110100
         1254828 | FF | BA79 | ( 2)  ORA #$38       | PC=BA7B, PBR=FF, DBR=E1, S=01DE, D=0000, e=0, A=3F, X=FF, Y=FF, 01110100
         1254829 | FF | BA7B | ( 2)  BVC $02 (2)    | PC=BA7D, PBR=FF, DBR=E1, S=01DE, D=0000, e=0, A=3F, X=FF, Y=FF, 01110100
         1254830 | FF | BA7D | ( 2)  ORA #$80       | PC=BA7F, PBR=FF, DBR=E1, S=01DE, D=0000, e=0, A=BF, X=FF, Y=FF, 11110100
         1254831 | FF | BA7F | ( 3)  XBA            | PC=BA80, PBR=FF, DBR=E1, S=01DE, D=0000, e=0, A=BF, X=FF, Y=FF, 11110100
         1254832 | FF | BA80 | ( 4)  PLA            | PC=BA81, PBR=FF, DBR=E1, S=01DF, D=0000, e=0, A=FF, X=FF, Y=FF, 11110100
         1254833 | FF | BA81 | ( 2)  AND #$1F       | PC=BA83, PBR=FF, DBR=E1, S=01DF, D=0000, e=0, A=1F, X=FF, Y=FF, 01110100
         1254834 | FF | BA83 | ( 2)  ASL            | PC=BA84, PBR=FF, DBR=E1, S=01DF, D=0000, e=0, A=3E, X=FF, Y=FF, 01110100
         1254835 | FF | BA84 | ( 2)  ASL            | PC=BA85, PBR=FF, DBR=E1, S=01DF, D=0000, e=0, A=7C, X=FF, Y=FF, 01110100
         1254836 | FF | BA85 | ( 3)  XBA            | PC=BA86, PBR=FF, DBR=E1, S=01DF, D=0000, e=0, A=BF, X=FF, Y=FF, 11110100
         1254837 | FF | BA86 | ( 3)  PHP            | PC=BA87, PBR=FF, DBR=E1, S=01DE, D=0000, e=0, A=BF, X=FF, Y=FF, 11110100
         1254838 | FF | BA87 | ( 6)  JSR $BAA3      | PC=BAA3, PBR=FF, DBR=E1, S=01DC, D=0000, e=0, A=BF, X=FF, Y=FF, 11110100
         1254851 | FF | BA8A | ( 3)  XBA            | PC=BA8B, PBR=FF, DBR=E1, S=01DE, D=0000, e=0, A=7C, X=FF, Y=FF, 00110100
         1913942 | FF | BA8B | ( 6)  JSR $BAA3      | PC=BAA3, PBR=FF, DBR=00, S=01E6, D=0000, e=0, A=31, X=06, Y=00, 00110110
         1913955 | FF | BA8E | ( 4)  PLP            | PC=BA8F, PBR=FF, DBR=00, S=01E9, D=0000, e=0, A=31, X=06, Y=00, 00110110
         1913956 | FF | BA8F | ( 4)  PLA            | PC=BA90, PBR=FF, DBR=00, S=01EA, D=0000, e=0, A=00, X=06, Y=00, 00110110
         1913957 | FF | BA90 | ( 6)  JSR $BAA4      | PC=BAA4, PBR=FF, DBR=00, S=01E8, D=0000, e=0, A=00, X=06, Y=00, 00110110
         1913969 | FF | BA93 | ( 3)  PHA            | PC=BA94, PBR=FF, DBR=00, S=01E9, D=0000, e=0, A=00, X=06, Y=00, 00110110
         1913970 | FF | BA94 | ( 4)  LDA $C034      | PC=BA97, PBR=FF, DBR=00, S=01E9, D=0000, e=0, A=26, X=06, Y=00, 00110100
         1913971 | FF | BA97 | ( 2)  AND #$DF       | PC=BA99, PBR=FF, DBR=00, S=01E9, D=0000, e=0, A=06, X=06, Y=00, 00110100
         1913972 | FF | BA99 | ( 4)  STA $C034      | PC=BA9C, PBR=FF, DBR=00, S=01E9, D=0000, e=0, A=06, X=06, Y=00, 00110100
         1913973 | FF | BA9C | ( 4)  PLA            | PC=BA9D, PBR=FF, DBR=00, S=01EA, D=0000, e=0, A=00, X=06, Y=00, 00110110
         1913974 | FF | BA9D | ( 6)  RTS            | PC=B924, PBR=FF, DBR=00, S=01EC, D=0000, e=0, A=00, X=06, Y=00, 00110110
         1913938 | FF | BA9E | ( 2)  CLV            | PC=BA9F, PBR=FF, DBR=00, S=01EA, D=0000, e=0, A=31, X=06, Y=00, 00110110
         1913939 | FF | BA9F | ( 3)  PHY            | PC=BAA0, PBR=FF, DBR=00, S=01E9, D=0000, e=0, A=31, X=06, Y=00, 00110110
         1913940 | FF | BAA0 | ( 3)  PHP            | PC=BAA1, PBR=FF, DBR=00, S=01E8, D=0000, e=0, A=31, X=06, Y=00, 00110110
         1913941 | FF | BAA1 | ( 3)  BRA $E8 (-24)  | PC=BA8B, PBR=FF, DBR=00, S=01E8, D=0000, e=0, A=31, X=06, Y=00, 00110110
         1913943 | FF | BAA3 | ( 2)  CLV            | PC=BAA4, PBR=FF, DBR=00, S=01E6, D=0000, e=0, A=31, X=06, Y=00, 00110110
         1913958 | FF | BAA4 | ( 4)  STA $C033      | PC=BAA7, PBR=FF, DBR=00, S=01E8, D=0000, e=0, A=00, X=06, Y=00, 00110110
         1913959 | FF | BAA7 | ( 4)  LDA $C034      | PC=BAAA, PBR=FF, DBR=00, S=01E8, D=0000, e=0, A=26, X=06, Y=00, 00110100
         1913960 | FF | BAAA | ( 2)  AND #$3F       | PC=BAAC, PBR=FF, DBR=00, S=01E8, D=0000, e=0, A=26, X=06, Y=00, 00110100
         1913961 | FF | BAAC | ( 2)  BVS $04 (4)    | PC=BAAE, PBR=FF, DBR=00, S=01E8, D=0000, e=0, A=26, X=06, Y=00, 00110100
         1913962 | FF | BAAE | ( 2)  ORA #$A0       | PC=BAB0, PBR=FF, DBR=00, S=01E8, D=0000, e=0, A=A6, X=06, Y=00, 10110100
         1913963 | FF | BAB0 | ( 3)  BRA $02 (2)    | PC=BAB4, PBR=FF, DBR=00, S=01E8, D=0000, e=0, A=A6, X=06, Y=00, 10110100
         1254872 | FF | BAB2 | ( 2)  ORA #$E0       | PC=BAB4, PBR=FF, DBR=E1, S=01DE, D=0000, e=0, A=E0, X=FF, Y=FF, 11110100
         1913964 | FF | BAB4 | ( 4)  STA $C034      | PC=BAB7, PBR=FF, DBR=00, S=01E8, D=0000, e=0, A=A6, X=06, Y=00, 10110100
         1913965 | FF | BAB7 | ( 4)  LDA $C034      | PC=BABA, PBR=FF, DBR=00, S=01E8, D=0000, e=0, A=26, X=06, Y=00, 00110100
         1913966 | FF | BABA | ( 2)  BMI $FB (-5)   | PC=BABC, PBR=FF, DBR=00, S=01E8, D=0000, e=0, A=26, X=06, Y=00, 00110100
         1913967 | FF | BABC | ( 4)  LDA $C033      | PC=BABF, PBR=FF, DBR=00, S=01E8, D=0000, e=0, A=00, X=06, Y=00, 00110110
         1913968 | FF | BABF | ( 6)  RTS            | PC=BA93, PBR=FF, DBR=00, S=01EA, D=0000, e=0, A=00, X=06, Y=00, 00110110
              58 | FF | BACF | ( 2)  LDA #$0B       | PC=BAD1, PBR=FF, DBR=00, S=01EF, D=0000, e=0, A=0B, X=00, Y=00, 00110100
              59 | FF | BAD1 | ( 4)  STA $C039      | PC=BAD4, PBR=FF, DBR=00, S=01EF, D=0000, e=0, A=0B, X=00, Y=00, 00110100
              60 | FF | BAD4 | ( 2)  LDA #$D2       | PC=BAD6, PBR=FF, DBR=00, S=01EF, D=0000, e=0, A=D2, X=00, Y=00, 10110100
              61 | FF | BAD6 | ( 4)  STA $C039      | PC=BAD9, PBR=FF, DBR=00, S=01EF, D=0000, e=0, A=D2, X=00, Y=00, 10110100
              62 | FF | BAD9 | ( 6)  JSR $9B3B      | PC=9B3B, PBR=FF, DBR=00, S=01ED, D=0000, e=0, A=D2, X=00, Y=00, 10110100
             157 | FF | BADC | ( 8)  JSL $FFB970    | PC=B970, PBR=FF, DBR=00, S=01EC, D=0000, e=0, A=00, X=00, Y=FF, 00110110
           23025 | FF | BAE0 | ( 3)  PHB            | PC=BAE1, PBR=FF, DBR=00, S=01EE, D=0000, e=0, A=80, X=2A, Y=00, 00110110
           23026 | FF | BAE1 | ( 6)  JSR $F882      | PC=F882, PBR=FF, DBR=00, S=01EC, D=0000, e=0, A=80, X=2A, Y=00, 00110110
           23031 | FF | BAE4 | ( 4)  STZ $01C0      | PC=BAE7, PBR=FF, DBR=E1, S=01EE, D=0000, e=0, A=80, X=2A, Y=00, 10110100
           23032 | FF | BAE7 | ( 4)  STZ $01C1      | PC=BAEA, PBR=FF, DBR=E1, S=01EE, D=0000, e=0, A=80, X=2A, Y=00, 10110100
           23033 | FF | BAEA | ( 4)  STZ $01C2      | PC=BAED, PBR=FF, DBR=E1, S=01EE, D=0000, e=0, A=80, X=2A, Y=00, 10110100
           23034 | FF | BAED | ( 4)  LDA $02E2      | PC=BAF0, PBR=FF, DBR=E1, S=01EE, D=0000, e=0, A=00, X=2A, Y=00, 00110110
           23035 | FF | BAF0 | ( 2)  CMP #$02       | PC=BAF2, PBR=FF, DBR=E1, S=01EE, D=0000, e=0, A=00, X=2A, Y=00, 10110100
           23036 | FF | BAF2 | ( 2)  BEQ $08 (8)    | PC=BAF4, PBR=FF, DBR=E1, S=01EE, D=0000, e=0, A=00, X=2A, Y=00, 10110100
           23037 | FF | BAF4 | ( 4)  LDA $0318      | PC=BAF7, PBR=FF, DBR=E1, S=01EE, D=0000, e=0, A=00, X=2A, Y=00, 00110110
           23038 | FF | BAF7 | ( 2)  CMP #$02       | PC=BAF9, PBR=FF, DBR=E1, S=01EE, D=0000, e=0, A=00, X=2A, Y=00, 10110100
           23039 | FF | BAF9 | ( 3)  BNE $0A (10)   | PC=BB05, PBR=FF, DBR=E1, S=01EE, D=0000, e=0, A=00, X=2A, Y=00, 10110100
           23040 | FF | BB05 | ( 2)  LDX #$07       | PC=BB07, PBR=FF, DBR=E1, S=01EE, D=0000, e=0, A=00, X=07, Y=00, 00110100
           23069 | FF | BB07 | ( 4)  LDA $004C, X   | PC=BB0A, PBR=FF, DBR=E1, S=01E7, D=0000, e=0, A=00, X=00, Y=00, 00110110
           23070 | FF | BB0A | ( 3)  PHA            | PC=BB0B, PBR=FF, DBR=E1, S=01E6, D=0000, e=0, A=00, X=00, Y=00, 00110110
           23071 | FF | BB0B | ( 2)  DEX            | PC=BB0C, PBR=FF, DBR=E1, S=01E6, D=0000, e=0, A=00, X=FF, Y=00, 10110100
           23072 | FF | BB0C | ( 2)  BPL $F9 (-7)   | PC=BB0E, PBR=FF, DBR=E1, S=01E6, D=0000, e=0, A=00, X=FF, Y=00, 10110100
           23073 | FF | BB0E | ( 6)  JSR $7F62      | PC=7F62, PBR=FF, DBR=E1, S=01E4, D=0000, e=0, A=00, X=FF, Y=00, 10110100
          646744 | FF | BB11 | ( 6)  JSR $7F62      | PC=7F62, PBR=FF, DBR=E1, S=01E4, D=0000, e=0, A=C0, X=B6, Y=0A, 00110100
         1233162 | FF | BB14 | ( 2)  LDX #$00       | PC=BB16, PBR=FF, DBR=E1, S=01E6, D=0000, e=0, A=C0, X=00, Y=0A, 00110110
         1233198 | FF | BB16 | ( 4)  PLA            | PC=BB17, PBR=FF, DBR=E1, S=01EE, D=0000, e=0, A=00, X=07, Y=0A, 00110110
         1233199 | FF | BB17 | ( 5)  STA $004C, X   | PC=BB1A, PBR=FF, DBR=E1, S=01EE, D=0000, e=0, A=00, X=07, Y=0A, 00110110
         1233200 | FF | BB1A | ( 2)  INX            | PC=BB1B, PBR=FF, DBR=E1, S=01EE, D=0000, e=0, A=00, X=08, Y=0A, 00110100
         1233201 | FF | BB1B | ( 2)  CPX #$08       | PC=BB1D, PBR=FF, DBR=E1, S=01EE, D=0000, e=0, A=00, X=08, Y=0A, 00110111
         1233202 | FF | BB1D | ( 2)  BNE $F7 (-9)   | PC=BB1F, PBR=FF, DBR=E1, S=01EE, D=0000, e=0, A=00, X=08, Y=0A, 00110111
         1233203 | FF | BB1F | ( 4)  PLB            | PC=BB20, PBR=FF, DBR=00, S=01EF, D=0000, e=0, A=00, X=08, Y=0A, 00110111
         1233204 | FF | BB20 | ( 5)  LDA $E101A6    | PC=BB24, PBR=FF, DBR=00, S=01EF, D=0000, e=0, A=00, X=08, Y=0A, 00110111
         1233205 | FF | BB24 | ( 2)  BNE $27 (39)   | PC=BB26, PBR=FF, DBR=00, S=01EF, D=0000, e=0, A=00, X=08, Y=0A, 00110111
         1233206 | FF | BB26 | ( 2)  LDA #$FF       | PC=BB28, PBR=FF, DBR=00, S=01EF, D=0000, e=0, A=FF, X=08, Y=0A, 10110101
         1233207 | FF | BB28 | ( 5)  STA $E101A6    | PC=BB2C, PBR=FF, DBR=00, S=01EF, D=0000, e=0, A=FF, X=08, Y=0A, 10110101
         1233208 | FF | BB2C | ( 2)  LDA #$00       | PC=BB2E, PBR=FF, DBR=00, S=01EF, D=0000, e=0, A=00, X=08, Y=0A, 00110111
         1233209 | FF | BB2E | ( 2)  LDX #$08       | PC=BB30, PBR=FF, DBR=00, S=01EF, D=0000, e=0, A=00, X=08, Y=0A, 00110101
         1233287 | FF | BB30 | ( 2)  DEX            | PC=BB31, PBR=FF, DBR=00, S=01EF, D=0000, e=0, A=00, X=00, Y=0A, 00110111
         1233288 | FF | BB31 | ( 3)  BEQ $1A (26)   | PC=BB4D, PBR=FF, DBR=00, S=01EF, D=0000, e=0, A=00, X=00, Y=0A, 00110111
         1233278 | FF | BB33 | ( 5)  STA $0478, X   | PC=BB36, PBR=FF, DBR=00, S=01EF, D=0000, e=0, A=00, X=01, Y=0A, 00110101
         1233279 | FF | BB36 | ( 5)  STA $04F8, X   | PC=BB39, PBR=FF, DBR=00, S=01EF, D=0000, e=0, A=00, X=01, Y=0A, 00110101
         1233280 | FF | BB39 | ( 5)  STA $0578, X   | PC=BB3C, PBR=FF, DBR=00, S=01EF, D=0000, e=0, A=00, X=01, Y=0A, 00110101
         1233281 | FF | BB3C | ( 5)  STA $05F8, X   | PC=BB3F, PBR=FF, DBR=00, S=01EF, D=0000, e=0, A=00, X=01, Y=0A, 00110101
         1233282 | FF | BB3F | ( 5)  STA $0678, X   | PC=BB42, PBR=FF, DBR=00, S=01EF, D=0000, e=0, A=00, X=01, Y=0A, 00110101
         1233283 | FF | BB42 | ( 5)  STA $06F8, X   | PC=BB45, PBR=FF, DBR=00, S=01EF, D=0000, e=0, A=00, X=01, Y=0A, 00110101
         1233284 | FF | BB45 | ( 5)  STA $0778, X   | PC=BB48, PBR=FF, DBR=00, S=01EF, D=0000, e=0, A=00, X=01, Y=0A, 00110101
         1233285 | FF | BB48 | ( 5)  STA $07F8, X   | PC=BB4B, PBR=FF, DBR=00, S=01EF, D=0000, e=0, A=00, X=01, Y=0A, 00110101
         1233286 | FF | BB4B | ( 3)  BRA $E3 (-29)  | PC=BB30, PBR=FF, DBR=00, S=01EF, D=0000, e=0, A=00, X=01, Y=0A, 00110101
         1233289 | FF | BB4D | ( 6)  JSR $BB71      | PC=BB71, PBR=FF, DBR=00, S=01ED, D=0000, e=0, A=00, X=00, Y=0A, 00110111
         1233294 | FF | BB50 | ( 3)  BNE $09 (9)    | PC=BB5B, PBR=FF, DBR=00, S=01EF, D=0000, e=0, A=A5, X=00, Y=0A, 10110101
         1233295 | FF | BB5B | ( 2)  CLC            | PC=BB5C, PBR=FF, DBR=00, S=01EF, D=0000, e=0, A=A5, X=00, Y=0A, 10110100
         1233296 | FF | BB5C | ( 8)  JSL $FFBB7A    | PC=BB7A, PBR=FF, DBR=00, S=01EC, D=0000, e=0, A=A5, X=00, Y=0A, 10110100
         1535459 | FF | BB60 | ( 6)  JSR $BB71      | PC=BB71, PBR=FF, DBR=00, S=01ED, D=0000, e=0, A=0D, X=90, Y=00, 10110100
         1535464 | FF | BB63 | ( 3)  BNE $0B (11)   | PC=BB70, PBR=FF, DBR=00, S=01EF, D=0000, e=0, A=A5, X=90, Y=00, 10110101
         1535465 | FF | BB70 | ( 6)  RTS            | PC=7694, PBR=FF, DBR=00, S=01F1, D=0000, e=0, A=A5, X=90, Y=00, 10110101
         1535460 | FF | BB71 | ( 4)  LDA $03F3      | PC=BB74, PBR=FF, DBR=00, S=01ED, D=0000, e=0, A=00, X=90, Y=00, 00110110
         1535461 | FF | BB74 | ( 2)  EOR #$A5       | PC=BB76, PBR=FF, DBR=00, S=01ED, D=0000, e=0, A=A5, X=90, Y=00, 10110100
         1535462 | FF | BB76 | ( 4)  CMP $03F4      | PC=BB79, PBR=FF, DBR=00, S=01ED, D=0000, e=0, A=A5, X=90, Y=00, 10110101
         1535463 | FF | BB79 | ( 6)  RTS            | PC=BB63, PBR=FF, DBR=00, S=01EF, D=0000, e=0, A=A5, X=90, Y=00, 10110101
         1233297 | FF | BB7A | ( 3)  PHP            | PC=BB7B, PBR=FF, DBR=00, S=01EB, D=0000, e=0, A=A5, X=00, Y=0A, 10110100
         1233298 | FF | BB7B | ( 2)  SEI            | PC=BB7C, PBR=FF, DBR=00, S=01EB, D=0000, e=0, A=A5, X=00, Y=0A, 10110100
         1233299 | FF | BB7C | ( 4)  LDA $C068      | PC=BB7F, PBR=FF, DBR=00, S=01EB, D=0000, e=0, A=0D, X=00, Y=0A, 00110100
         1233300 | FF | BB7F | ( 3)  PHA            | PC=BB80, PBR=FF, DBR=00, S=01EA, D=0000, e=0, A=0D, X=00, Y=0A, 00110100
         1233301 | FF | BB80 | ( 2)  AND #$FE       | PC=BB82, PBR=FF, DBR=00, S=01EA, D=0000, e=0, A=0C, X=00, Y=0A, 00110100
         1233302 | FF | BB82 | ( 2)  ORA #$08       | PC=BB84, PBR=FF, DBR=00, S=01EA, D=0000, e=0, A=0C, X=00, Y=0A, 00110100
         1233303 | FF | BB84 | ( 4)  STA $C068      | PC=BB87, PBR=FF, DBR=00, S=01EA, D=0000, e=0, A=0C, X=00, Y=0A, 00110100
         1233304 | FF | BB87 | ( 3)  PHP            | PC=BB88, PBR=FF, DBR=00, S=01E9, D=0000, e=0, A=0C, X=00, Y=0A, 00110100
         1233305 | FF | BB88 | ( 6)  JSR $BBD7      | PC=BBD7, PBR=FF, DBR=00, S=01E7, D=0000, e=0, A=0C, X=00, Y=0A, 00110100
         1535293 | FF | BB8B | ( 4)  PLP            | PC=BB8C, PBR=FF, DBR=00, S=01EA, D=0000, e=0, A=C0, X=B6, Y=0A, 00110100
         1535294 | FF | BB8C | ( 2)  BCS $03 (3)    | PC=BB8E, PBR=FF, DBR=00, S=01EA, D=0000, e=0, A=C0, X=B6, Y=0A, 00110100
         1535295 | FF | BB8E | ( 6)  JSR $BB9B      | PC=BB9B, PBR=FF, DBR=00, S=01E8, D=0000, e=0, A=C0, X=B6, Y=0A, 00110100
         1535341 | FF | BB91 | ( 6)  JSR $F9E2      | PC=F9E2, PBR=FF, DBR=00, S=01E8, D=0000, e=0, A=00, X=90, Y=0A, 00110110
         1535454 | FF | BB94 | ( 4)  PLA            | PC=BB95, PBR=FF, DBR=00, S=01EB, D=0000, e=0, A=0D, X=90, Y=00, 00110100
         1535455 | FF | BB95 | ( 4)  STA $C068      | PC=BB98, PBR=FF, DBR=00, S=01EB, D=0000, e=0, A=0D, X=90, Y=00, 00110100
         1535456 | FF | BB98 | ( 4)  PLP            | PC=BB99, PBR=FF, DBR=00, S=01EC, D=0000, e=0, A=0D, X=90, Y=00, 10110100
         1535457 | FF | BB99 | ( 2)  CLC            | PC=BB9A, PBR=FF, DBR=00, S=01EC, D=0000, e=0, A=0D, X=90, Y=00, 10110100
         1535458 | FF | BB9A | ( 6)  RTL            | PC=BB60, PBR=FF, DBR=00, S=01EF, D=0000, e=0, A=0D, X=90, Y=00, 10110100
         1682185 | FF | BB9B | ( 2)  LDX #$07       | PC=BB9D, PBR=FF, DBR=00, S=01ED, D=0000, e=0, A=FF, X=07, Y=BA, 00110100
         1682186 | FF | BB9D | ( 2)  LDA #$00       | PC=BB9F, PBR=FF, DBR=00, S=01ED, D=0000, e=0, A=00, X=07, Y=BA, 00110110
         1682211 | FF | BB9F | ( 5)  ORA $E102E0, X | PC=BBA3, PBR=FF, DBR=00, S=01ED, D=0000, e=0, A=48, X=01, Y=BA, 00110100
         1682212 | FF | BBA3 | ( 2)  ASL            | PC=BBA4, PBR=FF, DBR=00, S=01ED, D=0000, e=0, A=90, X=01, Y=BA, 10110100
         1682213 | FF | BBA4 | ( 2)  DEX            | PC=BBA5, PBR=FF, DBR=00, S=01ED, D=0000, e=0, A=90, X=00, Y=BA, 00110110
         1682214 | FF | BBA5 | ( 2)  BNE $F8 (-8)   | PC=BBA7, PBR=FF, DBR=00, S=01ED, D=0000, e=0, A=90, X=00, Y=BA, 00110110
         1682215 | FF | BBA7 | ( 2)  AND #$F0       | PC=BBA9, PBR=FF, DBR=00, S=01ED, D=0000, e=0, A=90, X=00, Y=BA, 10110100
         1682216 | FF | BBA9 | ( 2)  TAX            | PC=BBAA, PBR=FF, DBR=00, S=01ED, D=0000, e=0, A=90, X=90, Y=BA, 10110100
         1682217 | FF | BBAA | ( 5)  LDA $E102E2    | PC=BBAE, PBR=FF, DBR=00, S=01ED, D=0000, e=0, A=00, X=90, Y=BA, 00110110
         1682218 | FF | BBAE | ( 2)  CMP #$01       | PC=BBB0, PBR=FF, DBR=00, S=01ED, D=0000, e=0, A=00, X=90, Y=BA, 10110100
         1682219 | FF | BBB0 | ( 3)  BNE $04 (4)    | PC=BBB6, PBR=FF, DBR=00, S=01ED, D=0000, e=0, A=00, X=90, Y=BA, 10110100
         1682220 | FF | BBB6 | ( 5)  LDA $E10318    | PC=BBBA, PBR=FF, DBR=00, S=01ED, D=0000, e=0, A=00, X=90, Y=BA, 00110110
         1682221 | FF | BBBA | ( 2)  CMP #$01       | PC=BBBC, PBR=FF, DBR=00, S=01ED, D=0000, e=0, A=00, X=90, Y=BA, 10110100
         1682222 | FF | BBBC | ( 3)  BNE $04 (4)    | PC=BBC2, PBR=FF, DBR=00, S=01ED, D=0000, e=0, A=00, X=90, Y=BA, 10110100
         1682223 | FF | BBC2 | ( 2)  TXA            | PC=BBC3, PBR=FF, DBR=00, S=01ED, D=0000, e=0, A=90, X=90, Y=BA, 10110100
         1682224 | FF | BBC3 | ( 4)  STA $C02D      | PC=BBC6, PBR=FF, DBR=00, S=01ED, D=0000, e=0, A=90, X=90, Y=BA, 10110100
         1682225 | FF | BBC6 | ( 5)  STA $E10139    | PC=BBCA, PBR=FF, DBR=00, S=01ED, D=0000, e=0, A=90, X=90, Y=BA, 10110100
         1682226 | FF | BBCA | ( 4)  STA $C00A      | PC=BBCD, PBR=FF, DBR=00, S=01ED, D=0000, e=0, A=90, X=90, Y=BA, 10110100
         1682227 | FF | BBCD | ( 5)  LDA $E102E3    | PC=BBD1, PBR=FF, DBR=00, S=01ED, D=0000, e=0, A=00, X=90, Y=BA, 00110110
         1682228 | FF | BBD1 | ( 3)  BEQ $03 (3)    | PC=BBD6, PBR=FF, DBR=00, S=01ED, D=0000, e=0, A=00, X=90, Y=BA, 00110110
         1682229 | FF | BBD6 | ( 6)  RTS            | PC=7BF6, PBR=FF, DBR=00, S=01EF, D=0000, e=0, A=00, X=90, Y=BA, 00110110
         1233306 | FF | BBD7 | ( 8)  JSL $FFB970    | PC=B970, PBR=FF, DBR=00, S=01E4, D=0000, e=0, A=0C, X=00, Y=0A, 00110100
         1256174 | FF | BBDB | ( 3)  PHB            | PC=BBDC, PBR=FF, DBR=00, S=01E6, D=0000, e=0, A=80, X=2A, Y=00, 00110110
         1256175 | FF | BBDC | ( 6)  JSR $F882      | PC=F882, PBR=FF, DBR=00, S=01E4, D=0000, e=0, A=80, X=2A, Y=00, 00110110
         1256180 | FF | BBDF | ( 4)  STZ $018F      | PC=BBE2, PBR=FF, DBR=E1, S=01E6, D=0000, e=0, A=80, X=2A, Y=00, 10110100
         1256181 | FF | BBE2 | ( 2)  CLC            | PC=BBE3, PBR=FF, DBR=E1, S=01E6, D=0000, e=0, A=80, X=2A, Y=00, 10110100
         1256182 | FF | BBE3 | ( 4)  LDA $02E0      | PC=BBE6, PBR=FF, DBR=E1, S=01E6, D=0000, e=0, A=01, X=2A, Y=00, 00110100
         1256183 | FF | BBE6 | ( 2)  ROR            | PC=BBE7, PBR=FF, DBR=E1, S=01E6, D=0000, e=0, A=00, X=2A, Y=00, 00110111
         1256184 | FF | BBE7 | ( 2)  ROR            | PC=BBE8, PBR=FF, DBR=E1, S=01E6, D=0000, e=0, A=80, X=2A, Y=00, 10110100
         1256185 | FF | BBE8 | ( 4)  STA $0138      | PC=BBEB, PBR=FF, DBR=E1, S=01E6, D=0000, e=0, A=80, X=2A, Y=00, 10110100
         1256186 | FF | BBEB | ( 6)  JSR $BC0E      | PC=BC0E, PBR=FF, DBR=E1, S=01E4, D=0000, e=0, A=80, X=2A, Y=00, 10110100
         1256227 | FF | BBEE | ( 4)  LDA $C03C      | PC=BBF1, PBR=FF, DBR=E1, S=01E6, D=0000, e=0, A=00, X=2A, Y=00, 00110110
         1256228 | FF | BBF1 | ( 2)  AND #$F0       | PC=BBF3, PBR=FF, DBR=E1, S=01E6, D=0000, e=0, A=00, X=2A, Y=00, 00110110
         1256229 | FF | BBF3 | ( 4)  ORA $02DE      | PC=BBF6, PBR=FF, DBR=E1, S=01E6, D=0000, e=0, A=05, X=2A, Y=00, 00110100
         1256230 | FF | BBF6 | ( 4)  STA $C03C      | PC=BBF9, PBR=FF, DBR=E1, S=01E6, D=0000, e=0, A=05, X=2A, Y=00, 00110100
         1256231 | FF | BBF9 | ( 4)  LDA $02DE      | PC=BBFC, PBR=FF, DBR=E1, S=01E6, D=0000, e=0, A=05, X=2A, Y=00, 00110100
         1256232 | FF | BBFC | ( 4)  STA $00CA      | PC=BBFF, PBR=FF, DBR=E1, S=01E6, D=0000, e=0, A=05, X=2A, Y=00, 00110100
         1256233 | FF | BBFF | ( 2)  ASL            | PC=BC00, PBR=FF, DBR=E1, S=01E6, D=0000, e=0, A=0A, X=2A, Y=00, 00110100
         1256234 | FF | BC00 | ( 2)  ASL            | PC=BC01, PBR=FF, DBR=E1, S=01E6, D=0000, e=0, A=14, X=2A, Y=00, 00110100
         1256235 | FF | BC01 | ( 2)  ASL            | PC=BC02, PBR=FF, DBR=E1, S=01E6, D=0000, e=0, A=28, X=2A, Y=00, 00110100
         1256236 | FF | BC02 | ( 2)  ASL            | PC=BC03, PBR=FF, DBR=E1, S=01E6, D=0000, e=0, A=50, X=2A, Y=00, 00110100
         1256237 | FF | BC03 | ( 4)  STA $1DB0      | PC=BC06, PBR=FF, DBR=E1, S=01E6, D=0000, e=0, A=50, X=2A, Y=00, 00110100
         1256238 | FF | BC06 | ( 6)  JSR $C3EA      | PC=C3EA, PBR=FF, DBR=E1, S=01E4, D=0000, e=0, A=50, X=2A, Y=00, 00110100
         1256247 | FF | BC09 | ( 6)  JSR $8083      | PC=8083, PBR=FF, DBR=E1, S=01E4, D=0000, e=0, A=05, X=2A, Y=00, 00110100
         1535291 | FF | BC0C | ( 4)  PLB            | PC=BC0D, PBR=FF, DBR=00, S=01E7, D=0000, e=0, A=C0, X=B6, Y=0A, 00110110
         1535292 | FF | BC0D | ( 6)  RTS            | PC=BB8B, PBR=FF, DBR=00, S=01E9, D=0000, e=0, A=C0, X=B6, Y=0A, 00110110
         1256187 | FF | BC0E | ( 3)  PHB            | PC=BC0F, PBR=FF, DBR=E1, S=01E3, D=0000, e=0, A=80, X=2A, Y=00, 10110100
         1256188 | FF | BC0F | ( 6)  JSR $F882      | PC=F882, PBR=FF, DBR=E1, S=01E1, D=0000, e=0, A=80, X=2A, Y=00, 10110100
         1256193 | FF | BC12 | ( 4)  LDA $02DA      | PC=BC15, PBR=FF, DBR=E1, S=01E3, D=0000, e=0, A=0F, X=2A, Y=00, 00110100
         1256194 | FF | BC15 | ( 2)  ASL            | PC=BC16, PBR=FF, DBR=E1, S=01E3, D=0000, e=0, A=1E, X=2A, Y=00, 00110100
         1256195 | FF | BC16 | ( 2)  ASL            | PC=BC17, PBR=FF, DBR=E1, S=01E3, D=0000, e=0, A=3C, X=2A, Y=00, 00110100
         1256196 | FF | BC17 | ( 2)  ASL            | PC=BC18, PBR=FF, DBR=E1, S=01E3, D=0000, e=0, A=78, X=2A, Y=00, 00110100
         1256197 | FF | BC18 | ( 2)  ASL            | PC=BC19, PBR=FF, DBR=E1, S=01E3, D=0000, e=0, A=F0, X=2A, Y=00, 10110100
         1256198 | FF | BC19 | ( 4)  ORA $02DB      | PC=BC1C, PBR=FF, DBR=E1, S=01E3, D=0000, e=0, A=F6, X=2A, Y=00, 10110100
         1256199 | FF | BC1C | ( 4)  STA $C022      | PC=BC1F, PBR=FF, DBR=E1, S=01E3, D=0000, e=0, A=F6, X=2A, Y=00, 10110100
         1256200 | FF | BC1F | ( 4)  LDA $C034      | PC=BC22, PBR=FF, DBR=E1, S=01E3, D=0000, e=0, A=40, X=2A, Y=00, 00110100
         1256201 | FF | BC22 | ( 2)  AND #$F0       | PC=BC24, PBR=FF, DBR=E1, S=01E3, D=0000, e=0, A=40, X=2A, Y=00, 00110100
         1256202 | FF | BC24 | ( 4)  ORA $02DC      | PC=BC27, PBR=FF, DBR=E1, S=01E3, D=0000, e=0, A=46, X=2A, Y=00, 00110100
         1256203 | FF | BC27 | ( 4)  STA $C034      | PC=BC2A, PBR=FF, DBR=E1, S=01E3, D=0000, e=0, A=46, X=2A, Y=00, 00110100
         1256204 | FF | BC2A | ( 2)  LDA #$F0       | PC=BC2C, PBR=FF, DBR=E1, S=01E3, D=0000, e=0, A=F0, X=2A, Y=00, 10110100
         1256205 | FF | BC2C | ( 6)  TRB $C02B      | PC=BC2F, PBR=FF, DBR=E1, S=01E3, D=0000, e=0, A=F0, X=2A, Y=00, 10110110
         1256206 | FF | BC2F | ( 4)  LDA $02E9      | PC=BC32, PBR=FF, DBR=E1, S=01E3, D=0000, e=0, A=00, X=2A, Y=00, 00110110
         1256207 | FF | BC32 | ( 2)  ASL            | PC=BC33, PBR=FF, DBR=E1, S=01E3, D=0000, e=0, A=00, X=2A, Y=00, 00110110
         1256208 | FF | BC33 | ( 4)  ORA $02DD      | PC=BC36, PBR=FF, DBR=E1, S=01E3, D=0000, e=0, A=00, X=2A, Y=00, 00110110
         1256209 | FF | BC36 | ( 2)  ASL            | PC=BC37, PBR=FF, DBR=E1, S=01E3, D=0000, e=0, A=00, X=2A, Y=00, 00110110
         1256210 | FF | BC37 | ( 2)  ASL            | PC=BC38, PBR=FF, DBR=E1, S=01E3, D=0000, e=0, A=00, X=2A, Y=00, 00110110
         1256211 | FF | BC38 | ( 2)  ASL            | PC=BC39, PBR=FF, DBR=E1, S=01E3, D=0000, e=0, A=00, X=2A, Y=00, 00110110
         1256212 | FF | BC39 | ( 2)  ASL            | PC=BC3A, PBR=FF, DBR=E1, S=01E3, D=0000, e=0, A=00, X=2A, Y=00, 00110110
         1256213 | FF | BC3A | ( 2)  ORA #$08       | PC=BC3C, PBR=FF, DBR=E1, S=01E3, D=0000, e=0, A=08, X=2A, Y=00, 00110100
         1256214 | FF | BC3C | ( 6)  TSB $C02B      | PC=BC3F, PBR=FF, DBR=E1, S=01E3, D=0000, e=0, A=08, X=2A, Y=00, 00110110
         1256215 | FF | BC3F | ( 2)  LDA #$20       | PC=BC41, PBR=FF, DBR=E1, S=01E3, D=0000, e=0, A=20, X=2A, Y=00, 00110100
         1256216 | FF | BC41 | ( 6)  TRB $C029      | PC=BC44, PBR=FF, DBR=E1, S=01E3, D=0000, e=0, A=20, X=2A, Y=00, 00110110
         1256217 | FF | BC44 | ( 2)  CLC            | PC=BC45, PBR=FF, DBR=E1, S=01E3, D=0000, e=0, A=20, X=2A, Y=00, 00110110
         1256218 | FF | BC45 | ( 4)  LDA $02D8      | PC=BC48, PBR=FF, DBR=E1, S=01E3, D=0000, e=0, A=00, X=2A, Y=00, 00110110
         1256219 | FF | BC48 | ( 2)  ROR            | PC=BC49, PBR=FF, DBR=E1, S=01E3, D=0000, e=0, A=00, X=2A, Y=00, 00110110
         1256220 | FF | BC49 | ( 2)  ROR            | PC=BC4A, PBR=FF, DBR=E1, S=01E3, D=0000, e=0, A=00, X=2A, Y=00, 00110110
         1256221 | FF | BC4A | ( 4)  STA $C021      | PC=BC4D, PBR=FF, DBR=E1, S=01E3, D=0000, e=0, A=00, X=2A, Y=00, 00110110
         1256222 | FF | BC4D | ( 2)  ROR            | PC=BC4E, PBR=FF, DBR=E1, S=01E3, D=0000, e=0, A=00, X=2A, Y=00, 00110110
         1256223 | FF | BC4E | ( 2)  ROR            | PC=BC4F, PBR=FF, DBR=E1, S=01E3, D=0000, e=0, A=00, X=2A, Y=00, 00110110
         1256224 | FF | BC4F | ( 6)  TSB $C029      | PC=BC52, PBR=FF, DBR=E1, S=01E3, D=0000, e=0, A=00, X=2A, Y=00, 00110110
         1256225 | FF | BC52 | ( 4)  PLB            | PC=BC53, PBR=FF, DBR=E1, S=01E4, D=0000, e=0, A=00, X=2A, Y=00, 10110100
         1256226 | FF | BC53 | ( 6)  RTS            | PC=BBEE, PBR=FF, DBR=E1, S=01E6, D=0000, e=0, A=00, X=2A, Y=00, 10110100
         1710814 | FF | C06E | ( 3)  JMP $9D36      | PC=9D36, PBR=FF, DBR=00, S=01CE, D=01DE, e=0, A=0000, X=0000, Y=01C9, 10000100
         3787779 | FF | C080 | ( 3)  REP #$0030     | PC=C082, PBR=FF, DBR=00, S=01F0, D=0000, e=0, A=8003, X=0000, Y=0005, 00000000
         3787780 | FF | C082 | ( 3)  AND #$00FF     | PC=C085, PBR=FF, DBR=00, S=01F0, D=0000, e=0, A=0003, X=0000, Y=0005, 00000000
         3787781 | FF | C085 | ( 4)  LDY $06        | PC=C087, PBR=FF, DBR=00, S=01F0, D=0000, e=0, A=0003, X=0000, Y=0000, 00000010
         3787782 | FF | C087 | ( 4)  PHY            | PC=C088, PBR=FF, DBR=00, S=01EE, D=0000, e=0, A=0003, X=0000, Y=0000, 00000010
         3787783 | FF | C088 | ( 4)  LDY $08        | PC=C08A, PBR=FF, DBR=00, S=01EE, D=0000, e=0, A=0003, X=0000, Y=0000, 00000010
         3787784 | FF | C08A | ( 4)  PHY            | PC=C08B, PBR=FF, DBR=00, S=01EC, D=0000, e=0, A=0003, X=0000, Y=0000, 00000010
         3787785 | FF | C08B | ( 2)  ASL            | PC=C08C, PBR=FF, DBR=00, S=01EC, D=0000, e=0, A=0006, X=0000, Y=0000, 00000000
         3787786 | FF | C08C | ( 2)  TAY            | PC=C08D, PBR=FF, DBR=00, S=01EC, D=0000, e=0, A=0006, X=0000, Y=0006, 00000000
         3787787 | FF | C08D | ( 6)  LDA $E100C0    | PC=C091, PBR=FF, DBR=00, S=01EC, D=0000, e=0, A=8430, X=0000, Y=0006, 10000000
         3787788 | FF | C091 | ( 4)  STA $06        | PC=C093, PBR=FF, DBR=00, S=01EC, D=0000, e=0, A=8430, X=0000, Y=0006, 10000000
         3787789 | FF | C093 | ( 6)  LDA $E100C1    | PC=C097, PBR=FF, DBR=00, S=01EC, D=0000, e=0, A=FF84, X=0000, Y=0006, 10000000
         3787790 | FF | C097 | ( 4)  STA $07        | PC=C099, PBR=FF, DBR=00, S=01EC, D=0000, e=0, A=FF84, X=0000, Y=0006, 10000000
         3787791 | FF | C099 | ( 8)  LDA [$06], Y   | PC=C09B, PBR=FF, DBR=00, S=01EC, D=0000, e=0, A=86F4, X=0000, Y=0006, 10000000
         3787792 | FF | C09B | ( 4)  STA $06        | PC=C09D, PBR=FF, DBR=00, S=01EC, D=0000, e=0, A=86F4, X=0000, Y=0006, 10000000
         3787793 | FF | C09D | ( 3)  SEP #$0070     | PC=C09F, PBR=FF, DBR=00, S=01EC, D=0000, e=0, A=F4, X=00, Y=06, 11110000
         3787794 | FF | C09F | ( 6)  LDA [$06]      | PC=C0A1, PBR=FF, DBR=00, S=01EC, D=0000, e=0, A=0A, X=00, Y=06, 01110000
         3787795 | FF | C0A1 | ( 2)  BEQ $18 (24)   | PC=C0A3, PBR=FF, DBR=00, S=01EC, D=0000, e=0, A=0A, X=00, Y=06, 01110000
         3787796 | FF | C0A3 | ( 2)  CMP #$20       | PC=C0A5, PBR=FF, DBR=00, S=01EC, D=0000, e=0, A=0A, X=00, Y=06, 11110000
         3787797 | FF | C0A5 | ( 3)  BCC $2A (42)   | PC=C0D1, PBR=FF, DBR=00, S=01EC, D=0000, e=0, A=0A, X=00, Y=06, 11110000
         1684941 | FF | C0A7 | ( 2)  CLV            | PC=C0A8, PBR=FF, DBR=00, S=01E8, D=0000, e=0, A=43, X=00, Y=EC, 00110101
         3790915 | FF | C0A8 | ( 6)  LDA [$06]      | PC=C0AA, PBR=FF, DBR=00, S=01EC, D=0000, e=0, A=00, X=00, Y=00, 01110011
         3790916 | FF | C0AA | ( 3)  BEQ $1A (26)   | PC=C0C6, PBR=FF, DBR=00, S=01EC, D=0000, e=0, A=00, X=00, Y=00, 01110011
         3790743 | FF | C0AC | ( 2)  CMP #$20       | PC=C0AE, PBR=FF, DBR=00, S=01EC, D=0000, e=0, A=8D, X=00, Y=00, 01110001
         3790744 | FF | C0AE | ( 2)  BCC $21 (33)   | PC=C0B0, PBR=FF, DBR=00, S=01EC, D=0000, e=0, A=8D, X=00, Y=00, 01110001
         3790745 | FF | C0B0 | ( 3)  BVS $04 (4)    | PC=C0B6, PBR=FF, DBR=00, S=01EC, D=0000, e=0, A=8D, X=00, Y=00, 01110001
         1688730 | FF | C0B2 | ( 3)  BMI $0F (15)   | PC=C0C3, PBR=FF, DBR=00, S=01E8, D=0000, e=0, A=B9, X=00, Y=EC, 10110101
         1688634 | FF | C0B4 | ( 2)  ORA #$80       | PC=C0B6, PBR=FF, DBR=00, S=01E8, D=0000, e=0, A=B8, X=00, Y=EC, 10110101
         3790746 | FF | C0B6 | ( 3)  PHP            | PC=C0B7, PBR=FF, DBR=00, S=01EB, D=0000, e=0, A=8D, X=00, Y=00, 01110001
         3790747 | FF | C0B7 | ( 6)  JSR $A9D1      | PC=A9D1, PBR=FF, DBR=00, S=01E9, D=0000, e=0, A=8D, X=00, Y=00, 01110001
         3790912 | FF | C0BA | ( 4)  PLP            | PC=C0BB, PBR=FF, DBR=00, S=01EC, D=0000, e=0, A=8D, X=00, Y=00, 01110001
         3790913 | FF | C0BB | ( 5)  INC $06        | PC=C0BD, PBR=FF, DBR=00, S=01EC, D=0000, e=0, A=8D, X=00, Y=00, 01110001
         3790914 | FF | C0BD | ( 3)  BNE $E9 (-23)  | PC=C0A8, PBR=FF, DBR=00, S=01EC, D=0000, e=0, A=8D, X=00, Y=00, 01110001
         3789694 | FF | C0BF | ( 5)  INC $07        | PC=C0C1, PBR=FF, DBR=00, S=01EC, D=0000, e=0, A=F2, X=00, Y=00, 11110001
         3789695 | FF | C0C1 | ( 3)  BRA $E5 (-27)  | PC=C0A8, PBR=FF, DBR=00, S=01EC, D=0000, e=0, A=F2, X=00, Y=00, 11110001
         1688731 | FF | C0C3 | ( 6)  JSR $A9D1      | PC=A9D1, PBR=FF, DBR=00, S=01E6, D=0000, e=0, A=B9, X=00, Y=EC, 10110101
         3790917 | FF | C0C6 | ( 3)  REP #$0030     | PC=C0C8, PBR=FF, DBR=00, S=01EC, D=0000, e=0, A=8000, X=0000, Y=0000, 01000011
         3790918 | FF | C0C8 | ( 5)  PLA            | PC=C0C9, PBR=FF, DBR=00, S=01EE, D=0000, e=0, A=0000, X=0000, Y=0000, 01000011
         3790919 | FF | C0C9 | ( 4)  STA $08        | PC=C0CB, PBR=FF, DBR=00, S=01EE, D=0000, e=0, A=0000, X=0000, Y=0000, 01000011
         3790920 | FF | C0CB | ( 5)  PLA            | PC=C0CC, PBR=FF, DBR=00, S=01F0, D=0000, e=0, A=0000, X=0000, Y=0000, 01000011
         3790921 | FF | C0CC | ( 4)  STA $06        | PC=C0CE, PBR=FF, DBR=00, S=01F0, D=0000, e=0, A=0000, X=0000, Y=0000, 01000011
         3790922 | FF | C0CE | ( 3)  SEP #$0030     | PC=C0D0, PBR=FF, DBR=00, S=01F0, D=0000, e=0, A=00, X=00, Y=00, 01110011
         3790923 | FF | C0D0 | ( 6)  RTS            | PC=A59F, PBR=FF, DBR=00, S=01F2, D=0000, e=0, A=00, X=00, Y=00, 01110011
         3787798 | FF | C0D1 | ( 2)  TAY            | PC=C0D2, PBR=FF, DBR=00, S=01EC, D=0000, e=0, A=0A, X=00, Y=0A, 01110000
         3787799 | FF | C0D2 | ( 5)  INC $06        | PC=C0D4, PBR=FF, DBR=00, S=01EC, D=0000, e=0, A=0A, X=00, Y=0A, 11110000
         3787800 | FF | C0D4 | ( 3)  BNE $02 (2)    | PC=C0D8, PBR=FF, DBR=00, S=01EC, D=0000, e=0, A=0A, X=00, Y=0A, 11110000
         3788647 | FF | C0D8 | ( 6)  LDA [$06]      | PC=C0DA, PBR=FF, DBR=00, S=01EC, D=0000, e=0, A=A0, X=00, Y=01, 11110000
         3788648 | FF | C0DA | ( 3)  PHY            | PC=C0DB, PBR=FF, DBR=00, S=01EB, D=0000, e=0, A=A0, X=00, Y=01, 11110000
         3788649 | FF | C0DB | ( 3)  BVS $02 (2)    | PC=C0DF, PBR=FF, DBR=00, S=01EB, D=0000, e=0, A=A0, X=00, Y=01, 11110000
         3788650 | FF | C0DF | ( 3)  PHP            | PC=C0E0, PBR=FF, DBR=00, S=01EA, D=0000, e=0, A=A0, X=00, Y=01, 11110000
         3788651 | FF | C0E0 | ( 6)  JSR $A9D1      | PC=A9D1, PBR=FF, DBR=00, S=01E8, D=0000, e=0, A=A0, X=00, Y=01, 11110000
         3788737 | FF | C0E3 | ( 4)  PLP            | PC=C0E4, PBR=FF, DBR=00, S=01EB, D=0000, e=0, A=A0, X=00, Y=01, 11110000
         3788738 | FF | C0E4 | ( 4)  PLY            | PC=C0E5, PBR=FF, DBR=00, S=01EC, D=0000, e=0, A=A0, X=00, Y=01, 01110000
         3788739 | FF | C0E5 | ( 2)  DEY            | PC=C0E6, PBR=FF, DBR=00, S=01EC, D=0000, e=0, A=A0, X=00, Y=00, 01110010
         3788740 | FF | C0E6 | ( 2)  BNE $F0 (-16)  | PC=C0E8, PBR=FF, DBR=00, S=01EC, D=0000, e=0, A=A0, X=00, Y=00, 01110010
         3788741 | FF | C0E8 | ( 3)  BRA $D1 (-47)  | PC=C0BB, PBR=FF, DBR=00, S=01EC, D=0000, e=0, A=A0, X=00, Y=00, 01110010
         1256239 | FF | C3EA | ( 5)  LDA $E102EE    | PC=C3EE, PBR=FF, DBR=E1, S=01E4, D=0000, e=0, A=02, X=2A, Y=00, 00110100
         1256240 | FF | C3EE | ( 2)  EOR #$07       | PC=C3F0, PBR=FF, DBR=E1, S=01E4, D=0000, e=0, A=05, X=2A, Y=00, 00110100
         1256241 | FF | C3F0 | ( 2)  SEC            | PC=C3F1, PBR=FF, DBR=E1, S=01E4, D=0000, e=0, A=05, X=2A, Y=00, 00110101
         1256242 | FF | C3F1 | ( 2)  SBC #$03       | PC=C3F3, PBR=FF, DBR=E1, S=01E4, D=0000, e=0, A=02, X=2A, Y=00, 00110101
         1256243 | FF | C3F3 | ( 2)  ASL            | PC=C3F4, PBR=FF, DBR=E1, S=01E4, D=0000, e=0, A=04, X=2A, Y=00, 00110100
         1256244 | FF | C3F4 | ( 2)  INC            | PC=C3F5, PBR=FF, DBR=E1, S=01E4, D=0000, e=0, A=05, X=2A, Y=00, 00110100
         1256245 | FF | C3F5 | ( 5)  STA $E10145    | PC=C3F9, PBR=FF, DBR=E1, S=01E4, D=0000, e=0, A=05, X=2A, Y=00, 00110100
         1256246 | FF | C3F9 | ( 6)  RTS            | PC=BC09, PBR=FF, DBR=E1, S=01E6, D=0000, e=0, A=05, X=2A, Y=00, 00110100
         1535675 | FF | C973 | ( 3)  LDY $25        | PC=C975, PBR=FF, DBR=00, S=01EC, D=0000, e=0, A=3A, X=36, Y=17, 00110100
         1535676 | FF | C975 | ( 4)  STY $05FB      | PC=C978, PBR=FF, DBR=00, S=01EC, D=0000, e=0, A=3A, X=36, Y=17, 00110100
         1535677 | FF | C978 | ( 3)  LDY $24        | PC=C97A, PBR=FF, DBR=00, S=01EC, D=0000, e=0, A=3A, X=36, Y=00, 00110110
         1535678 | FF | C97A | ( 4)  CPY $047B      | PC=C97D, PBR=FF, DBR=00, S=01EC, D=0000, e=0, A=3A, X=36, Y=00, 00110111
         1535679 | FF | C97D | ( 2)  BNE $03 (3)    | PC=C97F, PBR=FF, DBR=00, S=01EC, D=0000, e=0, A=3A, X=36, Y=00, 00110111
         1535680 | FF | C97F | ( 4)  LDY $057B      | PC=C982, PBR=FF, DBR=00, S=01EC, D=0000, e=0, A=3A, X=36, Y=00, 00110111
         1535681 | FF | C982 | ( 3)  CPY $21        | PC=C984, PBR=FF, DBR=00, S=01EC, D=0000, e=0, A=3A, X=36, Y=00, 10110100
         1535682 | FF | C984 | ( 3)  BCC $02 (2)    | PC=C988, PBR=FF, DBR=00, S=01EC, D=0000, e=0, A=3A, X=36, Y=00, 10110100
         1535537 | FF | C986 | ( 2)  LDY #$00       | PC=C988, PBR=FF, DBR=00, S=01EC, D=0000, e=0, A=36, X=90, Y=00, 00110111
         1535683 | FF | C988 | ( 4)  STY $057B      | PC=C98B, PBR=FF, DBR=00, S=01EC, D=0000, e=0, A=3A, X=36, Y=00, 10110100
         1535684 | FF | C98B | ( 4)  BIT $C01F      | PC=C98E, PBR=FF, DBR=00, S=01EC, D=0000, e=0, A=3A, X=36, Y=00, 00110110
         1535685 | FF | C98E | ( 3)  BPL $02 (2)    | PC=C992, PBR=FF, DBR=00, S=01EC, D=0000, e=0, A=3A, X=36, Y=00, 00110110
         1535686 | FF | C992 | ( 3)  STY $24        | PC=C994, PBR=FF, DBR=00, S=01EC, D=0000, e=0, A=3A, X=36, Y=00, 00110110
         1535687 | FF | C994 | ( 4)  STY $047B      | PC=C997, PBR=FF, DBR=00, S=01EC, D=0000, e=0, A=3A, X=36, Y=00, 00110110
         1535688 | FF | C997 | ( 4)  LDY $057B      | PC=C99A, PBR=FF, DBR=00, S=01EC, D=0000, e=0, A=3A, X=36, Y=00, 00110110
         1535689 | FF | C99A | ( 6)  RTS            | PC=7652, PBR=FF, DBR=00, S=01EE, D=0000, e=0, A=3A, X=36, Y=00, 00110110
         3790863 | FF | CA64 | ( 3)  PHA            | PC=CA65, PBR=FF, DBR=00, S=01D6, D=0000, e=0, A=06, X=00, Y=8D, 00110000
         3790864 | FF | CA65 | ( 2)  LSR            | PC=CA66, PBR=FF, DBR=00, S=01D6, D=0000, e=0, A=03, X=00, Y=8D, 00110000
         3790865 | FF | CA66 | ( 2)  AND #$03       | PC=CA68, PBR=FF, DBR=00, S=01D6, D=0000, e=0, A=03, X=00, Y=8D, 00110000
         3790866 | FF | CA68 | ( 2)  ORA #$04       | PC=CA6A, PBR=FF, DBR=00, S=01D6, D=0000, e=0, A=07, X=00, Y=8D, 00110000
         3790867 | FF | CA6A | ( 3)  STA $29        | PC=CA6C, PBR=FF, DBR=00, S=01D6, D=0000, e=0, A=07, X=00, Y=8D, 00110000
         3790868 | FF | CA6C | ( 4)  PLA            | PC=CA6D, PBR=FF, DBR=00, S=01D7, D=0000, e=0, A=06, X=00, Y=8D, 00110000
         3790869 | FF | CA6D | ( 2)  AND #$18       | PC=CA6F, PBR=FF, DBR=00, S=01D7, D=0000, e=0, A=00, X=00, Y=8D, 00110010
         3790870 | FF | CA6F | ( 3)  BCC $02 (2)    | PC=CA73, PBR=FF, DBR=00, S=01D7, D=0000, e=0, A=00, X=00, Y=8D, 00110010
         3787734 | FF | CA71 | ( 2)  ADC #$7F       | PC=CA73, PBR=FF, DBR=00, S=01E1, D=0000, e=0, A=80, X=00, Y=05, 11110000
         3790871 | FF | CA73 | ( 3)  STA $28        | PC=CA75, PBR=FF, DBR=00, S=01D7, D=0000, e=0, A=00, X=00, Y=8D, 00110010
         3790872 | FF | CA75 | ( 2)  ASL            | PC=CA76, PBR=FF, DBR=00, S=01D7, D=0000, e=0, A=00, X=00, Y=8D, 00110010
         3790873 | FF | CA76 | ( 2)  ASL            | PC=CA77, PBR=FF, DBR=00, S=01D7, D=0000, e=0, A=00, X=00, Y=8D, 00110010
         3790874 | FF | CA77 | ( 3)  ORA $28        | PC=CA79, PBR=FF, DBR=00, S=01D7, D=0000, e=0, A=00, X=00, Y=8D, 00110010
         3790875 | FF | CA79 | ( 3)  STA $28        | PC=CA7B, PBR=FF, DBR=00, S=01D7, D=0000, e=0, A=00, X=00, Y=8D, 00110010
         3790876 | FF | CA7B | ( 6)  RTS            | PC=CD9F, PBR=FF, DBR=00, S=01D9, D=0000, e=0, A=00, X=00, Y=8D, 00110010
         3787587 | FF | CC4E | ( 6)  STA ($28), Y   | PC=CC50, PBR=FF, DBR=00, S=01E0, D=0000, e=0, A=A0, X=38, Y=27, 10110000
         3787588 | FF | CC50 | ( 2)  INY            | PC=CC51, PBR=FF, DBR=00, S=01E0, D=0000, e=0, A=A0, X=38, Y=28, 00110000
         3787589 | FF | CC51 | ( 3)  CPY $21        | PC=CC53, PBR=FF, DBR=00, S=01E0, D=0000, e=0, A=A0, X=38, Y=28, 00110011
         3787590 | FF | CC53 | ( 2)  BCC $F9 (-7)   | PC=CC55, PBR=FF, DBR=00, S=01E0, D=0000, e=0, A=A0, X=38, Y=28, 00110011
         3787591 | FF | CC55 | ( 6)  RTS            | PC=B386, PBR=FF, DBR=00, S=01E2, D=0000, e=0, A=A0, X=38, Y=28, 00110011
         1535731 | FF | CD19 | ( 4)  BIT $C01F      | PC=CD1C, PBR=FF, DBR=00, S=01ED, D=0000, e=0, A=00, X=36, Y=F0, 00110111
         1535732 | FF | CD1C | ( 3)  BPL $03 (3)    | PC=CD21, PBR=FF, DBR=00, S=01ED, D=0000, e=0, A=00, X=36, Y=F0, 00110111
         1535733 | FF | CD21 | ( 4)  STA $C00E      | PC=CD24, PBR=FF, DBR=00, S=01ED, D=0000, e=0, A=00, X=36, Y=F0, 00110111
         1535734 | FF | CD24 | ( 2)  LDA #$FF       | PC=CD26, PBR=FF, DBR=00, S=01ED, D=0000, e=0, A=FF, X=36, Y=F0, 10110101
         1535735 | FF | CD26 | ( 4)  STA $04FB      | PC=CD29, PBR=FF, DBR=00, S=01ED, D=0000, e=0, A=FF, X=36, Y=F0, 10110101
         1535736 | FF | CD29 | ( 5)  STA $E10135    | PC=CD2D, PBR=FF, DBR=00, S=01ED, D=0000, e=0, A=FF, X=36, Y=F0, 10110101
         1535737 | FF | CD2D | ( 6)  RTS            | PC=B3ED, PBR=FF, DBR=00, S=01EF, D=0000, e=0, A=FF, X=36, Y=F0, 10110101
         1535691 | FF | CD97 | ( 3)  LDA $25        | PC=CD99, PBR=FF, DBR=00, S=01EC, D=0000, e=0, A=17, X=36, Y=00, 00110100
         1535692 | FF | CD99 | ( 4)  STA $05FB      | PC=CD9C, PBR=FF, DBR=00, S=01EC, D=0000, e=0, A=17, X=36, Y=00, 00110100
         3790862 | FF | CD9C | ( 6)  JSR $CA64      | PC=CA64, PBR=FF, DBR=00, S=01D7, D=0000, e=0, A=06, X=00, Y=8D, 00110000
         3790877 | FF | CD9F | ( 3)  LDA $20        | PC=CDA1, PBR=FF, DBR=00, S=01D9, D=0000, e=0, A=00, X=00, Y=8D, 00110010
         3790878 | FF | CDA1 | ( 4)  BIT $C01F      | PC=CDA4, PBR=FF, DBR=00, S=01D9, D=0000, e=0, A=00, X=00, Y=8D, 00110010
         3790879 | FF | CDA4 | ( 3)  BPL $01 (1)    | PC=CDA7, PBR=FF, DBR=00, S=01D9, D=0000, e=0, A=00, X=00, Y=8D, 00110010
         3790880 | FF | CDA7 | ( 2)  CLC            | PC=CDA8, PBR=FF, DBR=00, S=01D9, D=0000, e=0, A=00, X=00, Y=8D, 00110010
         3790881 | FF | CDA8 | ( 3)  ADC $28        | PC=CDAA, PBR=FF, DBR=00, S=01D9, D=0000, e=0, A=00, X=00, Y=8D, 00110010
         3790882 | FF | CDAA | ( 3)  STA $28        | PC=CDAC, PBR=FF, DBR=00, S=01D9, D=0000, e=0, A=00, X=00, Y=8D, 00110010
         3790883 | FF | CDAC | ( 6)  RTS            | PC=7694, PBR=FF, DBR=00, S=01DB, D=0000, e=0, A=00, X=00, Y=8D, 00110010
         3822812 | FF | F882 | ( 5)  PEA $E1E1      | PC=F885, PBR=FF, DBR=00, S=01E9, D=0000, e=0, A=04, X=00, Y=00, 00110101
         3822813 | FF | F885 | ( 4)  PLB            | PC=F886, PBR=FF, DBR=E1, S=01EA, D=0000, e=0, A=04, X=00, Y=00, 10110101
         3822814 | FF | F886 | ( 4)  PLB            | PC=F887, PBR=FF, DBR=E1, S=01EB, D=0000, e=0, A=04, X=00, Y=00, 10110101
         3822815 | FF | F887 | ( 6)  RTS            | PC=9A6D, PBR=FF, DBR=E1, S=01ED, D=0000, e=0, A=04, X=00, Y=00, 10110101
         1535342 | FF | F9E2 | ( 5)  LDA $E10139    | PC=F9E6, PBR=FF, DBR=00, S=01E8, D=0000, e=0, A=90, X=90, Y=0A, 10110100
         1535343 | FF | F9E6 | ( 4)  STA $C02D      | PC=F9E9, PBR=FF, DBR=00, S=01E8, D=0000, e=0, A=90, X=90, Y=0A, 10110100
         1535344 | FF | F9E9 | ( 3)  LDY $00        | PC=F9EB, PBR=FF, DBR=00, S=01E8, D=0000, e=0, A=90, X=90, Y=00, 00110110
         1535345 | FF | F9EB | ( 3)  PHY            | PC=F9EC, PBR=FF, DBR=00, S=01E7, D=0000, e=0, A=90, X=90, Y=00, 00110110
         1535346 | FF | F9EC | ( 3)  LDY $01        | PC=F9EE, PBR=FF, DBR=00, S=01E7, D=0000, e=0, A=90, X=90, Y=00, 00110110
         1535347 | FF | F9EE | ( 3)  PHY            | PC=F9EF, PBR=FF, DBR=00, S=01E6, D=0000, e=0, A=90, X=90, Y=00, 00110110
         1535348 | FF | F9EF | ( 2)  LDA #$00       | PC=F9F1, PBR=FF, DBR=00, S=01E6, D=0000, e=0, A=00, X=90, Y=00, 00110110
         1535349 | FF | F9F1 | ( 3)  PHA            | PC=F9F2, PBR=FF, DBR=00, S=01E5, D=0000, e=0, A=00, X=90, Y=00, 00110110
         1535350 | FF | F9F2 | ( 2)  LDA #$C8       | PC=F9F4, PBR=FF, DBR=00, S=01E5, D=0000, e=0, A=C8, X=90, Y=00, 10110100
         1535351 | FF | F9F4 | ( 3)  STZ $00        | PC=F9F6, PBR=FF, DBR=00, S=01E5, D=0000, e=0, A=C8, X=90, Y=00, 10110100
         1535352 | FF | F9F6 | ( 3)  STA $01        | PC=F9F8, PBR=FF, DBR=00, S=01E5, D=0000, e=0, A=C8, X=90, Y=00, 10110100
         1535436 | FF | F9F8 | ( 2)  CLC            | PC=F9F9, PBR=FF, DBR=00, S=01E5, D=0000, e=0, A=28, X=90, Y=05, 00110100
         1535437 | FF | F9F9 | ( 4)  PLA            | PC=F9FA, PBR=FF, DBR=00, S=01E6, D=0000, e=0, A=02, X=90, Y=05, 00110100
         1535438 | FF | F9FA | ( 2)  ROL            | PC=F9FB, PBR=FF, DBR=00, S=01E6, D=0000, e=0, A=04, X=90, Y=05, 00110100
         1535439 | FF | F9FB | ( 3)  PHA            | PC=F9FC, PBR=FF, DBR=00, S=01E5, D=0000, e=0, A=04, X=90, Y=05, 00110100
         1535440 | FF | F9FC | ( 2)  LDY #$05       | PC=F9FE, PBR=FF, DBR=00, S=01E5, D=0000, e=0, A=04, X=90, Y=05, 00110100
         1535441 | FF | F9FE | ( 5)  DEC $01        | PC=FA00, PBR=FF, DBR=00, S=01E5, D=0000, e=0, A=04, X=90, Y=05, 10110100
         1535442 | FF | FA00 | ( 3)  LDA $01        | PC=FA02, PBR=FF, DBR=00, S=01E5, D=0000, e=0, A=C3, X=90, Y=05, 10110100
         1535443 | FF | FA02 | ( 2)  CMP #$C4       | PC=FA04, PBR=FF, DBR=00, S=01E5, D=0000, e=0, A=C3, X=90, Y=05, 10110100
         1535444 | FF | FA04 | ( 3)  BCC $14 (20)   | PC=FA1A, PBR=FF, DBR=00, S=01E5, D=0000, e=0, A=C3, X=90, Y=05, 10110100
         1535433 | FF | FA06 | ( 5)  LDA ($00), Y   | PC=FA08, PBR=FF, DBR=00, S=01E5, D=0000, e=0, A=28, X=90, Y=05, 00110101
         1535434 | FF | FA08 | ( 4)  CMP $FB01, Y   | PC=FA0B, PBR=FF, DBR=00, S=01E5, D=0000, e=0, A=28, X=90, Y=05, 00110101
         1535435 | FF | FA0B | ( 3)  BNE $EB (-21)  | PC=F9F8, PBR=FF, DBR=00, S=01E5, D=0000, e=0, A=28, X=90, Y=05, 00110101
         1535417 | FF | FA0D | ( 2)  DEY            | PC=FA0E, PBR=FF, DBR=00, S=01E5, D=0000, e=0, A=20, X=90, Y=00, 00110111
         1535418 | FF | FA0E | ( 2)  DEY            | PC=FA0F, PBR=FF, DBR=00, S=01E5, D=0000, e=0, A=20, X=90, Y=FF, 10110101
         1535419 | FF | FA0F | ( 2)  BPL $F5 (-11)  | PC=FA11, PBR=FF, DBR=00, S=01E5, D=0000, e=0, A=20, X=90, Y=FF, 10110101
         1535420 | FF | FA11 | ( 5)  LDA ($00), Y   | PC=FA13, PBR=FF, DBR=00, S=01E5, D=0000, e=0, A=0A, X=90, Y=FF, 00110101
         1535421 | FF | FA13 | ( 2)  BEQ $E4 (-28)  | PC=FA15, PBR=FF, DBR=00, S=01E5, D=0000, e=0, A=0A, X=90, Y=FF, 00110101
         1535422 | FF | FA15 | ( 2)  INC            | PC=FA16, PBR=FF, DBR=00, S=01E5, D=0000, e=0, A=0B, X=90, Y=FF, 00110101
         1535423 | FF | FA16 | ( 3)  BNE $E0 (-32)  | PC=F9F8, PBR=FF, DBR=00, S=01E5, D=0000, e=0, A=0B, X=90, Y=FF, 00110101
         1535445 | FF | FA1A | ( 4)  PLA            | PC=FA1B, PBR=FF, DBR=00, S=01E6, D=0000, e=0, A=04, X=90, Y=05, 00110100
         1535446 | FF | FA1B | ( 4)  PLY            | PC=FA1C, PBR=FF, DBR=00, S=01E7, D=0000, e=0, A=04, X=90, Y=00, 00110110
         1535447 | FF | FA1C | ( 3)  STY $01        | PC=FA1E, PBR=FF, DBR=00, S=01E7, D=0000, e=0, A=04, X=90, Y=00, 00110110
         1535448 | FF | FA1E | ( 4)  PLY            | PC=FA1F, PBR=FF, DBR=00, S=01E8, D=0000, e=0, A=04, X=90, Y=00, 00110110
         1535449 | FF | FA1F | ( 3)  STY $00        | PC=FA21, PBR=FF, DBR=00, S=01E8, D=0000, e=0, A=04, X=90, Y=00, 00110110
         1535450 | FF | FA21 | ( 3)  JMP $FFDB      | PC=FFDB, PBR=FF, DBR=00, S=01E8, D=0000, e=0, A=04, X=90, Y=00, 00110110
         3790937 | FF | FCA8 | ( 3)  PHA            | PC=FCA9, PBR=FF, DBR=00, S=01ED, D=0000, e=0, A=B0, X=00, Y=00, 10110101
         3790938 | FF | FCA9 | ( 4)  LDA $C036      | PC=FCAC, PBR=FF, DBR=00, S=01ED, D=0000, e=0, A=84, X=00, Y=00, 10110101
         3790939 | FF | FCAC | ( 3)  XBA            | PC=FCAD, PBR=FF, DBR=00, S=01ED, D=0000, e=0, A=00, X=00, Y=00, 00110111
         3790940 | FF | FCAD | ( 2)  LDA #$80       | PC=FCAF, PBR=FF, DBR=00, S=01ED, D=0000, e=0, A=80, X=00, Y=00, 10110101
         3790941 | FF | FCAF | ( 6)  TRB $C036      | PC=FCB2, PBR=FF, DBR=00, S=01ED, D=0000, e=0, A=80, X=00, Y=00, 10110101
         3790942 | FF | FCB2 | ( 3)  BRA $25 (37)   | PC=FCD9, PBR=FF, DBR=00, S=01ED, D=0000, e=0, A=80, X=00, Y=00, 10110101
         3790943 | FF | FCD9 | ( 4)  PLA            | PC=FCDA, PBR=FF, DBR=00, S=01EE, D=0000, e=0, A=B0, X=00, Y=00, 10110101
         3790944 | FF | FCDA | ( 2)  SEC            | PC=FCDB, PBR=FF, DBR=00, S=01EE, D=0000, e=0, A=B0, X=00, Y=00, 10110101
         3822795 | FF | FCDB | ( 3)  PHA            | PC=FCDC, PBR=FF, DBR=00, S=01ED, D=0000, e=0, A=01, X=00, Y=00, 00110101
         3822796 | FF | FCDC | ( 2)  SBC #$01       | PC=FCDE, PBR=FF, DBR=00, S=01ED, D=0000, e=0, A=00, X=00, Y=00, 00110111
         3822797 | FF | FCDE | ( 2)  BNE $FC (-4)   | PC=FCE0, PBR=FF, DBR=00, S=01ED, D=0000, e=0, A=00, X=00, Y=00, 00110111
         3822798 | FF | FCE0 | ( 4)  PLA            | PC=FCE1, PBR=FF, DBR=00, S=01EE, D=0000, e=0, A=01, X=00, Y=00, 00110101
         3822799 | FF | FCE1 | ( 2)  SBC #$01       | PC=FCE3, PBR=FF, DBR=00, S=01EE, D=0000, e=0, A=00, X=00, Y=00, 00110111
         3822800 | FF | FCE3 | ( 2)  BNE $F6 (-10)  | PC=FCE5, PBR=FF, DBR=00, S=01EE, D=0000, e=0, A=00, X=00, Y=00, 00110111
         3822801 | FF | FCE5 | ( 3)  XBA            | PC=FCE6, PBR=FF, DBR=00, S=01EE, D=0000, e=0, A=84, X=00, Y=00, 10110101
         3822802 | FF | FCE6 | ( 4)  STA $C036      | PC=FCE9, PBR=FF, DBR=00, S=01EE, D=0000, e=0, A=84, X=00, Y=00, 10110101
         3822803 | FF | FCE9 | ( 3)  XBA            | PC=FCEA, PBR=FF, DBR=00, S=01EE, D=0000, e=0, A=00, X=00, Y=00, 00110111
         3822804 | FF | FCEA | ( 6)  RTS            | PC=9A5F, PBR=FF, DBR=00, S=01F0, D=0000, e=0, A=00, X=00, Y=00, 00110111
         3790765 | FF | FFD6 | ( 4)  LDA $C036      | PC=FFD9, PBR=FF, DBR=00, S=01E0, D=0000, e=0, A=84, X=00, Y=00, 11110001
         3790766 | FF | FFD9 | ( 2)  AND #$7F       | PC=FFDB, PBR=FF, DBR=00, S=01E0, D=0000, e=0, A=04, X=00, Y=00, 01110001
         3790767 | FF | FFDB | ( 5)  ORA $E10138    | PC=FFDF, PBR=FF, DBR=00, S=01E0, D=0000, e=0, A=84, X=00, Y=00, 11110001
         3790768 | FF | FFDF | ( 4)  STA $C036      | PC=FFE2, PBR=FF, DBR=00, S=01E0, D=0000, e=0, A=84, X=00, Y=00, 11110001
         3790769 | FF | FFE2 | ( 6)  RTS            | PC=A9BF, PBR=FF, DBR=00, S=01E2, D=0000, e=0, A=84, X=00, Y=00, 11110001

TOOLBOX:
=================================================
FE:0073 CALL #0101 Tool Locator
FE:0278 CALL #0102 Memory Manager
FE:07BA CALL #0902 Memory Manager
FE:07BA CALL #0902 Memory Manager
FE:02D1 CALL #0103 Miscellaneous
FE:02D1 CALL #0104 QuickDraw II
FE:0B95 CALL #1003 Miscellaneous
FE:0BAE CALL #2B02 Memory Manager
FE:02D1 CALL #0105 Desk Manager
FE:C684 CALL #1003 Miscellaneous
FE:C6AB CALL #2003 Miscellaneous
FE:A73E CALL #1802 Memory Manager
FE:A756 CALL #1902 Memory Manager
FE:C702 CALL #0902 Memory Manager
FE:C6D4 CALL #0F05 Desk Manager
FE:C6E7 CALL #1305 Desk Manager
FE:C702 CALL #0902 Memory Manager
FE:C636 CALL #0D01 Tool Locator
FE:C660 CALL #1603 Miscellaneous
FE:02D1 CALL #0106 Event Manager
FE:02D1 CALL #0107 Scheduler
FE:02D1 CALL #0108 Sound
FC:CC75 CALL #1003 Miscellaneous
FE:02D1 CALL #0109 Apple Desktop Bus
FE:02D1 CALL #010A SANE
FE:02D1 CALL #010B Integer Math
FE:02D1 CALL #010C Text Tool
FE:02D1 CALL #010D Reserved for Apple use
FE:02D1 CALL #010E Window Manager
FE:02D1 CALL #010F Menu Manager
FE:02D1 CALL #0110 Control Manager
FE:02D1 CALL #0111 Loader
FE:02D1 CALL #0112 QuickDraw II Auxillary
FE:02D1 CALL #0113 Print Manager
FE:02D1 CALL #0114 LineEdit
FE:02D1 CALL #0115 Dialog Manager
FE:02D1 CALL #0116 Scrap Manager
FC:9421 CALL #0902 Memory Manager
FC:9445 CALL #0902 Memory Manager
FC:9505 CALL #0D01 Tool Locator
FE:02D1 CALL #0117 Standard File Operations
FE:02D1 CALL #0118 Disk Utilities
FE:02D1 CALL #0119 Note Synthensizer
FE:02D1 CALL #011A Note Sequencer
FE:02D1 CALL #011B Font Manager
FE:02D1 CALL #011C List Manager
FE:02D1 CALL #011D Unknown
FE:02D1 CALL #011E Unknown
FE:02D1 CALL #011F Unknown
FE:02D1 CALL #0120 (null)
FE:02D1 CALL #0121 ???
FE:02D1 CALL #0122 ???
FE:02D1 CALL #0123 ???
FE:02D1 CALL #0124 ???
FE:02D1 CALL #0125 ???
FE:02D1 CALL #0126 ???
FE:02D1 CALL #0127 ???
FE:02D1 CALL #0128 ???
FE:02D1 CALL #0129 ???
FE:02D1 CALL #012A ???
FE:02D1 CALL #012B ???
FE:02D1 CALL #012C ???
FE:02D1 CALL #012D ???
FE:02D1 CALL #012E ???
FE:02D1 CALL #012F ???
FE:02D1 CALL #0130 ???
FE:02D1 CALL #0131 ???
FE:030C CALL #1601 Tool Locator
FE:07BA CALL #0902 Memory Manager
FF:61FF CALL #0A0D Reserved for Apple use
FC:14CB CALL #1D02 Memory Manager
